ARM GAS  C:\Users\as3828\AppData\Local\Temp\ccqVixwk.s 			page 1


   1              		.syntax unified
   2              		.cpu cortex-m0
   3              		.fpu softvfp
   4              		.eabi_attribute 20, 1
   5              		.eabi_attribute 21, 1
   6              		.eabi_attribute 23, 3
   7              		.eabi_attribute 24, 1
   8              		.eabi_attribute 25, 1
   9              		.eabi_attribute 26, 1
  10              		.eabi_attribute 30, 1
  11              		.eabi_attribute 34, 0
  12              		.eabi_attribute 18, 4
  13              		.thumb
  14              		.syntax unified
  15              		.file	"cyfitter_cfg.c"
  16              		.text
  17              	.Ltext0:
  18              		.cfi_sections	.debug_frame
  19              		.section	.text.CYMEMZERO,"ax",%progbits
  20              		.align	2
  21              		.code	16
  22              		.thumb_func
  23              		.type	CYMEMZERO, %function
  24              	CYMEMZERO:
  25              	.LFB0:
  26              		.file 1 "Generated_Source\\PSoC4\\cyfitter_cfg.c"
   1:Generated_Source\PSoC4/cyfitter_cfg.c **** 
   2:Generated_Source\PSoC4/cyfitter_cfg.c **** /*******************************************************************************
   3:Generated_Source\PSoC4/cyfitter_cfg.c **** * File Name: cyfitter_cfg.c
   4:Generated_Source\PSoC4/cyfitter_cfg.c **** * 
   5:Generated_Source\PSoC4/cyfitter_cfg.c **** * PSoC Creator  4.1 Update 1
   6:Generated_Source\PSoC4/cyfitter_cfg.c **** *
   7:Generated_Source\PSoC4/cyfitter_cfg.c **** * Description:
   8:Generated_Source\PSoC4/cyfitter_cfg.c **** * This file contains device initialization code.
   9:Generated_Source\PSoC4/cyfitter_cfg.c **** * Except for the user defined sections in CyClockStartupError(), this file should not be modified.
  10:Generated_Source\PSoC4/cyfitter_cfg.c **** * This file is automatically generated by PSoC Creator.
  11:Generated_Source\PSoC4/cyfitter_cfg.c **** *
  12:Generated_Source\PSoC4/cyfitter_cfg.c **** ********************************************************************************
  13:Generated_Source\PSoC4/cyfitter_cfg.c **** * Copyright (c) 2007-2017 Cypress Semiconductor.  All rights reserved.
  14:Generated_Source\PSoC4/cyfitter_cfg.c **** * You may use this file only in accordance with the license, terms, conditions, 
  15:Generated_Source\PSoC4/cyfitter_cfg.c **** * disclaimers, and limitations in the end user license agreement accompanying 
  16:Generated_Source\PSoC4/cyfitter_cfg.c **** * the software package with which this file was provided.
  17:Generated_Source\PSoC4/cyfitter_cfg.c **** ********************************************************************************/
  18:Generated_Source\PSoC4/cyfitter_cfg.c **** 
  19:Generated_Source\PSoC4/cyfitter_cfg.c **** #include <string.h>
  20:Generated_Source\PSoC4/cyfitter_cfg.c **** #include "cytypes.h"
  21:Generated_Source\PSoC4/cyfitter_cfg.c **** #include "cydevice_trm.h"
  22:Generated_Source\PSoC4/cyfitter_cfg.c **** #include "cyfitter.h"
  23:Generated_Source\PSoC4/cyfitter_cfg.c **** #include "CyLib.h"
  24:Generated_Source\PSoC4/cyfitter_cfg.c **** #include "CyLFClk.h"
  25:Generated_Source\PSoC4/cyfitter_cfg.c **** #include "cyfitter_cfg.h"
  26:Generated_Source\PSoC4/cyfitter_cfg.c **** #include "cyapicallbacks.h"
  27:Generated_Source\PSoC4/cyfitter_cfg.c **** 
  28:Generated_Source\PSoC4/cyfitter_cfg.c **** 
  29:Generated_Source\PSoC4/cyfitter_cfg.c **** #if defined(__GNUC__) || defined(__ARMCC_VERSION)
  30:Generated_Source\PSoC4/cyfitter_cfg.c ****     #define CYPACKED 
  31:Generated_Source\PSoC4/cyfitter_cfg.c ****     #define CYPACKED_ATTR __attribute__ ((packed))
ARM GAS  C:\Users\as3828\AppData\Local\Temp\ccqVixwk.s 			page 2


  32:Generated_Source\PSoC4/cyfitter_cfg.c ****     #define CYALIGNED __attribute__ ((aligned))
  33:Generated_Source\PSoC4/cyfitter_cfg.c ****     #define CY_CFG_UNUSED __attribute__ ((unused))
  34:Generated_Source\PSoC4/cyfitter_cfg.c ****     #ifndef CY_CFG_SECTION
  35:Generated_Source\PSoC4/cyfitter_cfg.c ****         #define CY_CFG_SECTION __attribute__ ((section(".psocinit")))
  36:Generated_Source\PSoC4/cyfitter_cfg.c ****     #endif
  37:Generated_Source\PSoC4/cyfitter_cfg.c ****     
  38:Generated_Source\PSoC4/cyfitter_cfg.c ****     #if defined(__ARMCC_VERSION)
  39:Generated_Source\PSoC4/cyfitter_cfg.c ****         #define CY_CFG_MEMORY_BARRIER() __memory_changed()
  40:Generated_Source\PSoC4/cyfitter_cfg.c ****     #else
  41:Generated_Source\PSoC4/cyfitter_cfg.c ****         #define CY_CFG_MEMORY_BARRIER() __sync_synchronize()
  42:Generated_Source\PSoC4/cyfitter_cfg.c ****     #endif
  43:Generated_Source\PSoC4/cyfitter_cfg.c ****     
  44:Generated_Source\PSoC4/cyfitter_cfg.c **** #elif defined(__ICCARM__)
  45:Generated_Source\PSoC4/cyfitter_cfg.c ****     #include <intrinsics.h>
  46:Generated_Source\PSoC4/cyfitter_cfg.c **** 
  47:Generated_Source\PSoC4/cyfitter_cfg.c ****     #define CYPACKED __packed
  48:Generated_Source\PSoC4/cyfitter_cfg.c ****     #define CYPACKED_ATTR 
  49:Generated_Source\PSoC4/cyfitter_cfg.c ****     #define CYALIGNED _Pragma("data_alignment=4")
  50:Generated_Source\PSoC4/cyfitter_cfg.c ****     #define CY_CFG_UNUSED _Pragma("diag_suppress=Pe177")
  51:Generated_Source\PSoC4/cyfitter_cfg.c ****     #define CY_CFG_SECTION _Pragma("location=\".psocinit\"")
  52:Generated_Source\PSoC4/cyfitter_cfg.c ****     
  53:Generated_Source\PSoC4/cyfitter_cfg.c ****     #define CY_CFG_MEMORY_BARRIER() __DMB()
  54:Generated_Source\PSoC4/cyfitter_cfg.c ****     
  55:Generated_Source\PSoC4/cyfitter_cfg.c **** #else
  56:Generated_Source\PSoC4/cyfitter_cfg.c ****     #error Unsupported toolchain
  57:Generated_Source\PSoC4/cyfitter_cfg.c **** #endif
  58:Generated_Source\PSoC4/cyfitter_cfg.c **** 
  59:Generated_Source\PSoC4/cyfitter_cfg.c **** #ifndef CYCODE
  60:Generated_Source\PSoC4/cyfitter_cfg.c ****     #define CYCODE
  61:Generated_Source\PSoC4/cyfitter_cfg.c **** #endif
  62:Generated_Source\PSoC4/cyfitter_cfg.c **** #ifndef CYDATA
  63:Generated_Source\PSoC4/cyfitter_cfg.c ****     #define CYDATA
  64:Generated_Source\PSoC4/cyfitter_cfg.c **** #endif
  65:Generated_Source\PSoC4/cyfitter_cfg.c **** #ifndef CYFAR
  66:Generated_Source\PSoC4/cyfitter_cfg.c ****     #define CYFAR
  67:Generated_Source\PSoC4/cyfitter_cfg.c **** #endif
  68:Generated_Source\PSoC4/cyfitter_cfg.c **** #ifndef CYXDATA
  69:Generated_Source\PSoC4/cyfitter_cfg.c ****     #define CYXDATA
  70:Generated_Source\PSoC4/cyfitter_cfg.c **** #endif
  71:Generated_Source\PSoC4/cyfitter_cfg.c **** 
  72:Generated_Source\PSoC4/cyfitter_cfg.c **** 
  73:Generated_Source\PSoC4/cyfitter_cfg.c **** CY_CFG_UNUSED
  74:Generated_Source\PSoC4/cyfitter_cfg.c **** static void CYMEMZERO(void *s, size_t n);
  75:Generated_Source\PSoC4/cyfitter_cfg.c **** CY_CFG_UNUSED
  76:Generated_Source\PSoC4/cyfitter_cfg.c **** static void CYMEMZERO(void *s, size_t n)
  77:Generated_Source\PSoC4/cyfitter_cfg.c **** {
  27              		.loc 1 77 0
  28              		.cfi_startproc
  29              		@ args = 0, pretend = 0, frame = 0
  30              		@ frame_needed = 0, uses_anonymous_args = 0
  31              	.LVL0:
  32 0000 10B5     		push	{r4, lr}
  33              		.cfi_def_cfa_offset 8
  34              		.cfi_offset 4, -8
  35              		.cfi_offset 14, -4
  36 0002 0A00     		movs	r2, r1
  78:Generated_Source\PSoC4/cyfitter_cfg.c **** 	(void)memset(s, 0, n);
ARM GAS  C:\Users\as3828\AppData\Local\Temp\ccqVixwk.s 			page 3


  37              		.loc 1 78 0
  38 0004 0021     		movs	r1, #0
  39              	.LVL1:
  40 0006 FFF7FEFF 		bl	memset
  41              	.LVL2:
  79:Generated_Source\PSoC4/cyfitter_cfg.c **** }
  42              		.loc 1 79 0
  43              		@ sp needed
  44 000a 10BD     		pop	{r4, pc}
  45              		.cfi_endproc
  46              	.LFE0:
  47              		.size	CYMEMZERO, .-CYMEMZERO
  48              		.section	.psocinit,"ax",%progbits
  49              		.align	2
  50              		.code	16
  51              		.thumb_func
  52              		.type	ClockSetup, %function
  53              	ClockSetup:
  54              	.LFB3:
  80:Generated_Source\PSoC4/cyfitter_cfg.c **** CY_CFG_UNUSED
  81:Generated_Source\PSoC4/cyfitter_cfg.c **** static void CYCONFIGCPY(void *dest, const void *src, size_t n);
  82:Generated_Source\PSoC4/cyfitter_cfg.c **** CY_CFG_UNUSED
  83:Generated_Source\PSoC4/cyfitter_cfg.c **** static void CYCONFIGCPY(void *dest, const void *src, size_t n)
  84:Generated_Source\PSoC4/cyfitter_cfg.c **** {
  85:Generated_Source\PSoC4/cyfitter_cfg.c **** 	(void)memcpy(dest, src, n);
  86:Generated_Source\PSoC4/cyfitter_cfg.c **** }
  87:Generated_Source\PSoC4/cyfitter_cfg.c **** CY_CFG_UNUSED
  88:Generated_Source\PSoC4/cyfitter_cfg.c **** static void CYCONFIGCPYCODE(void *dest, const void *src, size_t n);
  89:Generated_Source\PSoC4/cyfitter_cfg.c **** CY_CFG_UNUSED
  90:Generated_Source\PSoC4/cyfitter_cfg.c **** static void CYCONFIGCPYCODE(void *dest, const void *src, size_t n)
  91:Generated_Source\PSoC4/cyfitter_cfg.c **** {
  92:Generated_Source\PSoC4/cyfitter_cfg.c **** 	(void)memcpy(dest, src, n);
  93:Generated_Source\PSoC4/cyfitter_cfg.c **** }
  94:Generated_Source\PSoC4/cyfitter_cfg.c **** 
  95:Generated_Source\PSoC4/cyfitter_cfg.c **** 
  96:Generated_Source\PSoC4/cyfitter_cfg.c **** 
  97:Generated_Source\PSoC4/cyfitter_cfg.c **** 
  98:Generated_Source\PSoC4/cyfitter_cfg.c **** /* Clock startup error codes                                                   */
  99:Generated_Source\PSoC4/cyfitter_cfg.c **** #define CYCLOCKSTART_NO_ERROR    0u
 100:Generated_Source\PSoC4/cyfitter_cfg.c **** #define CYCLOCKSTART_XTAL_ERROR  1u
 101:Generated_Source\PSoC4/cyfitter_cfg.c **** #define CYCLOCKSTART_32KHZ_ERROR 2u
 102:Generated_Source\PSoC4/cyfitter_cfg.c **** #define CYCLOCKSTART_PLL_ERROR   3u
 103:Generated_Source\PSoC4/cyfitter_cfg.c **** #define CYCLOCKSTART_FLL_ERROR   4u
 104:Generated_Source\PSoC4/cyfitter_cfg.c **** 
 105:Generated_Source\PSoC4/cyfitter_cfg.c **** 
 106:Generated_Source\PSoC4/cyfitter_cfg.c **** #ifdef CY_NEED_CYCLOCKSTARTUPERROR
 107:Generated_Source\PSoC4/cyfitter_cfg.c **** /*******************************************************************************
 108:Generated_Source\PSoC4/cyfitter_cfg.c **** * Function Name: CyClockStartupError
 109:Generated_Source\PSoC4/cyfitter_cfg.c **** ********************************************************************************
 110:Generated_Source\PSoC4/cyfitter_cfg.c **** * Summary:
 111:Generated_Source\PSoC4/cyfitter_cfg.c **** *  If an error is encountered during clock configuration (crystal startup error,
 112:Generated_Source\PSoC4/cyfitter_cfg.c **** *  PLL lock error, etc.), the system will end up here.  Unless reimplemented by
 113:Generated_Source\PSoC4/cyfitter_cfg.c **** *  the customer, this function will stop in an infinite loop.
 114:Generated_Source\PSoC4/cyfitter_cfg.c **** *
 115:Generated_Source\PSoC4/cyfitter_cfg.c **** * Parameters:
 116:Generated_Source\PSoC4/cyfitter_cfg.c **** *   void
 117:Generated_Source\PSoC4/cyfitter_cfg.c **** *
ARM GAS  C:\Users\as3828\AppData\Local\Temp\ccqVixwk.s 			page 4


 118:Generated_Source\PSoC4/cyfitter_cfg.c **** * Return:
 119:Generated_Source\PSoC4/cyfitter_cfg.c **** *   void
 120:Generated_Source\PSoC4/cyfitter_cfg.c **** *
 121:Generated_Source\PSoC4/cyfitter_cfg.c **** *******************************************************************************/
 122:Generated_Source\PSoC4/cyfitter_cfg.c **** CY_CFG_UNUSED
 123:Generated_Source\PSoC4/cyfitter_cfg.c **** static void CyClockStartupError(uint8 errorCode);
 124:Generated_Source\PSoC4/cyfitter_cfg.c **** CY_CFG_UNUSED
 125:Generated_Source\PSoC4/cyfitter_cfg.c **** static void CyClockStartupError(uint8 errorCode)
 126:Generated_Source\PSoC4/cyfitter_cfg.c **** {
 127:Generated_Source\PSoC4/cyfitter_cfg.c ****     /* To remove the compiler warning if errorCode not used. */
 128:Generated_Source\PSoC4/cyfitter_cfg.c **** #if defined(CY_PSOC3) && (CY_PSOC3)
 129:Generated_Source\PSoC4/cyfitter_cfg.c ****     errorCode = errorCode;
 130:Generated_Source\PSoC4/cyfitter_cfg.c **** #else
 131:Generated_Source\PSoC4/cyfitter_cfg.c ****     (void)errorCode;
 132:Generated_Source\PSoC4/cyfitter_cfg.c **** #endif /* CY_PSOC3 */
 133:Generated_Source\PSoC4/cyfitter_cfg.c **** 
 134:Generated_Source\PSoC4/cyfitter_cfg.c ****     /* If we have a clock startup error (bad MHz crystal, PLL lock, etc.),  */
 135:Generated_Source\PSoC4/cyfitter_cfg.c ****     /* we will end up here to allow the customer to implement something to  */
 136:Generated_Source\PSoC4/cyfitter_cfg.c ****     /* deal with the clock condition.                                       */
 137:Generated_Source\PSoC4/cyfitter_cfg.c **** 
 138:Generated_Source\PSoC4/cyfitter_cfg.c **** #ifdef CY_CFG_CLOCK_STARTUP_ERROR_CALLBACK
 139:Generated_Source\PSoC4/cyfitter_cfg.c ****     CY_CFG_Clock_Startup_ErrorCallback();
 140:Generated_Source\PSoC4/cyfitter_cfg.c **** #else
 141:Generated_Source\PSoC4/cyfitter_cfg.c ****     /*  If not using CY_CFG_CLOCK_STARTUP_ERROR_CALLBACK, place your clock startup code here. */
 142:Generated_Source\PSoC4/cyfitter_cfg.c ****     /* `#START CyClockStartupError` */
 143:Generated_Source\PSoC4/cyfitter_cfg.c **** 
 144:Generated_Source\PSoC4/cyfitter_cfg.c **** 
 145:Generated_Source\PSoC4/cyfitter_cfg.c **** 
 146:Generated_Source\PSoC4/cyfitter_cfg.c ****     /* `#END` */
 147:Generated_Source\PSoC4/cyfitter_cfg.c **** 
 148:Generated_Source\PSoC4/cyfitter_cfg.c ****     while(1) {}
 149:Generated_Source\PSoC4/cyfitter_cfg.c **** #endif /* CY_CFG_CLOCK_STARTUP_ERROR_CALLBACK */
 150:Generated_Source\PSoC4/cyfitter_cfg.c **** }
 151:Generated_Source\PSoC4/cyfitter_cfg.c **** #endif
 152:Generated_Source\PSoC4/cyfitter_cfg.c **** 
 153:Generated_Source\PSoC4/cyfitter_cfg.c **** 
 154:Generated_Source\PSoC4/cyfitter_cfg.c **** 
 155:Generated_Source\PSoC4/cyfitter_cfg.c **** /*******************************************************************************
 156:Generated_Source\PSoC4/cyfitter_cfg.c **** * Function Name: ClockSetup
 157:Generated_Source\PSoC4/cyfitter_cfg.c **** ********************************************************************************
 158:Generated_Source\PSoC4/cyfitter_cfg.c **** *
 159:Generated_Source\PSoC4/cyfitter_cfg.c **** * Summary:
 160:Generated_Source\PSoC4/cyfitter_cfg.c **** *   Performs the initialization of all of the clocks in the device based on the
 161:Generated_Source\PSoC4/cyfitter_cfg.c **** *   settings in the Clock tab of the DWR.  This includes enabling the requested
 162:Generated_Source\PSoC4/cyfitter_cfg.c **** *   clocks and setting the necessary dividers to produce the desired frequency. 
 163:Generated_Source\PSoC4/cyfitter_cfg.c **** *
 164:Generated_Source\PSoC4/cyfitter_cfg.c **** * Parameters:
 165:Generated_Source\PSoC4/cyfitter_cfg.c **** *   void
 166:Generated_Source\PSoC4/cyfitter_cfg.c **** *
 167:Generated_Source\PSoC4/cyfitter_cfg.c **** * Return:
 168:Generated_Source\PSoC4/cyfitter_cfg.c **** *   void
 169:Generated_Source\PSoC4/cyfitter_cfg.c **** *
 170:Generated_Source\PSoC4/cyfitter_cfg.c **** *******************************************************************************/
 171:Generated_Source\PSoC4/cyfitter_cfg.c **** static void ClockSetup(void);
 172:Generated_Source\PSoC4/cyfitter_cfg.c **** CY_CFG_SECTION
 173:Generated_Source\PSoC4/cyfitter_cfg.c **** static void ClockSetup(void)
 174:Generated_Source\PSoC4/cyfitter_cfg.c **** {
ARM GAS  C:\Users\as3828\AppData\Local\Temp\ccqVixwk.s 			page 5


  55              		.loc 1 174 0
  56              		.cfi_startproc
  57              		@ args = 0, pretend = 0, frame = 0
  58              		@ frame_needed = 0, uses_anonymous_args = 0
  59 0000 70B5     		push	{r4, r5, r6, lr}
  60              		.cfi_def_cfa_offset 16
  61              		.cfi_offset 4, -16
  62              		.cfi_offset 5, -12
  63              		.cfi_offset 6, -8
  64              		.cfi_offset 14, -4
 175:Generated_Source\PSoC4/cyfitter_cfg.c **** 	/* Enable HALF_EN before trimming for the flash accelerator. */
 176:Generated_Source\PSoC4/cyfitter_cfg.c **** 	CY_SET_REG32((void CYXDATA *)(CYREG_CLK_SELECT), (CY_GET_REG32((void *)CYREG_CLK_SELECT) | 0x00040
  65              		.loc 1 176 0
  66 0002 134C     		ldr	r4, .L3
  67 0004 2368     		ldr	r3, [r4]
  68 0006 8022     		movs	r2, #128
  69 0008 D202     		lsls	r2, r2, #11
  70 000a 1343     		orrs	r3, r2
  71 000c 2360     		str	r3, [r4]
 177:Generated_Source\PSoC4/cyfitter_cfg.c **** 
 178:Generated_Source\PSoC4/cyfitter_cfg.c **** 	/* Setup and trim IMO based on desired frequency. */
 179:Generated_Source\PSoC4/cyfitter_cfg.c **** 	CySysClkWriteImoFreq(24u);
  72              		.loc 1 179 0
  73 000e 1820     		movs	r0, #24
  74 0010 FFF7FEFF 		bl	CySysClkWriteImoFreq
  75              	.LVL3:
 180:Generated_Source\PSoC4/cyfitter_cfg.c **** 
 181:Generated_Source\PSoC4/cyfitter_cfg.c **** 	/* Disable HALF_EN since it is not required at this IMO frequency. */
 182:Generated_Source\PSoC4/cyfitter_cfg.c **** 	CY_SET_REG32((void CYXDATA *)(CYREG_CLK_SELECT), (CY_GET_REG32((void *)CYREG_CLK_SELECT) & 0xFFFBF
  76              		.loc 1 182 0
  77 0014 2268     		ldr	r2, [r4]
  78 0016 0F4B     		ldr	r3, .L3+4
  79 0018 1340     		ands	r3, r2
  80 001a 2360     		str	r3, [r4]
 183:Generated_Source\PSoC4/cyfitter_cfg.c **** 	/* CYDEV_CLK_ILO_CONFIG Starting address: CYDEV_CLK_ILO_CONFIG */
 184:Generated_Source\PSoC4/cyfitter_cfg.c **** 	CY_SET_REG32((void *)(CYREG_CLK_ILO_CONFIG), 0x80000006u);
  81              		.loc 1 184 0
  82 001c 0E4A     		ldr	r2, .L3+8
  83 001e 0F4B     		ldr	r3, .L3+12
  84 0020 1A60     		str	r2, [r3]
 185:Generated_Source\PSoC4/cyfitter_cfg.c **** 
 186:Generated_Source\PSoC4/cyfitter_cfg.c **** 
 187:Generated_Source\PSoC4/cyfitter_cfg.c **** 	/* CYDEV_CLK_SELECT00 Starting address: CYDEV_CLK_SELECT00 */
 188:Generated_Source\PSoC4/cyfitter_cfg.c **** 	CY_SET_REG32((void *)(CYREG_CLK_SELECT08), 0x00000010u);
  85              		.loc 1 188 0
  86 0022 1022     		movs	r2, #16
  87 0024 0E4B     		ldr	r3, .L3+16
  88 0026 1A60     		str	r2, [r3]
 189:Generated_Source\PSoC4/cyfitter_cfg.c **** 
 190:Generated_Source\PSoC4/cyfitter_cfg.c **** 	/* CYDEV_CLK_IMO_CONFIG Starting address: CYDEV_CLK_IMO_CONFIG */
 191:Generated_Source\PSoC4/cyfitter_cfg.c **** 	CY_SET_REG32((void *)(CYREG_CLK_IMO_CONFIG), 0x80000000u);
  89              		.loc 1 191 0
  90 0028 8022     		movs	r2, #128
  91 002a 1206     		lsls	r2, r2, #24
  92 002c 0D4B     		ldr	r3, .L3+20
  93 002e 1A60     		str	r2, [r3]
 192:Generated_Source\PSoC4/cyfitter_cfg.c **** 
ARM GAS  C:\Users\as3828\AppData\Local\Temp\ccqVixwk.s 			page 6


 193:Generated_Source\PSoC4/cyfitter_cfg.c **** 	/* CYDEV_CLK_SELECT Starting address: CYDEV_CLK_SELECT */
 194:Generated_Source\PSoC4/cyfitter_cfg.c **** 	CY_SET_REG32((void *)(CYREG_CLK_SELECT), 0x00000000u);
  94              		.loc 1 194 0
  95 0030 0025     		movs	r5, #0
  96 0032 2560     		str	r5, [r4]
 195:Generated_Source\PSoC4/cyfitter_cfg.c **** 
 196:Generated_Source\PSoC4/cyfitter_cfg.c **** 	/* CYDEV_CLK_DIVIDER_A00 Starting address: CYDEV_CLK_DIVIDER_A00 */
 197:Generated_Source\PSoC4/cyfitter_cfg.c **** 	CY_SET_REG32((void *)(CYREG_CLK_DIVIDER_A00), 0x80000017u);
  97              		.loc 1 197 0
  98 0034 0C4A     		ldr	r2, .L3+24
  99 0036 0D4B     		ldr	r3, .L3+28
 100 0038 1A60     		str	r2, [r3]
 198:Generated_Source\PSoC4/cyfitter_cfg.c **** 
 199:Generated_Source\PSoC4/cyfitter_cfg.c **** 	(void)CyIntSetVector(9u, &CySysWdtIsr);
 101              		.loc 1 199 0
 102 003a 0D49     		ldr	r1, .L3+32
 103 003c 0920     		movs	r0, #9
 104 003e FFF7FEFF 		bl	CyIntSetVector
 105              	.LVL4:
 200:Generated_Source\PSoC4/cyfitter_cfg.c **** 	CyIntEnable(9u);
 106              		.loc 1 200 0
 107 0042 0920     		movs	r0, #9
 108 0044 FFF7FEFF 		bl	CyIntEnable
 109              	.LVL5:
 201:Generated_Source\PSoC4/cyfitter_cfg.c **** 	CY_SET_REG32((void *)(CYREG_WDT_CONFIG), 0x00000000u);
 110              		.loc 1 201 0
 111 0048 0A4B     		ldr	r3, .L3+36
 112 004a 1D60     		str	r5, [r3]
 202:Generated_Source\PSoC4/cyfitter_cfg.c **** }
 113              		.loc 1 202 0
 114              		@ sp needed
 115 004c 70BD     		pop	{r4, r5, r6, pc}
 116              	.L4:
 117 004e C046     		.align	2
 118              	.L3:
 119 0050 00010B40 		.word	1074462976
 120 0054 FFFFFBFF 		.word	-262145
 121 0058 06000080 		.word	-2147483642
 122 005c 04010B40 		.word	1074462980
 123 0060 20020240 		.word	1073873440
 124 0064 08010B40 		.word	1074462984
 125 0068 17000080 		.word	-2147483625
 126 006c 00000240 		.word	1073872896
 127 0070 00000000 		.word	CySysWdtIsr
 128 0074 0C020B40 		.word	1074463244
 129              		.cfi_endproc
 130              	.LFE3:
 131              		.size	ClockSetup, .-ClockSetup
 132              		.align	2
 133              		.global	cyfitter_cfg
 134              		.code	16
 135              		.thumb_func
 136              		.type	cyfitter_cfg, %function
 137              	cyfitter_cfg:
 138              	.LFB5:
 203:Generated_Source\PSoC4/cyfitter_cfg.c **** 
 204:Generated_Source\PSoC4/cyfitter_cfg.c **** 
ARM GAS  C:\Users\as3828\AppData\Local\Temp\ccqVixwk.s 			page 7


 205:Generated_Source\PSoC4/cyfitter_cfg.c **** /* Analog API Functions */
 206:Generated_Source\PSoC4/cyfitter_cfg.c **** 
 207:Generated_Source\PSoC4/cyfitter_cfg.c **** 
 208:Generated_Source\PSoC4/cyfitter_cfg.c **** /*******************************************************************************
 209:Generated_Source\PSoC4/cyfitter_cfg.c **** * Function Name: AnalogSetDefault
 210:Generated_Source\PSoC4/cyfitter_cfg.c **** ********************************************************************************
 211:Generated_Source\PSoC4/cyfitter_cfg.c **** *
 212:Generated_Source\PSoC4/cyfitter_cfg.c **** * Summary:
 213:Generated_Source\PSoC4/cyfitter_cfg.c **** *  Sets up the analog portions of the chip to default values based on chip
 214:Generated_Source\PSoC4/cyfitter_cfg.c **** *  configuration options from the project.
 215:Generated_Source\PSoC4/cyfitter_cfg.c **** *
 216:Generated_Source\PSoC4/cyfitter_cfg.c **** * Parameters:
 217:Generated_Source\PSoC4/cyfitter_cfg.c **** *  void
 218:Generated_Source\PSoC4/cyfitter_cfg.c **** *
 219:Generated_Source\PSoC4/cyfitter_cfg.c **** * Return:
 220:Generated_Source\PSoC4/cyfitter_cfg.c **** *  void
 221:Generated_Source\PSoC4/cyfitter_cfg.c **** *
 222:Generated_Source\PSoC4/cyfitter_cfg.c **** *******************************************************************************/
 223:Generated_Source\PSoC4/cyfitter_cfg.c **** static void AnalogSetDefault(void);
 224:Generated_Source\PSoC4/cyfitter_cfg.c **** static void AnalogSetDefault(void)
 225:Generated_Source\PSoC4/cyfitter_cfg.c **** {
 226:Generated_Source\PSoC4/cyfitter_cfg.c **** }
 227:Generated_Source\PSoC4/cyfitter_cfg.c **** 
 228:Generated_Source\PSoC4/cyfitter_cfg.c **** 
 229:Generated_Source\PSoC4/cyfitter_cfg.c **** 
 230:Generated_Source\PSoC4/cyfitter_cfg.c **** 
 231:Generated_Source\PSoC4/cyfitter_cfg.c **** /*******************************************************************************
 232:Generated_Source\PSoC4/cyfitter_cfg.c **** * Function Name: cyfitter_cfg
 233:Generated_Source\PSoC4/cyfitter_cfg.c **** ********************************************************************************
 234:Generated_Source\PSoC4/cyfitter_cfg.c **** * Summary:
 235:Generated_Source\PSoC4/cyfitter_cfg.c **** *  This function is called by the start-up code for the selected device. It
 236:Generated_Source\PSoC4/cyfitter_cfg.c **** *  performs all of the necessary device configuration based on the design
 237:Generated_Source\PSoC4/cyfitter_cfg.c **** *  settings.  This includes settings from the Design Wide Resources (DWR) such
 238:Generated_Source\PSoC4/cyfitter_cfg.c **** *  as Clocks and Pins as well as any component configuration that is necessary.
 239:Generated_Source\PSoC4/cyfitter_cfg.c **** *
 240:Generated_Source\PSoC4/cyfitter_cfg.c **** * Parameters:
 241:Generated_Source\PSoC4/cyfitter_cfg.c **** *   void
 242:Generated_Source\PSoC4/cyfitter_cfg.c **** *
 243:Generated_Source\PSoC4/cyfitter_cfg.c **** * Return:
 244:Generated_Source\PSoC4/cyfitter_cfg.c **** *   void
 245:Generated_Source\PSoC4/cyfitter_cfg.c **** *
 246:Generated_Source\PSoC4/cyfitter_cfg.c **** *******************************************************************************/
 247:Generated_Source\PSoC4/cyfitter_cfg.c **** CY_CFG_SECTION
 248:Generated_Source\PSoC4/cyfitter_cfg.c **** void cyfitter_cfg(void)
 249:Generated_Source\PSoC4/cyfitter_cfg.c **** {
 139              		.loc 1 249 0
 140              		.cfi_startproc
 141              		@ args = 0, pretend = 0, frame = 0
 142              		@ frame_needed = 0, uses_anonymous_args = 0
 143 0078 10B5     		push	{r4, lr}
 144              		.cfi_def_cfa_offset 8
 145              		.cfi_offset 4, -8
 146              		.cfi_offset 14, -4
 250:Generated_Source\PSoC4/cyfitter_cfg.c **** 	/* Disable interrupts by default. Let user enable if/when they want. */
 251:Generated_Source\PSoC4/cyfitter_cfg.c **** 	CyGlobalIntDisable;
 147              		.loc 1 251 0
 148              		.syntax divided
ARM GAS  C:\Users\as3828\AppData\Local\Temp\ccqVixwk.s 			page 8


 149              	@ 251 "Generated_Source\PSoC4\cyfitter_cfg.c" 1
 150 007a 72B6     		CPSID   i
 151              	@ 0 "" 2
 152              	.LVL6:
 153              		.thumb
 154              		.syntax unified
 155              	.LBB2:
 252:Generated_Source\PSoC4/cyfitter_cfg.c **** 
 253:Generated_Source\PSoC4/cyfitter_cfg.c **** 	{
 254:Generated_Source\PSoC4/cyfitter_cfg.c **** 
 255:Generated_Source\PSoC4/cyfitter_cfg.c **** 		CYPACKED typedef struct {
 256:Generated_Source\PSoC4/cyfitter_cfg.c **** 			void CYFAR *address;
 257:Generated_Source\PSoC4/cyfitter_cfg.c **** 			uint16 size;
 258:Generated_Source\PSoC4/cyfitter_cfg.c **** 		} CYPACKED_ATTR cfg_memset_t;
 259:Generated_Source\PSoC4/cyfitter_cfg.c **** 
 260:Generated_Source\PSoC4/cyfitter_cfg.c **** 		static const cfg_memset_t CYCODE cfg_memset_list[] = {
 261:Generated_Source\PSoC4/cyfitter_cfg.c **** 			/* address, size */
 262:Generated_Source\PSoC4/cyfitter_cfg.c **** 			{(void CYFAR *)(CYDEV_UDB_P0_U0_BASE), 1024u},
 263:Generated_Source\PSoC4/cyfitter_cfg.c **** 			{(void CYFAR *)(CYDEV_UDB_DSI0_BASE), 1024u},
 264:Generated_Source\PSoC4/cyfitter_cfg.c **** 		};
 265:Generated_Source\PSoC4/cyfitter_cfg.c **** 
 266:Generated_Source\PSoC4/cyfitter_cfg.c **** 		uint8 CYDATA i;
 267:Generated_Source\PSoC4/cyfitter_cfg.c **** 
 268:Generated_Source\PSoC4/cyfitter_cfg.c **** 		/* Zero out critical memory blocks before beginning configuration */
 269:Generated_Source\PSoC4/cyfitter_cfg.c **** 		for (i = 0u; i < (sizeof(cfg_memset_list)/sizeof(cfg_memset_list[0])); i++)
 156              		.loc 1 269 0
 157 007c 0024     		movs	r4, #0
 158 007e 0FE0     		b	.L6
 159              	.LVL7:
 160              	.L7:
 161              	.LBB3:
 270:Generated_Source\PSoC4/cyfitter_cfg.c **** 		{
 271:Generated_Source\PSoC4/cyfitter_cfg.c **** 			const cfg_memset_t CYCODE * CYDATA ms = &cfg_memset_list[i];
 272:Generated_Source\PSoC4/cyfitter_cfg.c **** 			CYMEMZERO(ms->address, (size_t)(uint32)(ms->size));
 162              		.loc 1 272 0 discriminator 3
 163 0080 1648     		ldr	r0, .L8
 164 0082 6200     		lsls	r2, r4, #1
 165 0084 1319     		adds	r3, r2, r4
 166 0086 5900     		lsls	r1, r3, #1
 167 0088 0B00     		movs	r3, r1
 168 008a 4118     		adds	r1, r0, r1
 169 008c 8988     		ldrh	r1, [r1, #4]
 170 008e 1A5A     		ldrh	r2, [r3, r0]
 171 0090 C318     		adds	r3, r0, r3
 172 0092 5888     		ldrh	r0, [r3, #2]
 173 0094 0004     		lsls	r0, r0, #16
 174 0096 1043     		orrs	r0, r2
 175 0098 FFF7FEFF 		bl	CYMEMZERO
 176              	.LVL8:
 177              	.LBE3:
 269:Generated_Source\PSoC4/cyfitter_cfg.c **** 		{
 178              		.loc 1 269 0 discriminator 3
 179 009c 0134     		adds	r4, r4, #1
 180              	.LVL9:
 181 009e E4B2     		uxtb	r4, r4
 182              	.LVL10:
 183              	.L6:
ARM GAS  C:\Users\as3828\AppData\Local\Temp\ccqVixwk.s 			page 9


 269:Generated_Source\PSoC4/cyfitter_cfg.c **** 		{
 184              		.loc 1 269 0 is_stmt 0 discriminator 1
 185 00a0 012C     		cmp	r4, #1
 186 00a2 EDD9     		bls	.L7
 273:Generated_Source\PSoC4/cyfitter_cfg.c **** 		}
 274:Generated_Source\PSoC4/cyfitter_cfg.c **** 
 275:Generated_Source\PSoC4/cyfitter_cfg.c **** 		/* HSIOM Starting address: CYDEV_HSIOM_BASE */
 276:Generated_Source\PSoC4/cyfitter_cfg.c **** 		CY_SET_REG32((void *)(CYREG_HSIOM_PORT_SEL3), 0x0000EE00u);
 187              		.loc 1 276 0 is_stmt 1
 188 00a4 EE22     		movs	r2, #238
 189 00a6 1202     		lsls	r2, r2, #8
 190 00a8 0D4B     		ldr	r3, .L8+4
 191 00aa 1A60     		str	r2, [r3]
 277:Generated_Source\PSoC4/cyfitter_cfg.c **** 
 278:Generated_Source\PSoC4/cyfitter_cfg.c **** 		/* UDB_PA_0 Starting address: CYDEV_UDB_PA0_BASE */
 279:Generated_Source\PSoC4/cyfitter_cfg.c **** 		CY_SET_REG32((void *)(CYDEV_UDB_PA0_BASE), 0x00990000u);
 192              		.loc 1 279 0
 193 00ac 9923     		movs	r3, #153
 194 00ae 1B04     		lsls	r3, r3, #16
 195 00b0 0C4A     		ldr	r2, .L8+8
 196 00b2 1360     		str	r3, [r2]
 280:Generated_Source\PSoC4/cyfitter_cfg.c **** 
 281:Generated_Source\PSoC4/cyfitter_cfg.c **** 		/* UDB_PA_3 Starting address: CYDEV_UDB_PA3_BASE */
 282:Generated_Source\PSoC4/cyfitter_cfg.c **** 		CY_SET_REG32((void *)(CYDEV_UDB_PA3_BASE), 0x00990000u);
 197              		.loc 1 282 0
 198 00b4 0C4A     		ldr	r2, .L8+12
 199 00b6 1360     		str	r3, [r2]
 283:Generated_Source\PSoC4/cyfitter_cfg.c **** 
 284:Generated_Source\PSoC4/cyfitter_cfg.c **** 		/* Enable digital routing */
 285:Generated_Source\PSoC4/cyfitter_cfg.c **** 		CY_SET_XTND_REG8((void *)CYREG_UDB_UDBIF_BANK_CTL, (uint8)(CY_GET_XTND_REG8((void *)CYREG_UDB_UDB
 200              		.loc 1 285 0
 201 00b8 0C4A     		ldr	r2, .L8+16
 202 00ba 1178     		ldrb	r1, [r2]
 203 00bc 0623     		movs	r3, #6
 204 00be 0B43     		orrs	r3, r1
 205 00c0 DBB2     		uxtb	r3, r3
 206 00c2 1370     		strb	r3, [r2]
 207              	.LBE2:
 286:Generated_Source\PSoC4/cyfitter_cfg.c **** 	}
 287:Generated_Source\PSoC4/cyfitter_cfg.c **** 
 288:Generated_Source\PSoC4/cyfitter_cfg.c **** 	/* Perform second pass device configuration. These items must be configured in specific order afte
 289:Generated_Source\PSoC4/cyfitter_cfg.c **** 	/* IOPINS0_0 Starting address: CYDEV_PRT0_BASE */
 290:Generated_Source\PSoC4/cyfitter_cfg.c **** 	CY_SET_REG32((void *)(CYREG_PRT0_PC), 0x00000180u);
 208              		.loc 1 290 0
 209 00c4 C022     		movs	r2, #192
 210 00c6 5200     		lsls	r2, r2, #1
 211 00c8 094B     		ldr	r3, .L8+20
 212 00ca 1A60     		str	r2, [r3]
 291:Generated_Source\PSoC4/cyfitter_cfg.c **** 
 292:Generated_Source\PSoC4/cyfitter_cfg.c **** 	/* IOPINS0_3 Starting address: CYDEV_PRT3_BASE */
 293:Generated_Source\PSoC4/cyfitter_cfg.c **** 	CY_SET_REG32((void *)(CYREG_PRT3_PC), 0x00000D80u);
 213              		.loc 1 293 0
 214 00cc D822     		movs	r2, #216
 215 00ce 1201     		lsls	r2, r2, #4
 216 00d0 084B     		ldr	r3, .L8+24
 217 00d2 1A60     		str	r2, [r3]
 294:Generated_Source\PSoC4/cyfitter_cfg.c **** 
ARM GAS  C:\Users\as3828\AppData\Local\Temp\ccqVixwk.s 			page 10


 295:Generated_Source\PSoC4/cyfitter_cfg.c **** 
 296:Generated_Source\PSoC4/cyfitter_cfg.c **** 	/* Setup clocks based on selections from Clock DWR */
 297:Generated_Source\PSoC4/cyfitter_cfg.c **** 	ClockSetup();
 218              		.loc 1 297 0
 219 00d4 FFF794FF 		bl	ClockSetup
 220              	.LVL11:
 298:Generated_Source\PSoC4/cyfitter_cfg.c **** 
 299:Generated_Source\PSoC4/cyfitter_cfg.c **** 	/* Perform basic analog initialization to defaults */
 300:Generated_Source\PSoC4/cyfitter_cfg.c **** 	AnalogSetDefault();
 301:Generated_Source\PSoC4/cyfitter_cfg.c **** 
 302:Generated_Source\PSoC4/cyfitter_cfg.c **** }
 221              		.loc 1 302 0
 222              		@ sp needed
 223              	.LVL12:
 224 00d8 10BD     		pop	{r4, pc}
 225              	.L9:
 226 00da C046     		.align	2
 227              	.L8:
 228 00dc 00000000 		.word	.LANCHOR0
 229 00e0 0C000140 		.word	1073807372
 230 00e4 00500F40 		.word	1074745344
 231 00e8 30500F40 		.word	1074745392
 232 00ec 00700F40 		.word	1074753536
 233 00f0 08000440 		.word	1074003976
 234 00f4 08030440 		.word	1074004744
 235              		.cfi_endproc
 236              	.LFE5:
 237              		.size	cyfitter_cfg, .-cyfitter_cfg
 238              		.section	.rodata
 239              		.align	2
 240              		.set	.LANCHOR0,. + 0
 241              		.type	cfg_memset_list.4847, %object
 242              		.size	cfg_memset_list.4847, 12
 243              	cfg_memset_list.4847:
 244 0000 00300F40 		.word	1074737152
 245 0004 0004     		.short	1024
 246 0006 00400F40 		.4byte	1074741248
 247 000a 0004     		.short	1024
 248              		.text
 249              	.Letext0:
 250              		.file 2 "c:\\program files (x86)\\cypress\\psoc creator\\4.1\\psoc creator\\import\\gnu\\arm\\5.4.
 251              		.file 3 "Generated_Source\\PSoC4\\cytypes.h"
 252              		.file 4 "Generated_Source\\PSoC4\\CyLib.h"
 253              		.section	.debug_info,"",%progbits
 254              	.Ldebug_info0:
 255 0000 78020000 		.4byte	0x278
 256 0004 0400     		.2byte	0x4
 257 0006 00000000 		.4byte	.Ldebug_abbrev0
 258 000a 04       		.byte	0x4
 259 000b 01       		.uleb128 0x1
 260 000c 21010000 		.4byte	.LASF29
 261 0010 0C       		.byte	0xc
 262 0011 18020000 		.4byte	.LASF30
 263 0015 EB000000 		.4byte	.LASF31
 264 0019 00000000 		.4byte	.Ldebug_ranges0+0
 265 001d 00000000 		.4byte	0
 266 0021 00000000 		.4byte	.Ldebug_line0
ARM GAS  C:\Users\as3828\AppData\Local\Temp\ccqVixwk.s 			page 11


 267 0025 02       		.uleb128 0x2
 268 0026 04       		.byte	0x4
 269 0027 05       		.byte	0x5
 270 0028 696E7400 		.ascii	"int\000"
 271 002c 03       		.uleb128 0x3
 272 002d 06000000 		.4byte	.LASF12
 273 0031 02       		.byte	0x2
 274 0032 D8       		.byte	0xd8
 275 0033 37000000 		.4byte	0x37
 276 0037 04       		.uleb128 0x4
 277 0038 04       		.byte	0x4
 278 0039 07       		.byte	0x7
 279 003a B2000000 		.4byte	.LASF0
 280 003e 04       		.uleb128 0x4
 281 003f 08       		.byte	0x8
 282 0040 05       		.byte	0x5
 283 0041 C5010000 		.4byte	.LASF1
 284 0045 04       		.uleb128 0x4
 285 0046 08       		.byte	0x8
 286 0047 04       		.byte	0x4
 287 0048 00020000 		.4byte	.LASF2
 288 004c 04       		.uleb128 0x4
 289 004d 01       		.byte	0x1
 290 004e 06       		.byte	0x6
 291 004f 0C020000 		.4byte	.LASF3
 292 0053 04       		.uleb128 0x4
 293 0054 01       		.byte	0x1
 294 0055 08       		.byte	0x8
 295 0056 7C000000 		.4byte	.LASF4
 296 005a 04       		.uleb128 0x4
 297 005b 02       		.byte	0x2
 298 005c 05       		.byte	0x5
 299 005d D8010000 		.4byte	.LASF5
 300 0061 04       		.uleb128 0x4
 301 0062 02       		.byte	0x2
 302 0063 07       		.byte	0x7
 303 0064 37000000 		.4byte	.LASF6
 304 0068 04       		.uleb128 0x4
 305 0069 04       		.byte	0x4
 306 006a 05       		.byte	0x5
 307 006b F7010000 		.4byte	.LASF7
 308 006f 04       		.uleb128 0x4
 309 0070 04       		.byte	0x4
 310 0071 07       		.byte	0x7
 311 0072 5A000000 		.4byte	.LASF8
 312 0076 04       		.uleb128 0x4
 313 0077 08       		.byte	0x8
 314 0078 07       		.byte	0x7
 315 0079 D4000000 		.4byte	.LASF9
 316 007d 04       		.uleb128 0x4
 317 007e 04       		.byte	0x4
 318 007f 07       		.byte	0x7
 319 0080 BC010000 		.4byte	.LASF10
 320 0084 05       		.uleb128 0x5
 321 0085 04       		.byte	0x4
 322 0086 04       		.uleb128 0x4
 323 0087 01       		.byte	0x1
ARM GAS  C:\Users\as3828\AppData\Local\Temp\ccqVixwk.s 			page 12


 324 0088 08       		.byte	0x8
 325 0089 D3010000 		.4byte	.LASF11
 326 008d 06       		.uleb128 0x6
 327 008e 6C000000 		.4byte	.LASF13
 328 0092 03       		.byte	0x3
 329 0093 D201     		.2byte	0x1d2
 330 0095 53000000 		.4byte	0x53
 331 0099 06       		.uleb128 0x6
 332 009a A4000000 		.4byte	.LASF14
 333 009e 03       		.byte	0x3
 334 009f D301     		.2byte	0x1d3
 335 00a1 61000000 		.4byte	0x61
 336 00a5 06       		.uleb128 0x6
 337 00a6 AB000000 		.4byte	.LASF15
 338 00aa 03       		.byte	0x3
 339 00ab D401     		.2byte	0x1d4
 340 00ad 6F000000 		.4byte	0x6f
 341 00b1 04       		.uleb128 0x4
 342 00b2 04       		.byte	0x4
 343 00b3 04       		.byte	0x4
 344 00b4 4A000000 		.4byte	.LASF16
 345 00b8 04       		.uleb128 0x4
 346 00b9 08       		.byte	0x8
 347 00ba 04       		.byte	0x4
 348 00bb 91000000 		.4byte	.LASF17
 349 00bf 06       		.uleb128 0x6
 350 00c0 55000000 		.4byte	.LASF18
 351 00c4 03       		.byte	0x3
 352 00c5 7C02     		.2byte	0x27c
 353 00c7 CB000000 		.4byte	0xcb
 354 00cb 07       		.uleb128 0x7
 355 00cc 8D000000 		.4byte	0x8d
 356 00d0 06       		.uleb128 0x6
 357 00d1 00000000 		.4byte	.LASF19
 358 00d5 03       		.byte	0x3
 359 00d6 7E02     		.2byte	0x27e
 360 00d8 DC000000 		.4byte	0xdc
 361 00dc 07       		.uleb128 0x7
 362 00dd A5000000 		.4byte	0xa5
 363 00e1 08       		.uleb128 0x8
 364 00e2 72000000 		.4byte	.LASF20
 365 00e6 01       		.byte	0x1
 366 00e7 4C       		.byte	0x4c
 367 00e8 00000000 		.4byte	.LFB0
 368 00ec 0C000000 		.4byte	.LFE0-.LFB0
 369 00f0 01       		.uleb128 0x1
 370 00f1 9C       		.byte	0x9c
 371 00f2 2E010000 		.4byte	0x12e
 372 00f6 09       		.uleb128 0x9
 373 00f7 7300     		.ascii	"s\000"
 374 00f9 01       		.byte	0x1
 375 00fa 4C       		.byte	0x4c
 376 00fb 84000000 		.4byte	0x84
 377 00ff 00000000 		.4byte	.LLST0
 378 0103 09       		.uleb128 0x9
 379 0104 6E00     		.ascii	"n\000"
 380 0106 01       		.byte	0x1
ARM GAS  C:\Users\as3828\AppData\Local\Temp\ccqVixwk.s 			page 13


 381 0107 4C       		.byte	0x4c
 382 0108 2C000000 		.4byte	0x2c
 383 010c 21000000 		.4byte	.LLST1
 384 0110 0A       		.uleb128 0xa
 385 0111 0A000000 		.4byte	.LVL2
 386 0115 51020000 		.4byte	0x251
 387 0119 0B       		.uleb128 0xb
 388 011a 01       		.uleb128 0x1
 389 011b 50       		.byte	0x50
 390 011c 03       		.uleb128 0x3
 391 011d F3       		.byte	0xf3
 392 011e 01       		.uleb128 0x1
 393 011f 50       		.byte	0x50
 394 0120 0B       		.uleb128 0xb
 395 0121 01       		.uleb128 0x1
 396 0122 51       		.byte	0x51
 397 0123 01       		.uleb128 0x1
 398 0124 30       		.byte	0x30
 399 0125 0B       		.uleb128 0xb
 400 0126 01       		.uleb128 0x1
 401 0127 52       		.byte	0x52
 402 0128 03       		.uleb128 0x3
 403 0129 F3       		.byte	0xf3
 404 012a 01       		.uleb128 0x1
 405 012b 51       		.byte	0x51
 406 012c 00       		.byte	0
 407 012d 00       		.byte	0
 408 012e 08       		.uleb128 0x8
 409 012f 2C000000 		.4byte	.LASF21
 410 0133 01       		.byte	0x1
 411 0134 AD       		.byte	0xad
 412 0135 00000000 		.4byte	.LFB3
 413 0139 78000000 		.4byte	.LFE3-.LFB3
 414 013d 01       		.uleb128 0x1
 415 013e 9C       		.byte	0x9c
 416 013f 79010000 		.4byte	0x179
 417 0143 0C       		.uleb128 0xc
 418 0144 14000000 		.4byte	.LVL3
 419 0148 5A020000 		.4byte	0x25a
 420 014c 56010000 		.4byte	0x156
 421 0150 0B       		.uleb128 0xb
 422 0151 01       		.uleb128 0x1
 423 0152 50       		.byte	0x50
 424 0153 01       		.uleb128 0x1
 425 0154 48       		.byte	0x48
 426 0155 00       		.byte	0
 427 0156 0C       		.uleb128 0xc
 428 0157 42000000 		.4byte	.LVL4
 429 015b 65020000 		.4byte	0x265
 430 015f 69010000 		.4byte	0x169
 431 0163 0B       		.uleb128 0xb
 432 0164 01       		.uleb128 0x1
 433 0165 50       		.byte	0x50
 434 0166 01       		.uleb128 0x1
 435 0167 39       		.byte	0x39
 436 0168 00       		.byte	0
 437 0169 0A       		.uleb128 0xa
ARM GAS  C:\Users\as3828\AppData\Local\Temp\ccqVixwk.s 			page 14


 438 016a 48000000 		.4byte	.LVL5
 439 016e 70020000 		.4byte	0x270
 440 0172 0B       		.uleb128 0xb
 441 0173 01       		.uleb128 0x1
 442 0174 50       		.byte	0x50
 443 0175 01       		.uleb128 0x1
 444 0176 39       		.byte	0x39
 445 0177 00       		.byte	0
 446 0178 00       		.byte	0
 447 0179 0D       		.uleb128 0xd
 448 017a BF000000 		.4byte	.LASF32
 449 017e 01       		.byte	0x1
 450 017f F8       		.byte	0xf8
 451 0180 78000000 		.4byte	.LFB5
 452 0184 80000000 		.4byte	.LFE5-.LFB5
 453 0188 01       		.uleb128 0x1
 454 0189 9C       		.byte	0x9c
 455 018a 51020000 		.4byte	0x251
 456 018e 0E       		.uleb128 0xe
 457 018f 7C000000 		.4byte	.LBB2
 458 0193 48000000 		.4byte	.LBE2-.LBB2
 459 0197 47020000 		.4byte	0x247
 460 019b 0F       		.uleb128 0xf
 461 019c 06       		.byte	0x6
 462 019d 01       		.byte	0x1
 463 019e FF       		.byte	0xff
 464 019f BE010000 		.4byte	0x1be
 465 01a3 10       		.uleb128 0x10
 466 01a4 CC000000 		.4byte	.LASF22
 467 01a8 01       		.byte	0x1
 468 01a9 0001     		.2byte	0x100
 469 01ab 84000000 		.4byte	0x84
 470 01af 00       		.byte	0
 471 01b0 10       		.uleb128 0x10
 472 01b1 50000000 		.4byte	.LASF23
 473 01b5 01       		.byte	0x1
 474 01b6 0101     		.2byte	0x101
 475 01b8 99000000 		.4byte	0x99
 476 01bc 04       		.byte	0x4
 477 01bd 00       		.byte	0
 478 01be 06       		.uleb128 0x6
 479 01bf AF010000 		.4byte	.LASF24
 480 01c3 01       		.byte	0x1
 481 01c4 0201     		.2byte	0x102
 482 01c6 9B010000 		.4byte	0x19b
 483 01ca 11       		.uleb128 0x11
 484 01cb DA010000 		.4byte	0x1da
 485 01cf DA010000 		.4byte	0x1da
 486 01d3 12       		.uleb128 0x12
 487 01d4 7D000000 		.4byte	0x7d
 488 01d8 01       		.byte	0x1
 489 01d9 00       		.byte	0
 490 01da 13       		.uleb128 0x13
 491 01db BE010000 		.4byte	0x1be
 492 01df 14       		.uleb128 0x14
 493 01e0 1C000000 		.4byte	.LASF25
 494 01e4 01       		.byte	0x1
ARM GAS  C:\Users\as3828\AppData\Local\Temp\ccqVixwk.s 			page 15


 495 01e5 0401     		.2byte	0x104
 496 01e7 F1010000 		.4byte	0x1f1
 497 01eb 05       		.uleb128 0x5
 498 01ec 03       		.byte	0x3
 499 01ed 00000000 		.4byte	cfg_memset_list.4847
 500 01f1 13       		.uleb128 0x13
 501 01f2 CA010000 		.4byte	0x1ca
 502 01f6 15       		.uleb128 0x15
 503 01f7 6900     		.ascii	"i\000"
 504 01f9 01       		.byte	0x1
 505 01fa 0A01     		.2byte	0x10a
 506 01fc 8D000000 		.4byte	0x8d
 507 0200 4D000000 		.4byte	.LLST2
 508 0204 16       		.uleb128 0x16
 509 0205 80000000 		.4byte	.LBB3
 510 0209 1C000000 		.4byte	.LBE3-.LBB3
 511 020d 15       		.uleb128 0x15
 512 020e 6D7300   		.ascii	"ms\000"
 513 0211 01       		.byte	0x1
 514 0212 0F01     		.2byte	0x10f
 515 0214 1C020000 		.4byte	0x21c
 516 0218 77000000 		.4byte	.LLST3
 517 021c 17       		.uleb128 0x17
 518 021d 04       		.byte	0x4
 519 021e DA010000 		.4byte	0x1da
 520 0222 0A       		.uleb128 0xa
 521 0223 9C000000 		.4byte	.LVL8
 522 0227 E1000000 		.4byte	0xe1
 523 022b 0B       		.uleb128 0xb
 524 022c 01       		.uleb128 0x1
 525 022d 51       		.byte	0x51
 526 022e 15       		.uleb128 0x15
 527 022f 74       		.byte	0x74
 528 0230 00       		.sleb128 0
 529 0231 31       		.byte	0x31
 530 0232 24       		.byte	0x24
 531 0233 74       		.byte	0x74
 532 0234 00       		.sleb128 0
 533 0235 22       		.byte	0x22
 534 0236 31       		.byte	0x31
 535 0237 24       		.byte	0x24
 536 0238 03       		.byte	0x3
 537 0239 04000000 		.4byte	.LANCHOR0+4
 538 023d 22       		.byte	0x22
 539 023e 94       		.byte	0x94
 540 023f 02       		.byte	0x2
 541 0240 0A       		.byte	0xa
 542 0241 FFFF     		.2byte	0xffff
 543 0243 1A       		.byte	0x1a
 544 0244 00       		.byte	0
 545 0245 00       		.byte	0
 546 0246 00       		.byte	0
 547 0247 18       		.uleb128 0x18
 548 0248 D8000000 		.4byte	.LVL11
 549 024c 2E010000 		.4byte	0x12e
 550 0250 00       		.byte	0
 551 0251 19       		.uleb128 0x19
ARM GAS  C:\Users\as3828\AppData\Local\Temp\ccqVixwk.s 			page 16


 552 0252 8A000000 		.4byte	.LASF33
 553 0256 8A000000 		.4byte	.LASF33
 554 025a 1A       		.uleb128 0x1a
 555 025b E2010000 		.4byte	.LASF26
 556 025f E2010000 		.4byte	.LASF26
 557 0263 04       		.byte	0x4
 558 0264 6C       		.byte	0x6c
 559 0265 1A       		.uleb128 0x1a
 560 0266 0D000000 		.4byte	.LASF27
 561 026a 0D000000 		.4byte	.LASF27
 562 026e 04       		.byte	0x4
 563 026f BD       		.byte	0xbd
 564 0270 1A       		.uleb128 0x1a
 565 0271 98000000 		.4byte	.LASF28
 566 0275 98000000 		.4byte	.LASF28
 567 0279 04       		.byte	0x4
 568 027a C3       		.byte	0xc3
 569 027b 00       		.byte	0
 570              		.section	.debug_abbrev,"",%progbits
 571              	.Ldebug_abbrev0:
 572 0000 01       		.uleb128 0x1
 573 0001 11       		.uleb128 0x11
 574 0002 01       		.byte	0x1
 575 0003 25       		.uleb128 0x25
 576 0004 0E       		.uleb128 0xe
 577 0005 13       		.uleb128 0x13
 578 0006 0B       		.uleb128 0xb
 579 0007 03       		.uleb128 0x3
 580 0008 0E       		.uleb128 0xe
 581 0009 1B       		.uleb128 0x1b
 582 000a 0E       		.uleb128 0xe
 583 000b 55       		.uleb128 0x55
 584 000c 17       		.uleb128 0x17
 585 000d 11       		.uleb128 0x11
 586 000e 01       		.uleb128 0x1
 587 000f 10       		.uleb128 0x10
 588 0010 17       		.uleb128 0x17
 589 0011 00       		.byte	0
 590 0012 00       		.byte	0
 591 0013 02       		.uleb128 0x2
 592 0014 24       		.uleb128 0x24
 593 0015 00       		.byte	0
 594 0016 0B       		.uleb128 0xb
 595 0017 0B       		.uleb128 0xb
 596 0018 3E       		.uleb128 0x3e
 597 0019 0B       		.uleb128 0xb
 598 001a 03       		.uleb128 0x3
 599 001b 08       		.uleb128 0x8
 600 001c 00       		.byte	0
 601 001d 00       		.byte	0
 602 001e 03       		.uleb128 0x3
 603 001f 16       		.uleb128 0x16
 604 0020 00       		.byte	0
 605 0021 03       		.uleb128 0x3
 606 0022 0E       		.uleb128 0xe
 607 0023 3A       		.uleb128 0x3a
 608 0024 0B       		.uleb128 0xb
ARM GAS  C:\Users\as3828\AppData\Local\Temp\ccqVixwk.s 			page 17


 609 0025 3B       		.uleb128 0x3b
 610 0026 0B       		.uleb128 0xb
 611 0027 49       		.uleb128 0x49
 612 0028 13       		.uleb128 0x13
 613 0029 00       		.byte	0
 614 002a 00       		.byte	0
 615 002b 04       		.uleb128 0x4
 616 002c 24       		.uleb128 0x24
 617 002d 00       		.byte	0
 618 002e 0B       		.uleb128 0xb
 619 002f 0B       		.uleb128 0xb
 620 0030 3E       		.uleb128 0x3e
 621 0031 0B       		.uleb128 0xb
 622 0032 03       		.uleb128 0x3
 623 0033 0E       		.uleb128 0xe
 624 0034 00       		.byte	0
 625 0035 00       		.byte	0
 626 0036 05       		.uleb128 0x5
 627 0037 0F       		.uleb128 0xf
 628 0038 00       		.byte	0
 629 0039 0B       		.uleb128 0xb
 630 003a 0B       		.uleb128 0xb
 631 003b 00       		.byte	0
 632 003c 00       		.byte	0
 633 003d 06       		.uleb128 0x6
 634 003e 16       		.uleb128 0x16
 635 003f 00       		.byte	0
 636 0040 03       		.uleb128 0x3
 637 0041 0E       		.uleb128 0xe
 638 0042 3A       		.uleb128 0x3a
 639 0043 0B       		.uleb128 0xb
 640 0044 3B       		.uleb128 0x3b
 641 0045 05       		.uleb128 0x5
 642 0046 49       		.uleb128 0x49
 643 0047 13       		.uleb128 0x13
 644 0048 00       		.byte	0
 645 0049 00       		.byte	0
 646 004a 07       		.uleb128 0x7
 647 004b 35       		.uleb128 0x35
 648 004c 00       		.byte	0
 649 004d 49       		.uleb128 0x49
 650 004e 13       		.uleb128 0x13
 651 004f 00       		.byte	0
 652 0050 00       		.byte	0
 653 0051 08       		.uleb128 0x8
 654 0052 2E       		.uleb128 0x2e
 655 0053 01       		.byte	0x1
 656 0054 03       		.uleb128 0x3
 657 0055 0E       		.uleb128 0xe
 658 0056 3A       		.uleb128 0x3a
 659 0057 0B       		.uleb128 0xb
 660 0058 3B       		.uleb128 0x3b
 661 0059 0B       		.uleb128 0xb
 662 005a 27       		.uleb128 0x27
 663 005b 19       		.uleb128 0x19
 664 005c 11       		.uleb128 0x11
 665 005d 01       		.uleb128 0x1
ARM GAS  C:\Users\as3828\AppData\Local\Temp\ccqVixwk.s 			page 18


 666 005e 12       		.uleb128 0x12
 667 005f 06       		.uleb128 0x6
 668 0060 40       		.uleb128 0x40
 669 0061 18       		.uleb128 0x18
 670 0062 9742     		.uleb128 0x2117
 671 0064 19       		.uleb128 0x19
 672 0065 01       		.uleb128 0x1
 673 0066 13       		.uleb128 0x13
 674 0067 00       		.byte	0
 675 0068 00       		.byte	0
 676 0069 09       		.uleb128 0x9
 677 006a 05       		.uleb128 0x5
 678 006b 00       		.byte	0
 679 006c 03       		.uleb128 0x3
 680 006d 08       		.uleb128 0x8
 681 006e 3A       		.uleb128 0x3a
 682 006f 0B       		.uleb128 0xb
 683 0070 3B       		.uleb128 0x3b
 684 0071 0B       		.uleb128 0xb
 685 0072 49       		.uleb128 0x49
 686 0073 13       		.uleb128 0x13
 687 0074 02       		.uleb128 0x2
 688 0075 17       		.uleb128 0x17
 689 0076 00       		.byte	0
 690 0077 00       		.byte	0
 691 0078 0A       		.uleb128 0xa
 692 0079 898201   		.uleb128 0x4109
 693 007c 01       		.byte	0x1
 694 007d 11       		.uleb128 0x11
 695 007e 01       		.uleb128 0x1
 696 007f 31       		.uleb128 0x31
 697 0080 13       		.uleb128 0x13
 698 0081 00       		.byte	0
 699 0082 00       		.byte	0
 700 0083 0B       		.uleb128 0xb
 701 0084 8A8201   		.uleb128 0x410a
 702 0087 00       		.byte	0
 703 0088 02       		.uleb128 0x2
 704 0089 18       		.uleb128 0x18
 705 008a 9142     		.uleb128 0x2111
 706 008c 18       		.uleb128 0x18
 707 008d 00       		.byte	0
 708 008e 00       		.byte	0
 709 008f 0C       		.uleb128 0xc
 710 0090 898201   		.uleb128 0x4109
 711 0093 01       		.byte	0x1
 712 0094 11       		.uleb128 0x11
 713 0095 01       		.uleb128 0x1
 714 0096 31       		.uleb128 0x31
 715 0097 13       		.uleb128 0x13
 716 0098 01       		.uleb128 0x1
 717 0099 13       		.uleb128 0x13
 718 009a 00       		.byte	0
 719 009b 00       		.byte	0
 720 009c 0D       		.uleb128 0xd
 721 009d 2E       		.uleb128 0x2e
 722 009e 01       		.byte	0x1
ARM GAS  C:\Users\as3828\AppData\Local\Temp\ccqVixwk.s 			page 19


 723 009f 3F       		.uleb128 0x3f
 724 00a0 19       		.uleb128 0x19
 725 00a1 03       		.uleb128 0x3
 726 00a2 0E       		.uleb128 0xe
 727 00a3 3A       		.uleb128 0x3a
 728 00a4 0B       		.uleb128 0xb
 729 00a5 3B       		.uleb128 0x3b
 730 00a6 0B       		.uleb128 0xb
 731 00a7 27       		.uleb128 0x27
 732 00a8 19       		.uleb128 0x19
 733 00a9 11       		.uleb128 0x11
 734 00aa 01       		.uleb128 0x1
 735 00ab 12       		.uleb128 0x12
 736 00ac 06       		.uleb128 0x6
 737 00ad 40       		.uleb128 0x40
 738 00ae 18       		.uleb128 0x18
 739 00af 9742     		.uleb128 0x2117
 740 00b1 19       		.uleb128 0x19
 741 00b2 01       		.uleb128 0x1
 742 00b3 13       		.uleb128 0x13
 743 00b4 00       		.byte	0
 744 00b5 00       		.byte	0
 745 00b6 0E       		.uleb128 0xe
 746 00b7 0B       		.uleb128 0xb
 747 00b8 01       		.byte	0x1
 748 00b9 11       		.uleb128 0x11
 749 00ba 01       		.uleb128 0x1
 750 00bb 12       		.uleb128 0x12
 751 00bc 06       		.uleb128 0x6
 752 00bd 01       		.uleb128 0x1
 753 00be 13       		.uleb128 0x13
 754 00bf 00       		.byte	0
 755 00c0 00       		.byte	0
 756 00c1 0F       		.uleb128 0xf
 757 00c2 13       		.uleb128 0x13
 758 00c3 01       		.byte	0x1
 759 00c4 0B       		.uleb128 0xb
 760 00c5 0B       		.uleb128 0xb
 761 00c6 3A       		.uleb128 0x3a
 762 00c7 0B       		.uleb128 0xb
 763 00c8 3B       		.uleb128 0x3b
 764 00c9 0B       		.uleb128 0xb
 765 00ca 01       		.uleb128 0x1
 766 00cb 13       		.uleb128 0x13
 767 00cc 00       		.byte	0
 768 00cd 00       		.byte	0
 769 00ce 10       		.uleb128 0x10
 770 00cf 0D       		.uleb128 0xd
 771 00d0 00       		.byte	0
 772 00d1 03       		.uleb128 0x3
 773 00d2 0E       		.uleb128 0xe
 774 00d3 3A       		.uleb128 0x3a
 775 00d4 0B       		.uleb128 0xb
 776 00d5 3B       		.uleb128 0x3b
 777 00d6 05       		.uleb128 0x5
 778 00d7 49       		.uleb128 0x49
 779 00d8 13       		.uleb128 0x13
ARM GAS  C:\Users\as3828\AppData\Local\Temp\ccqVixwk.s 			page 20


 780 00d9 38       		.uleb128 0x38
 781 00da 0B       		.uleb128 0xb
 782 00db 00       		.byte	0
 783 00dc 00       		.byte	0
 784 00dd 11       		.uleb128 0x11
 785 00de 01       		.uleb128 0x1
 786 00df 01       		.byte	0x1
 787 00e0 49       		.uleb128 0x49
 788 00e1 13       		.uleb128 0x13
 789 00e2 01       		.uleb128 0x1
 790 00e3 13       		.uleb128 0x13
 791 00e4 00       		.byte	0
 792 00e5 00       		.byte	0
 793 00e6 12       		.uleb128 0x12
 794 00e7 21       		.uleb128 0x21
 795 00e8 00       		.byte	0
 796 00e9 49       		.uleb128 0x49
 797 00ea 13       		.uleb128 0x13
 798 00eb 2F       		.uleb128 0x2f
 799 00ec 0B       		.uleb128 0xb
 800 00ed 00       		.byte	0
 801 00ee 00       		.byte	0
 802 00ef 13       		.uleb128 0x13
 803 00f0 26       		.uleb128 0x26
 804 00f1 00       		.byte	0
 805 00f2 49       		.uleb128 0x49
 806 00f3 13       		.uleb128 0x13
 807 00f4 00       		.byte	0
 808 00f5 00       		.byte	0
 809 00f6 14       		.uleb128 0x14
 810 00f7 34       		.uleb128 0x34
 811 00f8 00       		.byte	0
 812 00f9 03       		.uleb128 0x3
 813 00fa 0E       		.uleb128 0xe
 814 00fb 3A       		.uleb128 0x3a
 815 00fc 0B       		.uleb128 0xb
 816 00fd 3B       		.uleb128 0x3b
 817 00fe 05       		.uleb128 0x5
 818 00ff 49       		.uleb128 0x49
 819 0100 13       		.uleb128 0x13
 820 0101 02       		.uleb128 0x2
 821 0102 18       		.uleb128 0x18
 822 0103 00       		.byte	0
 823 0104 00       		.byte	0
 824 0105 15       		.uleb128 0x15
 825 0106 34       		.uleb128 0x34
 826 0107 00       		.byte	0
 827 0108 03       		.uleb128 0x3
 828 0109 08       		.uleb128 0x8
 829 010a 3A       		.uleb128 0x3a
 830 010b 0B       		.uleb128 0xb
 831 010c 3B       		.uleb128 0x3b
 832 010d 05       		.uleb128 0x5
 833 010e 49       		.uleb128 0x49
 834 010f 13       		.uleb128 0x13
 835 0110 02       		.uleb128 0x2
 836 0111 17       		.uleb128 0x17
ARM GAS  C:\Users\as3828\AppData\Local\Temp\ccqVixwk.s 			page 21


 837 0112 00       		.byte	0
 838 0113 00       		.byte	0
 839 0114 16       		.uleb128 0x16
 840 0115 0B       		.uleb128 0xb
 841 0116 01       		.byte	0x1
 842 0117 11       		.uleb128 0x11
 843 0118 01       		.uleb128 0x1
 844 0119 12       		.uleb128 0x12
 845 011a 06       		.uleb128 0x6
 846 011b 00       		.byte	0
 847 011c 00       		.byte	0
 848 011d 17       		.uleb128 0x17
 849 011e 0F       		.uleb128 0xf
 850 011f 00       		.byte	0
 851 0120 0B       		.uleb128 0xb
 852 0121 0B       		.uleb128 0xb
 853 0122 49       		.uleb128 0x49
 854 0123 13       		.uleb128 0x13
 855 0124 00       		.byte	0
 856 0125 00       		.byte	0
 857 0126 18       		.uleb128 0x18
 858 0127 898201   		.uleb128 0x4109
 859 012a 00       		.byte	0
 860 012b 11       		.uleb128 0x11
 861 012c 01       		.uleb128 0x1
 862 012d 31       		.uleb128 0x31
 863 012e 13       		.uleb128 0x13
 864 012f 00       		.byte	0
 865 0130 00       		.byte	0
 866 0131 19       		.uleb128 0x19
 867 0132 2E       		.uleb128 0x2e
 868 0133 00       		.byte	0
 869 0134 3F       		.uleb128 0x3f
 870 0135 19       		.uleb128 0x19
 871 0136 3C       		.uleb128 0x3c
 872 0137 19       		.uleb128 0x19
 873 0138 6E       		.uleb128 0x6e
 874 0139 0E       		.uleb128 0xe
 875 013a 03       		.uleb128 0x3
 876 013b 0E       		.uleb128 0xe
 877 013c 00       		.byte	0
 878 013d 00       		.byte	0
 879 013e 1A       		.uleb128 0x1a
 880 013f 2E       		.uleb128 0x2e
 881 0140 00       		.byte	0
 882 0141 3F       		.uleb128 0x3f
 883 0142 19       		.uleb128 0x19
 884 0143 3C       		.uleb128 0x3c
 885 0144 19       		.uleb128 0x19
 886 0145 6E       		.uleb128 0x6e
 887 0146 0E       		.uleb128 0xe
 888 0147 03       		.uleb128 0x3
 889 0148 0E       		.uleb128 0xe
 890 0149 3A       		.uleb128 0x3a
 891 014a 0B       		.uleb128 0xb
 892 014b 3B       		.uleb128 0x3b
 893 014c 0B       		.uleb128 0xb
ARM GAS  C:\Users\as3828\AppData\Local\Temp\ccqVixwk.s 			page 22


 894 014d 00       		.byte	0
 895 014e 00       		.byte	0
 896 014f 00       		.byte	0
 897              		.section	.debug_loc,"",%progbits
 898              	.Ldebug_loc0:
 899              	.LLST0:
 900 0000 00000000 		.4byte	.LVL0
 901 0004 09000000 		.4byte	.LVL2-1
 902 0008 0100     		.2byte	0x1
 903 000a 50       		.byte	0x50
 904 000b 09000000 		.4byte	.LVL2-1
 905 000f 0C000000 		.4byte	.LFE0
 906 0013 0400     		.2byte	0x4
 907 0015 F3       		.byte	0xf3
 908 0016 01       		.uleb128 0x1
 909 0017 50       		.byte	0x50
 910 0018 9F       		.byte	0x9f
 911 0019 00000000 		.4byte	0
 912 001d 00000000 		.4byte	0
 913              	.LLST1:
 914 0021 00000000 		.4byte	.LVL0
 915 0025 06000000 		.4byte	.LVL1
 916 0029 0100     		.2byte	0x1
 917 002b 51       		.byte	0x51
 918 002c 06000000 		.4byte	.LVL1
 919 0030 09000000 		.4byte	.LVL2-1
 920 0034 0100     		.2byte	0x1
 921 0036 52       		.byte	0x52
 922 0037 09000000 		.4byte	.LVL2-1
 923 003b 0C000000 		.4byte	.LFE0
 924 003f 0400     		.2byte	0x4
 925 0041 F3       		.byte	0xf3
 926 0042 01       		.uleb128 0x1
 927 0043 51       		.byte	0x51
 928 0044 9F       		.byte	0x9f
 929 0045 00000000 		.4byte	0
 930 0049 00000000 		.4byte	0
 931              	.LLST2:
 932 004d 7C000000 		.4byte	.LVL6
 933 0051 80000000 		.4byte	.LVL7
 934 0055 0200     		.2byte	0x2
 935 0057 30       		.byte	0x30
 936 0058 9F       		.byte	0x9f
 937 0059 80000000 		.4byte	.LVL7
 938 005d 9E000000 		.4byte	.LVL9
 939 0061 0100     		.2byte	0x1
 940 0063 54       		.byte	0x54
 941 0064 A0000000 		.4byte	.LVL10
 942 0068 D8000000 		.4byte	.LVL12
 943 006c 0100     		.2byte	0x1
 944 006e 54       		.byte	0x54
 945 006f 00000000 		.4byte	0
 946 0073 00000000 		.4byte	0
 947              	.LLST3:
 948 0077 80000000 		.4byte	.LVL7
 949 007b 9E000000 		.4byte	.LVL9
 950 007f 0B00     		.2byte	0xb
ARM GAS  C:\Users\as3828\AppData\Local\Temp\ccqVixwk.s 			page 23


 951 0081 74       		.byte	0x74
 952 0082 00       		.sleb128 0
 953 0083 36       		.byte	0x36
 954 0084 1E       		.byte	0x1e
 955 0085 03       		.byte	0x3
 956 0086 00000000 		.4byte	cfg_memset_list.4847
 957 008a 22       		.byte	0x22
 958 008b 9F       		.byte	0x9f
 959 008c 9E000000 		.4byte	.LVL9
 960 0090 A0000000 		.4byte	.LVL10
 961 0094 0B00     		.2byte	0xb
 962 0096 74       		.byte	0x74
 963 0097 7F       		.sleb128 -1
 964 0098 36       		.byte	0x36
 965 0099 1E       		.byte	0x1e
 966 009a 03       		.byte	0x3
 967 009b 00000000 		.4byte	cfg_memset_list.4847
 968 009f 22       		.byte	0x22
 969 00a0 9F       		.byte	0x9f
 970 00a1 00000000 		.4byte	0
 971 00a5 00000000 		.4byte	0
 972              		.section	.debug_aranges,"",%progbits
 973 0000 2C000000 		.4byte	0x2c
 974 0004 0200     		.2byte	0x2
 975 0006 00000000 		.4byte	.Ldebug_info0
 976 000a 04       		.byte	0x4
 977 000b 00       		.byte	0
 978 000c 0000     		.2byte	0
 979 000e 0000     		.2byte	0
 980 0010 00000000 		.4byte	.LFB0
 981 0014 0C000000 		.4byte	.LFE0-.LFB0
 982 0018 00000000 		.4byte	.LFB3
 983 001c 78000000 		.4byte	.LFE3-.LFB3
 984 0020 78000000 		.4byte	.LFB5
 985 0024 80000000 		.4byte	.LFE5-.LFB5
 986 0028 00000000 		.4byte	0
 987 002c 00000000 		.4byte	0
 988              		.section	.debug_ranges,"",%progbits
 989              	.Ldebug_ranges0:
 990 0000 00000000 		.4byte	.LFB0
 991 0004 0C000000 		.4byte	.LFE0
 992 0008 00000000 		.4byte	.LFB3
 993 000c 78000000 		.4byte	.LFE3
 994 0010 78000000 		.4byte	.LFB5
 995 0014 F8000000 		.4byte	.LFE5
 996 0018 00000000 		.4byte	0
 997 001c 00000000 		.4byte	0
 998              		.section	.debug_line,"",%progbits
 999              	.Ldebug_line0:
 1000 0000 2B010000 		.section	.debug_str,"MS",%progbits,1
 1000      0200D600 
 1000      00000201 
 1000      FB0E0D00 
 1000      01010101 
 1001              	.LASF19:
 1002 0000 72656733 		.ascii	"reg32\000"
 1002      3200
ARM GAS  C:\Users\as3828\AppData\Local\Temp\ccqVixwk.s 			page 24


 1003              	.LASF12:
 1004 0006 73697A65 		.ascii	"size_t\000"
 1004      5F7400
 1005              	.LASF27:
 1006 000d 4379496E 		.ascii	"CyIntSetVector\000"
 1006      74536574 
 1006      56656374 
 1006      6F7200
 1007              	.LASF25:
 1008 001c 6366675F 		.ascii	"cfg_memset_list\000"
 1008      6D656D73 
 1008      65745F6C 
 1008      69737400 
 1009              	.LASF21:
 1010 002c 436C6F63 		.ascii	"ClockSetup\000"
 1010      6B536574 
 1010      757000
 1011              	.LASF6:
 1012 0037 73686F72 		.ascii	"short unsigned int\000"
 1012      7420756E 
 1012      7369676E 
 1012      65642069 
 1012      6E7400
 1013              	.LASF16:
 1014 004a 666C6F61 		.ascii	"float\000"
 1014      7400
 1015              	.LASF23:
 1016 0050 73697A65 		.ascii	"size\000"
 1016      00
 1017              	.LASF18:
 1018 0055 72656738 		.ascii	"reg8\000"
 1018      00
 1019              	.LASF8:
 1020 005a 6C6F6E67 		.ascii	"long unsigned int\000"
 1020      20756E73 
 1020      69676E65 
 1020      6420696E 
 1020      7400
 1021              	.LASF13:
 1022 006c 75696E74 		.ascii	"uint8\000"
 1022      3800
 1023              	.LASF20:
 1024 0072 43594D45 		.ascii	"CYMEMZERO\000"
 1024      4D5A4552 
 1024      4F00
 1025              	.LASF4:
 1026 007c 756E7369 		.ascii	"unsigned char\000"
 1026      676E6564 
 1026      20636861 
 1026      7200
 1027              	.LASF33:
 1028 008a 6D656D73 		.ascii	"memset\000"
 1028      657400
 1029              	.LASF17:
 1030 0091 646F7562 		.ascii	"double\000"
 1030      6C6500
 1031              	.LASF28:
ARM GAS  C:\Users\as3828\AppData\Local\Temp\ccqVixwk.s 			page 25


 1032 0098 4379496E 		.ascii	"CyIntEnable\000"
 1032      74456E61 
 1032      626C6500 
 1033              	.LASF14:
 1034 00a4 75696E74 		.ascii	"uint16\000"
 1034      313600
 1035              	.LASF15:
 1036 00ab 75696E74 		.ascii	"uint32\000"
 1036      333200
 1037              	.LASF0:
 1038 00b2 756E7369 		.ascii	"unsigned int\000"
 1038      676E6564 
 1038      20696E74 
 1038      00
 1039              	.LASF32:
 1040 00bf 63796669 		.ascii	"cyfitter_cfg\000"
 1040      74746572 
 1040      5F636667 
 1040      00
 1041              	.LASF22:
 1042 00cc 61646472 		.ascii	"address\000"
 1042      65737300 
 1043              	.LASF9:
 1044 00d4 6C6F6E67 		.ascii	"long long unsigned int\000"
 1044      206C6F6E 
 1044      6720756E 
 1044      7369676E 
 1044      65642069 
 1045              	.LASF31:
 1046 00eb 433A5C55 		.ascii	"C:\\Users\\as3828\\Desktop\\L4\\Workspace01\\Design"
 1046      73657273 
 1046      5C617333 
 1046      3832385C 
 1046      4465736B 
 1047 0118 30322E63 		.ascii	"02.cydsn\000"
 1047      7964736E 
 1047      00
 1048              	.LASF29:
 1049 0121 474E5520 		.ascii	"GNU C11 5.4.1 20160609 (release) [ARM/embedded-5-br"
 1049      43313120 
 1049      352E342E 
 1049      31203230 
 1049      31363036 
 1050 0154 616E6368 		.ascii	"anch revision 237715] -mcpu=cortex-m0 -mthumb -g -O"
 1050      20726576 
 1050      6973696F 
 1050      6E203233 
 1050      37373135 
 1051 0187 67202D66 		.ascii	"g -ffunction-sections -ffat-lto-objects\000"
 1051      66756E63 
 1051      74696F6E 
 1051      2D736563 
 1051      74696F6E 
 1052              	.LASF24:
 1053 01af 6366675F 		.ascii	"cfg_memset_t\000"
 1053      6D656D73 
 1053      65745F74 
ARM GAS  C:\Users\as3828\AppData\Local\Temp\ccqVixwk.s 			page 26


 1053      00
 1054              	.LASF10:
 1055 01bc 73697A65 		.ascii	"sizetype\000"
 1055      74797065 
 1055      00
 1056              	.LASF1:
 1057 01c5 6C6F6E67 		.ascii	"long long int\000"
 1057      206C6F6E 
 1057      6720696E 
 1057      7400
 1058              	.LASF11:
 1059 01d3 63686172 		.ascii	"char\000"
 1059      00
 1060              	.LASF5:
 1061 01d8 73686F72 		.ascii	"short int\000"
 1061      7420696E 
 1061      7400
 1062              	.LASF26:
 1063 01e2 43795379 		.ascii	"CySysClkWriteImoFreq\000"
 1063      73436C6B 
 1063      57726974 
 1063      65496D6F 
 1063      46726571 
 1064              	.LASF7:
 1065 01f7 6C6F6E67 		.ascii	"long int\000"
 1065      20696E74 
 1065      00
 1066              	.LASF2:
 1067 0200 6C6F6E67 		.ascii	"long double\000"
 1067      20646F75 
 1067      626C6500 
 1068              	.LASF3:
 1069 020c 7369676E 		.ascii	"signed char\000"
 1069      65642063 
 1069      68617200 
 1070              	.LASF30:
 1071 0218 47656E65 		.ascii	"Generated_Source\\PSoC4\\cyfitter_cfg.c\000"
 1071      72617465 
 1071      645F536F 
 1071      75726365 
 1071      5C50536F 
 1072              		.ident	"GCC: (GNU Tools for ARM Embedded Processors) 5.4.1 20160609 (release) [ARM/embedded-5-bran
