ARM GAS  C:\Users\as3828\AppData\Local\Temp\ccu9bII6.s 			page 1


   1              		.syntax unified
   2              		.cpu cortex-m0
   3              		.fpu softvfp
   4              		.eabi_attribute 20, 1
   5              		.eabi_attribute 21, 1
   6              		.eabi_attribute 23, 3
   7              		.eabi_attribute 24, 1
   8              		.eabi_attribute 25, 1
   9              		.eabi_attribute 26, 1
  10              		.eabi_attribute 30, 1
  11              		.eabi_attribute 34, 0
  12              		.eabi_attribute 18, 4
  13              		.thumb
  14              		.syntax unified
  15              		.file	"main.c"
  16              		.text
  17              	.Ltext0:
  18              		.cfi_sections	.debug_frame
  19              		.section	.text.my_PWM_TC_isr,"ax",%progbits
  20              		.align	2
  21              		.global	my_PWM_TC_isr
  22              		.code	16
  23              		.thumb_func
  24              		.type	my_PWM_TC_isr, %function
  25              	my_PWM_TC_isr:
  26              	.LFB32:
  27              		.file 1 "main.c"
   1:main.c        **** /* ========================================
   2:main.c        ****  *
   3:main.c        ****  * Copyright YOUR COMPANY, THE YEAR
   4:main.c        ****  * All Rights Reserved
   5:main.c        ****  * UNPUBLISHED, LICENSED SOFTWARE.
   6:main.c        ****  *
   7:main.c        ****  * CONFIDENTIAL AND PROPRIETARY INFORMATION
   8:main.c        ****  * WHICH IS THE PROPERTY OF your company.
   9:main.c        ****  *
  10:main.c        ****  * ========================================
  11:main.c        **** */
  12:main.c        **** #include "project.h"
  13:main.c        **** extern uint8 Time_Expired = 0;
  14:main.c        **** extern uint8 Max_Count = 5;
  15:main.c        **** extern uint8 count = 0;
  16:main.c        **** 
  17:main.c        **** CY_ISR(my_PWM_TC_isr){
  28              		.loc 1 17 0
  29              		.cfi_startproc
  30              		@ args = 0, pretend = 0, frame = 0
  31              		@ frame_needed = 0, uses_anonymous_args = 0
  32 0000 10B5     		push	{r4, lr}
  33              		.cfi_def_cfa_offset 8
  34              		.cfi_offset 4, -8
  35              		.cfi_offset 14, -4
  18:main.c        ****     uint32 interrupt_source;
  19:main.c        ****     if (Time_Expired == 0) {
  36              		.loc 1 19 0
  37 0002 0C4B     		ldr	r3, .L3
  38 0004 1B78     		ldrb	r3, [r3]
ARM GAS  C:\Users\as3828\AppData\Local\Temp\ccu9bII6.s 			page 2


  39 0006 002B     		cmp	r3, #0
  40 0008 0DD1     		bne	.L2
  20:main.c        ****         count++;
  41              		.loc 1 20 0
  42 000a 0A4A     		ldr	r2, .L3
  43 000c 5378     		ldrb	r3, [r2, #1]
  44 000e 0133     		adds	r3, r3, #1
  45 0010 DBB2     		uxtb	r3, r3
  46 0012 5370     		strb	r3, [r2, #1]
  21:main.c        ****         if (count == Max_Count) {
  47              		.loc 1 21 0
  48 0014 084A     		ldr	r2, .L3+4
  49 0016 1278     		ldrb	r2, [r2]
  50 0018 9342     		cmp	r3, r2
  51 001a 04D1     		bne	.L2
  22:main.c        ****             Time_Expired = 1;
  52              		.loc 1 22 0
  53 001c 054B     		ldr	r3, .L3
  54 001e 0122     		movs	r2, #1
  55 0020 1A70     		strb	r2, [r3]
  23:main.c        ****             count = 0;
  56              		.loc 1 23 0
  57 0022 0022     		movs	r2, #0
  58 0024 5A70     		strb	r2, [r3, #1]
  59              	.L2:
  24:main.c        ****         }
  25:main.c        ****     }
  26:main.c        ****     my_isr_ClearPending();
  60              		.loc 1 26 0
  61 0026 FFF7FEFF 		bl	my_isr_ClearPending
  62              	.LVL0:
  27:main.c        ****     interrupt_source = my_PWM_GetInterruptSourceMasked();
  63              		.loc 1 27 0
  64 002a FFF7FEFF 		bl	my_PWM_GetInterruptSourceMasked
  65              	.LVL1:
  28:main.c        ****     my_PWM_ClearInterrupt(interrupt_source);
  66              		.loc 1 28 0
  67 002e FFF7FEFF 		bl	my_PWM_ClearInterrupt
  68              	.LVL2:
  29:main.c        **** }
  69              		.loc 1 29 0
  70              		@ sp needed
  71 0032 10BD     		pop	{r4, pc}
  72              	.L4:
  73              		.align	2
  74              	.L3:
  75 0034 00000000 		.word	.LANCHOR0
  76 0038 00000000 		.word	.LANCHOR1
  77              		.cfi_endproc
  78              	.LFE32:
  79              		.size	my_PWM_TC_isr, .-my_PWM_TC_isr
  80              		.section	.text.main,"ax",%progbits
  81              		.align	2
  82              		.global	main
  83              		.code	16
  84              		.thumb_func
  85              		.type	main, %function
ARM GAS  C:\Users\as3828\AppData\Local\Temp\ccu9bII6.s 			page 3


  86              	main:
  87              	.LFB33:
  30:main.c        **** 
  31:main.c        **** int main(void)
  32:main.c        **** {
  88              		.loc 1 32 0
  89              		.cfi_startproc
  90              		@ Volatile: function does not return.
  91              		@ args = 0, pretend = 0, frame = 0
  92              		@ frame_needed = 0, uses_anonymous_args = 0
  93 0000 10B5     		push	{r4, lr}
  94              		.cfi_def_cfa_offset 8
  95              		.cfi_offset 4, -8
  96              		.cfi_offset 14, -4
  33:main.c        ****     CyGlobalIntDisable;
  97              		.loc 1 33 0
  98              		.syntax divided
  99              	@ 33 "main.c" 1
 100 0002 72B6     		CPSID   i
 101              	@ 0 "" 2
  34:main.c        ****     my_isr_Start();
 102              		.loc 1 34 0
 103              		.thumb
 104              		.syntax unified
 105 0004 FFF7FEFF 		bl	my_isr_Start
 106              	.LVL3:
  35:main.c        ****     my_isr_SetVector(my_PWM_TC_isr);
 107              		.loc 1 35 0
 108 0008 0D48     		ldr	r0, .L8
 109 000a FFF7FEFF 		bl	my_isr_SetVector
 110              	.LVL4:
  36:main.c        ****     my_PWM_Start();
 111              		.loc 1 36 0
 112 000e FFF7FEFF 		bl	my_PWM_Start
 113              	.LVL5:
  37:main.c        ****     my_isr_Disable();
 114              		.loc 1 37 0
 115 0012 FFF7FEFF 		bl	my_isr_Disable
 116              	.LVL6:
  38:main.c        ****     
  39:main.c        ****     CyGlobalIntEnable; /* Enable global interrupts. */
 117              		.loc 1 39 0
 118              		.syntax divided
 119              	@ 39 "main.c" 1
 120 0016 62B6     		CPSIE   i
 121              	@ 0 "" 2
 122              		.thumb
 123              		.syntax unified
 124              	.L7:
  40:main.c        **** 
  41:main.c        ****     while (1) {
  42:main.c        ****         Time_Expired = 0;
 125              		.loc 1 42 0
 126 0018 0022     		movs	r2, #0
 127 001a 0A4B     		ldr	r3, .L8+4
 128 001c 1A70     		strb	r2, [r3]
  43:main.c        ****         my_isr_Enable();
ARM GAS  C:\Users\as3828\AppData\Local\Temp\ccu9bII6.s 			page 4


 129              		.loc 1 43 0
 130 001e FFF7FEFF 		bl	my_isr_Enable
 131              	.LVL7:
 132              	.L6:
  44:main.c        ****         while (!Time_Expired);
 133              		.loc 1 44 0 discriminator 1
 134 0022 084B     		ldr	r3, .L8+4
 135 0024 1B78     		ldrb	r3, [r3]
 136 0026 002B     		cmp	r3, #0
 137 0028 FBD0     		beq	.L6
  45:main.c        ****         my_isr_Disable();
 138              		.loc 1 45 0
 139 002a FFF7FEFF 		bl	my_isr_Disable
 140              	.LVL8:
  46:main.c        ****         LED_Write(!LED_Read());
 141              		.loc 1 46 0
 142 002e FFF7FEFF 		bl	LED_Read
 143              	.LVL9:
 144 0032 4342     		rsbs	r3, r0, #0
 145 0034 5841     		adcs	r0, r0, r3
 146 0036 C0B2     		uxtb	r0, r0
 147 0038 FFF7FEFF 		bl	LED_Write
 148              	.LVL10:
  47:main.c        ****     }
 149              		.loc 1 47 0
 150 003c ECE7     		b	.L7
 151              	.L9:
 152 003e C046     		.align	2
 153              	.L8:
 154 0040 00000000 		.word	my_PWM_TC_isr
 155 0044 00000000 		.word	.LANCHOR0
 156              		.cfi_endproc
 157              	.LFE33:
 158              		.size	main, .-main
 159              		.global	count
 160              		.global	Max_Count
 161              		.global	Time_Expired
 162              		.data
 163              		.set	.LANCHOR1,. + 0
 164              		.type	Max_Count, %object
 165              		.size	Max_Count, 1
 166              	Max_Count:
 167 0000 05       		.byte	5
 168              		.bss
 169              		.set	.LANCHOR0,. + 0
 170              		.type	Time_Expired, %object
 171              		.size	Time_Expired, 1
 172              	Time_Expired:
 173 0000 00       		.space	1
 174              		.type	count, %object
 175              		.size	count, 1
 176              	count:
 177 0001 00       		.space	1
 178              		.text
 179              	.Letext0:
 180              		.file 2 "Generated_Source\\PSoC4/cytypes.h"
 181              		.file 3 "Generated_Source\\PSoC4/my_isr.h"
ARM GAS  C:\Users\as3828\AppData\Local\Temp\ccu9bII6.s 			page 5


 182              		.file 4 "Generated_Source\\PSoC4/my_PWM.h"
 183              		.file 5 "Generated_Source\\PSoC4/LED.h"
 184              		.section	.debug_info,"",%progbits
 185              	.Ldebug_info0:
 186 0000 F7010000 		.4byte	0x1f7
 187 0004 0400     		.2byte	0x4
 188 0006 00000000 		.4byte	.Ldebug_abbrev0
 189 000a 04       		.byte	0x4
 190 000b 01       		.uleb128 0x1
 191 000c 59010000 		.4byte	.LASF29
 192 0010 0C       		.byte	0xc
 193 0011 FE010000 		.4byte	.LASF30
 194 0015 23010000 		.4byte	.LASF31
 195 0019 00000000 		.4byte	.Ldebug_ranges0+0
 196 001d 00000000 		.4byte	0
 197 0021 00000000 		.4byte	.Ldebug_line0
 198 0025 02       		.uleb128 0x2
 199 0026 01       		.byte	0x1
 200 0027 06       		.byte	0x6
 201 0028 29020000 		.4byte	.LASF0
 202 002c 02       		.uleb128 0x2
 203 002d 01       		.byte	0x1
 204 002e 08       		.byte	0x8
 205 002f 9D000000 		.4byte	.LASF1
 206 0033 02       		.uleb128 0x2
 207 0034 02       		.byte	0x2
 208 0035 05       		.byte	0x5
 209 0036 0A020000 		.4byte	.LASF2
 210 003a 02       		.uleb128 0x2
 211 003b 02       		.byte	0x2
 212 003c 07       		.byte	0x7
 213 003d 42000000 		.4byte	.LASF3
 214 0041 02       		.uleb128 0x2
 215 0042 04       		.byte	0x4
 216 0043 05       		.byte	0x5
 217 0044 14020000 		.4byte	.LASF4
 218 0048 02       		.uleb128 0x2
 219 0049 04       		.byte	0x4
 220 004a 07       		.byte	0x7
 221 004b E0000000 		.4byte	.LASF5
 222 004f 02       		.uleb128 0x2
 223 0050 08       		.byte	0x8
 224 0051 05       		.byte	0x5
 225 0052 F0010000 		.4byte	.LASF6
 226 0056 02       		.uleb128 0x2
 227 0057 08       		.byte	0x8
 228 0058 07       		.byte	0x7
 229 0059 FF000000 		.4byte	.LASF7
 230 005d 03       		.uleb128 0x3
 231 005e 04       		.byte	0x4
 232 005f 05       		.byte	0x5
 233 0060 696E7400 		.ascii	"int\000"
 234 0064 02       		.uleb128 0x2
 235 0065 04       		.byte	0x4
 236 0066 07       		.byte	0x7
 237 0067 F2000000 		.4byte	.LASF8
 238 006b 04       		.uleb128 0x4
ARM GAS  C:\Users\as3828\AppData\Local\Temp\ccu9bII6.s 			page 6


 239 006c 8E000000 		.4byte	.LASF9
 240 0070 02       		.byte	0x2
 241 0071 D201     		.2byte	0x1d2
 242 0073 2C000000 		.4byte	0x2c
 243 0077 04       		.uleb128 0x4
 244 0078 D4000000 		.4byte	.LASF10
 245 007c 02       		.byte	0x2
 246 007d D401     		.2byte	0x1d4
 247 007f 48000000 		.4byte	0x48
 248 0083 02       		.uleb128 0x2
 249 0084 04       		.byte	0x4
 250 0085 04       		.byte	0x4
 251 0086 55000000 		.4byte	.LASF11
 252 008a 02       		.uleb128 0x2
 253 008b 08       		.byte	0x8
 254 008c 04       		.byte	0x4
 255 008d AB000000 		.4byte	.LASF12
 256 0091 02       		.uleb128 0x2
 257 0092 01       		.byte	0x1
 258 0093 08       		.byte	0x8
 259 0094 05020000 		.4byte	.LASF13
 260 0098 02       		.uleb128 0x2
 261 0099 08       		.byte	0x8
 262 009a 04       		.byte	0x4
 263 009b 1D020000 		.4byte	.LASF14
 264 009f 02       		.uleb128 0x2
 265 00a0 04       		.byte	0x4
 266 00a1 07       		.byte	0x7
 267 00a2 E7010000 		.4byte	.LASF15
 268 00a6 05       		.uleb128 0x5
 269 00a7 68000000 		.4byte	.LASF32
 270 00ab 01       		.byte	0x1
 271 00ac 11       		.byte	0x11
 272 00ad 00000000 		.4byte	.LFB32
 273 00b1 3C000000 		.4byte	.LFE32-.LFB32
 274 00b5 01       		.uleb128 0x1
 275 00b6 9C       		.byte	0x9c
 276 00b7 E6000000 		.4byte	0xe6
 277 00bb 06       		.uleb128 0x6
 278 00bc C3000000 		.4byte	.LASF33
 279 00c0 01       		.byte	0x1
 280 00c1 12       		.byte	0x12
 281 00c2 77000000 		.4byte	0x77
 282 00c6 00000000 		.4byte	.LLST0
 283 00ca 07       		.uleb128 0x7
 284 00cb 2A000000 		.4byte	.LVL0
 285 00cf 89010000 		.4byte	0x189
 286 00d3 07       		.uleb128 0x7
 287 00d4 2E000000 		.4byte	.LVL1
 288 00d8 94010000 		.4byte	0x194
 289 00dc 07       		.uleb128 0x7
 290 00dd 32000000 		.4byte	.LVL2
 291 00e1 A0010000 		.4byte	0x1a0
 292 00e5 00       		.byte	0
 293 00e6 08       		.uleb128 0x8
 294 00e7 DB000000 		.4byte	.LASF34
 295 00eb 01       		.byte	0x1
ARM GAS  C:\Users\as3828\AppData\Local\Temp\ccu9bII6.s 			page 7


 296 00ec 1F       		.byte	0x1f
 297 00ed 5D000000 		.4byte	0x5d
 298 00f1 00000000 		.4byte	.LFB33
 299 00f5 48000000 		.4byte	.LFE33-.LFB33
 300 00f9 01       		.uleb128 0x1
 301 00fa 9C       		.byte	0x9c
 302 00fb 56010000 		.4byte	0x156
 303 00ff 07       		.uleb128 0x7
 304 0100 08000000 		.4byte	.LVL3
 305 0104 AC010000 		.4byte	0x1ac
 306 0108 09       		.uleb128 0x9
 307 0109 0E000000 		.4byte	.LVL4
 308 010d B7010000 		.4byte	0x1b7
 309 0111 1F010000 		.4byte	0x11f
 310 0115 0A       		.uleb128 0xa
 311 0116 01       		.uleb128 0x1
 312 0117 50       		.byte	0x50
 313 0118 05       		.uleb128 0x5
 314 0119 03       		.byte	0x3
 315 011a 00000000 		.4byte	my_PWM_TC_isr
 316 011e 00       		.byte	0
 317 011f 07       		.uleb128 0x7
 318 0120 12000000 		.4byte	.LVL5
 319 0124 C2010000 		.4byte	0x1c2
 320 0128 07       		.uleb128 0x7
 321 0129 16000000 		.4byte	.LVL6
 322 012d CE010000 		.4byte	0x1ce
 323 0131 07       		.uleb128 0x7
 324 0132 22000000 		.4byte	.LVL7
 325 0136 D9010000 		.4byte	0x1d9
 326 013a 07       		.uleb128 0x7
 327 013b 2E000000 		.4byte	.LVL8
 328 013f CE010000 		.4byte	0x1ce
 329 0143 07       		.uleb128 0x7
 330 0144 32000000 		.4byte	.LVL9
 331 0148 E4010000 		.4byte	0x1e4
 332 014c 07       		.uleb128 0x7
 333 014d 3C000000 		.4byte	.LVL10
 334 0151 EF010000 		.4byte	0x1ef
 335 0155 00       		.byte	0
 336 0156 0B       		.uleb128 0xb
 337 0157 5B000000 		.4byte	.LASF16
 338 015b 01       		.byte	0x1
 339 015c 0D       		.byte	0xd
 340 015d 6B000000 		.4byte	0x6b
 341 0161 05       		.uleb128 0x5
 342 0162 03       		.byte	0x3
 343 0163 00000000 		.4byte	Time_Expired
 344 0167 0B       		.uleb128 0xb
 345 0168 76000000 		.4byte	.LASF17
 346 016c 01       		.byte	0x1
 347 016d 0E       		.byte	0xe
 348 016e 6B000000 		.4byte	0x6b
 349 0172 05       		.uleb128 0x5
 350 0173 03       		.byte	0x3
 351 0174 00000000 		.4byte	Max_Count
 352 0178 0B       		.uleb128 0xb
ARM GAS  C:\Users\as3828\AppData\Local\Temp\ccu9bII6.s 			page 8


 353 0179 26000000 		.4byte	.LASF18
 354 017d 01       		.byte	0x1
 355 017e 0F       		.byte	0xf
 356 017f 6B000000 		.4byte	0x6b
 357 0183 05       		.uleb128 0x5
 358 0184 03       		.byte	0x3
 359 0185 00000000 		.4byte	count
 360 0189 0C       		.uleb128 0xc
 361 018a 35020000 		.4byte	.LASF19
 362 018e 35020000 		.4byte	.LASF19
 363 0192 03       		.byte	0x3
 364 0193 28       		.byte	0x28
 365 0194 0D       		.uleb128 0xd
 366 0195 49020000 		.4byte	.LASF20
 367 0199 49020000 		.4byte	.LASF20
 368 019d 04       		.byte	0x4
 369 019e 4501     		.2byte	0x145
 370 01a0 0D       		.uleb128 0xd
 371 01a1 2C000000 		.4byte	.LASF21
 372 01a5 2C000000 		.4byte	.LASF21
 373 01a9 04       		.byte	0x4
 374 01aa 4701     		.2byte	0x147
 375 01ac 0C       		.uleb128 0xc
 376 01ad 16010000 		.4byte	.LASF22
 377 01b1 16010000 		.4byte	.LASF22
 378 01b5 03       		.byte	0x3
 379 01b6 17       		.byte	0x17
 380 01b7 0C       		.uleb128 0xc
 381 01b8 B2000000 		.4byte	.LASF23
 382 01bc B2000000 		.4byte	.LASF23
 383 01c0 03       		.byte	0x3
 384 01c1 1D       		.byte	0x1d
 385 01c2 0D       		.uleb128 0xd
 386 01c3 19000000 		.4byte	.LASF24
 387 01c7 19000000 		.4byte	.LASF24
 388 01cb 04       		.byte	0x4
 389 01cc 3201     		.2byte	0x132
 390 01ce 0C       		.uleb128 0xc
 391 01cf 00000000 		.4byte	.LASF25
 392 01d3 00000000 		.4byte	.LASF25
 393 01d7 03       		.byte	0x3
 394 01d8 25       		.byte	0x25
 395 01d9 0C       		.uleb128 0xc
 396 01da 80000000 		.4byte	.LASF26
 397 01de 80000000 		.4byte	.LASF26
 398 01e2 03       		.byte	0x3
 399 01e3 23       		.byte	0x23
 400 01e4 0C       		.uleb128 0xc
 401 01e5 94000000 		.4byte	.LASF27
 402 01e9 94000000 		.4byte	.LASF27
 403 01ed 05       		.byte	0x5
 404 01ee 32       		.byte	0x32
 405 01ef 0C       		.uleb128 0xc
 406 01f0 0F000000 		.4byte	.LASF28
 407 01f4 0F000000 		.4byte	.LASF28
 408 01f8 05       		.byte	0x5
 409 01f9 33       		.byte	0x33
ARM GAS  C:\Users\as3828\AppData\Local\Temp\ccu9bII6.s 			page 9


 410 01fa 00       		.byte	0
 411              		.section	.debug_abbrev,"",%progbits
 412              	.Ldebug_abbrev0:
 413 0000 01       		.uleb128 0x1
 414 0001 11       		.uleb128 0x11
 415 0002 01       		.byte	0x1
 416 0003 25       		.uleb128 0x25
 417 0004 0E       		.uleb128 0xe
 418 0005 13       		.uleb128 0x13
 419 0006 0B       		.uleb128 0xb
 420 0007 03       		.uleb128 0x3
 421 0008 0E       		.uleb128 0xe
 422 0009 1B       		.uleb128 0x1b
 423 000a 0E       		.uleb128 0xe
 424 000b 55       		.uleb128 0x55
 425 000c 17       		.uleb128 0x17
 426 000d 11       		.uleb128 0x11
 427 000e 01       		.uleb128 0x1
 428 000f 10       		.uleb128 0x10
 429 0010 17       		.uleb128 0x17
 430 0011 00       		.byte	0
 431 0012 00       		.byte	0
 432 0013 02       		.uleb128 0x2
 433 0014 24       		.uleb128 0x24
 434 0015 00       		.byte	0
 435 0016 0B       		.uleb128 0xb
 436 0017 0B       		.uleb128 0xb
 437 0018 3E       		.uleb128 0x3e
 438 0019 0B       		.uleb128 0xb
 439 001a 03       		.uleb128 0x3
 440 001b 0E       		.uleb128 0xe
 441 001c 00       		.byte	0
 442 001d 00       		.byte	0
 443 001e 03       		.uleb128 0x3
 444 001f 24       		.uleb128 0x24
 445 0020 00       		.byte	0
 446 0021 0B       		.uleb128 0xb
 447 0022 0B       		.uleb128 0xb
 448 0023 3E       		.uleb128 0x3e
 449 0024 0B       		.uleb128 0xb
 450 0025 03       		.uleb128 0x3
 451 0026 08       		.uleb128 0x8
 452 0027 00       		.byte	0
 453 0028 00       		.byte	0
 454 0029 04       		.uleb128 0x4
 455 002a 16       		.uleb128 0x16
 456 002b 00       		.byte	0
 457 002c 03       		.uleb128 0x3
 458 002d 0E       		.uleb128 0xe
 459 002e 3A       		.uleb128 0x3a
 460 002f 0B       		.uleb128 0xb
 461 0030 3B       		.uleb128 0x3b
 462 0031 05       		.uleb128 0x5
 463 0032 49       		.uleb128 0x49
 464 0033 13       		.uleb128 0x13
 465 0034 00       		.byte	0
 466 0035 00       		.byte	0
ARM GAS  C:\Users\as3828\AppData\Local\Temp\ccu9bII6.s 			page 10


 467 0036 05       		.uleb128 0x5
 468 0037 2E       		.uleb128 0x2e
 469 0038 01       		.byte	0x1
 470 0039 3F       		.uleb128 0x3f
 471 003a 19       		.uleb128 0x19
 472 003b 03       		.uleb128 0x3
 473 003c 0E       		.uleb128 0xe
 474 003d 3A       		.uleb128 0x3a
 475 003e 0B       		.uleb128 0xb
 476 003f 3B       		.uleb128 0x3b
 477 0040 0B       		.uleb128 0xb
 478 0041 27       		.uleb128 0x27
 479 0042 19       		.uleb128 0x19
 480 0043 11       		.uleb128 0x11
 481 0044 01       		.uleb128 0x1
 482 0045 12       		.uleb128 0x12
 483 0046 06       		.uleb128 0x6
 484 0047 40       		.uleb128 0x40
 485 0048 18       		.uleb128 0x18
 486 0049 9742     		.uleb128 0x2117
 487 004b 19       		.uleb128 0x19
 488 004c 01       		.uleb128 0x1
 489 004d 13       		.uleb128 0x13
 490 004e 00       		.byte	0
 491 004f 00       		.byte	0
 492 0050 06       		.uleb128 0x6
 493 0051 34       		.uleb128 0x34
 494 0052 00       		.byte	0
 495 0053 03       		.uleb128 0x3
 496 0054 0E       		.uleb128 0xe
 497 0055 3A       		.uleb128 0x3a
 498 0056 0B       		.uleb128 0xb
 499 0057 3B       		.uleb128 0x3b
 500 0058 0B       		.uleb128 0xb
 501 0059 49       		.uleb128 0x49
 502 005a 13       		.uleb128 0x13
 503 005b 02       		.uleb128 0x2
 504 005c 17       		.uleb128 0x17
 505 005d 00       		.byte	0
 506 005e 00       		.byte	0
 507 005f 07       		.uleb128 0x7
 508 0060 898201   		.uleb128 0x4109
 509 0063 00       		.byte	0
 510 0064 11       		.uleb128 0x11
 511 0065 01       		.uleb128 0x1
 512 0066 31       		.uleb128 0x31
 513 0067 13       		.uleb128 0x13
 514 0068 00       		.byte	0
 515 0069 00       		.byte	0
 516 006a 08       		.uleb128 0x8
 517 006b 2E       		.uleb128 0x2e
 518 006c 01       		.byte	0x1
 519 006d 3F       		.uleb128 0x3f
 520 006e 19       		.uleb128 0x19
 521 006f 03       		.uleb128 0x3
 522 0070 0E       		.uleb128 0xe
 523 0071 3A       		.uleb128 0x3a
ARM GAS  C:\Users\as3828\AppData\Local\Temp\ccu9bII6.s 			page 11


 524 0072 0B       		.uleb128 0xb
 525 0073 3B       		.uleb128 0x3b
 526 0074 0B       		.uleb128 0xb
 527 0075 27       		.uleb128 0x27
 528 0076 19       		.uleb128 0x19
 529 0077 49       		.uleb128 0x49
 530 0078 13       		.uleb128 0x13
 531 0079 8701     		.uleb128 0x87
 532 007b 19       		.uleb128 0x19
 533 007c 11       		.uleb128 0x11
 534 007d 01       		.uleb128 0x1
 535 007e 12       		.uleb128 0x12
 536 007f 06       		.uleb128 0x6
 537 0080 40       		.uleb128 0x40
 538 0081 18       		.uleb128 0x18
 539 0082 9742     		.uleb128 0x2117
 540 0084 19       		.uleb128 0x19
 541 0085 01       		.uleb128 0x1
 542 0086 13       		.uleb128 0x13
 543 0087 00       		.byte	0
 544 0088 00       		.byte	0
 545 0089 09       		.uleb128 0x9
 546 008a 898201   		.uleb128 0x4109
 547 008d 01       		.byte	0x1
 548 008e 11       		.uleb128 0x11
 549 008f 01       		.uleb128 0x1
 550 0090 31       		.uleb128 0x31
 551 0091 13       		.uleb128 0x13
 552 0092 01       		.uleb128 0x1
 553 0093 13       		.uleb128 0x13
 554 0094 00       		.byte	0
 555 0095 00       		.byte	0
 556 0096 0A       		.uleb128 0xa
 557 0097 8A8201   		.uleb128 0x410a
 558 009a 00       		.byte	0
 559 009b 02       		.uleb128 0x2
 560 009c 18       		.uleb128 0x18
 561 009d 9142     		.uleb128 0x2111
 562 009f 18       		.uleb128 0x18
 563 00a0 00       		.byte	0
 564 00a1 00       		.byte	0
 565 00a2 0B       		.uleb128 0xb
 566 00a3 34       		.uleb128 0x34
 567 00a4 00       		.byte	0
 568 00a5 03       		.uleb128 0x3
 569 00a6 0E       		.uleb128 0xe
 570 00a7 3A       		.uleb128 0x3a
 571 00a8 0B       		.uleb128 0xb
 572 00a9 3B       		.uleb128 0x3b
 573 00aa 0B       		.uleb128 0xb
 574 00ab 49       		.uleb128 0x49
 575 00ac 13       		.uleb128 0x13
 576 00ad 3F       		.uleb128 0x3f
 577 00ae 19       		.uleb128 0x19
 578 00af 02       		.uleb128 0x2
 579 00b0 18       		.uleb128 0x18
 580 00b1 00       		.byte	0
ARM GAS  C:\Users\as3828\AppData\Local\Temp\ccu9bII6.s 			page 12


 581 00b2 00       		.byte	0
 582 00b3 0C       		.uleb128 0xc
 583 00b4 2E       		.uleb128 0x2e
 584 00b5 00       		.byte	0
 585 00b6 3F       		.uleb128 0x3f
 586 00b7 19       		.uleb128 0x19
 587 00b8 3C       		.uleb128 0x3c
 588 00b9 19       		.uleb128 0x19
 589 00ba 6E       		.uleb128 0x6e
 590 00bb 0E       		.uleb128 0xe
 591 00bc 03       		.uleb128 0x3
 592 00bd 0E       		.uleb128 0xe
 593 00be 3A       		.uleb128 0x3a
 594 00bf 0B       		.uleb128 0xb
 595 00c0 3B       		.uleb128 0x3b
 596 00c1 0B       		.uleb128 0xb
 597 00c2 00       		.byte	0
 598 00c3 00       		.byte	0
 599 00c4 0D       		.uleb128 0xd
 600 00c5 2E       		.uleb128 0x2e
 601 00c6 00       		.byte	0
 602 00c7 3F       		.uleb128 0x3f
 603 00c8 19       		.uleb128 0x19
 604 00c9 3C       		.uleb128 0x3c
 605 00ca 19       		.uleb128 0x19
 606 00cb 6E       		.uleb128 0x6e
 607 00cc 0E       		.uleb128 0xe
 608 00cd 03       		.uleb128 0x3
 609 00ce 0E       		.uleb128 0xe
 610 00cf 3A       		.uleb128 0x3a
 611 00d0 0B       		.uleb128 0xb
 612 00d1 3B       		.uleb128 0x3b
 613 00d2 05       		.uleb128 0x5
 614 00d3 00       		.byte	0
 615 00d4 00       		.byte	0
 616 00d5 00       		.byte	0
 617              		.section	.debug_loc,"",%progbits
 618              	.Ldebug_loc0:
 619              	.LLST0:
 620 0000 2E000000 		.4byte	.LVL1
 621 0004 31000000 		.4byte	.LVL2-1
 622 0008 0100     		.2byte	0x1
 623 000a 50       		.byte	0x50
 624 000b 00000000 		.4byte	0
 625 000f 00000000 		.4byte	0
 626              		.section	.debug_aranges,"",%progbits
 627 0000 24000000 		.4byte	0x24
 628 0004 0200     		.2byte	0x2
 629 0006 00000000 		.4byte	.Ldebug_info0
 630 000a 04       		.byte	0x4
 631 000b 00       		.byte	0
 632 000c 0000     		.2byte	0
 633 000e 0000     		.2byte	0
 634 0010 00000000 		.4byte	.LFB32
 635 0014 3C000000 		.4byte	.LFE32-.LFB32
 636 0018 00000000 		.4byte	.LFB33
 637 001c 48000000 		.4byte	.LFE33-.LFB33
ARM GAS  C:\Users\as3828\AppData\Local\Temp\ccu9bII6.s 			page 13


 638 0020 00000000 		.4byte	0
 639 0024 00000000 		.4byte	0
 640              		.section	.debug_ranges,"",%progbits
 641              	.Ldebug_ranges0:
 642 0000 00000000 		.4byte	.LFB32
 643 0004 3C000000 		.4byte	.LFE32
 644 0008 00000000 		.4byte	.LFB33
 645 000c 48000000 		.4byte	.LFE33
 646 0010 00000000 		.4byte	0
 647 0014 00000000 		.4byte	0
 648              		.section	.debug_line,"",%progbits
 649              	.Ldebug_line0:
 650 0000 9F000000 		.section	.debug_str,"MS",%progbits,1
 650      02006200 
 650      00000201 
 650      FB0E0D00 
 650      01010101 
 651              	.LASF25:
 652 0000 6D795F69 		.ascii	"my_isr_Disable\000"
 652      73725F44 
 652      69736162 
 652      6C6500
 653              	.LASF28:
 654 000f 4C45445F 		.ascii	"LED_Write\000"
 654      57726974 
 654      6500
 655              	.LASF24:
 656 0019 6D795F50 		.ascii	"my_PWM_Start\000"
 656      574D5F53 
 656      74617274 
 656      00
 657              	.LASF18:
 658 0026 636F756E 		.ascii	"count\000"
 658      7400
 659              	.LASF21:
 660 002c 6D795F50 		.ascii	"my_PWM_ClearInterrupt\000"
 660      574D5F43 
 660      6C656172 
 660      496E7465 
 660      72727570 
 661              	.LASF3:
 662 0042 73686F72 		.ascii	"short unsigned int\000"
 662      7420756E 
 662      7369676E 
 662      65642069 
 662      6E7400
 663              	.LASF11:
 664 0055 666C6F61 		.ascii	"float\000"
 664      7400
 665              	.LASF16:
 666 005b 54696D65 		.ascii	"Time_Expired\000"
 666      5F457870 
 666      69726564 
 666      00
 667              	.LASF32:
 668 0068 6D795F50 		.ascii	"my_PWM_TC_isr\000"
 668      574D5F54 
ARM GAS  C:\Users\as3828\AppData\Local\Temp\ccu9bII6.s 			page 14


 668      435F6973 
 668      7200
 669              	.LASF17:
 670 0076 4D61785F 		.ascii	"Max_Count\000"
 670      436F756E 
 670      7400
 671              	.LASF26:
 672 0080 6D795F69 		.ascii	"my_isr_Enable\000"
 672      73725F45 
 672      6E61626C 
 672      6500
 673              	.LASF9:
 674 008e 75696E74 		.ascii	"uint8\000"
 674      3800
 675              	.LASF27:
 676 0094 4C45445F 		.ascii	"LED_Read\000"
 676      52656164 
 676      00
 677              	.LASF1:
 678 009d 756E7369 		.ascii	"unsigned char\000"
 678      676E6564 
 678      20636861 
 678      7200
 679              	.LASF12:
 680 00ab 646F7562 		.ascii	"double\000"
 680      6C6500
 681              	.LASF23:
 682 00b2 6D795F69 		.ascii	"my_isr_SetVector\000"
 682      73725F53 
 682      65745665 
 682      63746F72 
 682      00
 683              	.LASF33:
 684 00c3 696E7465 		.ascii	"interrupt_source\000"
 684      72727570 
 684      745F736F 
 684      75726365 
 684      00
 685              	.LASF10:
 686 00d4 75696E74 		.ascii	"uint32\000"
 686      333200
 687              	.LASF34:
 688 00db 6D61696E 		.ascii	"main\000"
 688      00
 689              	.LASF5:
 690 00e0 6C6F6E67 		.ascii	"long unsigned int\000"
 690      20756E73 
 690      69676E65 
 690      6420696E 
 690      7400
 691              	.LASF8:
 692 00f2 756E7369 		.ascii	"unsigned int\000"
 692      676E6564 
 692      20696E74 
 692      00
 693              	.LASF7:
 694 00ff 6C6F6E67 		.ascii	"long long unsigned int\000"
ARM GAS  C:\Users\as3828\AppData\Local\Temp\ccu9bII6.s 			page 15


 694      206C6F6E 
 694      6720756E 
 694      7369676E 
 694      65642069 
 695              	.LASF22:
 696 0116 6D795F69 		.ascii	"my_isr_Start\000"
 696      73725F53 
 696      74617274 
 696      00
 697              	.LASF31:
 698 0123 433A5C55 		.ascii	"C:\\Users\\as3828\\Desktop\\L4\\Workspace01\\Design"
 698      73657273 
 698      5C617333 
 698      3832385C 
 698      4465736B 
 699 0150 30322E63 		.ascii	"02.cydsn\000"
 699      7964736E 
 699      00
 700              	.LASF29:
 701 0159 474E5520 		.ascii	"GNU C11 5.4.1 20160609 (release) [ARM/embedded-5-br"
 701      43313120 
 701      352E342E 
 701      31203230 
 701      31363036 
 702 018c 616E6368 		.ascii	"anch revision 237715] -mcpu=cortex-m0 -mthumb -g -O"
 702      20726576 
 702      6973696F 
 702      6E203233 
 702      37373135 
 703 01bf 67202D66 		.ascii	"g -ffunction-sections -ffat-lto-objects\000"
 703      66756E63 
 703      74696F6E 
 703      2D736563 
 703      74696F6E 
 704              	.LASF15:
 705 01e7 73697A65 		.ascii	"sizetype\000"
 705      74797065 
 705      00
 706              	.LASF6:
 707 01f0 6C6F6E67 		.ascii	"long long int\000"
 707      206C6F6E 
 707      6720696E 
 707      7400
 708              	.LASF30:
 709 01fe 6D61696E 		.ascii	"main.c\000"
 709      2E6300
 710              	.LASF13:
 711 0205 63686172 		.ascii	"char\000"
 711      00
 712              	.LASF2:
 713 020a 73686F72 		.ascii	"short int\000"
 713      7420696E 
 713      7400
 714              	.LASF4:
 715 0214 6C6F6E67 		.ascii	"long int\000"
 715      20696E74 
 715      00
ARM GAS  C:\Users\as3828\AppData\Local\Temp\ccu9bII6.s 			page 16


 716              	.LASF14:
 717 021d 6C6F6E67 		.ascii	"long double\000"
 717      20646F75 
 717      626C6500 
 718              	.LASF0:
 719 0229 7369676E 		.ascii	"signed char\000"
 719      65642063 
 719      68617200 
 720              	.LASF19:
 721 0235 6D795F69 		.ascii	"my_isr_ClearPending\000"
 721      73725F43 
 721      6C656172 
 721      50656E64 
 721      696E6700 
 722              	.LASF20:
 723 0249 6D795F50 		.ascii	"my_PWM_GetInterruptSourceMasked\000"
 723      574D5F47 
 723      6574496E 
 723      74657272 
 723      75707453 
 724              		.ident	"GCC: (GNU Tools for ARM Embedded Processors) 5.4.1 20160609 (release) [ARM/embedded-5-bran
