ARM GAS  C:\Users\as3828\AppData\Local\Temp\ccDuVK2C.s 			page 1


   1              		.syntax unified
   2              		.cpu cortex-m0
   3              		.fpu softvfp
   4              		.eabi_attribute 20, 1
   5              		.eabi_attribute 21, 1
   6              		.eabi_attribute 23, 3
   7              		.eabi_attribute 24, 1
   8              		.eabi_attribute 25, 1
   9              		.eabi_attribute 26, 1
  10              		.eabi_attribute 30, 1
  11              		.eabi_attribute 34, 0
  12              		.eabi_attribute 18, 4
  13              		.thumb
  14              		.syntax unified
  15              		.file	"cyfitter_cfg.c"
  16              		.text
  17              	.Ltext0:
  18              		.cfi_sections	.debug_frame
  19              		.section	.text.CYMEMZERO,"ax",%progbits
  20              		.align	2
  21              		.code	16
  22              		.thumb_func
  23              		.type	CYMEMZERO, %function
  24              	CYMEMZERO:
  25              	.LFB0:
  26              		.file 1 "Generated_Source\\PSoC4\\cyfitter_cfg.c"
   1:Generated_Source\PSoC4/cyfitter_cfg.c **** 
   2:Generated_Source\PSoC4/cyfitter_cfg.c **** /*******************************************************************************
   3:Generated_Source\PSoC4/cyfitter_cfg.c **** * File Name: cyfitter_cfg.c
   4:Generated_Source\PSoC4/cyfitter_cfg.c **** * 
   5:Generated_Source\PSoC4/cyfitter_cfg.c **** * PSoC Creator  4.1 Update 1
   6:Generated_Source\PSoC4/cyfitter_cfg.c **** *
   7:Generated_Source\PSoC4/cyfitter_cfg.c **** * Description:
   8:Generated_Source\PSoC4/cyfitter_cfg.c **** * This file contains device initialization code.
   9:Generated_Source\PSoC4/cyfitter_cfg.c **** * Except for the user defined sections in CyClockStartupError(), this file should not be modified.
  10:Generated_Source\PSoC4/cyfitter_cfg.c **** * This file is automatically generated by PSoC Creator.
  11:Generated_Source\PSoC4/cyfitter_cfg.c **** *
  12:Generated_Source\PSoC4/cyfitter_cfg.c **** ********************************************************************************
  13:Generated_Source\PSoC4/cyfitter_cfg.c **** * Copyright (c) 2007-2017 Cypress Semiconductor.  All rights reserved.
  14:Generated_Source\PSoC4/cyfitter_cfg.c **** * You may use this file only in accordance with the license, terms, conditions, 
  15:Generated_Source\PSoC4/cyfitter_cfg.c **** * disclaimers, and limitations in the end user license agreement accompanying 
  16:Generated_Source\PSoC4/cyfitter_cfg.c **** * the software package with which this file was provided.
  17:Generated_Source\PSoC4/cyfitter_cfg.c **** ********************************************************************************/
  18:Generated_Source\PSoC4/cyfitter_cfg.c **** 
  19:Generated_Source\PSoC4/cyfitter_cfg.c **** #include <string.h>
  20:Generated_Source\PSoC4/cyfitter_cfg.c **** #include "cytypes.h"
  21:Generated_Source\PSoC4/cyfitter_cfg.c **** #include "cydevice_trm.h"
  22:Generated_Source\PSoC4/cyfitter_cfg.c **** #include "cyfitter.h"
  23:Generated_Source\PSoC4/cyfitter_cfg.c **** #include "CyLib.h"
  24:Generated_Source\PSoC4/cyfitter_cfg.c **** #include "CyLFClk.h"
  25:Generated_Source\PSoC4/cyfitter_cfg.c **** #include "cyfitter_cfg.h"
  26:Generated_Source\PSoC4/cyfitter_cfg.c **** #include "cyapicallbacks.h"
  27:Generated_Source\PSoC4/cyfitter_cfg.c **** 
  28:Generated_Source\PSoC4/cyfitter_cfg.c **** 
  29:Generated_Source\PSoC4/cyfitter_cfg.c **** #if defined(__GNUC__) || defined(__ARMCC_VERSION)
  30:Generated_Source\PSoC4/cyfitter_cfg.c ****     #define CYPACKED 
  31:Generated_Source\PSoC4/cyfitter_cfg.c ****     #define CYPACKED_ATTR __attribute__ ((packed))
ARM GAS  C:\Users\as3828\AppData\Local\Temp\ccDuVK2C.s 			page 2


  32:Generated_Source\PSoC4/cyfitter_cfg.c ****     #define CYALIGNED __attribute__ ((aligned))
  33:Generated_Source\PSoC4/cyfitter_cfg.c ****     #define CY_CFG_UNUSED __attribute__ ((unused))
  34:Generated_Source\PSoC4/cyfitter_cfg.c ****     #ifndef CY_CFG_SECTION
  35:Generated_Source\PSoC4/cyfitter_cfg.c ****         #define CY_CFG_SECTION __attribute__ ((section(".psocinit")))
  36:Generated_Source\PSoC4/cyfitter_cfg.c ****     #endif
  37:Generated_Source\PSoC4/cyfitter_cfg.c ****     
  38:Generated_Source\PSoC4/cyfitter_cfg.c ****     #if defined(__ARMCC_VERSION)
  39:Generated_Source\PSoC4/cyfitter_cfg.c ****         #define CY_CFG_MEMORY_BARRIER() __memory_changed()
  40:Generated_Source\PSoC4/cyfitter_cfg.c ****     #else
  41:Generated_Source\PSoC4/cyfitter_cfg.c ****         #define CY_CFG_MEMORY_BARRIER() __sync_synchronize()
  42:Generated_Source\PSoC4/cyfitter_cfg.c ****     #endif
  43:Generated_Source\PSoC4/cyfitter_cfg.c ****     
  44:Generated_Source\PSoC4/cyfitter_cfg.c **** #elif defined(__ICCARM__)
  45:Generated_Source\PSoC4/cyfitter_cfg.c ****     #include <intrinsics.h>
  46:Generated_Source\PSoC4/cyfitter_cfg.c **** 
  47:Generated_Source\PSoC4/cyfitter_cfg.c ****     #define CYPACKED __packed
  48:Generated_Source\PSoC4/cyfitter_cfg.c ****     #define CYPACKED_ATTR 
  49:Generated_Source\PSoC4/cyfitter_cfg.c ****     #define CYALIGNED _Pragma("data_alignment=4")
  50:Generated_Source\PSoC4/cyfitter_cfg.c ****     #define CY_CFG_UNUSED _Pragma("diag_suppress=Pe177")
  51:Generated_Source\PSoC4/cyfitter_cfg.c ****     #define CY_CFG_SECTION _Pragma("location=\".psocinit\"")
  52:Generated_Source\PSoC4/cyfitter_cfg.c ****     
  53:Generated_Source\PSoC4/cyfitter_cfg.c ****     #define CY_CFG_MEMORY_BARRIER() __DMB()
  54:Generated_Source\PSoC4/cyfitter_cfg.c ****     
  55:Generated_Source\PSoC4/cyfitter_cfg.c **** #else
  56:Generated_Source\PSoC4/cyfitter_cfg.c ****     #error Unsupported toolchain
  57:Generated_Source\PSoC4/cyfitter_cfg.c **** #endif
  58:Generated_Source\PSoC4/cyfitter_cfg.c **** 
  59:Generated_Source\PSoC4/cyfitter_cfg.c **** #ifndef CYCODE
  60:Generated_Source\PSoC4/cyfitter_cfg.c ****     #define CYCODE
  61:Generated_Source\PSoC4/cyfitter_cfg.c **** #endif
  62:Generated_Source\PSoC4/cyfitter_cfg.c **** #ifndef CYDATA
  63:Generated_Source\PSoC4/cyfitter_cfg.c ****     #define CYDATA
  64:Generated_Source\PSoC4/cyfitter_cfg.c **** #endif
  65:Generated_Source\PSoC4/cyfitter_cfg.c **** #ifndef CYFAR
  66:Generated_Source\PSoC4/cyfitter_cfg.c ****     #define CYFAR
  67:Generated_Source\PSoC4/cyfitter_cfg.c **** #endif
  68:Generated_Source\PSoC4/cyfitter_cfg.c **** #ifndef CYXDATA
  69:Generated_Source\PSoC4/cyfitter_cfg.c ****     #define CYXDATA
  70:Generated_Source\PSoC4/cyfitter_cfg.c **** #endif
  71:Generated_Source\PSoC4/cyfitter_cfg.c **** 
  72:Generated_Source\PSoC4/cyfitter_cfg.c **** 
  73:Generated_Source\PSoC4/cyfitter_cfg.c **** CY_CFG_UNUSED
  74:Generated_Source\PSoC4/cyfitter_cfg.c **** static void CYMEMZERO(void *s, size_t n);
  75:Generated_Source\PSoC4/cyfitter_cfg.c **** CY_CFG_UNUSED
  76:Generated_Source\PSoC4/cyfitter_cfg.c **** static void CYMEMZERO(void *s, size_t n)
  77:Generated_Source\PSoC4/cyfitter_cfg.c **** {
  27              		.loc 1 77 0
  28              		.cfi_startproc
  29              		@ args = 0, pretend = 0, frame = 0
  30              		@ frame_needed = 0, uses_anonymous_args = 0
  31              	.LVL0:
  32 0000 10B5     		push	{r4, lr}
  33              		.cfi_def_cfa_offset 8
  34              		.cfi_offset 4, -8
  35              		.cfi_offset 14, -4
  36 0002 0A00     		movs	r2, r1
  78:Generated_Source\PSoC4/cyfitter_cfg.c **** 	(void)memset(s, 0, n);
ARM GAS  C:\Users\as3828\AppData\Local\Temp\ccDuVK2C.s 			page 3


  37              		.loc 1 78 0
  38 0004 0021     		movs	r1, #0
  39              	.LVL1:
  40 0006 FFF7FEFF 		bl	memset
  41              	.LVL2:
  79:Generated_Source\PSoC4/cyfitter_cfg.c **** }
  42              		.loc 1 79 0
  43              		@ sp needed
  44 000a 10BD     		pop	{r4, pc}
  45              		.cfi_endproc
  46              	.LFE0:
  47              		.size	CYMEMZERO, .-CYMEMZERO
  48              		.section	.psocinit,"ax",%progbits
  49              		.align	2
  50              		.code	16
  51              		.thumb_func
  52              		.type	ClockSetup, %function
  53              	ClockSetup:
  54              	.LFB3:
  80:Generated_Source\PSoC4/cyfitter_cfg.c **** CY_CFG_UNUSED
  81:Generated_Source\PSoC4/cyfitter_cfg.c **** static void CYCONFIGCPY(void *dest, const void *src, size_t n);
  82:Generated_Source\PSoC4/cyfitter_cfg.c **** CY_CFG_UNUSED
  83:Generated_Source\PSoC4/cyfitter_cfg.c **** static void CYCONFIGCPY(void *dest, const void *src, size_t n)
  84:Generated_Source\PSoC4/cyfitter_cfg.c **** {
  85:Generated_Source\PSoC4/cyfitter_cfg.c **** 	(void)memcpy(dest, src, n);
  86:Generated_Source\PSoC4/cyfitter_cfg.c **** }
  87:Generated_Source\PSoC4/cyfitter_cfg.c **** CY_CFG_UNUSED
  88:Generated_Source\PSoC4/cyfitter_cfg.c **** static void CYCONFIGCPYCODE(void *dest, const void *src, size_t n);
  89:Generated_Source\PSoC4/cyfitter_cfg.c **** CY_CFG_UNUSED
  90:Generated_Source\PSoC4/cyfitter_cfg.c **** static void CYCONFIGCPYCODE(void *dest, const void *src, size_t n)
  91:Generated_Source\PSoC4/cyfitter_cfg.c **** {
  92:Generated_Source\PSoC4/cyfitter_cfg.c **** 	(void)memcpy(dest, src, n);
  93:Generated_Source\PSoC4/cyfitter_cfg.c **** }
  94:Generated_Source\PSoC4/cyfitter_cfg.c **** 
  95:Generated_Source\PSoC4/cyfitter_cfg.c **** 
  96:Generated_Source\PSoC4/cyfitter_cfg.c **** 
  97:Generated_Source\PSoC4/cyfitter_cfg.c **** 
  98:Generated_Source\PSoC4/cyfitter_cfg.c **** /* Clock startup error codes                                                   */
  99:Generated_Source\PSoC4/cyfitter_cfg.c **** #define CYCLOCKSTART_NO_ERROR    0u
 100:Generated_Source\PSoC4/cyfitter_cfg.c **** #define CYCLOCKSTART_XTAL_ERROR  1u
 101:Generated_Source\PSoC4/cyfitter_cfg.c **** #define CYCLOCKSTART_32KHZ_ERROR 2u
 102:Generated_Source\PSoC4/cyfitter_cfg.c **** #define CYCLOCKSTART_PLL_ERROR   3u
 103:Generated_Source\PSoC4/cyfitter_cfg.c **** #define CYCLOCKSTART_FLL_ERROR   4u
 104:Generated_Source\PSoC4/cyfitter_cfg.c **** 
 105:Generated_Source\PSoC4/cyfitter_cfg.c **** 
 106:Generated_Source\PSoC4/cyfitter_cfg.c **** #ifdef CY_NEED_CYCLOCKSTARTUPERROR
 107:Generated_Source\PSoC4/cyfitter_cfg.c **** /*******************************************************************************
 108:Generated_Source\PSoC4/cyfitter_cfg.c **** * Function Name: CyClockStartupError
 109:Generated_Source\PSoC4/cyfitter_cfg.c **** ********************************************************************************
 110:Generated_Source\PSoC4/cyfitter_cfg.c **** * Summary:
 111:Generated_Source\PSoC4/cyfitter_cfg.c **** *  If an error is encountered during clock configuration (crystal startup error,
 112:Generated_Source\PSoC4/cyfitter_cfg.c **** *  PLL lock error, etc.), the system will end up here.  Unless reimplemented by
 113:Generated_Source\PSoC4/cyfitter_cfg.c **** *  the customer, this function will stop in an infinite loop.
 114:Generated_Source\PSoC4/cyfitter_cfg.c **** *
 115:Generated_Source\PSoC4/cyfitter_cfg.c **** * Parameters:
 116:Generated_Source\PSoC4/cyfitter_cfg.c **** *   void
 117:Generated_Source\PSoC4/cyfitter_cfg.c **** *
ARM GAS  C:\Users\as3828\AppData\Local\Temp\ccDuVK2C.s 			page 4


 118:Generated_Source\PSoC4/cyfitter_cfg.c **** * Return:
 119:Generated_Source\PSoC4/cyfitter_cfg.c **** *   void
 120:Generated_Source\PSoC4/cyfitter_cfg.c **** *
 121:Generated_Source\PSoC4/cyfitter_cfg.c **** *******************************************************************************/
 122:Generated_Source\PSoC4/cyfitter_cfg.c **** CY_CFG_UNUSED
 123:Generated_Source\PSoC4/cyfitter_cfg.c **** static void CyClockStartupError(uint8 errorCode);
 124:Generated_Source\PSoC4/cyfitter_cfg.c **** CY_CFG_UNUSED
 125:Generated_Source\PSoC4/cyfitter_cfg.c **** static void CyClockStartupError(uint8 errorCode)
 126:Generated_Source\PSoC4/cyfitter_cfg.c **** {
 127:Generated_Source\PSoC4/cyfitter_cfg.c ****     /* To remove the compiler warning if errorCode not used. */
 128:Generated_Source\PSoC4/cyfitter_cfg.c **** #if defined(CY_PSOC3) && (CY_PSOC3)
 129:Generated_Source\PSoC4/cyfitter_cfg.c ****     errorCode = errorCode;
 130:Generated_Source\PSoC4/cyfitter_cfg.c **** #else
 131:Generated_Source\PSoC4/cyfitter_cfg.c ****     (void)errorCode;
 132:Generated_Source\PSoC4/cyfitter_cfg.c **** #endif /* CY_PSOC3 */
 133:Generated_Source\PSoC4/cyfitter_cfg.c **** 
 134:Generated_Source\PSoC4/cyfitter_cfg.c ****     /* If we have a clock startup error (bad MHz crystal, PLL lock, etc.),  */
 135:Generated_Source\PSoC4/cyfitter_cfg.c ****     /* we will end up here to allow the customer to implement something to  */
 136:Generated_Source\PSoC4/cyfitter_cfg.c ****     /* deal with the clock condition.                                       */
 137:Generated_Source\PSoC4/cyfitter_cfg.c **** 
 138:Generated_Source\PSoC4/cyfitter_cfg.c **** #ifdef CY_CFG_CLOCK_STARTUP_ERROR_CALLBACK
 139:Generated_Source\PSoC4/cyfitter_cfg.c ****     CY_CFG_Clock_Startup_ErrorCallback();
 140:Generated_Source\PSoC4/cyfitter_cfg.c **** #else
 141:Generated_Source\PSoC4/cyfitter_cfg.c ****     /*  If not using CY_CFG_CLOCK_STARTUP_ERROR_CALLBACK, place your clock startup code here. */
 142:Generated_Source\PSoC4/cyfitter_cfg.c ****     /* `#START CyClockStartupError` */
 143:Generated_Source\PSoC4/cyfitter_cfg.c **** 
 144:Generated_Source\PSoC4/cyfitter_cfg.c **** 
 145:Generated_Source\PSoC4/cyfitter_cfg.c **** 
 146:Generated_Source\PSoC4/cyfitter_cfg.c ****     /* `#END` */
 147:Generated_Source\PSoC4/cyfitter_cfg.c **** 
 148:Generated_Source\PSoC4/cyfitter_cfg.c ****     while(1) {}
 149:Generated_Source\PSoC4/cyfitter_cfg.c **** #endif /* CY_CFG_CLOCK_STARTUP_ERROR_CALLBACK */
 150:Generated_Source\PSoC4/cyfitter_cfg.c **** }
 151:Generated_Source\PSoC4/cyfitter_cfg.c **** #endif
 152:Generated_Source\PSoC4/cyfitter_cfg.c **** 
 153:Generated_Source\PSoC4/cyfitter_cfg.c **** 
 154:Generated_Source\PSoC4/cyfitter_cfg.c **** 
 155:Generated_Source\PSoC4/cyfitter_cfg.c **** /*******************************************************************************
 156:Generated_Source\PSoC4/cyfitter_cfg.c **** * Function Name: ClockSetup
 157:Generated_Source\PSoC4/cyfitter_cfg.c **** ********************************************************************************
 158:Generated_Source\PSoC4/cyfitter_cfg.c **** *
 159:Generated_Source\PSoC4/cyfitter_cfg.c **** * Summary:
 160:Generated_Source\PSoC4/cyfitter_cfg.c **** *   Performs the initialization of all of the clocks in the device based on the
 161:Generated_Source\PSoC4/cyfitter_cfg.c **** *   settings in the Clock tab of the DWR.  This includes enabling the requested
 162:Generated_Source\PSoC4/cyfitter_cfg.c **** *   clocks and setting the necessary dividers to produce the desired frequency. 
 163:Generated_Source\PSoC4/cyfitter_cfg.c **** *
 164:Generated_Source\PSoC4/cyfitter_cfg.c **** * Parameters:
 165:Generated_Source\PSoC4/cyfitter_cfg.c **** *   void
 166:Generated_Source\PSoC4/cyfitter_cfg.c **** *
 167:Generated_Source\PSoC4/cyfitter_cfg.c **** * Return:
 168:Generated_Source\PSoC4/cyfitter_cfg.c **** *   void
 169:Generated_Source\PSoC4/cyfitter_cfg.c **** *
 170:Generated_Source\PSoC4/cyfitter_cfg.c **** *******************************************************************************/
 171:Generated_Source\PSoC4/cyfitter_cfg.c **** static void ClockSetup(void);
 172:Generated_Source\PSoC4/cyfitter_cfg.c **** CY_CFG_SECTION
 173:Generated_Source\PSoC4/cyfitter_cfg.c **** static void ClockSetup(void)
 174:Generated_Source\PSoC4/cyfitter_cfg.c **** {
ARM GAS  C:\Users\as3828\AppData\Local\Temp\ccDuVK2C.s 			page 5


  55              		.loc 1 174 0
  56              		.cfi_startproc
  57              		@ args = 0, pretend = 0, frame = 0
  58              		@ frame_needed = 0, uses_anonymous_args = 0
  59 0000 70B5     		push	{r4, r5, r6, lr}
  60              		.cfi_def_cfa_offset 16
  61              		.cfi_offset 4, -16
  62              		.cfi_offset 5, -12
  63              		.cfi_offset 6, -8
  64              		.cfi_offset 14, -4
 175:Generated_Source\PSoC4/cyfitter_cfg.c **** 	/* Enable HALF_EN before trimming for the flash accelerator. */
 176:Generated_Source\PSoC4/cyfitter_cfg.c **** 	CY_SET_REG32((void CYXDATA *)(CYREG_CLK_SELECT), (CY_GET_REG32((void *)CYREG_CLK_SELECT) | 0x00040
  65              		.loc 1 176 0
  66 0002 134C     		ldr	r4, .L3
  67 0004 2368     		ldr	r3, [r4]
  68 0006 8022     		movs	r2, #128
  69 0008 D202     		lsls	r2, r2, #11
  70 000a 1343     		orrs	r3, r2
  71 000c 2360     		str	r3, [r4]
 177:Generated_Source\PSoC4/cyfitter_cfg.c **** 
 178:Generated_Source\PSoC4/cyfitter_cfg.c **** 	/* Setup and trim IMO based on desired frequency. */
 179:Generated_Source\PSoC4/cyfitter_cfg.c **** 	CySysClkWriteImoFreq(24u);
  72              		.loc 1 179 0
  73 000e 1820     		movs	r0, #24
  74 0010 FFF7FEFF 		bl	CySysClkWriteImoFreq
  75              	.LVL3:
 180:Generated_Source\PSoC4/cyfitter_cfg.c **** 
 181:Generated_Source\PSoC4/cyfitter_cfg.c **** 	/* Disable HALF_EN since it is not required at this IMO frequency. */
 182:Generated_Source\PSoC4/cyfitter_cfg.c **** 	CY_SET_REG32((void CYXDATA *)(CYREG_CLK_SELECT), (CY_GET_REG32((void *)CYREG_CLK_SELECT) & 0xFFFBF
  76              		.loc 1 182 0
  77 0014 2268     		ldr	r2, [r4]
  78 0016 0F4B     		ldr	r3, .L3+4
  79 0018 1340     		ands	r3, r2
  80 001a 2360     		str	r3, [r4]
 183:Generated_Source\PSoC4/cyfitter_cfg.c **** 	/* CYDEV_CLK_ILO_CONFIG Starting address: CYDEV_CLK_ILO_CONFIG */
 184:Generated_Source\PSoC4/cyfitter_cfg.c **** 	CY_SET_REG32((void *)(CYREG_CLK_ILO_CONFIG), 0x80000006u);
  81              		.loc 1 184 0
  82 001c 0E4A     		ldr	r2, .L3+8
  83 001e 0F4B     		ldr	r3, .L3+12
  84 0020 1A60     		str	r2, [r3]
 185:Generated_Source\PSoC4/cyfitter_cfg.c **** 
 186:Generated_Source\PSoC4/cyfitter_cfg.c **** 
 187:Generated_Source\PSoC4/cyfitter_cfg.c **** 	/* CYDEV_CLK_SELECT00 Starting address: CYDEV_CLK_SELECT00 */
 188:Generated_Source\PSoC4/cyfitter_cfg.c **** 	CY_SET_REG32((void *)(CYREG_CLK_SELECT08), 0x00000010u);
  85              		.loc 1 188 0
  86 0022 1022     		movs	r2, #16
  87 0024 0E4B     		ldr	r3, .L3+16
  88 0026 1A60     		str	r2, [r3]
 189:Generated_Source\PSoC4/cyfitter_cfg.c **** 
 190:Generated_Source\PSoC4/cyfitter_cfg.c **** 	/* CYDEV_CLK_IMO_CONFIG Starting address: CYDEV_CLK_IMO_CONFIG */
 191:Generated_Source\PSoC4/cyfitter_cfg.c **** 	CY_SET_REG32((void *)(CYREG_CLK_IMO_CONFIG), 0x80000000u);
  89              		.loc 1 191 0
  90 0028 8022     		movs	r2, #128
  91 002a 1206     		lsls	r2, r2, #24
  92 002c 0D4B     		ldr	r3, .L3+20
  93 002e 1A60     		str	r2, [r3]
 192:Generated_Source\PSoC4/cyfitter_cfg.c **** 
ARM GAS  C:\Users\as3828\AppData\Local\Temp\ccDuVK2C.s 			page 6


 193:Generated_Source\PSoC4/cyfitter_cfg.c **** 	/* CYDEV_CLK_SELECT Starting address: CYDEV_CLK_SELECT */
 194:Generated_Source\PSoC4/cyfitter_cfg.c **** 	CY_SET_REG32((void *)(CYREG_CLK_SELECT), 0x00000000u);
  94              		.loc 1 194 0
  95 0030 0025     		movs	r5, #0
  96 0032 2560     		str	r5, [r4]
 195:Generated_Source\PSoC4/cyfitter_cfg.c **** 
 196:Generated_Source\PSoC4/cyfitter_cfg.c **** 	/* CYDEV_CLK_DIVIDER_A00 Starting address: CYDEV_CLK_DIVIDER_A00 */
 197:Generated_Source\PSoC4/cyfitter_cfg.c **** 	CY_SET_REG32((void *)(CYREG_CLK_DIVIDER_A00), 0x80000007u);
  97              		.loc 1 197 0
  98 0034 0C4A     		ldr	r2, .L3+24
  99 0036 0D4B     		ldr	r3, .L3+28
 100 0038 1A60     		str	r2, [r3]
 198:Generated_Source\PSoC4/cyfitter_cfg.c **** 
 199:Generated_Source\PSoC4/cyfitter_cfg.c **** 	(void)CyIntSetVector(9u, &CySysWdtIsr);
 101              		.loc 1 199 0
 102 003a 0D49     		ldr	r1, .L3+32
 103 003c 0920     		movs	r0, #9
 104 003e FFF7FEFF 		bl	CyIntSetVector
 105              	.LVL4:
 200:Generated_Source\PSoC4/cyfitter_cfg.c **** 	CyIntEnable(9u);
 106              		.loc 1 200 0
 107 0042 0920     		movs	r0, #9
 108 0044 FFF7FEFF 		bl	CyIntEnable
 109              	.LVL5:
 201:Generated_Source\PSoC4/cyfitter_cfg.c **** 	CY_SET_REG32((void *)(CYREG_WDT_CONFIG), 0x00000000u);
 110              		.loc 1 201 0
 111 0048 0A4B     		ldr	r3, .L3+36
 112 004a 1D60     		str	r5, [r3]
 202:Generated_Source\PSoC4/cyfitter_cfg.c **** }
 113              		.loc 1 202 0
 114              		@ sp needed
 115 004c 70BD     		pop	{r4, r5, r6, pc}
 116              	.L4:
 117 004e C046     		.align	2
 118              	.L3:
 119 0050 00010B40 		.word	1074462976
 120 0054 FFFFFBFF 		.word	-262145
 121 0058 06000080 		.word	-2147483642
 122 005c 04010B40 		.word	1074462980
 123 0060 20020240 		.word	1073873440
 124 0064 08010B40 		.word	1074462984
 125 0068 07000080 		.word	-2147483641
 126 006c 00000240 		.word	1073872896
 127 0070 00000000 		.word	CySysWdtIsr
 128 0074 0C020B40 		.word	1074463244
 129              		.cfi_endproc
 130              	.LFE3:
 131              		.size	ClockSetup, .-ClockSetup
 132              		.align	2
 133              		.global	cyfitter_cfg
 134              		.code	16
 135              		.thumb_func
 136              		.type	cyfitter_cfg, %function
 137              	cyfitter_cfg:
 138              	.LFB5:
 203:Generated_Source\PSoC4/cyfitter_cfg.c **** 
 204:Generated_Source\PSoC4/cyfitter_cfg.c **** 
ARM GAS  C:\Users\as3828\AppData\Local\Temp\ccDuVK2C.s 			page 7


 205:Generated_Source\PSoC4/cyfitter_cfg.c **** /* Analog API Functions */
 206:Generated_Source\PSoC4/cyfitter_cfg.c **** 
 207:Generated_Source\PSoC4/cyfitter_cfg.c **** 
 208:Generated_Source\PSoC4/cyfitter_cfg.c **** /*******************************************************************************
 209:Generated_Source\PSoC4/cyfitter_cfg.c **** * Function Name: AnalogSetDefault
 210:Generated_Source\PSoC4/cyfitter_cfg.c **** ********************************************************************************
 211:Generated_Source\PSoC4/cyfitter_cfg.c **** *
 212:Generated_Source\PSoC4/cyfitter_cfg.c **** * Summary:
 213:Generated_Source\PSoC4/cyfitter_cfg.c **** *  Sets up the analog portions of the chip to default values based on chip
 214:Generated_Source\PSoC4/cyfitter_cfg.c **** *  configuration options from the project.
 215:Generated_Source\PSoC4/cyfitter_cfg.c **** *
 216:Generated_Source\PSoC4/cyfitter_cfg.c **** * Parameters:
 217:Generated_Source\PSoC4/cyfitter_cfg.c **** *  void
 218:Generated_Source\PSoC4/cyfitter_cfg.c **** *
 219:Generated_Source\PSoC4/cyfitter_cfg.c **** * Return:
 220:Generated_Source\PSoC4/cyfitter_cfg.c **** *  void
 221:Generated_Source\PSoC4/cyfitter_cfg.c **** *
 222:Generated_Source\PSoC4/cyfitter_cfg.c **** *******************************************************************************/
 223:Generated_Source\PSoC4/cyfitter_cfg.c **** static void AnalogSetDefault(void);
 224:Generated_Source\PSoC4/cyfitter_cfg.c **** static void AnalogSetDefault(void)
 225:Generated_Source\PSoC4/cyfitter_cfg.c **** {
 226:Generated_Source\PSoC4/cyfitter_cfg.c **** }
 227:Generated_Source\PSoC4/cyfitter_cfg.c **** 
 228:Generated_Source\PSoC4/cyfitter_cfg.c **** 
 229:Generated_Source\PSoC4/cyfitter_cfg.c **** 
 230:Generated_Source\PSoC4/cyfitter_cfg.c **** 
 231:Generated_Source\PSoC4/cyfitter_cfg.c **** /*******************************************************************************
 232:Generated_Source\PSoC4/cyfitter_cfg.c **** * Function Name: cyfitter_cfg
 233:Generated_Source\PSoC4/cyfitter_cfg.c **** ********************************************************************************
 234:Generated_Source\PSoC4/cyfitter_cfg.c **** * Summary:
 235:Generated_Source\PSoC4/cyfitter_cfg.c **** *  This function is called by the start-up code for the selected device. It
 236:Generated_Source\PSoC4/cyfitter_cfg.c **** *  performs all of the necessary device configuration based on the design
 237:Generated_Source\PSoC4/cyfitter_cfg.c **** *  settings.  This includes settings from the Design Wide Resources (DWR) such
 238:Generated_Source\PSoC4/cyfitter_cfg.c **** *  as Clocks and Pins as well as any component configuration that is necessary.
 239:Generated_Source\PSoC4/cyfitter_cfg.c **** *
 240:Generated_Source\PSoC4/cyfitter_cfg.c **** * Parameters:
 241:Generated_Source\PSoC4/cyfitter_cfg.c **** *   void
 242:Generated_Source\PSoC4/cyfitter_cfg.c **** *
 243:Generated_Source\PSoC4/cyfitter_cfg.c **** * Return:
 244:Generated_Source\PSoC4/cyfitter_cfg.c **** *   void
 245:Generated_Source\PSoC4/cyfitter_cfg.c **** *
 246:Generated_Source\PSoC4/cyfitter_cfg.c **** *******************************************************************************/
 247:Generated_Source\PSoC4/cyfitter_cfg.c **** CY_CFG_SECTION
 248:Generated_Source\PSoC4/cyfitter_cfg.c **** void cyfitter_cfg(void)
 249:Generated_Source\PSoC4/cyfitter_cfg.c **** {
 139              		.loc 1 249 0
 140              		.cfi_startproc
 141              		@ args = 0, pretend = 0, frame = 0
 142              		@ frame_needed = 0, uses_anonymous_args = 0
 143 0078 10B5     		push	{r4, lr}
 144              		.cfi_def_cfa_offset 8
 145              		.cfi_offset 4, -8
 146              		.cfi_offset 14, -4
 250:Generated_Source\PSoC4/cyfitter_cfg.c **** 	/* Disable interrupts by default. Let user enable if/when they want. */
 251:Generated_Source\PSoC4/cyfitter_cfg.c **** 	CyGlobalIntDisable;
 147              		.loc 1 251 0
 148              		.syntax divided
ARM GAS  C:\Users\as3828\AppData\Local\Temp\ccDuVK2C.s 			page 8


 149              	@ 251 "Generated_Source\PSoC4\cyfitter_cfg.c" 1
 150 007a 72B6     		CPSID   i
 151              	@ 0 "" 2
 152              	.LVL6:
 153              		.thumb
 154              		.syntax unified
 155              	.LBB2:
 252:Generated_Source\PSoC4/cyfitter_cfg.c **** 
 253:Generated_Source\PSoC4/cyfitter_cfg.c **** 	{
 254:Generated_Source\PSoC4/cyfitter_cfg.c **** 
 255:Generated_Source\PSoC4/cyfitter_cfg.c **** 		CYPACKED typedef struct {
 256:Generated_Source\PSoC4/cyfitter_cfg.c **** 			void CYFAR *address;
 257:Generated_Source\PSoC4/cyfitter_cfg.c **** 			uint16 size;
 258:Generated_Source\PSoC4/cyfitter_cfg.c **** 		} CYPACKED_ATTR cfg_memset_t;
 259:Generated_Source\PSoC4/cyfitter_cfg.c **** 
 260:Generated_Source\PSoC4/cyfitter_cfg.c **** 		static const cfg_memset_t CYCODE cfg_memset_list[] = {
 261:Generated_Source\PSoC4/cyfitter_cfg.c **** 			/* address, size */
 262:Generated_Source\PSoC4/cyfitter_cfg.c **** 			{(void CYFAR *)(CYDEV_UDB_P0_U0_BASE), 1024u},
 263:Generated_Source\PSoC4/cyfitter_cfg.c **** 			{(void CYFAR *)(CYDEV_UDB_DSI0_BASE), 1024u},
 264:Generated_Source\PSoC4/cyfitter_cfg.c **** 		};
 265:Generated_Source\PSoC4/cyfitter_cfg.c **** 
 266:Generated_Source\PSoC4/cyfitter_cfg.c **** 		uint8 CYDATA i;
 267:Generated_Source\PSoC4/cyfitter_cfg.c **** 
 268:Generated_Source\PSoC4/cyfitter_cfg.c **** 		/* Zero out critical memory blocks before beginning configuration */
 269:Generated_Source\PSoC4/cyfitter_cfg.c **** 		for (i = 0u; i < (sizeof(cfg_memset_list)/sizeof(cfg_memset_list[0])); i++)
 156              		.loc 1 269 0
 157 007c 0024     		movs	r4, #0
 158 007e 0FE0     		b	.L6
 159              	.LVL7:
 160              	.L7:
 161              	.LBB3:
 270:Generated_Source\PSoC4/cyfitter_cfg.c **** 		{
 271:Generated_Source\PSoC4/cyfitter_cfg.c **** 			const cfg_memset_t CYCODE * CYDATA ms = &cfg_memset_list[i];
 272:Generated_Source\PSoC4/cyfitter_cfg.c **** 			CYMEMZERO(ms->address, (size_t)(uint32)(ms->size));
 162              		.loc 1 272 0 discriminator 3
 163 0080 1C48     		ldr	r0, .L8
 164 0082 6200     		lsls	r2, r4, #1
 165 0084 1319     		adds	r3, r2, r4
 166 0086 5900     		lsls	r1, r3, #1
 167 0088 0B00     		movs	r3, r1
 168 008a 4118     		adds	r1, r0, r1
 169 008c 8988     		ldrh	r1, [r1, #4]
 170 008e 1A5A     		ldrh	r2, [r3, r0]
 171 0090 C318     		adds	r3, r0, r3
 172 0092 5888     		ldrh	r0, [r3, #2]
 173 0094 0004     		lsls	r0, r0, #16
 174 0096 1043     		orrs	r0, r2
 175 0098 FFF7FEFF 		bl	CYMEMZERO
 176              	.LVL8:
 177              	.LBE3:
 269:Generated_Source\PSoC4/cyfitter_cfg.c **** 		{
 178              		.loc 1 269 0 discriminator 3
 179 009c 0134     		adds	r4, r4, #1
 180              	.LVL9:
 181 009e E4B2     		uxtb	r4, r4
 182              	.LVL10:
 183              	.L6:
ARM GAS  C:\Users\as3828\AppData\Local\Temp\ccDuVK2C.s 			page 9


 269:Generated_Source\PSoC4/cyfitter_cfg.c **** 		{
 184              		.loc 1 269 0 is_stmt 0 discriminator 1
 185 00a0 012C     		cmp	r4, #1
 186 00a2 EDD9     		bls	.L7
 273:Generated_Source\PSoC4/cyfitter_cfg.c **** 		}
 274:Generated_Source\PSoC4/cyfitter_cfg.c **** 
 275:Generated_Source\PSoC4/cyfitter_cfg.c **** 		/* HSIOM Starting address: CYDEV_HSIOM_BASE */
 276:Generated_Source\PSoC4/cyfitter_cfg.c **** 		CY_SET_REG32((void *)(CYREG_HSIOM_PORT_SEL3), 0x0000EE00u);
 187              		.loc 1 276 0 is_stmt 1
 188 00a4 EE22     		movs	r2, #238
 189 00a6 1202     		lsls	r2, r2, #8
 190 00a8 134B     		ldr	r3, .L8+4
 191 00aa 1A60     		str	r2, [r3]
 277:Generated_Source\PSoC4/cyfitter_cfg.c **** 
 278:Generated_Source\PSoC4/cyfitter_cfg.c **** 		/* UDB_PA_0 Starting address: CYDEV_UDB_PA0_BASE */
 279:Generated_Source\PSoC4/cyfitter_cfg.c **** 		CY_SET_REG32((void *)(CYDEV_UDB_PA0_BASE), 0x00990000u);
 192              		.loc 1 279 0
 193 00ac 9923     		movs	r3, #153
 194 00ae 1B04     		lsls	r3, r3, #16
 195 00b0 124A     		ldr	r2, .L8+8
 196 00b2 1360     		str	r3, [r2]
 280:Generated_Source\PSoC4/cyfitter_cfg.c **** 
 281:Generated_Source\PSoC4/cyfitter_cfg.c **** 		/* UDB_PA_1 Starting address: CYDEV_UDB_PA1_BASE */
 282:Generated_Source\PSoC4/cyfitter_cfg.c **** 		CY_SET_REG32((void *)(CYDEV_UDB_PA1_BASE), 0x00990000u);
 197              		.loc 1 282 0
 198 00b4 124A     		ldr	r2, .L8+12
 199 00b6 1360     		str	r3, [r2]
 283:Generated_Source\PSoC4/cyfitter_cfg.c **** 
 284:Generated_Source\PSoC4/cyfitter_cfg.c **** 		/* UDB_PA_3 Starting address: CYDEV_UDB_PA3_BASE */
 285:Generated_Source\PSoC4/cyfitter_cfg.c **** 		CY_SET_REG32((void *)(CYDEV_UDB_PA3_BASE), 0x00990000u);
 200              		.loc 1 285 0
 201 00b8 124A     		ldr	r2, .L8+16
 202 00ba 1360     		str	r3, [r2]
 286:Generated_Source\PSoC4/cyfitter_cfg.c **** 
 287:Generated_Source\PSoC4/cyfitter_cfg.c **** 		/* Enable digital routing */
 288:Generated_Source\PSoC4/cyfitter_cfg.c **** 		CY_SET_XTND_REG8((void *)CYREG_UDB_UDBIF_BANK_CTL, (uint8)(CY_GET_XTND_REG8((void *)CYREG_UDB_UDB
 203              		.loc 1 288 0
 204 00bc 124A     		ldr	r2, .L8+20
 205 00be 1178     		ldrb	r1, [r2]
 206 00c0 0623     		movs	r3, #6
 207 00c2 0B43     		orrs	r3, r1
 208 00c4 DBB2     		uxtb	r3, r3
 209 00c6 1370     		strb	r3, [r2]
 210              	.LBE2:
 289:Generated_Source\PSoC4/cyfitter_cfg.c **** 	}
 290:Generated_Source\PSoC4/cyfitter_cfg.c **** 
 291:Generated_Source\PSoC4/cyfitter_cfg.c **** 	/* Perform second pass device configuration. These items must be configured in specific order afte
 292:Generated_Source\PSoC4/cyfitter_cfg.c **** 	/* IOPINS0_0 Starting address: CYDEV_PRT0_BASE */
 293:Generated_Source\PSoC4/cyfitter_cfg.c **** 	CY_SET_REG32((void *)(CYDEV_PRT0_BASE), 0x00000080u);
 211              		.loc 1 293 0
 212 00c8 8022     		movs	r2, #128
 213 00ca 104B     		ldr	r3, .L8+24
 214 00cc 1A60     		str	r2, [r3]
 294:Generated_Source\PSoC4/cyfitter_cfg.c **** 	CY_SET_REG32((void *)(CYREG_PRT0_PC), 0x00400180u);
 215              		.loc 1 294 0
 216 00ce 104A     		ldr	r2, .L8+28
 217 00d0 104B     		ldr	r3, .L8+32
ARM GAS  C:\Users\as3828\AppData\Local\Temp\ccDuVK2C.s 			page 10


 218 00d2 1A60     		str	r2, [r3]
 295:Generated_Source\PSoC4/cyfitter_cfg.c **** 	CY_SET_REG32((void *)(CYREG_PRT0_INTCFG), 0x00008000u);
 219              		.loc 1 295 0
 220 00d4 8022     		movs	r2, #128
 221 00d6 1202     		lsls	r2, r2, #8
 222 00d8 0F4B     		ldr	r3, .L8+36
 223 00da 1A60     		str	r2, [r3]
 296:Generated_Source\PSoC4/cyfitter_cfg.c **** 
 297:Generated_Source\PSoC4/cyfitter_cfg.c **** 	/* IOPINS0_1 Starting address: CYDEV_PRT1_BASE */
 298:Generated_Source\PSoC4/cyfitter_cfg.c **** 	CY_SET_REG32((void *)(CYREG_PRT1_PC), 0x00180000u);
 224              		.loc 1 298 0
 225 00dc C022     		movs	r2, #192
 226 00de 5203     		lsls	r2, r2, #13
 227 00e0 0E4B     		ldr	r3, .L8+40
 228 00e2 1A60     		str	r2, [r3]
 299:Generated_Source\PSoC4/cyfitter_cfg.c **** 
 300:Generated_Source\PSoC4/cyfitter_cfg.c **** 	/* IOPINS0_3 Starting address: CYDEV_PRT3_BASE */
 301:Generated_Source\PSoC4/cyfitter_cfg.c **** 	CY_SET_REG32((void *)(CYREG_PRT3_PC), 0x00000D80u);
 229              		.loc 1 301 0
 230 00e4 D822     		movs	r2, #216
 231 00e6 1201     		lsls	r2, r2, #4
 232 00e8 0D4B     		ldr	r3, .L8+44
 233 00ea 1A60     		str	r2, [r3]
 302:Generated_Source\PSoC4/cyfitter_cfg.c **** 
 303:Generated_Source\PSoC4/cyfitter_cfg.c **** 
 304:Generated_Source\PSoC4/cyfitter_cfg.c **** 	/* Setup clocks based on selections from Clock DWR */
 305:Generated_Source\PSoC4/cyfitter_cfg.c **** 	ClockSetup();
 234              		.loc 1 305 0
 235 00ec FFF788FF 		bl	ClockSetup
 236              	.LVL11:
 306:Generated_Source\PSoC4/cyfitter_cfg.c **** 
 307:Generated_Source\PSoC4/cyfitter_cfg.c **** 	/* Perform basic analog initialization to defaults */
 308:Generated_Source\PSoC4/cyfitter_cfg.c **** 	AnalogSetDefault();
 309:Generated_Source\PSoC4/cyfitter_cfg.c **** 
 310:Generated_Source\PSoC4/cyfitter_cfg.c **** }
 237              		.loc 1 310 0
 238              		@ sp needed
 239              	.LVL12:
 240 00f0 10BD     		pop	{r4, pc}
 241              	.L9:
 242 00f2 C046     		.align	2
 243              	.L8:
 244 00f4 00000000 		.word	.LANCHOR0
 245 00f8 0C000140 		.word	1073807372
 246 00fc 00500F40 		.word	1074745344
 247 0100 10500F40 		.word	1074745360
 248 0104 30500F40 		.word	1074745392
 249 0108 00700F40 		.word	1074753536
 250 010c 00000440 		.word	1074003968
 251 0110 80014000 		.word	4194688
 252 0114 08000440 		.word	1074003976
 253 0118 0C000440 		.word	1074003980
 254 011c 08010440 		.word	1074004232
 255 0120 08030440 		.word	1074004744
 256              		.cfi_endproc
 257              	.LFE5:
 258              		.size	cyfitter_cfg, .-cyfitter_cfg
ARM GAS  C:\Users\as3828\AppData\Local\Temp\ccDuVK2C.s 			page 11


 259              		.section	.rodata
 260              		.align	2
 261              		.set	.LANCHOR0,. + 0
 262              		.type	cfg_memset_list.4847, %object
 263              		.size	cfg_memset_list.4847, 12
 264              	cfg_memset_list.4847:
 265 0000 00300F40 		.word	1074737152
 266 0004 0004     		.short	1024
 267 0006 00400F40 		.4byte	1074741248
 268 000a 0004     		.short	1024
 269              		.text
 270              	.Letext0:
 271              		.file 2 "c:\\program files (x86)\\cypress\\psoc creator\\4.1\\psoc creator\\import\\gnu\\arm\\5.4.
 272              		.file 3 "Generated_Source\\PSoC4\\cytypes.h"
 273              		.file 4 "Generated_Source\\PSoC4\\CyLib.h"
 274              		.section	.debug_info,"",%progbits
 275              	.Ldebug_info0:
 276 0000 78020000 		.4byte	0x278
 277 0004 0400     		.2byte	0x4
 278 0006 00000000 		.4byte	.Ldebug_abbrev0
 279 000a 04       		.byte	0x4
 280 000b 01       		.uleb128 0x1
 281 000c 21010000 		.4byte	.LASF29
 282 0010 0C       		.byte	0xc
 283 0011 18020000 		.4byte	.LASF30
 284 0015 7C000000 		.4byte	.LASF31
 285 0019 00000000 		.4byte	.Ldebug_ranges0+0
 286 001d 00000000 		.4byte	0
 287 0021 00000000 		.4byte	.Ldebug_line0
 288 0025 02       		.uleb128 0x2
 289 0026 04       		.byte	0x4
 290 0027 05       		.byte	0x5
 291 0028 696E7400 		.ascii	"int\000"
 292 002c 03       		.uleb128 0x3
 293 002d 06000000 		.4byte	.LASF12
 294 0031 02       		.byte	0x2
 295 0032 D8       		.byte	0xd8
 296 0033 37000000 		.4byte	0x37
 297 0037 04       		.uleb128 0x4
 298 0038 04       		.byte	0x4
 299 0039 07       		.byte	0x7
 300 003a E8000000 		.4byte	.LASF0
 301 003e 04       		.uleb128 0x4
 302 003f 08       		.byte	0x8
 303 0040 05       		.byte	0x5
 304 0041 C5010000 		.4byte	.LASF1
 305 0045 04       		.uleb128 0x4
 306 0046 08       		.byte	0x8
 307 0047 04       		.byte	0x4
 308 0048 00020000 		.4byte	.LASF2
 309 004c 04       		.uleb128 0x4
 310 004d 01       		.byte	0x1
 311 004e 06       		.byte	0x6
 312 004f 0C020000 		.4byte	.LASF3
 313 0053 04       		.uleb128 0x4
 314 0054 01       		.byte	0x1
 315 0055 08       		.byte	0x8
ARM GAS  C:\Users\as3828\AppData\Local\Temp\ccDuVK2C.s 			page 12


 316 0056 B2000000 		.4byte	.LASF4
 317 005a 04       		.uleb128 0x4
 318 005b 02       		.byte	0x2
 319 005c 05       		.byte	0x5
 320 005d D8010000 		.4byte	.LASF5
 321 0061 04       		.uleb128 0x4
 322 0062 02       		.byte	0x2
 323 0063 07       		.byte	0x7
 324 0064 37000000 		.4byte	.LASF6
 325 0068 04       		.uleb128 0x4
 326 0069 04       		.byte	0x4
 327 006a 05       		.byte	0x5
 328 006b F7010000 		.4byte	.LASF7
 329 006f 04       		.uleb128 0x4
 330 0070 04       		.byte	0x4
 331 0071 07       		.byte	0x7
 332 0072 5A000000 		.4byte	.LASF8
 333 0076 04       		.uleb128 0x4
 334 0077 08       		.byte	0x8
 335 0078 07       		.byte	0x7
 336 0079 0A010000 		.4byte	.LASF9
 337 007d 04       		.uleb128 0x4
 338 007e 04       		.byte	0x4
 339 007f 07       		.byte	0x7
 340 0080 BC010000 		.4byte	.LASF10
 341 0084 05       		.uleb128 0x5
 342 0085 04       		.byte	0x4
 343 0086 04       		.uleb128 0x4
 344 0087 01       		.byte	0x1
 345 0088 08       		.byte	0x8
 346 0089 D3010000 		.4byte	.LASF11
 347 008d 06       		.uleb128 0x6
 348 008e 6C000000 		.4byte	.LASF13
 349 0092 03       		.byte	0x3
 350 0093 D201     		.2byte	0x1d2
 351 0095 53000000 		.4byte	0x53
 352 0099 06       		.uleb128 0x6
 353 009a DA000000 		.4byte	.LASF14
 354 009e 03       		.byte	0x3
 355 009f D301     		.2byte	0x1d3
 356 00a1 61000000 		.4byte	0x61
 357 00a5 06       		.uleb128 0x6
 358 00a6 E1000000 		.4byte	.LASF15
 359 00aa 03       		.byte	0x3
 360 00ab D401     		.2byte	0x1d4
 361 00ad 6F000000 		.4byte	0x6f
 362 00b1 04       		.uleb128 0x4
 363 00b2 04       		.byte	0x4
 364 00b3 04       		.byte	0x4
 365 00b4 4A000000 		.4byte	.LASF16
 366 00b8 04       		.uleb128 0x4
 367 00b9 08       		.byte	0x8
 368 00ba 04       		.byte	0x4
 369 00bb C7000000 		.4byte	.LASF17
 370 00bf 06       		.uleb128 0x6
 371 00c0 55000000 		.4byte	.LASF18
 372 00c4 03       		.byte	0x3
ARM GAS  C:\Users\as3828\AppData\Local\Temp\ccDuVK2C.s 			page 13


 373 00c5 7C02     		.2byte	0x27c
 374 00c7 CB000000 		.4byte	0xcb
 375 00cb 07       		.uleb128 0x7
 376 00cc 8D000000 		.4byte	0x8d
 377 00d0 06       		.uleb128 0x6
 378 00d1 00000000 		.4byte	.LASF19
 379 00d5 03       		.byte	0x3
 380 00d6 7E02     		.2byte	0x27e
 381 00d8 DC000000 		.4byte	0xdc
 382 00dc 07       		.uleb128 0x7
 383 00dd A5000000 		.4byte	0xa5
 384 00e1 08       		.uleb128 0x8
 385 00e2 72000000 		.4byte	.LASF20
 386 00e6 01       		.byte	0x1
 387 00e7 4C       		.byte	0x4c
 388 00e8 00000000 		.4byte	.LFB0
 389 00ec 0C000000 		.4byte	.LFE0-.LFB0
 390 00f0 01       		.uleb128 0x1
 391 00f1 9C       		.byte	0x9c
 392 00f2 2E010000 		.4byte	0x12e
 393 00f6 09       		.uleb128 0x9
 394 00f7 7300     		.ascii	"s\000"
 395 00f9 01       		.byte	0x1
 396 00fa 4C       		.byte	0x4c
 397 00fb 84000000 		.4byte	0x84
 398 00ff 00000000 		.4byte	.LLST0
 399 0103 09       		.uleb128 0x9
 400 0104 6E00     		.ascii	"n\000"
 401 0106 01       		.byte	0x1
 402 0107 4C       		.byte	0x4c
 403 0108 2C000000 		.4byte	0x2c
 404 010c 21000000 		.4byte	.LLST1
 405 0110 0A       		.uleb128 0xa
 406 0111 0A000000 		.4byte	.LVL2
 407 0115 51020000 		.4byte	0x251
 408 0119 0B       		.uleb128 0xb
 409 011a 01       		.uleb128 0x1
 410 011b 50       		.byte	0x50
 411 011c 03       		.uleb128 0x3
 412 011d F3       		.byte	0xf3
 413 011e 01       		.uleb128 0x1
 414 011f 50       		.byte	0x50
 415 0120 0B       		.uleb128 0xb
 416 0121 01       		.uleb128 0x1
 417 0122 51       		.byte	0x51
 418 0123 01       		.uleb128 0x1
 419 0124 30       		.byte	0x30
 420 0125 0B       		.uleb128 0xb
 421 0126 01       		.uleb128 0x1
 422 0127 52       		.byte	0x52
 423 0128 03       		.uleb128 0x3
 424 0129 F3       		.byte	0xf3
 425 012a 01       		.uleb128 0x1
 426 012b 51       		.byte	0x51
 427 012c 00       		.byte	0
 428 012d 00       		.byte	0
 429 012e 08       		.uleb128 0x8
ARM GAS  C:\Users\as3828\AppData\Local\Temp\ccDuVK2C.s 			page 14


 430 012f 2C000000 		.4byte	.LASF21
 431 0133 01       		.byte	0x1
 432 0134 AD       		.byte	0xad
 433 0135 00000000 		.4byte	.LFB3
 434 0139 78000000 		.4byte	.LFE3-.LFB3
 435 013d 01       		.uleb128 0x1
 436 013e 9C       		.byte	0x9c
 437 013f 79010000 		.4byte	0x179
 438 0143 0C       		.uleb128 0xc
 439 0144 14000000 		.4byte	.LVL3
 440 0148 5A020000 		.4byte	0x25a
 441 014c 56010000 		.4byte	0x156
 442 0150 0B       		.uleb128 0xb
 443 0151 01       		.uleb128 0x1
 444 0152 50       		.byte	0x50
 445 0153 01       		.uleb128 0x1
 446 0154 48       		.byte	0x48
 447 0155 00       		.byte	0
 448 0156 0C       		.uleb128 0xc
 449 0157 42000000 		.4byte	.LVL4
 450 015b 65020000 		.4byte	0x265
 451 015f 69010000 		.4byte	0x169
 452 0163 0B       		.uleb128 0xb
 453 0164 01       		.uleb128 0x1
 454 0165 50       		.byte	0x50
 455 0166 01       		.uleb128 0x1
 456 0167 39       		.byte	0x39
 457 0168 00       		.byte	0
 458 0169 0A       		.uleb128 0xa
 459 016a 48000000 		.4byte	.LVL5
 460 016e 70020000 		.4byte	0x270
 461 0172 0B       		.uleb128 0xb
 462 0173 01       		.uleb128 0x1
 463 0174 50       		.byte	0x50
 464 0175 01       		.uleb128 0x1
 465 0176 39       		.byte	0x39
 466 0177 00       		.byte	0
 467 0178 00       		.byte	0
 468 0179 0D       		.uleb128 0xd
 469 017a F5000000 		.4byte	.LASF32
 470 017e 01       		.byte	0x1
 471 017f F8       		.byte	0xf8
 472 0180 78000000 		.4byte	.LFB5
 473 0184 AC000000 		.4byte	.LFE5-.LFB5
 474 0188 01       		.uleb128 0x1
 475 0189 9C       		.byte	0x9c
 476 018a 51020000 		.4byte	0x251
 477 018e 0E       		.uleb128 0xe
 478 018f 7C000000 		.4byte	.LBB2
 479 0193 4C000000 		.4byte	.LBE2-.LBB2
 480 0197 47020000 		.4byte	0x247
 481 019b 0F       		.uleb128 0xf
 482 019c 06       		.byte	0x6
 483 019d 01       		.byte	0x1
 484 019e FF       		.byte	0xff
 485 019f BE010000 		.4byte	0x1be
 486 01a3 10       		.uleb128 0x10
ARM GAS  C:\Users\as3828\AppData\Local\Temp\ccDuVK2C.s 			page 15


 487 01a4 02010000 		.4byte	.LASF22
 488 01a8 01       		.byte	0x1
 489 01a9 0001     		.2byte	0x100
 490 01ab 84000000 		.4byte	0x84
 491 01af 00       		.byte	0
 492 01b0 10       		.uleb128 0x10
 493 01b1 50000000 		.4byte	.LASF23
 494 01b5 01       		.byte	0x1
 495 01b6 0101     		.2byte	0x101
 496 01b8 99000000 		.4byte	0x99
 497 01bc 04       		.byte	0x4
 498 01bd 00       		.byte	0
 499 01be 06       		.uleb128 0x6
 500 01bf AF010000 		.4byte	.LASF24
 501 01c3 01       		.byte	0x1
 502 01c4 0201     		.2byte	0x102
 503 01c6 9B010000 		.4byte	0x19b
 504 01ca 11       		.uleb128 0x11
 505 01cb DA010000 		.4byte	0x1da
 506 01cf DA010000 		.4byte	0x1da
 507 01d3 12       		.uleb128 0x12
 508 01d4 7D000000 		.4byte	0x7d
 509 01d8 01       		.byte	0x1
 510 01d9 00       		.byte	0
 511 01da 13       		.uleb128 0x13
 512 01db BE010000 		.4byte	0x1be
 513 01df 14       		.uleb128 0x14
 514 01e0 1C000000 		.4byte	.LASF25
 515 01e4 01       		.byte	0x1
 516 01e5 0401     		.2byte	0x104
 517 01e7 F1010000 		.4byte	0x1f1
 518 01eb 05       		.uleb128 0x5
 519 01ec 03       		.byte	0x3
 520 01ed 00000000 		.4byte	cfg_memset_list.4847
 521 01f1 13       		.uleb128 0x13
 522 01f2 CA010000 		.4byte	0x1ca
 523 01f6 15       		.uleb128 0x15
 524 01f7 6900     		.ascii	"i\000"
 525 01f9 01       		.byte	0x1
 526 01fa 0A01     		.2byte	0x10a
 527 01fc 8D000000 		.4byte	0x8d
 528 0200 4D000000 		.4byte	.LLST2
 529 0204 16       		.uleb128 0x16
 530 0205 80000000 		.4byte	.LBB3
 531 0209 1C000000 		.4byte	.LBE3-.LBB3
 532 020d 15       		.uleb128 0x15
 533 020e 6D7300   		.ascii	"ms\000"
 534 0211 01       		.byte	0x1
 535 0212 0F01     		.2byte	0x10f
 536 0214 1C020000 		.4byte	0x21c
 537 0218 77000000 		.4byte	.LLST3
 538 021c 17       		.uleb128 0x17
 539 021d 04       		.byte	0x4
 540 021e DA010000 		.4byte	0x1da
 541 0222 0A       		.uleb128 0xa
 542 0223 9C000000 		.4byte	.LVL8
 543 0227 E1000000 		.4byte	0xe1
ARM GAS  C:\Users\as3828\AppData\Local\Temp\ccDuVK2C.s 			page 16


 544 022b 0B       		.uleb128 0xb
 545 022c 01       		.uleb128 0x1
 546 022d 51       		.byte	0x51
 547 022e 15       		.uleb128 0x15
 548 022f 74       		.byte	0x74
 549 0230 00       		.sleb128 0
 550 0231 31       		.byte	0x31
 551 0232 24       		.byte	0x24
 552 0233 74       		.byte	0x74
 553 0234 00       		.sleb128 0
 554 0235 22       		.byte	0x22
 555 0236 31       		.byte	0x31
 556 0237 24       		.byte	0x24
 557 0238 03       		.byte	0x3
 558 0239 04000000 		.4byte	.LANCHOR0+4
 559 023d 22       		.byte	0x22
 560 023e 94       		.byte	0x94
 561 023f 02       		.byte	0x2
 562 0240 0A       		.byte	0xa
 563 0241 FFFF     		.2byte	0xffff
 564 0243 1A       		.byte	0x1a
 565 0244 00       		.byte	0
 566 0245 00       		.byte	0
 567 0246 00       		.byte	0
 568 0247 18       		.uleb128 0x18
 569 0248 F0000000 		.4byte	.LVL11
 570 024c 2E010000 		.4byte	0x12e
 571 0250 00       		.byte	0
 572 0251 19       		.uleb128 0x19
 573 0252 C0000000 		.4byte	.LASF33
 574 0256 C0000000 		.4byte	.LASF33
 575 025a 1A       		.uleb128 0x1a
 576 025b E2010000 		.4byte	.LASF26
 577 025f E2010000 		.4byte	.LASF26
 578 0263 04       		.byte	0x4
 579 0264 6C       		.byte	0x6c
 580 0265 1A       		.uleb128 0x1a
 581 0266 0D000000 		.4byte	.LASF27
 582 026a 0D000000 		.4byte	.LASF27
 583 026e 04       		.byte	0x4
 584 026f BD       		.byte	0xbd
 585 0270 1A       		.uleb128 0x1a
 586 0271 CE000000 		.4byte	.LASF28
 587 0275 CE000000 		.4byte	.LASF28
 588 0279 04       		.byte	0x4
 589 027a C3       		.byte	0xc3
 590 027b 00       		.byte	0
 591              		.section	.debug_abbrev,"",%progbits
 592              	.Ldebug_abbrev0:
 593 0000 01       		.uleb128 0x1
 594 0001 11       		.uleb128 0x11
 595 0002 01       		.byte	0x1
 596 0003 25       		.uleb128 0x25
 597 0004 0E       		.uleb128 0xe
 598 0005 13       		.uleb128 0x13
 599 0006 0B       		.uleb128 0xb
 600 0007 03       		.uleb128 0x3
ARM GAS  C:\Users\as3828\AppData\Local\Temp\ccDuVK2C.s 			page 17


 601 0008 0E       		.uleb128 0xe
 602 0009 1B       		.uleb128 0x1b
 603 000a 0E       		.uleb128 0xe
 604 000b 55       		.uleb128 0x55
 605 000c 17       		.uleb128 0x17
 606 000d 11       		.uleb128 0x11
 607 000e 01       		.uleb128 0x1
 608 000f 10       		.uleb128 0x10
 609 0010 17       		.uleb128 0x17
 610 0011 00       		.byte	0
 611 0012 00       		.byte	0
 612 0013 02       		.uleb128 0x2
 613 0014 24       		.uleb128 0x24
 614 0015 00       		.byte	0
 615 0016 0B       		.uleb128 0xb
 616 0017 0B       		.uleb128 0xb
 617 0018 3E       		.uleb128 0x3e
 618 0019 0B       		.uleb128 0xb
 619 001a 03       		.uleb128 0x3
 620 001b 08       		.uleb128 0x8
 621 001c 00       		.byte	0
 622 001d 00       		.byte	0
 623 001e 03       		.uleb128 0x3
 624 001f 16       		.uleb128 0x16
 625 0020 00       		.byte	0
 626 0021 03       		.uleb128 0x3
 627 0022 0E       		.uleb128 0xe
 628 0023 3A       		.uleb128 0x3a
 629 0024 0B       		.uleb128 0xb
 630 0025 3B       		.uleb128 0x3b
 631 0026 0B       		.uleb128 0xb
 632 0027 49       		.uleb128 0x49
 633 0028 13       		.uleb128 0x13
 634 0029 00       		.byte	0
 635 002a 00       		.byte	0
 636 002b 04       		.uleb128 0x4
 637 002c 24       		.uleb128 0x24
 638 002d 00       		.byte	0
 639 002e 0B       		.uleb128 0xb
 640 002f 0B       		.uleb128 0xb
 641 0030 3E       		.uleb128 0x3e
 642 0031 0B       		.uleb128 0xb
 643 0032 03       		.uleb128 0x3
 644 0033 0E       		.uleb128 0xe
 645 0034 00       		.byte	0
 646 0035 00       		.byte	0
 647 0036 05       		.uleb128 0x5
 648 0037 0F       		.uleb128 0xf
 649 0038 00       		.byte	0
 650 0039 0B       		.uleb128 0xb
 651 003a 0B       		.uleb128 0xb
 652 003b 00       		.byte	0
 653 003c 00       		.byte	0
 654 003d 06       		.uleb128 0x6
 655 003e 16       		.uleb128 0x16
 656 003f 00       		.byte	0
 657 0040 03       		.uleb128 0x3
ARM GAS  C:\Users\as3828\AppData\Local\Temp\ccDuVK2C.s 			page 18


 658 0041 0E       		.uleb128 0xe
 659 0042 3A       		.uleb128 0x3a
 660 0043 0B       		.uleb128 0xb
 661 0044 3B       		.uleb128 0x3b
 662 0045 05       		.uleb128 0x5
 663 0046 49       		.uleb128 0x49
 664 0047 13       		.uleb128 0x13
 665 0048 00       		.byte	0
 666 0049 00       		.byte	0
 667 004a 07       		.uleb128 0x7
 668 004b 35       		.uleb128 0x35
 669 004c 00       		.byte	0
 670 004d 49       		.uleb128 0x49
 671 004e 13       		.uleb128 0x13
 672 004f 00       		.byte	0
 673 0050 00       		.byte	0
 674 0051 08       		.uleb128 0x8
 675 0052 2E       		.uleb128 0x2e
 676 0053 01       		.byte	0x1
 677 0054 03       		.uleb128 0x3
 678 0055 0E       		.uleb128 0xe
 679 0056 3A       		.uleb128 0x3a
 680 0057 0B       		.uleb128 0xb
 681 0058 3B       		.uleb128 0x3b
 682 0059 0B       		.uleb128 0xb
 683 005a 27       		.uleb128 0x27
 684 005b 19       		.uleb128 0x19
 685 005c 11       		.uleb128 0x11
 686 005d 01       		.uleb128 0x1
 687 005e 12       		.uleb128 0x12
 688 005f 06       		.uleb128 0x6
 689 0060 40       		.uleb128 0x40
 690 0061 18       		.uleb128 0x18
 691 0062 9742     		.uleb128 0x2117
 692 0064 19       		.uleb128 0x19
 693 0065 01       		.uleb128 0x1
 694 0066 13       		.uleb128 0x13
 695 0067 00       		.byte	0
 696 0068 00       		.byte	0
 697 0069 09       		.uleb128 0x9
 698 006a 05       		.uleb128 0x5
 699 006b 00       		.byte	0
 700 006c 03       		.uleb128 0x3
 701 006d 08       		.uleb128 0x8
 702 006e 3A       		.uleb128 0x3a
 703 006f 0B       		.uleb128 0xb
 704 0070 3B       		.uleb128 0x3b
 705 0071 0B       		.uleb128 0xb
 706 0072 49       		.uleb128 0x49
 707 0073 13       		.uleb128 0x13
 708 0074 02       		.uleb128 0x2
 709 0075 17       		.uleb128 0x17
 710 0076 00       		.byte	0
 711 0077 00       		.byte	0
 712 0078 0A       		.uleb128 0xa
 713 0079 898201   		.uleb128 0x4109
 714 007c 01       		.byte	0x1
ARM GAS  C:\Users\as3828\AppData\Local\Temp\ccDuVK2C.s 			page 19


 715 007d 11       		.uleb128 0x11
 716 007e 01       		.uleb128 0x1
 717 007f 31       		.uleb128 0x31
 718 0080 13       		.uleb128 0x13
 719 0081 00       		.byte	0
 720 0082 00       		.byte	0
 721 0083 0B       		.uleb128 0xb
 722 0084 8A8201   		.uleb128 0x410a
 723 0087 00       		.byte	0
 724 0088 02       		.uleb128 0x2
 725 0089 18       		.uleb128 0x18
 726 008a 9142     		.uleb128 0x2111
 727 008c 18       		.uleb128 0x18
 728 008d 00       		.byte	0
 729 008e 00       		.byte	0
 730 008f 0C       		.uleb128 0xc
 731 0090 898201   		.uleb128 0x4109
 732 0093 01       		.byte	0x1
 733 0094 11       		.uleb128 0x11
 734 0095 01       		.uleb128 0x1
 735 0096 31       		.uleb128 0x31
 736 0097 13       		.uleb128 0x13
 737 0098 01       		.uleb128 0x1
 738 0099 13       		.uleb128 0x13
 739 009a 00       		.byte	0
 740 009b 00       		.byte	0
 741 009c 0D       		.uleb128 0xd
 742 009d 2E       		.uleb128 0x2e
 743 009e 01       		.byte	0x1
 744 009f 3F       		.uleb128 0x3f
 745 00a0 19       		.uleb128 0x19
 746 00a1 03       		.uleb128 0x3
 747 00a2 0E       		.uleb128 0xe
 748 00a3 3A       		.uleb128 0x3a
 749 00a4 0B       		.uleb128 0xb
 750 00a5 3B       		.uleb128 0x3b
 751 00a6 0B       		.uleb128 0xb
 752 00a7 27       		.uleb128 0x27
 753 00a8 19       		.uleb128 0x19
 754 00a9 11       		.uleb128 0x11
 755 00aa 01       		.uleb128 0x1
 756 00ab 12       		.uleb128 0x12
 757 00ac 06       		.uleb128 0x6
 758 00ad 40       		.uleb128 0x40
 759 00ae 18       		.uleb128 0x18
 760 00af 9742     		.uleb128 0x2117
 761 00b1 19       		.uleb128 0x19
 762 00b2 01       		.uleb128 0x1
 763 00b3 13       		.uleb128 0x13
 764 00b4 00       		.byte	0
 765 00b5 00       		.byte	0
 766 00b6 0E       		.uleb128 0xe
 767 00b7 0B       		.uleb128 0xb
 768 00b8 01       		.byte	0x1
 769 00b9 11       		.uleb128 0x11
 770 00ba 01       		.uleb128 0x1
 771 00bb 12       		.uleb128 0x12
ARM GAS  C:\Users\as3828\AppData\Local\Temp\ccDuVK2C.s 			page 20


 772 00bc 06       		.uleb128 0x6
 773 00bd 01       		.uleb128 0x1
 774 00be 13       		.uleb128 0x13
 775 00bf 00       		.byte	0
 776 00c0 00       		.byte	0
 777 00c1 0F       		.uleb128 0xf
 778 00c2 13       		.uleb128 0x13
 779 00c3 01       		.byte	0x1
 780 00c4 0B       		.uleb128 0xb
 781 00c5 0B       		.uleb128 0xb
 782 00c6 3A       		.uleb128 0x3a
 783 00c7 0B       		.uleb128 0xb
 784 00c8 3B       		.uleb128 0x3b
 785 00c9 0B       		.uleb128 0xb
 786 00ca 01       		.uleb128 0x1
 787 00cb 13       		.uleb128 0x13
 788 00cc 00       		.byte	0
 789 00cd 00       		.byte	0
 790 00ce 10       		.uleb128 0x10
 791 00cf 0D       		.uleb128 0xd
 792 00d0 00       		.byte	0
 793 00d1 03       		.uleb128 0x3
 794 00d2 0E       		.uleb128 0xe
 795 00d3 3A       		.uleb128 0x3a
 796 00d4 0B       		.uleb128 0xb
 797 00d5 3B       		.uleb128 0x3b
 798 00d6 05       		.uleb128 0x5
 799 00d7 49       		.uleb128 0x49
 800 00d8 13       		.uleb128 0x13
 801 00d9 38       		.uleb128 0x38
 802 00da 0B       		.uleb128 0xb
 803 00db 00       		.byte	0
 804 00dc 00       		.byte	0
 805 00dd 11       		.uleb128 0x11
 806 00de 01       		.uleb128 0x1
 807 00df 01       		.byte	0x1
 808 00e0 49       		.uleb128 0x49
 809 00e1 13       		.uleb128 0x13
 810 00e2 01       		.uleb128 0x1
 811 00e3 13       		.uleb128 0x13
 812 00e4 00       		.byte	0
 813 00e5 00       		.byte	0
 814 00e6 12       		.uleb128 0x12
 815 00e7 21       		.uleb128 0x21
 816 00e8 00       		.byte	0
 817 00e9 49       		.uleb128 0x49
 818 00ea 13       		.uleb128 0x13
 819 00eb 2F       		.uleb128 0x2f
 820 00ec 0B       		.uleb128 0xb
 821 00ed 00       		.byte	0
 822 00ee 00       		.byte	0
 823 00ef 13       		.uleb128 0x13
 824 00f0 26       		.uleb128 0x26
 825 00f1 00       		.byte	0
 826 00f2 49       		.uleb128 0x49
 827 00f3 13       		.uleb128 0x13
 828 00f4 00       		.byte	0
ARM GAS  C:\Users\as3828\AppData\Local\Temp\ccDuVK2C.s 			page 21


 829 00f5 00       		.byte	0
 830 00f6 14       		.uleb128 0x14
 831 00f7 34       		.uleb128 0x34
 832 00f8 00       		.byte	0
 833 00f9 03       		.uleb128 0x3
 834 00fa 0E       		.uleb128 0xe
 835 00fb 3A       		.uleb128 0x3a
 836 00fc 0B       		.uleb128 0xb
 837 00fd 3B       		.uleb128 0x3b
 838 00fe 05       		.uleb128 0x5
 839 00ff 49       		.uleb128 0x49
 840 0100 13       		.uleb128 0x13
 841 0101 02       		.uleb128 0x2
 842 0102 18       		.uleb128 0x18
 843 0103 00       		.byte	0
 844 0104 00       		.byte	0
 845 0105 15       		.uleb128 0x15
 846 0106 34       		.uleb128 0x34
 847 0107 00       		.byte	0
 848 0108 03       		.uleb128 0x3
 849 0109 08       		.uleb128 0x8
 850 010a 3A       		.uleb128 0x3a
 851 010b 0B       		.uleb128 0xb
 852 010c 3B       		.uleb128 0x3b
 853 010d 05       		.uleb128 0x5
 854 010e 49       		.uleb128 0x49
 855 010f 13       		.uleb128 0x13
 856 0110 02       		.uleb128 0x2
 857 0111 17       		.uleb128 0x17
 858 0112 00       		.byte	0
 859 0113 00       		.byte	0
 860 0114 16       		.uleb128 0x16
 861 0115 0B       		.uleb128 0xb
 862 0116 01       		.byte	0x1
 863 0117 11       		.uleb128 0x11
 864 0118 01       		.uleb128 0x1
 865 0119 12       		.uleb128 0x12
 866 011a 06       		.uleb128 0x6
 867 011b 00       		.byte	0
 868 011c 00       		.byte	0
 869 011d 17       		.uleb128 0x17
 870 011e 0F       		.uleb128 0xf
 871 011f 00       		.byte	0
 872 0120 0B       		.uleb128 0xb
 873 0121 0B       		.uleb128 0xb
 874 0122 49       		.uleb128 0x49
 875 0123 13       		.uleb128 0x13
 876 0124 00       		.byte	0
 877 0125 00       		.byte	0
 878 0126 18       		.uleb128 0x18
 879 0127 898201   		.uleb128 0x4109
 880 012a 00       		.byte	0
 881 012b 11       		.uleb128 0x11
 882 012c 01       		.uleb128 0x1
 883 012d 31       		.uleb128 0x31
 884 012e 13       		.uleb128 0x13
 885 012f 00       		.byte	0
ARM GAS  C:\Users\as3828\AppData\Local\Temp\ccDuVK2C.s 			page 22


 886 0130 00       		.byte	0
 887 0131 19       		.uleb128 0x19
 888 0132 2E       		.uleb128 0x2e
 889 0133 00       		.byte	0
 890 0134 3F       		.uleb128 0x3f
 891 0135 19       		.uleb128 0x19
 892 0136 3C       		.uleb128 0x3c
 893 0137 19       		.uleb128 0x19
 894 0138 6E       		.uleb128 0x6e
 895 0139 0E       		.uleb128 0xe
 896 013a 03       		.uleb128 0x3
 897 013b 0E       		.uleb128 0xe
 898 013c 00       		.byte	0
 899 013d 00       		.byte	0
 900 013e 1A       		.uleb128 0x1a
 901 013f 2E       		.uleb128 0x2e
 902 0140 00       		.byte	0
 903 0141 3F       		.uleb128 0x3f
 904 0142 19       		.uleb128 0x19
 905 0143 3C       		.uleb128 0x3c
 906 0144 19       		.uleb128 0x19
 907 0145 6E       		.uleb128 0x6e
 908 0146 0E       		.uleb128 0xe
 909 0147 03       		.uleb128 0x3
 910 0148 0E       		.uleb128 0xe
 911 0149 3A       		.uleb128 0x3a
 912 014a 0B       		.uleb128 0xb
 913 014b 3B       		.uleb128 0x3b
 914 014c 0B       		.uleb128 0xb
 915 014d 00       		.byte	0
 916 014e 00       		.byte	0
 917 014f 00       		.byte	0
 918              		.section	.debug_loc,"",%progbits
 919              	.Ldebug_loc0:
 920              	.LLST0:
 921 0000 00000000 		.4byte	.LVL0
 922 0004 09000000 		.4byte	.LVL2-1
 923 0008 0100     		.2byte	0x1
 924 000a 50       		.byte	0x50
 925 000b 09000000 		.4byte	.LVL2-1
 926 000f 0C000000 		.4byte	.LFE0
 927 0013 0400     		.2byte	0x4
 928 0015 F3       		.byte	0xf3
 929 0016 01       		.uleb128 0x1
 930 0017 50       		.byte	0x50
 931 0018 9F       		.byte	0x9f
 932 0019 00000000 		.4byte	0
 933 001d 00000000 		.4byte	0
 934              	.LLST1:
 935 0021 00000000 		.4byte	.LVL0
 936 0025 06000000 		.4byte	.LVL1
 937 0029 0100     		.2byte	0x1
 938 002b 51       		.byte	0x51
 939 002c 06000000 		.4byte	.LVL1
 940 0030 09000000 		.4byte	.LVL2-1
 941 0034 0100     		.2byte	0x1
 942 0036 52       		.byte	0x52
ARM GAS  C:\Users\as3828\AppData\Local\Temp\ccDuVK2C.s 			page 23


 943 0037 09000000 		.4byte	.LVL2-1
 944 003b 0C000000 		.4byte	.LFE0
 945 003f 0400     		.2byte	0x4
 946 0041 F3       		.byte	0xf3
 947 0042 01       		.uleb128 0x1
 948 0043 51       		.byte	0x51
 949 0044 9F       		.byte	0x9f
 950 0045 00000000 		.4byte	0
 951 0049 00000000 		.4byte	0
 952              	.LLST2:
 953 004d 7C000000 		.4byte	.LVL6
 954 0051 80000000 		.4byte	.LVL7
 955 0055 0200     		.2byte	0x2
 956 0057 30       		.byte	0x30
 957 0058 9F       		.byte	0x9f
 958 0059 80000000 		.4byte	.LVL7
 959 005d 9E000000 		.4byte	.LVL9
 960 0061 0100     		.2byte	0x1
 961 0063 54       		.byte	0x54
 962 0064 A0000000 		.4byte	.LVL10
 963 0068 F0000000 		.4byte	.LVL12
 964 006c 0100     		.2byte	0x1
 965 006e 54       		.byte	0x54
 966 006f 00000000 		.4byte	0
 967 0073 00000000 		.4byte	0
 968              	.LLST3:
 969 0077 80000000 		.4byte	.LVL7
 970 007b 9E000000 		.4byte	.LVL9
 971 007f 0B00     		.2byte	0xb
 972 0081 74       		.byte	0x74
 973 0082 00       		.sleb128 0
 974 0083 36       		.byte	0x36
 975 0084 1E       		.byte	0x1e
 976 0085 03       		.byte	0x3
 977 0086 00000000 		.4byte	cfg_memset_list.4847
 978 008a 22       		.byte	0x22
 979 008b 9F       		.byte	0x9f
 980 008c 9E000000 		.4byte	.LVL9
 981 0090 A0000000 		.4byte	.LVL10
 982 0094 0B00     		.2byte	0xb
 983 0096 74       		.byte	0x74
 984 0097 7F       		.sleb128 -1
 985 0098 36       		.byte	0x36
 986 0099 1E       		.byte	0x1e
 987 009a 03       		.byte	0x3
 988 009b 00000000 		.4byte	cfg_memset_list.4847
 989 009f 22       		.byte	0x22
 990 00a0 9F       		.byte	0x9f
 991 00a1 00000000 		.4byte	0
 992 00a5 00000000 		.4byte	0
 993              		.section	.debug_aranges,"",%progbits
 994 0000 2C000000 		.4byte	0x2c
 995 0004 0200     		.2byte	0x2
 996 0006 00000000 		.4byte	.Ldebug_info0
 997 000a 04       		.byte	0x4
 998 000b 00       		.byte	0
 999 000c 0000     		.2byte	0
ARM GAS  C:\Users\as3828\AppData\Local\Temp\ccDuVK2C.s 			page 24


 1000 000e 0000     		.2byte	0
 1001 0010 00000000 		.4byte	.LFB0
 1002 0014 0C000000 		.4byte	.LFE0-.LFB0
 1003 0018 00000000 		.4byte	.LFB3
 1004 001c 78000000 		.4byte	.LFE3-.LFB3
 1005 0020 78000000 		.4byte	.LFB5
 1006 0024 AC000000 		.4byte	.LFE5-.LFB5
 1007 0028 00000000 		.4byte	0
 1008 002c 00000000 		.4byte	0
 1009              		.section	.debug_ranges,"",%progbits
 1010              	.Ldebug_ranges0:
 1011 0000 00000000 		.4byte	.LFB0
 1012 0004 0C000000 		.4byte	.LFE0
 1013 0008 00000000 		.4byte	.LFB3
 1014 000c 78000000 		.4byte	.LFE3
 1015 0010 78000000 		.4byte	.LFB5
 1016 0014 24010000 		.4byte	.LFE5
 1017 0018 00000000 		.4byte	0
 1018 001c 00000000 		.4byte	0
 1019              		.section	.debug_line,"",%progbits
 1020              	.Ldebug_line0:
 1021 0000 2F010000 		.section	.debug_str,"MS",%progbits,1
 1021      0200D600 
 1021      00000201 
 1021      FB0E0D00 
 1021      01010101 
 1022              	.LASF19:
 1023 0000 72656733 		.ascii	"reg32\000"
 1023      3200
 1024              	.LASF12:
 1025 0006 73697A65 		.ascii	"size_t\000"
 1025      5F7400
 1026              	.LASF27:
 1027 000d 4379496E 		.ascii	"CyIntSetVector\000"
 1027      74536574 
 1027      56656374 
 1027      6F7200
 1028              	.LASF25:
 1029 001c 6366675F 		.ascii	"cfg_memset_list\000"
 1029      6D656D73 
 1029      65745F6C 
 1029      69737400 
 1030              	.LASF21:
 1031 002c 436C6F63 		.ascii	"ClockSetup\000"
 1031      6B536574 
 1031      757000
 1032              	.LASF6:
 1033 0037 73686F72 		.ascii	"short unsigned int\000"
 1033      7420756E 
 1033      7369676E 
 1033      65642069 
 1033      6E7400
 1034              	.LASF16:
 1035 004a 666C6F61 		.ascii	"float\000"
 1035      7400
 1036              	.LASF23:
 1037 0050 73697A65 		.ascii	"size\000"
ARM GAS  C:\Users\as3828\AppData\Local\Temp\ccDuVK2C.s 			page 25


 1037      00
 1038              	.LASF18:
 1039 0055 72656738 		.ascii	"reg8\000"
 1039      00
 1040              	.LASF8:
 1041 005a 6C6F6E67 		.ascii	"long unsigned int\000"
 1041      20756E73 
 1041      69676E65 
 1041      6420696E 
 1041      7400
 1042              	.LASF13:
 1043 006c 75696E74 		.ascii	"uint8\000"
 1043      3800
 1044              	.LASF20:
 1045 0072 43594D45 		.ascii	"CYMEMZERO\000"
 1045      4D5A4552 
 1045      4F00
 1046              	.LASF31:
 1047 007c 433A5C55 		.ascii	"C:\\Users\\as3828\\Desktop\\L4\\Workspace01\\Design"
 1047      73657273 
 1047      5C617333 
 1047      3832385C 
 1047      4465736B 
 1048 00a9 30332E63 		.ascii	"03.cydsn\000"
 1048      7964736E 
 1048      00
 1049              	.LASF4:
 1050 00b2 756E7369 		.ascii	"unsigned char\000"
 1050      676E6564 
 1050      20636861 
 1050      7200
 1051              	.LASF33:
 1052 00c0 6D656D73 		.ascii	"memset\000"
 1052      657400
 1053              	.LASF17:
 1054 00c7 646F7562 		.ascii	"double\000"
 1054      6C6500
 1055              	.LASF28:
 1056 00ce 4379496E 		.ascii	"CyIntEnable\000"
 1056      74456E61 
 1056      626C6500 
 1057              	.LASF14:
 1058 00da 75696E74 		.ascii	"uint16\000"
 1058      313600
 1059              	.LASF15:
 1060 00e1 75696E74 		.ascii	"uint32\000"
 1060      333200
 1061              	.LASF0:
 1062 00e8 756E7369 		.ascii	"unsigned int\000"
 1062      676E6564 
 1062      20696E74 
 1062      00
 1063              	.LASF32:
 1064 00f5 63796669 		.ascii	"cyfitter_cfg\000"
 1064      74746572 
 1064      5F636667 
 1064      00
ARM GAS  C:\Users\as3828\AppData\Local\Temp\ccDuVK2C.s 			page 26


 1065              	.LASF22:
 1066 0102 61646472 		.ascii	"address\000"
 1066      65737300 
 1067              	.LASF9:
 1068 010a 6C6F6E67 		.ascii	"long long unsigned int\000"
 1068      206C6F6E 
 1068      6720756E 
 1068      7369676E 
 1068      65642069 
 1069              	.LASF29:
 1070 0121 474E5520 		.ascii	"GNU C11 5.4.1 20160609 (release) [ARM/embedded-5-br"
 1070      43313120 
 1070      352E342E 
 1070      31203230 
 1070      31363036 
 1071 0154 616E6368 		.ascii	"anch revision 237715] -mcpu=cortex-m0 -mthumb -g -O"
 1071      20726576 
 1071      6973696F 
 1071      6E203233 
 1071      37373135 
 1072 0187 67202D66 		.ascii	"g -ffunction-sections -ffat-lto-objects\000"
 1072      66756E63 
 1072      74696F6E 
 1072      2D736563 
 1072      74696F6E 
 1073              	.LASF24:
 1074 01af 6366675F 		.ascii	"cfg_memset_t\000"
 1074      6D656D73 
 1074      65745F74 
 1074      00
 1075              	.LASF10:
 1076 01bc 73697A65 		.ascii	"sizetype\000"
 1076      74797065 
 1076      00
 1077              	.LASF1:
 1078 01c5 6C6F6E67 		.ascii	"long long int\000"
 1078      206C6F6E 
 1078      6720696E 
 1078      7400
 1079              	.LASF11:
 1080 01d3 63686172 		.ascii	"char\000"
 1080      00
 1081              	.LASF5:
 1082 01d8 73686F72 		.ascii	"short int\000"
 1082      7420696E 
 1082      7400
 1083              	.LASF26:
 1084 01e2 43795379 		.ascii	"CySysClkWriteImoFreq\000"
 1084      73436C6B 
 1084      57726974 
 1084      65496D6F 
 1084      46726571 
 1085              	.LASF7:
 1086 01f7 6C6F6E67 		.ascii	"long int\000"
 1086      20696E74 
 1086      00
 1087              	.LASF2:
ARM GAS  C:\Users\as3828\AppData\Local\Temp\ccDuVK2C.s 			page 27


 1088 0200 6C6F6E67 		.ascii	"long double\000"
 1088      20646F75 
 1088      626C6500 
 1089              	.LASF3:
 1090 020c 7369676E 		.ascii	"signed char\000"
 1090      65642063 
 1090      68617200 
 1091              	.LASF30:
 1092 0218 47656E65 		.ascii	"Generated_Source\\PSoC4\\cyfitter_cfg.c\000"
 1092      72617465 
 1092      645F536F 
 1092      75726365 
 1092      5C50536F 
 1093              		.ident	"GCC: (GNU Tools for ARM Embedded Processors) 5.4.1 20160609 (release) [ARM/embedded-5-bran
