ARM GAS  C:\Users\as3828\AppData\Local\Temp\ccpwlB5T.s 			page 1


   1              		.syntax unified
   2              		.cpu cortex-m0
   3              		.fpu softvfp
   4              		.eabi_attribute 20, 1
   5              		.eabi_attribute 21, 1
   6              		.eabi_attribute 23, 3
   7              		.eabi_attribute 24, 1
   8              		.eabi_attribute 25, 1
   9              		.eabi_attribute 26, 1
  10              		.eabi_attribute 30, 1
  11              		.eabi_attribute 34, 0
  12              		.eabi_attribute 18, 4
  13              		.thumb
  14              		.syntax unified
  15              		.file	"main.c"
  16              		.text
  17              	.Ltext0:
  18              		.cfi_sections	.debug_frame
  19              		.section	.text.my_PWM_TC_isr,"ax",%progbits
  20              		.align	2
  21              		.global	my_PWM_TC_isr
  22              		.code	16
  23              		.thumb_func
  24              		.type	my_PWM_TC_isr, %function
  25              	my_PWM_TC_isr:
  26              	.LFB32:
  27              		.file 1 "main.c"
   1:main.c        **** /* ========================================
   2:main.c        ****  *
   3:main.c        ****  * Copyright YOUR COMPANY, THE YEAR
   4:main.c        ****  * All Rights Reserved
   5:main.c        ****  * UNPUBLISHED, LICENSED SOFTWARE.
   6:main.c        ****  *
   7:main.c        ****  * CONFIDENTIAL AND PROPRIETARY INFORMATION
   8:main.c        ****  * WHICH IS THE PROPERTY OF your company.
   9:main.c        ****  *
  10:main.c        ****  * ========================================
  11:main.c        **** */
  12:main.c        **** #include "project.h"
  13:main.c        **** uint8 Ped_Waiting;
  14:main.c        **** uint8 Time_Expired;
  15:main.c        **** uint16 Max_Count;
  16:main.c        **** uint16 count;
  17:main.c        **** 
  18:main.c        **** CY_ISR(my_PWM_TC_isr){
  28              		.loc 1 18 0
  29              		.cfi_startproc
  30              		@ args = 0, pretend = 0, frame = 0
  31              		@ frame_needed = 0, uses_anonymous_args = 0
  32 0000 10B5     		push	{r4, lr}
  33              		.cfi_def_cfa_offset 8
  34              		.cfi_offset 4, -8
  35              		.cfi_offset 14, -4
  19:main.c        ****     uint32 interrupt_source;
  20:main.c        ****     if (Time_Expired == 0) {
  36              		.loc 1 20 0
  37 0002 0D4B     		ldr	r3, .L3
ARM GAS  C:\Users\as3828\AppData\Local\Temp\ccpwlB5T.s 			page 2


  38 0004 1B78     		ldrb	r3, [r3]
  39 0006 002B     		cmp	r3, #0
  40 0008 0ED1     		bne	.L2
  21:main.c        ****         count++;
  41              		.loc 1 21 0
  42 000a 0C4A     		ldr	r2, .L3+4
  43 000c 1388     		ldrh	r3, [r2]
  44 000e 0133     		adds	r3, r3, #1
  45 0010 9BB2     		uxth	r3, r3
  46 0012 1380     		strh	r3, [r2]
  22:main.c        ****         if (count == Max_Count) {
  47              		.loc 1 22 0
  48 0014 0A4A     		ldr	r2, .L3+8
  49 0016 1288     		ldrh	r2, [r2]
  50 0018 9342     		cmp	r3, r2
  51 001a 05D1     		bne	.L2
  23:main.c        ****             Time_Expired = 1;
  52              		.loc 1 23 0
  53 001c 0122     		movs	r2, #1
  54 001e 064B     		ldr	r3, .L3
  55 0020 1A70     		strb	r2, [r3]
  24:main.c        ****             count = 0;
  56              		.loc 1 24 0
  57 0022 0022     		movs	r2, #0
  58 0024 054B     		ldr	r3, .L3+4
  59 0026 1A80     		strh	r2, [r3]
  60              	.L2:
  25:main.c        ****         }
  26:main.c        ****     }
  27:main.c        ****     my_isr_ClearPending();
  61              		.loc 1 27 0
  62 0028 FFF7FEFF 		bl	my_isr_ClearPending
  63              	.LVL0:
  28:main.c        ****     interrupt_source = my_PWM_GetInterruptSourceMasked();
  64              		.loc 1 28 0
  65 002c FFF7FEFF 		bl	my_PWM_GetInterruptSourceMasked
  66              	.LVL1:
  29:main.c        ****     my_PWM_ClearInterrupt(interrupt_source);
  67              		.loc 1 29 0
  68 0030 FFF7FEFF 		bl	my_PWM_ClearInterrupt
  69              	.LVL2:
  30:main.c        **** }
  70              		.loc 1 30 0
  71              		@ sp needed
  72 0034 10BD     		pop	{r4, pc}
  73              	.L4:
  74 0036 C046     		.align	2
  75              	.L3:
  76 0038 00000000 		.word	Time_Expired
  77 003c 00000000 		.word	count
  78 0040 00000000 		.word	Max_Count
  79              		.cfi_endproc
  80              	.LFE32:
  81              		.size	my_PWM_TC_isr, .-my_PWM_TC_isr
  82              		.section	.text.SW_int,"ax",%progbits
  83              		.align	2
  84              		.global	SW_int
ARM GAS  C:\Users\as3828\AppData\Local\Temp\ccpwlB5T.s 			page 3


  85              		.code	16
  86              		.thumb_func
  87              		.type	SW_int, %function
  88              	SW_int:
  89              	.LFB33:
  31:main.c        **** 
  32:main.c        **** CY_ISR(SW_int) {
  90              		.loc 1 32 0
  91              		.cfi_startproc
  92              		@ args = 0, pretend = 0, frame = 0
  93              		@ frame_needed = 0, uses_anonymous_args = 0
  94 0000 10B5     		push	{r4, lr}
  95              		.cfi_def_cfa_offset 8
  96              		.cfi_offset 4, -8
  97              		.cfi_offset 14, -4
  33:main.c        ****     CyDelay(50);
  98              		.loc 1 33 0
  99 0002 3220     		movs	r0, #50
 100 0004 FFF7FEFF 		bl	CyDelay
 101              	.LVL3:
 102              	.L6:
  34:main.c        ****     while (!CrossWalk_Button_Read());
 103              		.loc 1 34 0 discriminator 1
 104 0008 FFF7FEFF 		bl	CrossWalk_Button_Read
 105              	.LVL4:
 106 000c 0028     		cmp	r0, #0
 107 000e FBD0     		beq	.L6
  35:main.c        ****     CyDelay(50);
 108              		.loc 1 35 0
 109 0010 3220     		movs	r0, #50
 110 0012 FFF7FEFF 		bl	CyDelay
 111              	.LVL5:
  36:main.c        ****     Ped_Waiting = 1;
 112              		.loc 1 36 0
 113 0016 0122     		movs	r2, #1
 114 0018 024B     		ldr	r3, .L7
 115 001a 1A70     		strb	r2, [r3]
  37:main.c        ****     CrossWalk_Button_ClearInterrupt();
 116              		.loc 1 37 0
 117 001c FFF7FEFF 		bl	CrossWalk_Button_ClearInterrupt
 118              	.LVL6:
  38:main.c        **** }
 119              		.loc 1 38 0
 120              		@ sp needed
 121 0020 10BD     		pop	{r4, pc}
 122              	.L8:
 123 0022 C046     		.align	2
 124              	.L7:
 125 0024 00000000 		.word	Ped_Waiting
 126              		.cfi_endproc
 127              	.LFE33:
 128              		.size	SW_int, .-SW_int
 129              		.section	.text.main,"ax",%progbits
 130              		.align	2
 131              		.global	main
 132              		.code	16
 133              		.thumb_func
ARM GAS  C:\Users\as3828\AppData\Local\Temp\ccpwlB5T.s 			page 4


 134              		.type	main, %function
 135              	main:
 136              	.LFB34:
  39:main.c        **** 
  40:main.c        **** 
  41:main.c        **** #define T_yellow 1
  42:main.c        **** #define T_Traffic 3
  43:main.c        **** #define T_Ped 6
  44:main.c        **** #define T_Ped_Warning 3
  45:main.c        **** #define RedGreen 0
  46:main.c        **** #define RedYellow 1
  47:main.c        **** #define GreenRed 2
  48:main.c        **** #define YellowRed 3
  49:main.c        **** uint8 state;
  50:main.c        **** 
  51:main.c        **** int main(void)
  52:main.c        **** {
 137              		.loc 1 52 0
 138              		.cfi_startproc
 139              		@ Volatile: function does not return.
 140              		@ args = 0, pretend = 0, frame = 0
 141              		@ frame_needed = 0, uses_anonymous_args = 0
 142 0000 10B5     		push	{r4, lr}
 143              		.cfi_def_cfa_offset 8
 144              		.cfi_offset 4, -8
 145              		.cfi_offset 14, -4
  53:main.c        ****     CyGlobalIntDisable;
 146              		.loc 1 53 0
 147              		.syntax divided
 148              	@ 53 "main.c" 1
 149 0002 72B6     		CPSID   i
 150              	@ 0 "" 2
  54:main.c        ****     my_isr_Start();
 151              		.loc 1 54 0
 152              		.thumb
 153              		.syntax unified
 154 0004 FFF7FEFF 		bl	my_isr_Start
 155              	.LVL7:
  55:main.c        ****     my_isr_SetVector(my_PWM_TC_isr);
 156              		.loc 1 55 0
 157 0008 5B48     		ldr	r0, .L21
 158 000a FFF7FEFF 		bl	my_isr_SetVector
 159              	.LVL8:
  56:main.c        ****     my_PWM_Start();
 160              		.loc 1 56 0
 161 000e FFF7FEFF 		bl	my_PWM_Start
 162              	.LVL9:
  57:main.c        ****     my_isr_Disable();
 163              		.loc 1 57 0
 164 0012 FFF7FEFF 		bl	my_isr_Disable
 165              	.LVL10:
  58:main.c        ****     
  59:main.c        ****     isr_btn_Start();
 166              		.loc 1 59 0
 167 0016 FFF7FEFF 		bl	isr_btn_Start
 168              	.LVL11:
  60:main.c        ****     isr_btn_SetVector(SW_int);
ARM GAS  C:\Users\as3828\AppData\Local\Temp\ccpwlB5T.s 			page 5


 169              		.loc 1 60 0
 170 001a 5848     		ldr	r0, .L21+4
 171 001c FFF7FEFF 		bl	isr_btn_SetVector
 172              	.LVL12:
  61:main.c        ****     
  62:main.c        ****     state = GreenRed;
 173              		.loc 1 62 0
 174 0020 0222     		movs	r2, #2
 175 0022 574B     		ldr	r3, .L21+8
 176 0024 1A70     		strb	r2, [r3]
  63:main.c        ****     
  64:main.c        ****     CyGlobalIntEnable; /* Enable global interrupts. */
 177              		.loc 1 64 0
 178              		.syntax divided
 179              	@ 64 "main.c" 1
 180 0026 62B6     		CPSIE   i
 181              	@ 0 "" 2
 182              		.thumb
 183              		.syntax unified
 184              	.L10:
  65:main.c        **** 
  66:main.c        ****     while (1) {
  67:main.c        ****         
  68:main.c        ****         if (state == GreenRed) {
 185              		.loc 1 68 0
 186 0028 554B     		ldr	r3, .L21+8
 187 002a 1B78     		ldrb	r3, [r3]
 188 002c 022B     		cmp	r3, #2
 189 002e 27D1     		bne	.L11
  69:main.c        ****             LED_Red_Write(0);
 190              		.loc 1 69 0
 191 0030 0020     		movs	r0, #0
 192 0032 FFF7FEFF 		bl	LED_Red_Write
 193              	.LVL13:
  70:main.c        ****             LED_Green_Write(1);
 194              		.loc 1 70 0
 195 0036 0120     		movs	r0, #1
 196 0038 FFF7FEFF 		bl	LED_Green_Write
 197              	.LVL14:
  71:main.c        ****             Time_Expired = 0;
 198              		.loc 1 71 0
 199 003c 0023     		movs	r3, #0
 200 003e 514A     		ldr	r2, .L21+12
 201 0040 1370     		strb	r3, [r2]
  72:main.c        ****             Max_Count = T_Traffic;
 202              		.loc 1 72 0
 203 0042 0321     		movs	r1, #3
 204 0044 504A     		ldr	r2, .L21+16
 205 0046 1180     		strh	r1, [r2]
  73:main.c        ****             count = 0;
 206              		.loc 1 73 0
 207 0048 504A     		ldr	r2, .L21+20
 208 004a 1380     		strh	r3, [r2]
  74:main.c        ****             my_PWM_Stop();
 209              		.loc 1 74 0
 210 004c FFF7FEFF 		bl	my_PWM_Stop
 211              	.LVL15:
ARM GAS  C:\Users\as3828\AppData\Local\Temp\ccpwlB5T.s 			page 6


  75:main.c        ****             my_PWM_WriteCounter(0);
 212              		.loc 1 75 0
 213 0050 0020     		movs	r0, #0
 214 0052 FFF7FEFF 		bl	my_PWM_WriteCounter
 215              	.LVL16:
  76:main.c        ****             my_PWM_Start();
 216              		.loc 1 76 0
 217 0056 FFF7FEFF 		bl	my_PWM_Start
 218              	.LVL17:
  77:main.c        ****             
  78:main.c        ****             my_isr_Enable();
 219              		.loc 1 78 0
 220 005a FFF7FEFF 		bl	my_isr_Enable
 221              	.LVL18:
 222              	.L12:
  79:main.c        ****             while (!Time_Expired);
 223              		.loc 1 79 0 discriminator 1
 224 005e 494B     		ldr	r3, .L21+12
 225 0060 1B78     		ldrb	r3, [r3]
 226 0062 002B     		cmp	r3, #0
 227 0064 FBD0     		beq	.L12
  80:main.c        ****             my_isr_Disable();
 228              		.loc 1 80 0
 229 0066 FFF7FEFF 		bl	my_isr_Disable
 230              	.LVL19:
 231              	.L13:
  81:main.c        ****             while (!Ped_Waiting);
 232              		.loc 1 81 0 discriminator 1
 233 006a 494B     		ldr	r3, .L21+24
 234 006c 1B78     		ldrb	r3, [r3]
 235 006e 002B     		cmp	r3, #0
 236 0070 FBD0     		beq	.L13
  82:main.c        ****             Ped_Waiting = 0;
 237              		.loc 1 82 0
 238 0072 0022     		movs	r2, #0
 239 0074 464B     		ldr	r3, .L21+24
 240 0076 1A70     		strb	r2, [r3]
  83:main.c        ****             state = YellowRed;            
 241              		.loc 1 83 0
 242 0078 0332     		adds	r2, r2, #3
 243 007a 414B     		ldr	r3, .L21+8
 244 007c 1A70     		strb	r2, [r3]
 245 007e D3E7     		b	.L10
 246              	.L11:
  84:main.c        ****         }
  85:main.c        ****         else if (state == YellowRed) {
 247              		.loc 1 85 0
 248 0080 032B     		cmp	r3, #3
 249 0082 20D1     		bne	.L15
  86:main.c        ****             LED_Red_Write(0);
 250              		.loc 1 86 0
 251 0084 0020     		movs	r0, #0
 252 0086 FFF7FEFF 		bl	LED_Red_Write
 253              	.LVL20:
  87:main.c        ****             LED_Green_Write(1);
 254              		.loc 1 87 0
 255 008a 0120     		movs	r0, #1
ARM GAS  C:\Users\as3828\AppData\Local\Temp\ccpwlB5T.s 			page 7


 256 008c FFF7FEFF 		bl	LED_Green_Write
 257              	.LVL21:
  88:main.c        ****             Time_Expired = 0;
 258              		.loc 1 88 0
 259 0090 0023     		movs	r3, #0
 260 0092 3C4A     		ldr	r2, .L21+12
 261 0094 1370     		strb	r3, [r2]
  89:main.c        ****             Max_Count = T_yellow;
 262              		.loc 1 89 0
 263 0096 0121     		movs	r1, #1
 264 0098 3B4A     		ldr	r2, .L21+16
 265 009a 1180     		strh	r1, [r2]
  90:main.c        ****             count = 0;
 266              		.loc 1 90 0
 267 009c 3B4A     		ldr	r2, .L21+20
 268 009e 1380     		strh	r3, [r2]
  91:main.c        ****             my_PWM_Stop();
 269              		.loc 1 91 0
 270 00a0 FFF7FEFF 		bl	my_PWM_Stop
 271              	.LVL22:
  92:main.c        ****             my_PWM_WriteCounter(0);
 272              		.loc 1 92 0
 273 00a4 0020     		movs	r0, #0
 274 00a6 FFF7FEFF 		bl	my_PWM_WriteCounter
 275              	.LVL23:
  93:main.c        ****             my_PWM_Start();
 276              		.loc 1 93 0
 277 00aa FFF7FEFF 		bl	my_PWM_Start
 278              	.LVL24:
  94:main.c        ****             
  95:main.c        ****             my_isr_Enable();
 279              		.loc 1 95 0
 280 00ae FFF7FEFF 		bl	my_isr_Enable
 281              	.LVL25:
 282              	.L16:
  96:main.c        ****             while (!Time_Expired);
 283              		.loc 1 96 0 discriminator 1
 284 00b2 344B     		ldr	r3, .L21+12
 285 00b4 1B78     		ldrb	r3, [r3]
 286 00b6 002B     		cmp	r3, #0
 287 00b8 FBD0     		beq	.L16
  97:main.c        ****             my_isr_Disable();
 288              		.loc 1 97 0
 289 00ba FFF7FEFF 		bl	my_isr_Disable
 290              	.LVL26:
  98:main.c        ****             
  99:main.c        ****             state = RedGreen;            
 291              		.loc 1 99 0
 292 00be 0022     		movs	r2, #0
 293 00c0 2F4B     		ldr	r3, .L21+8
 294 00c2 1A70     		strb	r2, [r3]
 295 00c4 B0E7     		b	.L10
 296              	.L15:
 100:main.c        ****         }
 101:main.c        ****         else if (state == RedGreen) {
 297              		.loc 1 101 0
 298 00c6 002B     		cmp	r3, #0
ARM GAS  C:\Users\as3828\AppData\Local\Temp\ccpwlB5T.s 			page 8


 299 00c8 20D1     		bne	.L17
 102:main.c        ****             LED_Red_Write(1);
 300              		.loc 1 102 0
 301 00ca 0120     		movs	r0, #1
 302 00cc FFF7FEFF 		bl	LED_Red_Write
 303              	.LVL27:
 103:main.c        ****             LED_Green_Write(0);
 304              		.loc 1 103 0
 305 00d0 0020     		movs	r0, #0
 306 00d2 FFF7FEFF 		bl	LED_Green_Write
 307              	.LVL28:
 104:main.c        ****             Time_Expired = 0;
 308              		.loc 1 104 0
 309 00d6 0023     		movs	r3, #0
 310 00d8 2A4A     		ldr	r2, .L21+12
 311 00da 1370     		strb	r3, [r2]
 105:main.c        ****             Max_Count = T_Ped;
 312              		.loc 1 105 0
 313 00dc 0621     		movs	r1, #6
 314 00de 2A4A     		ldr	r2, .L21+16
 315 00e0 1180     		strh	r1, [r2]
 106:main.c        ****             count = 0;
 316              		.loc 1 106 0
 317 00e2 2A4A     		ldr	r2, .L21+20
 318 00e4 1380     		strh	r3, [r2]
 107:main.c        ****             my_PWM_Stop();
 319              		.loc 1 107 0
 320 00e6 FFF7FEFF 		bl	my_PWM_Stop
 321              	.LVL29:
 108:main.c        ****             my_PWM_WriteCounter(0);
 322              		.loc 1 108 0
 323 00ea 0020     		movs	r0, #0
 324 00ec FFF7FEFF 		bl	my_PWM_WriteCounter
 325              	.LVL30:
 109:main.c        ****             my_PWM_Start();
 326              		.loc 1 109 0
 327 00f0 FFF7FEFF 		bl	my_PWM_Start
 328              	.LVL31:
 110:main.c        ****             
 111:main.c        ****             my_isr_Enable();
 329              		.loc 1 111 0
 330 00f4 FFF7FEFF 		bl	my_isr_Enable
 331              	.LVL32:
 332              	.L18:
 112:main.c        ****             while (!Time_Expired);
 333              		.loc 1 112 0 discriminator 1
 334 00f8 224B     		ldr	r3, .L21+12
 335 00fa 1B78     		ldrb	r3, [r3]
 336 00fc 002B     		cmp	r3, #0
 337 00fe FBD0     		beq	.L18
 113:main.c        ****             my_isr_Disable();   
 338              		.loc 1 113 0
 339 0100 FFF7FEFF 		bl	my_isr_Disable
 340              	.LVL33:
 114:main.c        ****             state = RedYellow;            
 341              		.loc 1 114 0
 342 0104 0122     		movs	r2, #1
ARM GAS  C:\Users\as3828\AppData\Local\Temp\ccpwlB5T.s 			page 9


 343 0106 1E4B     		ldr	r3, .L21+8
 344 0108 1A70     		strb	r2, [r3]
 345 010a 8DE7     		b	.L10
 346              	.L17:
 115:main.c        ****         }
 116:main.c        ****         else if (state == RedYellow) {
 347              		.loc 1 116 0
 348 010c 012B     		cmp	r3, #1
 349 010e 8BD1     		bne	.L10
 117:main.c        ****             LED_Red_Write(0);
 350              		.loc 1 117 0
 351 0110 0020     		movs	r0, #0
 352 0112 FFF7FEFF 		bl	LED_Red_Write
 353              	.LVL34:
 118:main.c        ****             LED_Green_Write(0);
 354              		.loc 1 118 0
 355 0116 0020     		movs	r0, #0
 356 0118 FFF7FEFF 		bl	LED_Green_Write
 357              	.LVL35:
 119:main.c        ****             
 120:main.c        ****             Time_Expired = 0;
 358              		.loc 1 120 0
 359 011c 0023     		movs	r3, #0
 360 011e 194A     		ldr	r2, .L21+12
 361 0120 1370     		strb	r3, [r2]
 121:main.c        ****             Max_Count = T_Ped_Warning;
 362              		.loc 1 121 0
 363 0122 0321     		movs	r1, #3
 364 0124 184A     		ldr	r2, .L21+16
 365 0126 1180     		strh	r1, [r2]
 122:main.c        ****             count = 0;
 366              		.loc 1 122 0
 367 0128 184A     		ldr	r2, .L21+20
 368 012a 1380     		strh	r3, [r2]
 123:main.c        ****             my_PWM_Stop();
 369              		.loc 1 123 0
 370 012c FFF7FEFF 		bl	my_PWM_Stop
 371              	.LVL36:
 124:main.c        ****             my_PWM_WriteCounter(0);
 372              		.loc 1 124 0
 373 0130 0020     		movs	r0, #0
 374 0132 FFF7FEFF 		bl	my_PWM_WriteCounter
 375              	.LVL37:
 125:main.c        ****             my_PWM_Start();
 376              		.loc 1 125 0
 377 0136 FFF7FEFF 		bl	my_PWM_Start
 378              	.LVL38:
 126:main.c        ****             
 127:main.c        ****             my_isr_Enable();
 379              		.loc 1 127 0
 380 013a FFF7FEFF 		bl	my_isr_Enable
 381              	.LVL39:
 128:main.c        ****             while (!Time_Expired) {
 382              		.loc 1 128 0
 383 013e 11E0     		b	.L19
 384              	.L20:
 129:main.c        ****                 CyDelay(100); LED_Red_Write(0); LED_Green_Write(0);
ARM GAS  C:\Users\as3828\AppData\Local\Temp\ccpwlB5T.s 			page 10


 385              		.loc 1 129 0
 386 0140 6420     		movs	r0, #100
 387 0142 FFF7FEFF 		bl	CyDelay
 388              	.LVL40:
 389 0146 0020     		movs	r0, #0
 390 0148 FFF7FEFF 		bl	LED_Red_Write
 391              	.LVL41:
 392 014c 0020     		movs	r0, #0
 393 014e FFF7FEFF 		bl	LED_Green_Write
 394              	.LVL42:
 130:main.c        ****                 CyDelay(100); LED_Red_Write(1); LED_Green_Write(0);
 395              		.loc 1 130 0
 396 0152 6420     		movs	r0, #100
 397 0154 FFF7FEFF 		bl	CyDelay
 398              	.LVL43:
 399 0158 0120     		movs	r0, #1
 400 015a FFF7FEFF 		bl	LED_Red_Write
 401              	.LVL44:
 402 015e 0020     		movs	r0, #0
 403 0160 FFF7FEFF 		bl	LED_Green_Write
 404              	.LVL45:
 405              	.L19:
 128:main.c        ****             while (!Time_Expired) {
 406              		.loc 1 128 0
 407 0164 074B     		ldr	r3, .L21+12
 408 0166 1B78     		ldrb	r3, [r3]
 409 0168 002B     		cmp	r3, #0
 410 016a E9D0     		beq	.L20
 131:main.c        ****             }
 132:main.c        ****             my_isr_Disable();
 411              		.loc 1 132 0
 412 016c FFF7FEFF 		bl	my_isr_Disable
 413              	.LVL46:
 133:main.c        ****             state = GreenRed;            
 414              		.loc 1 133 0
 415 0170 0222     		movs	r2, #2
 416 0172 034B     		ldr	r3, .L21+8
 417 0174 1A70     		strb	r2, [r3]
 418 0176 57E7     		b	.L10
 419              	.L22:
 420              		.align	2
 421              	.L21:
 422 0178 00000000 		.word	my_PWM_TC_isr
 423 017c 00000000 		.word	SW_int
 424 0180 00000000 		.word	state
 425 0184 00000000 		.word	Time_Expired
 426 0188 00000000 		.word	Max_Count
 427 018c 00000000 		.word	count
 428 0190 00000000 		.word	Ped_Waiting
 429              		.cfi_endproc
 430              	.LFE34:
 431              		.size	main, .-main
 432              		.comm	state,1,1
 433              		.comm	count,2,2
 434              		.comm	Max_Count,2,2
 435              		.comm	Time_Expired,1,1
 436              		.comm	Ped_Waiting,1,1
ARM GAS  C:\Users\as3828\AppData\Local\Temp\ccpwlB5T.s 			page 11


 437              		.text
 438              	.Letext0:
 439              		.file 2 "Generated_Source\\PSoC4/cytypes.h"
 440              		.file 3 "Generated_Source\\PSoC4/my_isr.h"
 441              		.file 4 "Generated_Source\\PSoC4/my_PWM.h"
 442              		.file 5 "Generated_Source\\PSoC4/CyLib.h"
 443              		.file 6 "Generated_Source\\PSoC4/CrossWalk_Button.h"
 444              		.file 7 "Generated_Source\\PSoC4/isr_btn.h"
 445              		.file 8 "Generated_Source\\PSoC4/LED_Red.h"
 446              		.file 9 "Generated_Source\\PSoC4/LED_Green.h"
 447              		.section	.debug_info,"",%progbits
 448              	.Ldebug_info0:
 449 0000 A8040000 		.4byte	0x4a8
 450 0004 0400     		.2byte	0x4
 451 0006 00000000 		.4byte	.Ldebug_abbrev0
 452 000a 04       		.byte	0x4
 453 000b 01       		.uleb128 0x1
 454 000c A6010000 		.4byte	.LASF41
 455 0010 0C       		.byte	0xc
 456 0011 5D020000 		.4byte	.LASF42
 457 0015 E0000000 		.4byte	.LASF43
 458 0019 00000000 		.4byte	.Ldebug_ranges0+0
 459 001d 00000000 		.4byte	0
 460 0021 00000000 		.4byte	.Ldebug_line0
 461 0025 02       		.uleb128 0x2
 462 0026 01       		.byte	0x1
 463 0027 06       		.byte	0x6
 464 0028 CA020000 		.4byte	.LASF0
 465 002c 02       		.uleb128 0x2
 466 002d 01       		.byte	0x1
 467 002e 08       		.byte	0x8
 468 002f 16010000 		.4byte	.LASF1
 469 0033 02       		.uleb128 0x2
 470 0034 02       		.byte	0x2
 471 0035 05       		.byte	0x5
 472 0036 69020000 		.4byte	.LASF2
 473 003a 02       		.uleb128 0x2
 474 003b 02       		.byte	0x2
 475 003c 07       		.byte	0x7
 476 003d 4F000000 		.4byte	.LASF3
 477 0041 02       		.uleb128 0x2
 478 0042 04       		.byte	0x4
 479 0043 05       		.byte	0x5
 480 0044 B5020000 		.4byte	.LASF4
 481 0048 02       		.uleb128 0x2
 482 0049 04       		.byte	0x4
 483 004a 07       		.byte	0x7
 484 004b 63010000 		.4byte	.LASF5
 485 004f 02       		.uleb128 0x2
 486 0050 08       		.byte	0x8
 487 0051 05       		.byte	0x5
 488 0052 4F020000 		.4byte	.LASF6
 489 0056 02       		.uleb128 0x2
 490 0057 08       		.byte	0x8
 491 0058 07       		.byte	0x7
 492 0059 82010000 		.4byte	.LASF7
 493 005d 03       		.uleb128 0x3
ARM GAS  C:\Users\as3828\AppData\Local\Temp\ccpwlB5T.s 			page 12


 494 005e 04       		.byte	0x4
 495 005f 05       		.byte	0x5
 496 0060 696E7400 		.ascii	"int\000"
 497 0064 02       		.uleb128 0x2
 498 0065 04       		.byte	0x4
 499 0066 07       		.byte	0x7
 500 0067 75010000 		.4byte	.LASF8
 501 006b 04       		.uleb128 0x4
 502 006c A7000000 		.4byte	.LASF9
 503 0070 02       		.byte	0x2
 504 0071 D201     		.2byte	0x1d2
 505 0073 2C000000 		.4byte	0x2c
 506 0077 04       		.uleb128 0x4
 507 0078 50010000 		.4byte	.LASF10
 508 007c 02       		.byte	0x2
 509 007d D301     		.2byte	0x1d3
 510 007f 3A000000 		.4byte	0x3a
 511 0083 04       		.uleb128 0x4
 512 0084 57010000 		.4byte	.LASF11
 513 0088 02       		.byte	0x2
 514 0089 D401     		.2byte	0x1d4
 515 008b 48000000 		.4byte	0x48
 516 008f 02       		.uleb128 0x2
 517 0090 04       		.byte	0x4
 518 0091 04       		.byte	0x4
 519 0092 6E000000 		.4byte	.LASF12
 520 0096 02       		.uleb128 0x2
 521 0097 08       		.byte	0x8
 522 0098 04       		.byte	0x4
 523 0099 24010000 		.4byte	.LASF13
 524 009d 02       		.uleb128 0x2
 525 009e 01       		.byte	0x1
 526 009f 08       		.byte	0x8
 527 00a0 64020000 		.4byte	.LASF14
 528 00a4 02       		.uleb128 0x2
 529 00a5 08       		.byte	0x8
 530 00a6 04       		.byte	0x4
 531 00a7 BE020000 		.4byte	.LASF15
 532 00ab 02       		.uleb128 0x2
 533 00ac 04       		.byte	0x4
 534 00ad 07       		.byte	0x7
 535 00ae 34020000 		.4byte	.LASF16
 536 00b2 05       		.uleb128 0x5
 537 00b3 81000000 		.4byte	.LASF17
 538 00b7 01       		.byte	0x1
 539 00b8 12       		.byte	0x12
 540 00b9 00000000 		.4byte	.LFB32
 541 00bd 44000000 		.4byte	.LFE32-.LFB32
 542 00c1 01       		.uleb128 0x1
 543 00c2 9C       		.byte	0x9c
 544 00c3 F2000000 		.4byte	0xf2
 545 00c7 06       		.uleb128 0x6
 546 00c8 CF000000 		.4byte	.LASF44
 547 00cc 01       		.byte	0x1
 548 00cd 13       		.byte	0x13
 549 00ce 83000000 		.4byte	0x83
 550 00d2 00000000 		.4byte	.LLST0
ARM GAS  C:\Users\as3828\AppData\Local\Temp\ccpwlB5T.s 			page 13


 551 00d6 07       		.uleb128 0x7
 552 00d7 2C000000 		.4byte	.LVL0
 553 00db EB030000 		.4byte	0x3eb
 554 00df 07       		.uleb128 0x7
 555 00e0 30000000 		.4byte	.LVL1
 556 00e4 F6030000 		.4byte	0x3f6
 557 00e8 07       		.uleb128 0x7
 558 00e9 34000000 		.4byte	.LVL2
 559 00ed 02040000 		.4byte	0x402
 560 00f1 00       		.byte	0
 561 00f2 05       		.uleb128 0x5
 562 00f3 48000000 		.4byte	.LASF18
 563 00f7 01       		.byte	0x1
 564 00f8 20       		.byte	0x20
 565 00f9 00000000 		.4byte	.LFB33
 566 00fd 28000000 		.4byte	.LFE33-.LFB33
 567 0101 01       		.uleb128 0x1
 568 0102 9C       		.byte	0x9c
 569 0103 42010000 		.4byte	0x142
 570 0107 08       		.uleb128 0x8
 571 0108 08000000 		.4byte	.LVL3
 572 010c 0E040000 		.4byte	0x40e
 573 0110 1B010000 		.4byte	0x11b
 574 0114 09       		.uleb128 0x9
 575 0115 01       		.uleb128 0x1
 576 0116 50       		.byte	0x50
 577 0117 02       		.uleb128 0x2
 578 0118 08       		.byte	0x8
 579 0119 32       		.byte	0x32
 580 011a 00       		.byte	0
 581 011b 07       		.uleb128 0x7
 582 011c 0C000000 		.4byte	.LVL4
 583 0120 19040000 		.4byte	0x419
 584 0124 08       		.uleb128 0x8
 585 0125 16000000 		.4byte	.LVL5
 586 0129 0E040000 		.4byte	0x40e
 587 012d 38010000 		.4byte	0x138
 588 0131 09       		.uleb128 0x9
 589 0132 01       		.uleb128 0x1
 590 0133 50       		.byte	0x50
 591 0134 02       		.uleb128 0x2
 592 0135 08       		.byte	0x8
 593 0136 32       		.byte	0x32
 594 0137 00       		.byte	0
 595 0138 07       		.uleb128 0x7
 596 0139 20000000 		.4byte	.LVL6
 597 013d 24040000 		.4byte	0x424
 598 0141 00       		.byte	0
 599 0142 0A       		.uleb128 0xa
 600 0143 5E010000 		.4byte	.LASF45
 601 0147 01       		.byte	0x1
 602 0148 33       		.byte	0x33
 603 0149 5D000000 		.4byte	0x5d
 604 014d 00000000 		.4byte	.LFB34
 605 0151 94010000 		.4byte	.LFE34-.LFB34
 606 0155 01       		.uleb128 0x1
 607 0156 9C       		.byte	0x9c
ARM GAS  C:\Users\as3828\AppData\Local\Temp\ccpwlB5T.s 			page 14


 608 0157 96030000 		.4byte	0x396
 609 015b 07       		.uleb128 0x7
 610 015c 08000000 		.4byte	.LVL7
 611 0160 2F040000 		.4byte	0x42f
 612 0164 08       		.uleb128 0x8
 613 0165 0E000000 		.4byte	.LVL8
 614 0169 3A040000 		.4byte	0x43a
 615 016d 7B010000 		.4byte	0x17b
 616 0171 09       		.uleb128 0x9
 617 0172 01       		.uleb128 0x1
 618 0173 50       		.byte	0x50
 619 0174 05       		.uleb128 0x5
 620 0175 03       		.byte	0x3
 621 0176 00000000 		.4byte	my_PWM_TC_isr
 622 017a 00       		.byte	0
 623 017b 07       		.uleb128 0x7
 624 017c 12000000 		.4byte	.LVL9
 625 0180 45040000 		.4byte	0x445
 626 0184 07       		.uleb128 0x7
 627 0185 16000000 		.4byte	.LVL10
 628 0189 51040000 		.4byte	0x451
 629 018d 07       		.uleb128 0x7
 630 018e 1A000000 		.4byte	.LVL11
 631 0192 5C040000 		.4byte	0x45c
 632 0196 08       		.uleb128 0x8
 633 0197 20000000 		.4byte	.LVL12
 634 019b 67040000 		.4byte	0x467
 635 019f AD010000 		.4byte	0x1ad
 636 01a3 09       		.uleb128 0x9
 637 01a4 01       		.uleb128 0x1
 638 01a5 50       		.byte	0x50
 639 01a6 05       		.uleb128 0x5
 640 01a7 03       		.byte	0x3
 641 01a8 00000000 		.4byte	SW_int
 642 01ac 00       		.byte	0
 643 01ad 08       		.uleb128 0x8
 644 01ae 36000000 		.4byte	.LVL13
 645 01b2 72040000 		.4byte	0x472
 646 01b6 C0010000 		.4byte	0x1c0
 647 01ba 09       		.uleb128 0x9
 648 01bb 01       		.uleb128 0x1
 649 01bc 50       		.byte	0x50
 650 01bd 01       		.uleb128 0x1
 651 01be 30       		.byte	0x30
 652 01bf 00       		.byte	0
 653 01c0 08       		.uleb128 0x8
 654 01c1 3C000000 		.4byte	.LVL14
 655 01c5 7D040000 		.4byte	0x47d
 656 01c9 D3010000 		.4byte	0x1d3
 657 01cd 09       		.uleb128 0x9
 658 01ce 01       		.uleb128 0x1
 659 01cf 50       		.byte	0x50
 660 01d0 01       		.uleb128 0x1
 661 01d1 31       		.byte	0x31
 662 01d2 00       		.byte	0
 663 01d3 07       		.uleb128 0x7
 664 01d4 50000000 		.4byte	.LVL15
ARM GAS  C:\Users\as3828\AppData\Local\Temp\ccpwlB5T.s 			page 15


 665 01d8 88040000 		.4byte	0x488
 666 01dc 08       		.uleb128 0x8
 667 01dd 56000000 		.4byte	.LVL16
 668 01e1 94040000 		.4byte	0x494
 669 01e5 EF010000 		.4byte	0x1ef
 670 01e9 09       		.uleb128 0x9
 671 01ea 01       		.uleb128 0x1
 672 01eb 50       		.byte	0x50
 673 01ec 01       		.uleb128 0x1
 674 01ed 30       		.byte	0x30
 675 01ee 00       		.byte	0
 676 01ef 07       		.uleb128 0x7
 677 01f0 5A000000 		.4byte	.LVL17
 678 01f4 45040000 		.4byte	0x445
 679 01f8 07       		.uleb128 0x7
 680 01f9 5E000000 		.4byte	.LVL18
 681 01fd A0040000 		.4byte	0x4a0
 682 0201 07       		.uleb128 0x7
 683 0202 6A000000 		.4byte	.LVL19
 684 0206 51040000 		.4byte	0x451
 685 020a 08       		.uleb128 0x8
 686 020b 8A000000 		.4byte	.LVL20
 687 020f 72040000 		.4byte	0x472
 688 0213 1D020000 		.4byte	0x21d
 689 0217 09       		.uleb128 0x9
 690 0218 01       		.uleb128 0x1
 691 0219 50       		.byte	0x50
 692 021a 01       		.uleb128 0x1
 693 021b 30       		.byte	0x30
 694 021c 00       		.byte	0
 695 021d 08       		.uleb128 0x8
 696 021e 90000000 		.4byte	.LVL21
 697 0222 7D040000 		.4byte	0x47d
 698 0226 30020000 		.4byte	0x230
 699 022a 09       		.uleb128 0x9
 700 022b 01       		.uleb128 0x1
 701 022c 50       		.byte	0x50
 702 022d 01       		.uleb128 0x1
 703 022e 31       		.byte	0x31
 704 022f 00       		.byte	0
 705 0230 07       		.uleb128 0x7
 706 0231 A4000000 		.4byte	.LVL22
 707 0235 88040000 		.4byte	0x488
 708 0239 08       		.uleb128 0x8
 709 023a AA000000 		.4byte	.LVL23
 710 023e 94040000 		.4byte	0x494
 711 0242 4C020000 		.4byte	0x24c
 712 0246 09       		.uleb128 0x9
 713 0247 01       		.uleb128 0x1
 714 0248 50       		.byte	0x50
 715 0249 01       		.uleb128 0x1
 716 024a 30       		.byte	0x30
 717 024b 00       		.byte	0
 718 024c 07       		.uleb128 0x7
 719 024d AE000000 		.4byte	.LVL24
 720 0251 45040000 		.4byte	0x445
 721 0255 07       		.uleb128 0x7
ARM GAS  C:\Users\as3828\AppData\Local\Temp\ccpwlB5T.s 			page 16


 722 0256 B2000000 		.4byte	.LVL25
 723 025a A0040000 		.4byte	0x4a0
 724 025e 07       		.uleb128 0x7
 725 025f BE000000 		.4byte	.LVL26
 726 0263 51040000 		.4byte	0x451
 727 0267 08       		.uleb128 0x8
 728 0268 D0000000 		.4byte	.LVL27
 729 026c 72040000 		.4byte	0x472
 730 0270 7A020000 		.4byte	0x27a
 731 0274 09       		.uleb128 0x9
 732 0275 01       		.uleb128 0x1
 733 0276 50       		.byte	0x50
 734 0277 01       		.uleb128 0x1
 735 0278 31       		.byte	0x31
 736 0279 00       		.byte	0
 737 027a 08       		.uleb128 0x8
 738 027b D6000000 		.4byte	.LVL28
 739 027f 7D040000 		.4byte	0x47d
 740 0283 8D020000 		.4byte	0x28d
 741 0287 09       		.uleb128 0x9
 742 0288 01       		.uleb128 0x1
 743 0289 50       		.byte	0x50
 744 028a 01       		.uleb128 0x1
 745 028b 30       		.byte	0x30
 746 028c 00       		.byte	0
 747 028d 07       		.uleb128 0x7
 748 028e EA000000 		.4byte	.LVL29
 749 0292 88040000 		.4byte	0x488
 750 0296 08       		.uleb128 0x8
 751 0297 F0000000 		.4byte	.LVL30
 752 029b 94040000 		.4byte	0x494
 753 029f A9020000 		.4byte	0x2a9
 754 02a3 09       		.uleb128 0x9
 755 02a4 01       		.uleb128 0x1
 756 02a5 50       		.byte	0x50
 757 02a6 01       		.uleb128 0x1
 758 02a7 30       		.byte	0x30
 759 02a8 00       		.byte	0
 760 02a9 07       		.uleb128 0x7
 761 02aa F4000000 		.4byte	.LVL31
 762 02ae 45040000 		.4byte	0x445
 763 02b2 07       		.uleb128 0x7
 764 02b3 F8000000 		.4byte	.LVL32
 765 02b7 A0040000 		.4byte	0x4a0
 766 02bb 07       		.uleb128 0x7
 767 02bc 04010000 		.4byte	.LVL33
 768 02c0 51040000 		.4byte	0x451
 769 02c4 08       		.uleb128 0x8
 770 02c5 16010000 		.4byte	.LVL34
 771 02c9 72040000 		.4byte	0x472
 772 02cd D7020000 		.4byte	0x2d7
 773 02d1 09       		.uleb128 0x9
 774 02d2 01       		.uleb128 0x1
 775 02d3 50       		.byte	0x50
 776 02d4 01       		.uleb128 0x1
 777 02d5 30       		.byte	0x30
 778 02d6 00       		.byte	0
ARM GAS  C:\Users\as3828\AppData\Local\Temp\ccpwlB5T.s 			page 17


 779 02d7 08       		.uleb128 0x8
 780 02d8 1C010000 		.4byte	.LVL35
 781 02dc 7D040000 		.4byte	0x47d
 782 02e0 EA020000 		.4byte	0x2ea
 783 02e4 09       		.uleb128 0x9
 784 02e5 01       		.uleb128 0x1
 785 02e6 50       		.byte	0x50
 786 02e7 01       		.uleb128 0x1
 787 02e8 30       		.byte	0x30
 788 02e9 00       		.byte	0
 789 02ea 07       		.uleb128 0x7
 790 02eb 30010000 		.4byte	.LVL36
 791 02ef 88040000 		.4byte	0x488
 792 02f3 08       		.uleb128 0x8
 793 02f4 36010000 		.4byte	.LVL37
 794 02f8 94040000 		.4byte	0x494
 795 02fc 06030000 		.4byte	0x306
 796 0300 09       		.uleb128 0x9
 797 0301 01       		.uleb128 0x1
 798 0302 50       		.byte	0x50
 799 0303 01       		.uleb128 0x1
 800 0304 30       		.byte	0x30
 801 0305 00       		.byte	0
 802 0306 07       		.uleb128 0x7
 803 0307 3A010000 		.4byte	.LVL38
 804 030b 45040000 		.4byte	0x445
 805 030f 07       		.uleb128 0x7
 806 0310 3E010000 		.4byte	.LVL39
 807 0314 A0040000 		.4byte	0x4a0
 808 0318 08       		.uleb128 0x8
 809 0319 46010000 		.4byte	.LVL40
 810 031d 0E040000 		.4byte	0x40e
 811 0321 2C030000 		.4byte	0x32c
 812 0325 09       		.uleb128 0x9
 813 0326 01       		.uleb128 0x1
 814 0327 50       		.byte	0x50
 815 0328 02       		.uleb128 0x2
 816 0329 08       		.byte	0x8
 817 032a 64       		.byte	0x64
 818 032b 00       		.byte	0
 819 032c 08       		.uleb128 0x8
 820 032d 4C010000 		.4byte	.LVL41
 821 0331 72040000 		.4byte	0x472
 822 0335 3F030000 		.4byte	0x33f
 823 0339 09       		.uleb128 0x9
 824 033a 01       		.uleb128 0x1
 825 033b 50       		.byte	0x50
 826 033c 01       		.uleb128 0x1
 827 033d 30       		.byte	0x30
 828 033e 00       		.byte	0
 829 033f 08       		.uleb128 0x8
 830 0340 52010000 		.4byte	.LVL42
 831 0344 7D040000 		.4byte	0x47d
 832 0348 52030000 		.4byte	0x352
 833 034c 09       		.uleb128 0x9
 834 034d 01       		.uleb128 0x1
 835 034e 50       		.byte	0x50
ARM GAS  C:\Users\as3828\AppData\Local\Temp\ccpwlB5T.s 			page 18


 836 034f 01       		.uleb128 0x1
 837 0350 30       		.byte	0x30
 838 0351 00       		.byte	0
 839 0352 08       		.uleb128 0x8
 840 0353 58010000 		.4byte	.LVL43
 841 0357 0E040000 		.4byte	0x40e
 842 035b 66030000 		.4byte	0x366
 843 035f 09       		.uleb128 0x9
 844 0360 01       		.uleb128 0x1
 845 0361 50       		.byte	0x50
 846 0362 02       		.uleb128 0x2
 847 0363 08       		.byte	0x8
 848 0364 64       		.byte	0x64
 849 0365 00       		.byte	0
 850 0366 08       		.uleb128 0x8
 851 0367 5E010000 		.4byte	.LVL44
 852 036b 72040000 		.4byte	0x472
 853 036f 79030000 		.4byte	0x379
 854 0373 09       		.uleb128 0x9
 855 0374 01       		.uleb128 0x1
 856 0375 50       		.byte	0x50
 857 0376 01       		.uleb128 0x1
 858 0377 31       		.byte	0x31
 859 0378 00       		.byte	0
 860 0379 08       		.uleb128 0x8
 861 037a 64010000 		.4byte	.LVL45
 862 037e 7D040000 		.4byte	0x47d
 863 0382 8C030000 		.4byte	0x38c
 864 0386 09       		.uleb128 0x9
 865 0387 01       		.uleb128 0x1
 866 0388 50       		.byte	0x50
 867 0389 01       		.uleb128 0x1
 868 038a 30       		.byte	0x30
 869 038b 00       		.byte	0
 870 038c 07       		.uleb128 0x7
 871 038d 70010000 		.4byte	.LVL46
 872 0391 51040000 		.4byte	0x451
 873 0395 00       		.byte	0
 874 0396 0B       		.uleb128 0xb
 875 0397 62000000 		.4byte	.LASF19
 876 039b 01       		.byte	0x1
 877 039c 0D       		.byte	0xd
 878 039d 6B000000 		.4byte	0x6b
 879 03a1 05       		.uleb128 0x5
 880 03a2 03       		.byte	0x3
 881 03a3 00000000 		.4byte	Ped_Waiting
 882 03a7 0B       		.uleb128 0xb
 883 03a8 74000000 		.4byte	.LASF20
 884 03ac 01       		.byte	0x1
 885 03ad 0E       		.byte	0xe
 886 03ae 6B000000 		.4byte	0x6b
 887 03b2 05       		.uleb128 0x5
 888 03b3 03       		.byte	0x3
 889 03b4 00000000 		.4byte	Time_Expired
 890 03b8 0B       		.uleb128 0xb
 891 03b9 8F000000 		.4byte	.LASF21
 892 03bd 01       		.byte	0x1
ARM GAS  C:\Users\as3828\AppData\Local\Temp\ccpwlB5T.s 			page 19


 893 03be 0F       		.byte	0xf
 894 03bf 77000000 		.4byte	0x77
 895 03c3 05       		.uleb128 0x5
 896 03c4 03       		.byte	0x3
 897 03c5 00000000 		.4byte	Max_Count
 898 03c9 0B       		.uleb128 0xb
 899 03ca 42000000 		.4byte	.LASF22
 900 03ce 01       		.byte	0x1
 901 03cf 10       		.byte	0x10
 902 03d0 77000000 		.4byte	0x77
 903 03d4 05       		.uleb128 0x5
 904 03d5 03       		.byte	0x3
 905 03d6 00000000 		.4byte	count
 906 03da 0B       		.uleb128 0xb
 907 03db 2F000000 		.4byte	.LASF23
 908 03df 01       		.byte	0x1
 909 03e0 31       		.byte	0x31
 910 03e1 6B000000 		.4byte	0x6b
 911 03e5 05       		.uleb128 0x5
 912 03e6 03       		.byte	0x3
 913 03e7 00000000 		.4byte	state
 914 03eb 0C       		.uleb128 0xc
 915 03ec D6020000 		.4byte	.LASF24
 916 03f0 D6020000 		.4byte	.LASF24
 917 03f4 03       		.byte	0x3
 918 03f5 28       		.byte	0x28
 919 03f6 0D       		.uleb128 0xd
 920 03f7 EA020000 		.4byte	.LASF25
 921 03fb EA020000 		.4byte	.LASF25
 922 03ff 04       		.byte	0x4
 923 0400 4501     		.2byte	0x145
 924 0402 0D       		.uleb128 0xd
 925 0403 9F020000 		.4byte	.LASF26
 926 0407 9F020000 		.4byte	.LASF26
 927 040b 04       		.byte	0x4
 928 040c 4701     		.2byte	0x147
 929 040e 0C       		.uleb128 0xc
 930 040f 0A030000 		.4byte	.LASF27
 931 0413 0A030000 		.4byte	.LASF27
 932 0417 05       		.byte	0x5
 933 0418 D9       		.byte	0xd9
 934 0419 0C       		.uleb128 0xc
 935 041a AD000000 		.4byte	.LASF28
 936 041e AD000000 		.4byte	.LASF28
 937 0422 06       		.byte	0x6
 938 0423 32       		.byte	0x32
 939 0424 0C       		.uleb128 0xc
 940 0425 00000000 		.4byte	.LASF29
 941 0429 00000000 		.4byte	.LASF29
 942 042d 06       		.byte	0x6
 943 042e 39       		.byte	0x39
 944 042f 0C       		.uleb128 0xc
 945 0430 99010000 		.4byte	.LASF30
 946 0434 99010000 		.4byte	.LASF30
 947 0438 03       		.byte	0x3
 948 0439 17       		.byte	0x17
 949 043a 0C       		.uleb128 0xc
ARM GAS  C:\Users\as3828\AppData\Local\Temp\ccpwlB5T.s 			page 20


 950 043b 3F010000 		.4byte	.LASF31
 951 043f 3F010000 		.4byte	.LASF31
 952 0443 03       		.byte	0x3
 953 0444 1D       		.byte	0x1d
 954 0445 0D       		.uleb128 0xd
 955 0446 35000000 		.4byte	.LASF32
 956 044a 35000000 		.4byte	.LASF32
 957 044e 04       		.byte	0x4
 958 044f 3201     		.2byte	0x132
 959 0451 0C       		.uleb128 0xc
 960 0452 20000000 		.4byte	.LASF33
 961 0456 20000000 		.4byte	.LASF33
 962 045a 03       		.byte	0x3
 963 045b 25       		.byte	0x25
 964 045c 0C       		.uleb128 0xc
 965 045d 81020000 		.4byte	.LASF34
 966 0461 81020000 		.4byte	.LASF34
 967 0465 07       		.byte	0x7
 968 0466 17       		.byte	0x17
 969 0467 0C       		.uleb128 0xc
 970 0468 3D020000 		.4byte	.LASF35
 971 046c 3D020000 		.4byte	.LASF35
 972 0470 07       		.byte	0x7
 973 0471 1D       		.byte	0x1d
 974 0472 0C       		.uleb128 0xc
 975 0473 73020000 		.4byte	.LASF36
 976 0477 73020000 		.4byte	.LASF36
 977 047b 08       		.byte	0x8
 978 047c 33       		.byte	0x33
 979 047d 0C       		.uleb128 0xc
 980 047e 8F020000 		.4byte	.LASF37
 981 0482 8F020000 		.4byte	.LASF37
 982 0486 09       		.byte	0x9
 983 0487 33       		.byte	0x33
 984 0488 0D       		.uleb128 0xd
 985 0489 C3000000 		.4byte	.LASF38
 986 048d C3000000 		.4byte	.LASF38
 987 0491 04       		.byte	0x4
 988 0492 3301     		.2byte	0x133
 989 0494 0D       		.uleb128 0xd
 990 0495 2B010000 		.4byte	.LASF39
 991 0499 2B010000 		.4byte	.LASF39
 992 049d 04       		.byte	0x4
 993 049e 4A01     		.2byte	0x14a
 994 04a0 0C       		.uleb128 0xc
 995 04a1 99000000 		.4byte	.LASF40
 996 04a5 99000000 		.4byte	.LASF40
 997 04a9 03       		.byte	0x3
 998 04aa 23       		.byte	0x23
 999 04ab 00       		.byte	0
 1000              		.section	.debug_abbrev,"",%progbits
 1001              	.Ldebug_abbrev0:
 1002 0000 01       		.uleb128 0x1
 1003 0001 11       		.uleb128 0x11
 1004 0002 01       		.byte	0x1
 1005 0003 25       		.uleb128 0x25
 1006 0004 0E       		.uleb128 0xe
ARM GAS  C:\Users\as3828\AppData\Local\Temp\ccpwlB5T.s 			page 21


 1007 0005 13       		.uleb128 0x13
 1008 0006 0B       		.uleb128 0xb
 1009 0007 03       		.uleb128 0x3
 1010 0008 0E       		.uleb128 0xe
 1011 0009 1B       		.uleb128 0x1b
 1012 000a 0E       		.uleb128 0xe
 1013 000b 55       		.uleb128 0x55
 1014 000c 17       		.uleb128 0x17
 1015 000d 11       		.uleb128 0x11
 1016 000e 01       		.uleb128 0x1
 1017 000f 10       		.uleb128 0x10
 1018 0010 17       		.uleb128 0x17
 1019 0011 00       		.byte	0
 1020 0012 00       		.byte	0
 1021 0013 02       		.uleb128 0x2
 1022 0014 24       		.uleb128 0x24
 1023 0015 00       		.byte	0
 1024 0016 0B       		.uleb128 0xb
 1025 0017 0B       		.uleb128 0xb
 1026 0018 3E       		.uleb128 0x3e
 1027 0019 0B       		.uleb128 0xb
 1028 001a 03       		.uleb128 0x3
 1029 001b 0E       		.uleb128 0xe
 1030 001c 00       		.byte	0
 1031 001d 00       		.byte	0
 1032 001e 03       		.uleb128 0x3
 1033 001f 24       		.uleb128 0x24
 1034 0020 00       		.byte	0
 1035 0021 0B       		.uleb128 0xb
 1036 0022 0B       		.uleb128 0xb
 1037 0023 3E       		.uleb128 0x3e
 1038 0024 0B       		.uleb128 0xb
 1039 0025 03       		.uleb128 0x3
 1040 0026 08       		.uleb128 0x8
 1041 0027 00       		.byte	0
 1042 0028 00       		.byte	0
 1043 0029 04       		.uleb128 0x4
 1044 002a 16       		.uleb128 0x16
 1045 002b 00       		.byte	0
 1046 002c 03       		.uleb128 0x3
 1047 002d 0E       		.uleb128 0xe
 1048 002e 3A       		.uleb128 0x3a
 1049 002f 0B       		.uleb128 0xb
 1050 0030 3B       		.uleb128 0x3b
 1051 0031 05       		.uleb128 0x5
 1052 0032 49       		.uleb128 0x49
 1053 0033 13       		.uleb128 0x13
 1054 0034 00       		.byte	0
 1055 0035 00       		.byte	0
 1056 0036 05       		.uleb128 0x5
 1057 0037 2E       		.uleb128 0x2e
 1058 0038 01       		.byte	0x1
 1059 0039 3F       		.uleb128 0x3f
 1060 003a 19       		.uleb128 0x19
 1061 003b 03       		.uleb128 0x3
 1062 003c 0E       		.uleb128 0xe
 1063 003d 3A       		.uleb128 0x3a
ARM GAS  C:\Users\as3828\AppData\Local\Temp\ccpwlB5T.s 			page 22


 1064 003e 0B       		.uleb128 0xb
 1065 003f 3B       		.uleb128 0x3b
 1066 0040 0B       		.uleb128 0xb
 1067 0041 27       		.uleb128 0x27
 1068 0042 19       		.uleb128 0x19
 1069 0043 11       		.uleb128 0x11
 1070 0044 01       		.uleb128 0x1
 1071 0045 12       		.uleb128 0x12
 1072 0046 06       		.uleb128 0x6
 1073 0047 40       		.uleb128 0x40
 1074 0048 18       		.uleb128 0x18
 1075 0049 9742     		.uleb128 0x2117
 1076 004b 19       		.uleb128 0x19
 1077 004c 01       		.uleb128 0x1
 1078 004d 13       		.uleb128 0x13
 1079 004e 00       		.byte	0
 1080 004f 00       		.byte	0
 1081 0050 06       		.uleb128 0x6
 1082 0051 34       		.uleb128 0x34
 1083 0052 00       		.byte	0
 1084 0053 03       		.uleb128 0x3
 1085 0054 0E       		.uleb128 0xe
 1086 0055 3A       		.uleb128 0x3a
 1087 0056 0B       		.uleb128 0xb
 1088 0057 3B       		.uleb128 0x3b
 1089 0058 0B       		.uleb128 0xb
 1090 0059 49       		.uleb128 0x49
 1091 005a 13       		.uleb128 0x13
 1092 005b 02       		.uleb128 0x2
 1093 005c 17       		.uleb128 0x17
 1094 005d 00       		.byte	0
 1095 005e 00       		.byte	0
 1096 005f 07       		.uleb128 0x7
 1097 0060 898201   		.uleb128 0x4109
 1098 0063 00       		.byte	0
 1099 0064 11       		.uleb128 0x11
 1100 0065 01       		.uleb128 0x1
 1101 0066 31       		.uleb128 0x31
 1102 0067 13       		.uleb128 0x13
 1103 0068 00       		.byte	0
 1104 0069 00       		.byte	0
 1105 006a 08       		.uleb128 0x8
 1106 006b 898201   		.uleb128 0x4109
 1107 006e 01       		.byte	0x1
 1108 006f 11       		.uleb128 0x11
 1109 0070 01       		.uleb128 0x1
 1110 0071 31       		.uleb128 0x31
 1111 0072 13       		.uleb128 0x13
 1112 0073 01       		.uleb128 0x1
 1113 0074 13       		.uleb128 0x13
 1114 0075 00       		.byte	0
 1115 0076 00       		.byte	0
 1116 0077 09       		.uleb128 0x9
 1117 0078 8A8201   		.uleb128 0x410a
 1118 007b 00       		.byte	0
 1119 007c 02       		.uleb128 0x2
 1120 007d 18       		.uleb128 0x18
ARM GAS  C:\Users\as3828\AppData\Local\Temp\ccpwlB5T.s 			page 23


 1121 007e 9142     		.uleb128 0x2111
 1122 0080 18       		.uleb128 0x18
 1123 0081 00       		.byte	0
 1124 0082 00       		.byte	0
 1125 0083 0A       		.uleb128 0xa
 1126 0084 2E       		.uleb128 0x2e
 1127 0085 01       		.byte	0x1
 1128 0086 3F       		.uleb128 0x3f
 1129 0087 19       		.uleb128 0x19
 1130 0088 03       		.uleb128 0x3
 1131 0089 0E       		.uleb128 0xe
 1132 008a 3A       		.uleb128 0x3a
 1133 008b 0B       		.uleb128 0xb
 1134 008c 3B       		.uleb128 0x3b
 1135 008d 0B       		.uleb128 0xb
 1136 008e 27       		.uleb128 0x27
 1137 008f 19       		.uleb128 0x19
 1138 0090 49       		.uleb128 0x49
 1139 0091 13       		.uleb128 0x13
 1140 0092 8701     		.uleb128 0x87
 1141 0094 19       		.uleb128 0x19
 1142 0095 11       		.uleb128 0x11
 1143 0096 01       		.uleb128 0x1
 1144 0097 12       		.uleb128 0x12
 1145 0098 06       		.uleb128 0x6
 1146 0099 40       		.uleb128 0x40
 1147 009a 18       		.uleb128 0x18
 1148 009b 9742     		.uleb128 0x2117
 1149 009d 19       		.uleb128 0x19
 1150 009e 01       		.uleb128 0x1
 1151 009f 13       		.uleb128 0x13
 1152 00a0 00       		.byte	0
 1153 00a1 00       		.byte	0
 1154 00a2 0B       		.uleb128 0xb
 1155 00a3 34       		.uleb128 0x34
 1156 00a4 00       		.byte	0
 1157 00a5 03       		.uleb128 0x3
 1158 00a6 0E       		.uleb128 0xe
 1159 00a7 3A       		.uleb128 0x3a
 1160 00a8 0B       		.uleb128 0xb
 1161 00a9 3B       		.uleb128 0x3b
 1162 00aa 0B       		.uleb128 0xb
 1163 00ab 49       		.uleb128 0x49
 1164 00ac 13       		.uleb128 0x13
 1165 00ad 3F       		.uleb128 0x3f
 1166 00ae 19       		.uleb128 0x19
 1167 00af 02       		.uleb128 0x2
 1168 00b0 18       		.uleb128 0x18
 1169 00b1 00       		.byte	0
 1170 00b2 00       		.byte	0
 1171 00b3 0C       		.uleb128 0xc
 1172 00b4 2E       		.uleb128 0x2e
 1173 00b5 00       		.byte	0
 1174 00b6 3F       		.uleb128 0x3f
 1175 00b7 19       		.uleb128 0x19
 1176 00b8 3C       		.uleb128 0x3c
 1177 00b9 19       		.uleb128 0x19
ARM GAS  C:\Users\as3828\AppData\Local\Temp\ccpwlB5T.s 			page 24


 1178 00ba 6E       		.uleb128 0x6e
 1179 00bb 0E       		.uleb128 0xe
 1180 00bc 03       		.uleb128 0x3
 1181 00bd 0E       		.uleb128 0xe
 1182 00be 3A       		.uleb128 0x3a
 1183 00bf 0B       		.uleb128 0xb
 1184 00c0 3B       		.uleb128 0x3b
 1185 00c1 0B       		.uleb128 0xb
 1186 00c2 00       		.byte	0
 1187 00c3 00       		.byte	0
 1188 00c4 0D       		.uleb128 0xd
 1189 00c5 2E       		.uleb128 0x2e
 1190 00c6 00       		.byte	0
 1191 00c7 3F       		.uleb128 0x3f
 1192 00c8 19       		.uleb128 0x19
 1193 00c9 3C       		.uleb128 0x3c
 1194 00ca 19       		.uleb128 0x19
 1195 00cb 6E       		.uleb128 0x6e
 1196 00cc 0E       		.uleb128 0xe
 1197 00cd 03       		.uleb128 0x3
 1198 00ce 0E       		.uleb128 0xe
 1199 00cf 3A       		.uleb128 0x3a
 1200 00d0 0B       		.uleb128 0xb
 1201 00d1 3B       		.uleb128 0x3b
 1202 00d2 05       		.uleb128 0x5
 1203 00d3 00       		.byte	0
 1204 00d4 00       		.byte	0
 1205 00d5 00       		.byte	0
 1206              		.section	.debug_loc,"",%progbits
 1207              	.Ldebug_loc0:
 1208              	.LLST0:
 1209 0000 30000000 		.4byte	.LVL1
 1210 0004 33000000 		.4byte	.LVL2-1
 1211 0008 0100     		.2byte	0x1
 1212 000a 50       		.byte	0x50
 1213 000b 00000000 		.4byte	0
 1214 000f 00000000 		.4byte	0
 1215              		.section	.debug_aranges,"",%progbits
 1216 0000 2C000000 		.4byte	0x2c
 1217 0004 0200     		.2byte	0x2
 1218 0006 00000000 		.4byte	.Ldebug_info0
 1219 000a 04       		.byte	0x4
 1220 000b 00       		.byte	0
 1221 000c 0000     		.2byte	0
 1222 000e 0000     		.2byte	0
 1223 0010 00000000 		.4byte	.LFB32
 1224 0014 44000000 		.4byte	.LFE32-.LFB32
 1225 0018 00000000 		.4byte	.LFB33
 1226 001c 28000000 		.4byte	.LFE33-.LFB33
 1227 0020 00000000 		.4byte	.LFB34
 1228 0024 94010000 		.4byte	.LFE34-.LFB34
 1229 0028 00000000 		.4byte	0
 1230 002c 00000000 		.4byte	0
 1231              		.section	.debug_ranges,"",%progbits
 1232              	.Ldebug_ranges0:
 1233 0000 00000000 		.4byte	.LFB32
 1234 0004 44000000 		.4byte	.LFE32
ARM GAS  C:\Users\as3828\AppData\Local\Temp\ccpwlB5T.s 			page 25


 1235 0008 00000000 		.4byte	.LFB33
 1236 000c 28000000 		.4byte	.LFE33
 1237 0010 00000000 		.4byte	.LFB34
 1238 0014 94010000 		.4byte	.LFE34
 1239 0018 00000000 		.4byte	0
 1240 001c 00000000 		.4byte	0
 1241              		.section	.debug_line,"",%progbits
 1242              	.Ldebug_line0:
 1243 0000 3B010000 		.section	.debug_str,"MS",%progbits,1
 1243      0200A300 
 1243      00000201 
 1243      FB0E0D00 
 1243      01010101 
 1244              	.LASF29:
 1245 0000 43726F73 		.ascii	"CrossWalk_Button_ClearInterrupt\000"
 1245      7357616C 
 1245      6B5F4275 
 1245      74746F6E 
 1245      5F436C65 
 1246              	.LASF33:
 1247 0020 6D795F69 		.ascii	"my_isr_Disable\000"
 1247      73725F44 
 1247      69736162 
 1247      6C6500
 1248              	.LASF23:
 1249 002f 73746174 		.ascii	"state\000"
 1249      6500
 1250              	.LASF32:
 1251 0035 6D795F50 		.ascii	"my_PWM_Start\000"
 1251      574D5F53 
 1251      74617274 
 1251      00
 1252              	.LASF22:
 1253 0042 636F756E 		.ascii	"count\000"
 1253      7400
 1254              	.LASF18:
 1255 0048 53575F69 		.ascii	"SW_int\000"
 1255      6E7400
 1256              	.LASF3:
 1257 004f 73686F72 		.ascii	"short unsigned int\000"
 1257      7420756E 
 1257      7369676E 
 1257      65642069 
 1257      6E7400
 1258              	.LASF19:
 1259 0062 5065645F 		.ascii	"Ped_Waiting\000"
 1259      57616974 
 1259      696E6700 
 1260              	.LASF12:
 1261 006e 666C6F61 		.ascii	"float\000"
 1261      7400
 1262              	.LASF20:
 1263 0074 54696D65 		.ascii	"Time_Expired\000"
 1263      5F457870 
 1263      69726564 
 1263      00
 1264              	.LASF17:
ARM GAS  C:\Users\as3828\AppData\Local\Temp\ccpwlB5T.s 			page 26


 1265 0081 6D795F50 		.ascii	"my_PWM_TC_isr\000"
 1265      574D5F54 
 1265      435F6973 
 1265      7200
 1266              	.LASF21:
 1267 008f 4D61785F 		.ascii	"Max_Count\000"
 1267      436F756E 
 1267      7400
 1268              	.LASF40:
 1269 0099 6D795F69 		.ascii	"my_isr_Enable\000"
 1269      73725F45 
 1269      6E61626C 
 1269      6500
 1270              	.LASF9:
 1271 00a7 75696E74 		.ascii	"uint8\000"
 1271      3800
 1272              	.LASF28:
 1273 00ad 43726F73 		.ascii	"CrossWalk_Button_Read\000"
 1273      7357616C 
 1273      6B5F4275 
 1273      74746F6E 
 1273      5F526561 
 1274              	.LASF38:
 1275 00c3 6D795F50 		.ascii	"my_PWM_Stop\000"
 1275      574D5F53 
 1275      746F7000 
 1276              	.LASF44:
 1277 00cf 696E7465 		.ascii	"interrupt_source\000"
 1277      72727570 
 1277      745F736F 
 1277      75726365 
 1277      00
 1278              	.LASF43:
 1279 00e0 433A5C55 		.ascii	"C:\\Users\\as3828\\Desktop\\L4\\Workspace01\\Design"
 1279      73657273 
 1279      5C617333 
 1279      3832385C 
 1279      4465736B 
 1280 010d 30332E63 		.ascii	"03.cydsn\000"
 1280      7964736E 
 1280      00
 1281              	.LASF1:
 1282 0116 756E7369 		.ascii	"unsigned char\000"
 1282      676E6564 
 1282      20636861 
 1282      7200
 1283              	.LASF13:
 1284 0124 646F7562 		.ascii	"double\000"
 1284      6C6500
 1285              	.LASF39:
 1286 012b 6D795F50 		.ascii	"my_PWM_WriteCounter\000"
 1286      574D5F57 
 1286      72697465 
 1286      436F756E 
 1286      74657200 
 1287              	.LASF31:
 1288 013f 6D795F69 		.ascii	"my_isr_SetVector\000"
ARM GAS  C:\Users\as3828\AppData\Local\Temp\ccpwlB5T.s 			page 27


 1288      73725F53 
 1288      65745665 
 1288      63746F72 
 1288      00
 1289              	.LASF10:
 1290 0150 75696E74 		.ascii	"uint16\000"
 1290      313600
 1291              	.LASF11:
 1292 0157 75696E74 		.ascii	"uint32\000"
 1292      333200
 1293              	.LASF45:
 1294 015e 6D61696E 		.ascii	"main\000"
 1294      00
 1295              	.LASF5:
 1296 0163 6C6F6E67 		.ascii	"long unsigned int\000"
 1296      20756E73 
 1296      69676E65 
 1296      6420696E 
 1296      7400
 1297              	.LASF8:
 1298 0175 756E7369 		.ascii	"unsigned int\000"
 1298      676E6564 
 1298      20696E74 
 1298      00
 1299              	.LASF7:
 1300 0182 6C6F6E67 		.ascii	"long long unsigned int\000"
 1300      206C6F6E 
 1300      6720756E 
 1300      7369676E 
 1300      65642069 
 1301              	.LASF30:
 1302 0199 6D795F69 		.ascii	"my_isr_Start\000"
 1302      73725F53 
 1302      74617274 
 1302      00
 1303              	.LASF41:
 1304 01a6 474E5520 		.ascii	"GNU C11 5.4.1 20160609 (release) [ARM/embedded-5-br"
 1304      43313120 
 1304      352E342E 
 1304      31203230 
 1304      31363036 
 1305 01d9 616E6368 		.ascii	"anch revision 237715] -mcpu=cortex-m0 -mthumb -g -O"
 1305      20726576 
 1305      6973696F 
 1305      6E203233 
 1305      37373135 
 1306 020c 67202D66 		.ascii	"g -ffunction-sections -ffat-lto-objects\000"
 1306      66756E63 
 1306      74696F6E 
 1306      2D736563 
 1306      74696F6E 
 1307              	.LASF16:
 1308 0234 73697A65 		.ascii	"sizetype\000"
 1308      74797065 
 1308      00
 1309              	.LASF35:
 1310 023d 6973725F 		.ascii	"isr_btn_SetVector\000"
ARM GAS  C:\Users\as3828\AppData\Local\Temp\ccpwlB5T.s 			page 28


 1310      62746E5F 
 1310      53657456 
 1310      6563746F 
 1310      7200
 1311              	.LASF6:
 1312 024f 6C6F6E67 		.ascii	"long long int\000"
 1312      206C6F6E 
 1312      6720696E 
 1312      7400
 1313              	.LASF42:
 1314 025d 6D61696E 		.ascii	"main.c\000"
 1314      2E6300
 1315              	.LASF14:
 1316 0264 63686172 		.ascii	"char\000"
 1316      00
 1317              	.LASF2:
 1318 0269 73686F72 		.ascii	"short int\000"
 1318      7420696E 
 1318      7400
 1319              	.LASF36:
 1320 0273 4C45445F 		.ascii	"LED_Red_Write\000"
 1320      5265645F 
 1320      57726974 
 1320      6500
 1321              	.LASF34:
 1322 0281 6973725F 		.ascii	"isr_btn_Start\000"
 1322      62746E5F 
 1322      53746172 
 1322      7400
 1323              	.LASF37:
 1324 028f 4C45445F 		.ascii	"LED_Green_Write\000"
 1324      47726565 
 1324      6E5F5772 
 1324      69746500 
 1325              	.LASF26:
 1326 029f 6D795F50 		.ascii	"my_PWM_ClearInterrupt\000"
 1326      574D5F43 
 1326      6C656172 
 1326      496E7465 
 1326      72727570 
 1327              	.LASF4:
 1328 02b5 6C6F6E67 		.ascii	"long int\000"
 1328      20696E74 
 1328      00
 1329              	.LASF15:
 1330 02be 6C6F6E67 		.ascii	"long double\000"
 1330      20646F75 
 1330      626C6500 
 1331              	.LASF0:
 1332 02ca 7369676E 		.ascii	"signed char\000"
 1332      65642063 
 1332      68617200 
 1333              	.LASF24:
 1334 02d6 6D795F69 		.ascii	"my_isr_ClearPending\000"
 1334      73725F43 
 1334      6C656172 
 1334      50656E64 
ARM GAS  C:\Users\as3828\AppData\Local\Temp\ccpwlB5T.s 			page 29


 1334      696E6700 
 1335              	.LASF25:
 1336 02ea 6D795F50 		.ascii	"my_PWM_GetInterruptSourceMasked\000"
 1336      574D5F47 
 1336      6574496E 
 1336      74657272 
 1336      75707453 
 1337              	.LASF27:
 1338 030a 43794465 		.ascii	"CyDelay\000"
 1338      6C617900 
 1339              		.ident	"GCC: (GNU Tools for ARM Embedded Processors) 5.4.1 20160609 (release) [ARM/embedded-5-bran
