ARM GAS  C:\Users\aasys\AppData\Local\Temp\ccx75Tpc.s 			page 1


   1              		.syntax unified
   2              		.cpu cortex-m0
   3              		.fpu softvfp
   4              		.eabi_attribute 20, 1
   5              		.eabi_attribute 21, 1
   6              		.eabi_attribute 23, 3
   7              		.eabi_attribute 24, 1
   8              		.eabi_attribute 25, 1
   9              		.eabi_attribute 26, 1
  10              		.eabi_attribute 30, 1
  11              		.eabi_attribute 34, 0
  12              		.eabi_attribute 18, 4
  13              		.thumb
  14              		.syntax unified
  15              		.file	"cyfitter_cfg.c"
  16              		.text
  17              	.Ltext0:
  18              		.cfi_sections	.debug_frame
  19              		.section	.text.cfg_write_bytes32,"ax",%progbits
  20              		.align	2
  21              		.code	16
  22              		.thumb_func
  23              		.type	cfg_write_bytes32, %function
  24              	cfg_write_bytes32:
  25              	.LFB3:
  26              		.file 1 "Generated_Source\\PSoC4\\cyfitter_cfg.c"
   1:Generated_Source\PSoC4/cyfitter_cfg.c **** 
   2:Generated_Source\PSoC4/cyfitter_cfg.c **** /*******************************************************************************
   3:Generated_Source\PSoC4/cyfitter_cfg.c **** * File Name: cyfitter_cfg.c
   4:Generated_Source\PSoC4/cyfitter_cfg.c **** * 
   5:Generated_Source\PSoC4/cyfitter_cfg.c **** * PSoC Creator  4.1 Update 1
   6:Generated_Source\PSoC4/cyfitter_cfg.c **** *
   7:Generated_Source\PSoC4/cyfitter_cfg.c **** * Description:
   8:Generated_Source\PSoC4/cyfitter_cfg.c **** * This file contains device initialization code.
   9:Generated_Source\PSoC4/cyfitter_cfg.c **** * Except for the user defined sections in CyClockStartupError(), this file should not be modified.
  10:Generated_Source\PSoC4/cyfitter_cfg.c **** * This file is automatically generated by PSoC Creator.
  11:Generated_Source\PSoC4/cyfitter_cfg.c **** *
  12:Generated_Source\PSoC4/cyfitter_cfg.c **** ********************************************************************************
  13:Generated_Source\PSoC4/cyfitter_cfg.c **** * Copyright (c) 2007-2017 Cypress Semiconductor.  All rights reserved.
  14:Generated_Source\PSoC4/cyfitter_cfg.c **** * You may use this file only in accordance with the license, terms, conditions, 
  15:Generated_Source\PSoC4/cyfitter_cfg.c **** * disclaimers, and limitations in the end user license agreement accompanying 
  16:Generated_Source\PSoC4/cyfitter_cfg.c **** * the software package with which this file was provided.
  17:Generated_Source\PSoC4/cyfitter_cfg.c **** ********************************************************************************/
  18:Generated_Source\PSoC4/cyfitter_cfg.c **** 
  19:Generated_Source\PSoC4/cyfitter_cfg.c **** #include <string.h>
  20:Generated_Source\PSoC4/cyfitter_cfg.c **** #include "cytypes.h"
  21:Generated_Source\PSoC4/cyfitter_cfg.c **** #include "cydevice_trm.h"
  22:Generated_Source\PSoC4/cyfitter_cfg.c **** #include "cyfitter.h"
  23:Generated_Source\PSoC4/cyfitter_cfg.c **** #include "CyLib.h"
  24:Generated_Source\PSoC4/cyfitter_cfg.c **** #include "CyLFClk.h"
  25:Generated_Source\PSoC4/cyfitter_cfg.c **** #include "cyfitter_cfg.h"
  26:Generated_Source\PSoC4/cyfitter_cfg.c **** #include "cyapicallbacks.h"
  27:Generated_Source\PSoC4/cyfitter_cfg.c **** 
  28:Generated_Source\PSoC4/cyfitter_cfg.c **** 
  29:Generated_Source\PSoC4/cyfitter_cfg.c **** #if defined(__GNUC__) || defined(__ARMCC_VERSION)
  30:Generated_Source\PSoC4/cyfitter_cfg.c ****     #define CYPACKED 
  31:Generated_Source\PSoC4/cyfitter_cfg.c ****     #define CYPACKED_ATTR __attribute__ ((packed))
ARM GAS  C:\Users\aasys\AppData\Local\Temp\ccx75Tpc.s 			page 2


  32:Generated_Source\PSoC4/cyfitter_cfg.c ****     #define CYALIGNED __attribute__ ((aligned))
  33:Generated_Source\PSoC4/cyfitter_cfg.c ****     #define CY_CFG_UNUSED __attribute__ ((unused))
  34:Generated_Source\PSoC4/cyfitter_cfg.c ****     #ifndef CY_CFG_SECTION
  35:Generated_Source\PSoC4/cyfitter_cfg.c ****         #define CY_CFG_SECTION __attribute__ ((section(".psocinit")))
  36:Generated_Source\PSoC4/cyfitter_cfg.c ****     #endif
  37:Generated_Source\PSoC4/cyfitter_cfg.c ****     
  38:Generated_Source\PSoC4/cyfitter_cfg.c ****     #if defined(__ARMCC_VERSION)
  39:Generated_Source\PSoC4/cyfitter_cfg.c ****         #define CY_CFG_MEMORY_BARRIER() __memory_changed()
  40:Generated_Source\PSoC4/cyfitter_cfg.c ****     #else
  41:Generated_Source\PSoC4/cyfitter_cfg.c ****         #define CY_CFG_MEMORY_BARRIER() __sync_synchronize()
  42:Generated_Source\PSoC4/cyfitter_cfg.c ****     #endif
  43:Generated_Source\PSoC4/cyfitter_cfg.c ****     
  44:Generated_Source\PSoC4/cyfitter_cfg.c **** #elif defined(__ICCARM__)
  45:Generated_Source\PSoC4/cyfitter_cfg.c ****     #include <intrinsics.h>
  46:Generated_Source\PSoC4/cyfitter_cfg.c **** 
  47:Generated_Source\PSoC4/cyfitter_cfg.c ****     #define CYPACKED __packed
  48:Generated_Source\PSoC4/cyfitter_cfg.c ****     #define CYPACKED_ATTR 
  49:Generated_Source\PSoC4/cyfitter_cfg.c ****     #define CYALIGNED _Pragma("data_alignment=4")
  50:Generated_Source\PSoC4/cyfitter_cfg.c ****     #define CY_CFG_UNUSED _Pragma("diag_suppress=Pe177")
  51:Generated_Source\PSoC4/cyfitter_cfg.c ****     #define CY_CFG_SECTION _Pragma("location=\".psocinit\"")
  52:Generated_Source\PSoC4/cyfitter_cfg.c ****     
  53:Generated_Source\PSoC4/cyfitter_cfg.c ****     #define CY_CFG_MEMORY_BARRIER() __DMB()
  54:Generated_Source\PSoC4/cyfitter_cfg.c ****     
  55:Generated_Source\PSoC4/cyfitter_cfg.c **** #else
  56:Generated_Source\PSoC4/cyfitter_cfg.c ****     #error Unsupported toolchain
  57:Generated_Source\PSoC4/cyfitter_cfg.c **** #endif
  58:Generated_Source\PSoC4/cyfitter_cfg.c **** 
  59:Generated_Source\PSoC4/cyfitter_cfg.c **** #ifndef CYCODE
  60:Generated_Source\PSoC4/cyfitter_cfg.c ****     #define CYCODE
  61:Generated_Source\PSoC4/cyfitter_cfg.c **** #endif
  62:Generated_Source\PSoC4/cyfitter_cfg.c **** #ifndef CYDATA
  63:Generated_Source\PSoC4/cyfitter_cfg.c ****     #define CYDATA
  64:Generated_Source\PSoC4/cyfitter_cfg.c **** #endif
  65:Generated_Source\PSoC4/cyfitter_cfg.c **** #ifndef CYFAR
  66:Generated_Source\PSoC4/cyfitter_cfg.c ****     #define CYFAR
  67:Generated_Source\PSoC4/cyfitter_cfg.c **** #endif
  68:Generated_Source\PSoC4/cyfitter_cfg.c **** #ifndef CYXDATA
  69:Generated_Source\PSoC4/cyfitter_cfg.c ****     #define CYXDATA
  70:Generated_Source\PSoC4/cyfitter_cfg.c **** #endif
  71:Generated_Source\PSoC4/cyfitter_cfg.c **** 
  72:Generated_Source\PSoC4/cyfitter_cfg.c **** 
  73:Generated_Source\PSoC4/cyfitter_cfg.c **** CY_CFG_UNUSED
  74:Generated_Source\PSoC4/cyfitter_cfg.c **** static void CYMEMZERO(void *s, size_t n);
  75:Generated_Source\PSoC4/cyfitter_cfg.c **** CY_CFG_UNUSED
  76:Generated_Source\PSoC4/cyfitter_cfg.c **** static void CYMEMZERO(void *s, size_t n)
  77:Generated_Source\PSoC4/cyfitter_cfg.c **** {
  78:Generated_Source\PSoC4/cyfitter_cfg.c **** 	(void)memset(s, 0, n);
  79:Generated_Source\PSoC4/cyfitter_cfg.c **** }
  80:Generated_Source\PSoC4/cyfitter_cfg.c **** CY_CFG_UNUSED
  81:Generated_Source\PSoC4/cyfitter_cfg.c **** static void CYCONFIGCPY(void *dest, const void *src, size_t n);
  82:Generated_Source\PSoC4/cyfitter_cfg.c **** CY_CFG_UNUSED
  83:Generated_Source\PSoC4/cyfitter_cfg.c **** static void CYCONFIGCPY(void *dest, const void *src, size_t n)
  84:Generated_Source\PSoC4/cyfitter_cfg.c **** {
  85:Generated_Source\PSoC4/cyfitter_cfg.c **** 	(void)memcpy(dest, src, n);
  86:Generated_Source\PSoC4/cyfitter_cfg.c **** }
  87:Generated_Source\PSoC4/cyfitter_cfg.c **** CY_CFG_UNUSED
  88:Generated_Source\PSoC4/cyfitter_cfg.c **** static void CYCONFIGCPYCODE(void *dest, const void *src, size_t n);
ARM GAS  C:\Users\aasys\AppData\Local\Temp\ccx75Tpc.s 			page 3


  89:Generated_Source\PSoC4/cyfitter_cfg.c **** CY_CFG_UNUSED
  90:Generated_Source\PSoC4/cyfitter_cfg.c **** static void CYCONFIGCPYCODE(void *dest, const void *src, size_t n)
  91:Generated_Source\PSoC4/cyfitter_cfg.c **** {
  92:Generated_Source\PSoC4/cyfitter_cfg.c **** 	(void)memcpy(dest, src, n);
  93:Generated_Source\PSoC4/cyfitter_cfg.c **** }
  94:Generated_Source\PSoC4/cyfitter_cfg.c **** 
  95:Generated_Source\PSoC4/cyfitter_cfg.c **** 
  96:Generated_Source\PSoC4/cyfitter_cfg.c **** 
  97:Generated_Source\PSoC4/cyfitter_cfg.c **** 
  98:Generated_Source\PSoC4/cyfitter_cfg.c **** /* Clock startup error codes                                                   */
  99:Generated_Source\PSoC4/cyfitter_cfg.c **** #define CYCLOCKSTART_NO_ERROR    0u
 100:Generated_Source\PSoC4/cyfitter_cfg.c **** #define CYCLOCKSTART_XTAL_ERROR  1u
 101:Generated_Source\PSoC4/cyfitter_cfg.c **** #define CYCLOCKSTART_32KHZ_ERROR 2u
 102:Generated_Source\PSoC4/cyfitter_cfg.c **** #define CYCLOCKSTART_PLL_ERROR   3u
 103:Generated_Source\PSoC4/cyfitter_cfg.c **** #define CYCLOCKSTART_FLL_ERROR   4u
 104:Generated_Source\PSoC4/cyfitter_cfg.c **** 
 105:Generated_Source\PSoC4/cyfitter_cfg.c **** 
 106:Generated_Source\PSoC4/cyfitter_cfg.c **** #ifdef CY_NEED_CYCLOCKSTARTUPERROR
 107:Generated_Source\PSoC4/cyfitter_cfg.c **** /*******************************************************************************
 108:Generated_Source\PSoC4/cyfitter_cfg.c **** * Function Name: CyClockStartupError
 109:Generated_Source\PSoC4/cyfitter_cfg.c **** ********************************************************************************
 110:Generated_Source\PSoC4/cyfitter_cfg.c **** * Summary:
 111:Generated_Source\PSoC4/cyfitter_cfg.c **** *  If an error is encountered during clock configuration (crystal startup error,
 112:Generated_Source\PSoC4/cyfitter_cfg.c **** *  PLL lock error, etc.), the system will end up here.  Unless reimplemented by
 113:Generated_Source\PSoC4/cyfitter_cfg.c **** *  the customer, this function will stop in an infinite loop.
 114:Generated_Source\PSoC4/cyfitter_cfg.c **** *
 115:Generated_Source\PSoC4/cyfitter_cfg.c **** * Parameters:
 116:Generated_Source\PSoC4/cyfitter_cfg.c **** *   void
 117:Generated_Source\PSoC4/cyfitter_cfg.c **** *
 118:Generated_Source\PSoC4/cyfitter_cfg.c **** * Return:
 119:Generated_Source\PSoC4/cyfitter_cfg.c **** *   void
 120:Generated_Source\PSoC4/cyfitter_cfg.c **** *
 121:Generated_Source\PSoC4/cyfitter_cfg.c **** *******************************************************************************/
 122:Generated_Source\PSoC4/cyfitter_cfg.c **** CY_CFG_UNUSED
 123:Generated_Source\PSoC4/cyfitter_cfg.c **** static void CyClockStartupError(uint8 errorCode);
 124:Generated_Source\PSoC4/cyfitter_cfg.c **** CY_CFG_UNUSED
 125:Generated_Source\PSoC4/cyfitter_cfg.c **** static void CyClockStartupError(uint8 errorCode)
 126:Generated_Source\PSoC4/cyfitter_cfg.c **** {
 127:Generated_Source\PSoC4/cyfitter_cfg.c ****     /* To remove the compiler warning if errorCode not used. */
 128:Generated_Source\PSoC4/cyfitter_cfg.c **** #if defined(CY_PSOC3) && (CY_PSOC3)
 129:Generated_Source\PSoC4/cyfitter_cfg.c ****     errorCode = errorCode;
 130:Generated_Source\PSoC4/cyfitter_cfg.c **** #else
 131:Generated_Source\PSoC4/cyfitter_cfg.c ****     (void)errorCode;
 132:Generated_Source\PSoC4/cyfitter_cfg.c **** #endif /* CY_PSOC3 */
 133:Generated_Source\PSoC4/cyfitter_cfg.c **** 
 134:Generated_Source\PSoC4/cyfitter_cfg.c ****     /* If we have a clock startup error (bad MHz crystal, PLL lock, etc.),  */
 135:Generated_Source\PSoC4/cyfitter_cfg.c ****     /* we will end up here to allow the customer to implement something to  */
 136:Generated_Source\PSoC4/cyfitter_cfg.c ****     /* deal with the clock condition.                                       */
 137:Generated_Source\PSoC4/cyfitter_cfg.c **** 
 138:Generated_Source\PSoC4/cyfitter_cfg.c **** #ifdef CY_CFG_CLOCK_STARTUP_ERROR_CALLBACK
 139:Generated_Source\PSoC4/cyfitter_cfg.c ****     CY_CFG_Clock_Startup_ErrorCallback();
 140:Generated_Source\PSoC4/cyfitter_cfg.c **** #else
 141:Generated_Source\PSoC4/cyfitter_cfg.c ****     /*  If not using CY_CFG_CLOCK_STARTUP_ERROR_CALLBACK, place your clock startup code here. */
 142:Generated_Source\PSoC4/cyfitter_cfg.c ****     /* `#START CyClockStartupError` */
 143:Generated_Source\PSoC4/cyfitter_cfg.c **** 
 144:Generated_Source\PSoC4/cyfitter_cfg.c **** 
 145:Generated_Source\PSoC4/cyfitter_cfg.c **** 
ARM GAS  C:\Users\aasys\AppData\Local\Temp\ccx75Tpc.s 			page 4


 146:Generated_Source\PSoC4/cyfitter_cfg.c ****     /* `#END` */
 147:Generated_Source\PSoC4/cyfitter_cfg.c **** 
 148:Generated_Source\PSoC4/cyfitter_cfg.c ****     while(1) {}
 149:Generated_Source\PSoC4/cyfitter_cfg.c **** #endif /* CY_CFG_CLOCK_STARTUP_ERROR_CALLBACK */
 150:Generated_Source\PSoC4/cyfitter_cfg.c **** }
 151:Generated_Source\PSoC4/cyfitter_cfg.c **** #endif
 152:Generated_Source\PSoC4/cyfitter_cfg.c **** 
 153:Generated_Source\PSoC4/cyfitter_cfg.c **** #define CY_CFG_BASE_ADDR_COUNT 1u
 154:Generated_Source\PSoC4/cyfitter_cfg.c **** CYPACKED typedef struct
 155:Generated_Source\PSoC4/cyfitter_cfg.c **** {
 156:Generated_Source\PSoC4/cyfitter_cfg.c **** 	uint8 offset;
 157:Generated_Source\PSoC4/cyfitter_cfg.c **** 	uint8 value;
 158:Generated_Source\PSoC4/cyfitter_cfg.c **** } CYPACKED_ATTR cy_cfg_addrvalue_t;
 159:Generated_Source\PSoC4/cyfitter_cfg.c **** 
 160:Generated_Source\PSoC4/cyfitter_cfg.c **** 
 161:Generated_Source\PSoC4/cyfitter_cfg.c **** 
 162:Generated_Source\PSoC4/cyfitter_cfg.c **** /*******************************************************************************
 163:Generated_Source\PSoC4/cyfitter_cfg.c **** * Function Name: cfg_write_bytes32
 164:Generated_Source\PSoC4/cyfitter_cfg.c **** ********************************************************************************
 165:Generated_Source\PSoC4/cyfitter_cfg.c **** * Summary:
 166:Generated_Source\PSoC4/cyfitter_cfg.c **** *  This function is used for setting up the chip configuration areas that
 167:Generated_Source\PSoC4/cyfitter_cfg.c **** *  contain relatively sparse data.
 168:Generated_Source\PSoC4/cyfitter_cfg.c **** *
 169:Generated_Source\PSoC4/cyfitter_cfg.c **** * Parameters:
 170:Generated_Source\PSoC4/cyfitter_cfg.c **** *   void
 171:Generated_Source\PSoC4/cyfitter_cfg.c **** *
 172:Generated_Source\PSoC4/cyfitter_cfg.c **** * Return:
 173:Generated_Source\PSoC4/cyfitter_cfg.c **** *   void
 174:Generated_Source\PSoC4/cyfitter_cfg.c **** *
 175:Generated_Source\PSoC4/cyfitter_cfg.c **** *******************************************************************************/
 176:Generated_Source\PSoC4/cyfitter_cfg.c **** static void cfg_write_bytes32(const uint32 addr_table[], const cy_cfg_addrvalue_t data_table[]);
 177:Generated_Source\PSoC4/cyfitter_cfg.c **** static void cfg_write_bytes32(const uint32 addr_table[], const cy_cfg_addrvalue_t data_table[])
 178:Generated_Source\PSoC4/cyfitter_cfg.c **** {
  27              		.loc 1 178 0
  28              		.cfi_startproc
  29              		@ args = 0, pretend = 0, frame = 0
  30              		@ frame_needed = 0, uses_anonymous_args = 0
  31              	.LVL0:
  32 0000 F0B5     		push	{r4, r5, r6, r7, lr}
  33              		.cfi_def_cfa_offset 20
  34              		.cfi_offset 4, -20
  35              		.cfi_offset 5, -16
  36              		.cfi_offset 6, -12
  37              		.cfi_offset 7, -8
  38              		.cfi_offset 14, -4
  39              	.LVL1:
 179:Generated_Source\PSoC4/cyfitter_cfg.c **** 	/* For 32-bit little-endian architectures */
 180:Generated_Source\PSoC4/cyfitter_cfg.c **** 	uint32 i, j = 0u;
  40              		.loc 1 180 0
  41 0002 0025     		movs	r5, #0
 181:Generated_Source\PSoC4/cyfitter_cfg.c **** 	for (i = 0u; i < CY_CFG_BASE_ADDR_COUNT; i++)
  42              		.loc 1 181 0
  43 0004 0027     		movs	r7, #0
  44 0006 11E0     		b	.L2
  45              	.LVL2:
  46              	.L5:
  47              	.LBB2:
ARM GAS  C:\Users\aasys\AppData\Local\Temp\ccx75Tpc.s 			page 5


 182:Generated_Source\PSoC4/cyfitter_cfg.c **** 	{
 183:Generated_Source\PSoC4/cyfitter_cfg.c **** 		uint32 baseAddr = addr_table[i];
  48              		.loc 1 183 0
  49 0008 BB00     		lsls	r3, r7, #2
  50 000a C658     		ldr	r6, [r0, r3]
  51              	.LVL3:
 184:Generated_Source\PSoC4/cyfitter_cfg.c **** 		uint8 count = (uint8)baseAddr;
  52              		.loc 1 184 0
  53 000c F3B2     		uxtb	r3, r6
  54              	.LVL4:
 185:Generated_Source\PSoC4/cyfitter_cfg.c **** 		baseAddr &= 0xFFFFFF00u;
  55              		.loc 1 185 0
  56 000e FF22     		movs	r2, #255
  57 0010 9643     		bics	r6, r2
  58              	.LVL5:
 186:Generated_Source\PSoC4/cyfitter_cfg.c **** 		while (count != 0u)
  59              		.loc 1 186 0
  60 0012 08E0     		b	.L3
  61              	.L4:
 187:Generated_Source\PSoC4/cyfitter_cfg.c **** 		{
 188:Generated_Source\PSoC4/cyfitter_cfg.c **** 			CY_SET_REG8((void *)(baseAddr + data_table[j].offset), data_table[j].value);
  62              		.loc 1 188 0
  63 0014 6A00     		lsls	r2, r5, #1
  64 0016 8A18     		adds	r2, r1, r2
  65 0018 1478     		ldrb	r4, [r2]
  66 001a A419     		adds	r4, r4, r6
  67 001c 5278     		ldrb	r2, [r2, #1]
  68 001e 2270     		strb	r2, [r4]
 189:Generated_Source\PSoC4/cyfitter_cfg.c **** 			j++;
  69              		.loc 1 189 0
  70 0020 0135     		adds	r5, r5, #1
  71              	.LVL6:
 190:Generated_Source\PSoC4/cyfitter_cfg.c **** 			count--;
  72              		.loc 1 190 0
  73 0022 013B     		subs	r3, r3, #1
  74              	.LVL7:
  75 0024 DBB2     		uxtb	r3, r3
  76              	.LVL8:
  77              	.L3:
 186:Generated_Source\PSoC4/cyfitter_cfg.c **** 		{
  78              		.loc 1 186 0
  79 0026 002B     		cmp	r3, #0
  80 0028 F4D1     		bne	.L4
  81              	.LBE2:
 181:Generated_Source\PSoC4/cyfitter_cfg.c **** 	{
  82              		.loc 1 181 0 discriminator 2
  83 002a 0137     		adds	r7, r7, #1
  84              	.LVL9:
  85              	.L2:
 181:Generated_Source\PSoC4/cyfitter_cfg.c **** 	{
  86              		.loc 1 181 0 is_stmt 0 discriminator 1
  87 002c 002F     		cmp	r7, #0
  88 002e EBD0     		beq	.L5
 191:Generated_Source\PSoC4/cyfitter_cfg.c **** 		}
 192:Generated_Source\PSoC4/cyfitter_cfg.c **** 	}
 193:Generated_Source\PSoC4/cyfitter_cfg.c **** }
  89              		.loc 1 193 0 is_stmt 1
ARM GAS  C:\Users\aasys\AppData\Local\Temp\ccx75Tpc.s 			page 6


  90              		@ sp needed
  91              	.LVL10:
  92              	.LVL11:
  93 0030 F0BD     		pop	{r4, r5, r6, r7, pc}
  94              		.cfi_endproc
  95              	.LFE3:
  96              		.size	cfg_write_bytes32, .-cfg_write_bytes32
  97 0032 C046     		.section	.text.CYMEMZERO,"ax",%progbits
  98              		.align	2
  99              		.code	16
 100              		.thumb_func
 101              		.type	CYMEMZERO, %function
 102              	CYMEMZERO:
 103              	.LFB0:
  77:Generated_Source\PSoC4/cyfitter_cfg.c **** 	(void)memset(s, 0, n);
 104              		.loc 1 77 0
 105              		.cfi_startproc
 106              		@ args = 0, pretend = 0, frame = 0
 107              		@ frame_needed = 0, uses_anonymous_args = 0
 108              	.LVL12:
 109 0000 10B5     		push	{r4, lr}
 110              		.cfi_def_cfa_offset 8
 111              		.cfi_offset 4, -8
 112              		.cfi_offset 14, -4
 113 0002 0A00     		movs	r2, r1
  78:Generated_Source\PSoC4/cyfitter_cfg.c **** }
 114              		.loc 1 78 0
 115 0004 0021     		movs	r1, #0
 116              	.LVL13:
 117 0006 FFF7FEFF 		bl	memset
 118              	.LVL14:
  79:Generated_Source\PSoC4/cyfitter_cfg.c **** CY_CFG_UNUSED
 119              		.loc 1 79 0
 120              		@ sp needed
 121 000a 10BD     		pop	{r4, pc}
 122              		.cfi_endproc
 123              	.LFE0:
 124              		.size	CYMEMZERO, .-CYMEMZERO
 125              		.section	.psocinit,"ax",%progbits
 126              		.align	2
 127              		.code	16
 128              		.thumb_func
 129              		.type	ClockSetup, %function
 130              	ClockSetup:
 131              	.LFB4:
 194:Generated_Source\PSoC4/cyfitter_cfg.c **** 
 195:Generated_Source\PSoC4/cyfitter_cfg.c **** 
 196:Generated_Source\PSoC4/cyfitter_cfg.c **** /*******************************************************************************
 197:Generated_Source\PSoC4/cyfitter_cfg.c **** * Function Name: ClockSetup
 198:Generated_Source\PSoC4/cyfitter_cfg.c **** ********************************************************************************
 199:Generated_Source\PSoC4/cyfitter_cfg.c **** *
 200:Generated_Source\PSoC4/cyfitter_cfg.c **** * Summary:
 201:Generated_Source\PSoC4/cyfitter_cfg.c **** *   Performs the initialization of all of the clocks in the device based on the
 202:Generated_Source\PSoC4/cyfitter_cfg.c **** *   settings in the Clock tab of the DWR.  This includes enabling the requested
 203:Generated_Source\PSoC4/cyfitter_cfg.c **** *   clocks and setting the necessary dividers to produce the desired frequency. 
 204:Generated_Source\PSoC4/cyfitter_cfg.c **** *
 205:Generated_Source\PSoC4/cyfitter_cfg.c **** * Parameters:
ARM GAS  C:\Users\aasys\AppData\Local\Temp\ccx75Tpc.s 			page 7


 206:Generated_Source\PSoC4/cyfitter_cfg.c **** *   void
 207:Generated_Source\PSoC4/cyfitter_cfg.c **** *
 208:Generated_Source\PSoC4/cyfitter_cfg.c **** * Return:
 209:Generated_Source\PSoC4/cyfitter_cfg.c **** *   void
 210:Generated_Source\PSoC4/cyfitter_cfg.c **** *
 211:Generated_Source\PSoC4/cyfitter_cfg.c **** *******************************************************************************/
 212:Generated_Source\PSoC4/cyfitter_cfg.c **** static void ClockSetup(void);
 213:Generated_Source\PSoC4/cyfitter_cfg.c **** CY_CFG_SECTION
 214:Generated_Source\PSoC4/cyfitter_cfg.c **** static void ClockSetup(void)
 215:Generated_Source\PSoC4/cyfitter_cfg.c **** {
 132              		.loc 1 215 0
 133              		.cfi_startproc
 134              		@ args = 0, pretend = 0, frame = 0
 135              		@ frame_needed = 0, uses_anonymous_args = 0
 136 0000 70B5     		push	{r4, r5, r6, lr}
 137              		.cfi_def_cfa_offset 16
 138              		.cfi_offset 4, -16
 139              		.cfi_offset 5, -12
 140              		.cfi_offset 6, -8
 141              		.cfi_offset 14, -4
 216:Generated_Source\PSoC4/cyfitter_cfg.c **** 	/* Enable HALF_EN before trimming for the flash accelerator. */
 217:Generated_Source\PSoC4/cyfitter_cfg.c **** 	CY_SET_REG32((void CYXDATA *)(CYREG_CLK_SELECT), (CY_GET_REG32((void *)CYREG_CLK_SELECT) | 0x00040
 142              		.loc 1 217 0
 143 0002 184C     		ldr	r4, .L8
 144 0004 2368     		ldr	r3, [r4]
 145 0006 8022     		movs	r2, #128
 146 0008 D202     		lsls	r2, r2, #11
 147 000a 1343     		orrs	r3, r2
 148 000c 2360     		str	r3, [r4]
 218:Generated_Source\PSoC4/cyfitter_cfg.c **** 
 219:Generated_Source\PSoC4/cyfitter_cfg.c **** 	/* Setup and trim IMO based on desired frequency. */
 220:Generated_Source\PSoC4/cyfitter_cfg.c **** 	CySysClkWriteImoFreq(24u);
 149              		.loc 1 220 0
 150 000e 1820     		movs	r0, #24
 151 0010 FFF7FEFF 		bl	CySysClkWriteImoFreq
 152              	.LVL15:
 221:Generated_Source\PSoC4/cyfitter_cfg.c **** 
 222:Generated_Source\PSoC4/cyfitter_cfg.c **** 	/* Disable HALF_EN since it is not required at this IMO frequency. */
 223:Generated_Source\PSoC4/cyfitter_cfg.c **** 	CY_SET_REG32((void CYXDATA *)(CYREG_CLK_SELECT), (CY_GET_REG32((void *)CYREG_CLK_SELECT) & 0xFFFBF
 153              		.loc 1 223 0
 154 0014 2268     		ldr	r2, [r4]
 155 0016 144B     		ldr	r3, .L8+4
 156 0018 1340     		ands	r3, r2
 157 001a 2360     		str	r3, [r4]
 224:Generated_Source\PSoC4/cyfitter_cfg.c **** 	/* CYDEV_CLK_ILO_CONFIG Starting address: CYDEV_CLK_ILO_CONFIG */
 225:Generated_Source\PSoC4/cyfitter_cfg.c **** 	CY_SET_REG32((void *)(CYREG_CLK_ILO_CONFIG), 0x80000006u);
 158              		.loc 1 225 0
 159 001c 134A     		ldr	r2, .L8+8
 160 001e 144B     		ldr	r3, .L8+12
 161 0020 1A60     		str	r2, [r3]
 226:Generated_Source\PSoC4/cyfitter_cfg.c **** 
 227:Generated_Source\PSoC4/cyfitter_cfg.c **** 
 228:Generated_Source\PSoC4/cyfitter_cfg.c **** 	/* CYDEV_CLK_SELECT00 Starting address: CYDEV_CLK_SELECT00 */
 229:Generated_Source\PSoC4/cyfitter_cfg.c **** 	CY_SET_REG32((void *)(CYREG_CLK_SELECT03), 0x00000010u);
 162              		.loc 1 229 0
 163 0022 1022     		movs	r2, #16
 164 0024 134B     		ldr	r3, .L8+16
ARM GAS  C:\Users\aasys\AppData\Local\Temp\ccx75Tpc.s 			page 8


 165 0026 1A60     		str	r2, [r3]
 230:Generated_Source\PSoC4/cyfitter_cfg.c **** 	CY_SET_REG32((void *)(CYREG_CLK_SELECT08), 0x00000020u);
 166              		.loc 1 230 0
 167 0028 1032     		adds	r2, r2, #16
 168 002a 134B     		ldr	r3, .L8+20
 169 002c 1A60     		str	r2, [r3]
 231:Generated_Source\PSoC4/cyfitter_cfg.c **** 	CY_SET_REG32((void *)(CYREG_CLK_SELECT09), 0x00000030u);
 170              		.loc 1 231 0
 171 002e 1032     		adds	r2, r2, #16
 172 0030 124B     		ldr	r3, .L8+24
 173 0032 1A60     		str	r2, [r3]
 232:Generated_Source\PSoC4/cyfitter_cfg.c **** 
 233:Generated_Source\PSoC4/cyfitter_cfg.c **** 	/* CYDEV_CLK_IMO_CONFIG Starting address: CYDEV_CLK_IMO_CONFIG */
 234:Generated_Source\PSoC4/cyfitter_cfg.c **** 	CY_SET_REG32((void *)(CYREG_CLK_IMO_CONFIG), 0x80000000u);
 174              		.loc 1 234 0
 175 0034 8022     		movs	r2, #128
 176 0036 1206     		lsls	r2, r2, #24
 177 0038 114B     		ldr	r3, .L8+28
 178 003a 1A60     		str	r2, [r3]
 235:Generated_Source\PSoC4/cyfitter_cfg.c **** 
 236:Generated_Source\PSoC4/cyfitter_cfg.c **** 	/* CYDEV_CLK_SELECT Starting address: CYDEV_CLK_SELECT */
 237:Generated_Source\PSoC4/cyfitter_cfg.c **** 	CY_SET_REG32((void *)(CYREG_CLK_SELECT), 0x00000000u);
 179              		.loc 1 237 0
 180 003c 0025     		movs	r5, #0
 181 003e 2560     		str	r5, [r4]
 238:Generated_Source\PSoC4/cyfitter_cfg.c **** 
 239:Generated_Source\PSoC4/cyfitter_cfg.c **** 	/* CYDEV_CLK_DIVIDER_A00 Starting address: CYDEV_CLK_DIVIDER_A00 */
 240:Generated_Source\PSoC4/cyfitter_cfg.c **** 	CY_SET_REG32((void *)(CYREG_CLK_DIVIDER_A00), 0x800000CFu);
 182              		.loc 1 240 0
 183 0040 104A     		ldr	r2, .L8+32
 184 0042 114B     		ldr	r3, .L8+36
 185 0044 1A60     		str	r2, [r3]
 241:Generated_Source\PSoC4/cyfitter_cfg.c **** 
 242:Generated_Source\PSoC4/cyfitter_cfg.c **** 	/* CYDEV_CLK_DIVIDER_B00 Starting address: CYDEV_CLK_DIVIDER_B00 */
 243:Generated_Source\PSoC4/cyfitter_cfg.c **** 	CY_SET_REG32((void *)(CYREG_CLK_DIVIDER_B00), 0x8000095Fu);
 186              		.loc 1 243 0
 187 0046 114B     		ldr	r3, .L8+40
 188 0048 114A     		ldr	r2, .L8+44
 189 004a 1360     		str	r3, [r2]
 244:Generated_Source\PSoC4/cyfitter_cfg.c **** 
 245:Generated_Source\PSoC4/cyfitter_cfg.c **** 	/* CYDEV_CLK_DIVIDER_C00 Starting address: CYDEV_CLK_DIVIDER_C00 */
 246:Generated_Source\PSoC4/cyfitter_cfg.c **** 	CY_SET_REG32((void *)(CYREG_CLK_DIVIDER_C00), 0x8000095Fu);
 190              		.loc 1 246 0
 191 004c 114A     		ldr	r2, .L8+48
 192 004e 1360     		str	r3, [r2]
 247:Generated_Source\PSoC4/cyfitter_cfg.c **** 
 248:Generated_Source\PSoC4/cyfitter_cfg.c **** 	(void)CyIntSetVector(9u, &CySysWdtIsr);
 193              		.loc 1 248 0
 194 0050 1149     		ldr	r1, .L8+52
 195 0052 0920     		movs	r0, #9
 196 0054 FFF7FEFF 		bl	CyIntSetVector
 197              	.LVL16:
 249:Generated_Source\PSoC4/cyfitter_cfg.c **** 	CyIntEnable(9u);
 198              		.loc 1 249 0
 199 0058 0920     		movs	r0, #9
 200 005a FFF7FEFF 		bl	CyIntEnable
 201              	.LVL17:
ARM GAS  C:\Users\aasys\AppData\Local\Temp\ccx75Tpc.s 			page 9


 250:Generated_Source\PSoC4/cyfitter_cfg.c **** 	CY_SET_REG32((void *)(CYREG_WDT_CONFIG), 0x00000000u);
 202              		.loc 1 250 0
 203 005e 0F4B     		ldr	r3, .L8+56
 204 0060 1D60     		str	r5, [r3]
 251:Generated_Source\PSoC4/cyfitter_cfg.c **** }
 205              		.loc 1 251 0
 206              		@ sp needed
 207 0062 70BD     		pop	{r4, r5, r6, pc}
 208              	.L9:
 209              		.align	2
 210              	.L8:
 211 0064 00010B40 		.word	1074462976
 212 0068 FFFFFBFF 		.word	-262145
 213 006c 06000080 		.word	-2147483642
 214 0070 04010B40 		.word	1074462980
 215 0074 0C020240 		.word	1073873420
 216 0078 20020240 		.word	1073873440
 217 007c 24020240 		.word	1073873444
 218 0080 08010B40 		.word	1074462984
 219 0084 CF000080 		.word	-2147483441
 220 0088 00000240 		.word	1073872896
 221 008c 5F090080 		.word	-2147481249
 222 0090 40000240 		.word	1073872960
 223 0094 80000240 		.word	1073873024
 224 0098 00000000 		.word	CySysWdtIsr
 225 009c 0C020B40 		.word	1074463244
 226              		.cfi_endproc
 227              	.LFE4:
 228              		.size	ClockSetup, .-ClockSetup
 229              		.align	2
 230              		.global	cyfitter_cfg
 231              		.code	16
 232              		.thumb_func
 233              		.type	cyfitter_cfg, %function
 234              	cyfitter_cfg:
 235              	.LFB6:
 252:Generated_Source\PSoC4/cyfitter_cfg.c **** 
 253:Generated_Source\PSoC4/cyfitter_cfg.c **** 
 254:Generated_Source\PSoC4/cyfitter_cfg.c **** /* Analog API Functions */
 255:Generated_Source\PSoC4/cyfitter_cfg.c **** 
 256:Generated_Source\PSoC4/cyfitter_cfg.c **** 
 257:Generated_Source\PSoC4/cyfitter_cfg.c **** /*******************************************************************************
 258:Generated_Source\PSoC4/cyfitter_cfg.c **** * Function Name: AnalogSetDefault
 259:Generated_Source\PSoC4/cyfitter_cfg.c **** ********************************************************************************
 260:Generated_Source\PSoC4/cyfitter_cfg.c **** *
 261:Generated_Source\PSoC4/cyfitter_cfg.c **** * Summary:
 262:Generated_Source\PSoC4/cyfitter_cfg.c **** *  Sets up the analog portions of the chip to default values based on chip
 263:Generated_Source\PSoC4/cyfitter_cfg.c **** *  configuration options from the project.
 264:Generated_Source\PSoC4/cyfitter_cfg.c **** *
 265:Generated_Source\PSoC4/cyfitter_cfg.c **** * Parameters:
 266:Generated_Source\PSoC4/cyfitter_cfg.c **** *  void
 267:Generated_Source\PSoC4/cyfitter_cfg.c **** *
 268:Generated_Source\PSoC4/cyfitter_cfg.c **** * Return:
 269:Generated_Source\PSoC4/cyfitter_cfg.c **** *  void
 270:Generated_Source\PSoC4/cyfitter_cfg.c **** *
 271:Generated_Source\PSoC4/cyfitter_cfg.c **** *******************************************************************************/
 272:Generated_Source\PSoC4/cyfitter_cfg.c **** static void AnalogSetDefault(void);
ARM GAS  C:\Users\aasys\AppData\Local\Temp\ccx75Tpc.s 			page 10


 273:Generated_Source\PSoC4/cyfitter_cfg.c **** static void AnalogSetDefault(void)
 274:Generated_Source\PSoC4/cyfitter_cfg.c **** {
 275:Generated_Source\PSoC4/cyfitter_cfg.c **** }
 276:Generated_Source\PSoC4/cyfitter_cfg.c **** 
 277:Generated_Source\PSoC4/cyfitter_cfg.c **** 
 278:Generated_Source\PSoC4/cyfitter_cfg.c **** 
 279:Generated_Source\PSoC4/cyfitter_cfg.c **** 
 280:Generated_Source\PSoC4/cyfitter_cfg.c **** /*******************************************************************************
 281:Generated_Source\PSoC4/cyfitter_cfg.c **** * Function Name: cyfitter_cfg
 282:Generated_Source\PSoC4/cyfitter_cfg.c **** ********************************************************************************
 283:Generated_Source\PSoC4/cyfitter_cfg.c **** * Summary:
 284:Generated_Source\PSoC4/cyfitter_cfg.c **** *  This function is called by the start-up code for the selected device. It
 285:Generated_Source\PSoC4/cyfitter_cfg.c **** *  performs all of the necessary device configuration based on the design
 286:Generated_Source\PSoC4/cyfitter_cfg.c **** *  settings.  This includes settings from the Design Wide Resources (DWR) such
 287:Generated_Source\PSoC4/cyfitter_cfg.c **** *  as Clocks and Pins as well as any component configuration that is necessary.
 288:Generated_Source\PSoC4/cyfitter_cfg.c **** *
 289:Generated_Source\PSoC4/cyfitter_cfg.c **** * Parameters:
 290:Generated_Source\PSoC4/cyfitter_cfg.c **** *   void
 291:Generated_Source\PSoC4/cyfitter_cfg.c **** *
 292:Generated_Source\PSoC4/cyfitter_cfg.c **** * Return:
 293:Generated_Source\PSoC4/cyfitter_cfg.c **** *   void
 294:Generated_Source\PSoC4/cyfitter_cfg.c **** *
 295:Generated_Source\PSoC4/cyfitter_cfg.c **** *******************************************************************************/
 296:Generated_Source\PSoC4/cyfitter_cfg.c **** CY_CFG_SECTION
 297:Generated_Source\PSoC4/cyfitter_cfg.c **** void cyfitter_cfg(void)
 298:Generated_Source\PSoC4/cyfitter_cfg.c **** {
 236              		.loc 1 298 0
 237              		.cfi_startproc
 238              		@ args = 0, pretend = 0, frame = 0
 239              		@ frame_needed = 0, uses_anonymous_args = 0
 240 00a0 10B5     		push	{r4, lr}
 241              		.cfi_def_cfa_offset 8
 242              		.cfi_offset 4, -8
 243              		.cfi_offset 14, -4
 299:Generated_Source\PSoC4/cyfitter_cfg.c **** 	/* Disable interrupts by default. Let user enable if/when they want. */
 300:Generated_Source\PSoC4/cyfitter_cfg.c **** 	CyGlobalIntDisable;
 244              		.loc 1 300 0
 245              		.syntax divided
 246              	@ 300 "Generated_Source\PSoC4\cyfitter_cfg.c" 1
 247 00a2 72B6     		CPSID   i
 248              	@ 0 "" 2
 249              	.LVL18:
 250              		.thumb
 251              		.syntax unified
 252              	.LBB3:
 301:Generated_Source\PSoC4/cyfitter_cfg.c **** 
 302:Generated_Source\PSoC4/cyfitter_cfg.c **** 	{
 303:Generated_Source\PSoC4/cyfitter_cfg.c **** 		static const uint32 CYCODE cy_cfg_addr_table[] = {
 304:Generated_Source\PSoC4/cyfitter_cfg.c **** 			0x400F4304u, /* Base address: 0x400F4300 Count: 4 */
 305:Generated_Source\PSoC4/cyfitter_cfg.c **** 		};
 306:Generated_Source\PSoC4/cyfitter_cfg.c **** 
 307:Generated_Source\PSoC4/cyfitter_cfg.c **** 		static const cy_cfg_addrvalue_t CYCODE cy_cfg_data_table[] = {
 308:Generated_Source\PSoC4/cyfitter_cfg.c **** 			{0x18u, 0x20u},
 309:Generated_Source\PSoC4/cyfitter_cfg.c **** 			{0x6Cu, 0x10u},
 310:Generated_Source\PSoC4/cyfitter_cfg.c **** 			{0xC6u, 0x08u},
 311:Generated_Source\PSoC4/cyfitter_cfg.c **** 			{0xDAu, 0x01u},
 312:Generated_Source\PSoC4/cyfitter_cfg.c **** 		};
ARM GAS  C:\Users\aasys\AppData\Local\Temp\ccx75Tpc.s 			page 11


 313:Generated_Source\PSoC4/cyfitter_cfg.c **** 
 314:Generated_Source\PSoC4/cyfitter_cfg.c **** 
 315:Generated_Source\PSoC4/cyfitter_cfg.c **** 
 316:Generated_Source\PSoC4/cyfitter_cfg.c **** 		CYPACKED typedef struct {
 317:Generated_Source\PSoC4/cyfitter_cfg.c **** 			void CYFAR *address;
 318:Generated_Source\PSoC4/cyfitter_cfg.c **** 			uint16 size;
 319:Generated_Source\PSoC4/cyfitter_cfg.c **** 		} CYPACKED_ATTR cfg_memset_t;
 320:Generated_Source\PSoC4/cyfitter_cfg.c **** 
 321:Generated_Source\PSoC4/cyfitter_cfg.c **** 		static const cfg_memset_t CYCODE cfg_memset_list[] = {
 322:Generated_Source\PSoC4/cyfitter_cfg.c **** 			/* address, size */
 323:Generated_Source\PSoC4/cyfitter_cfg.c **** 			{(void CYFAR *)(CYDEV_UDB_P0_U0_BASE), 1024u},
 324:Generated_Source\PSoC4/cyfitter_cfg.c **** 			{(void CYFAR *)(CYDEV_UDB_DSI0_BASE), 1024u},
 325:Generated_Source\PSoC4/cyfitter_cfg.c **** 		};
 326:Generated_Source\PSoC4/cyfitter_cfg.c **** 
 327:Generated_Source\PSoC4/cyfitter_cfg.c **** 		uint8 CYDATA i;
 328:Generated_Source\PSoC4/cyfitter_cfg.c **** 
 329:Generated_Source\PSoC4/cyfitter_cfg.c **** 		/* Zero out critical memory blocks before beginning configuration */
 330:Generated_Source\PSoC4/cyfitter_cfg.c **** 		for (i = 0u; i < (sizeof(cfg_memset_list)/sizeof(cfg_memset_list[0])); i++)
 253              		.loc 1 330 0
 254 00a4 0024     		movs	r4, #0
 255 00a6 0FE0     		b	.L11
 256              	.LVL19:
 257              	.L12:
 258              	.LBB4:
 331:Generated_Source\PSoC4/cyfitter_cfg.c **** 		{
 332:Generated_Source\PSoC4/cyfitter_cfg.c **** 			const cfg_memset_t CYCODE * CYDATA ms = &cfg_memset_list[i];
 333:Generated_Source\PSoC4/cyfitter_cfg.c **** 			CYMEMZERO(ms->address, (size_t)(uint32)(ms->size));
 259              		.loc 1 333 0 discriminator 3
 260 00a8 1E48     		ldr	r0, .L13
 261 00aa 6200     		lsls	r2, r4, #1
 262 00ac 1319     		adds	r3, r2, r4
 263 00ae 5900     		lsls	r1, r3, #1
 264 00b0 0B00     		movs	r3, r1
 265 00b2 4118     		adds	r1, r0, r1
 266 00b4 8988     		ldrh	r1, [r1, #4]
 267 00b6 1A5A     		ldrh	r2, [r3, r0]
 268 00b8 C318     		adds	r3, r0, r3
 269 00ba 5888     		ldrh	r0, [r3, #2]
 270 00bc 0004     		lsls	r0, r0, #16
 271 00be 1043     		orrs	r0, r2
 272 00c0 FFF7FEFF 		bl	CYMEMZERO
 273              	.LVL20:
 274              	.LBE4:
 330:Generated_Source\PSoC4/cyfitter_cfg.c **** 		{
 275              		.loc 1 330 0 discriminator 3
 276 00c4 0134     		adds	r4, r4, #1
 277              	.LVL21:
 278 00c6 E4B2     		uxtb	r4, r4
 279              	.LVL22:
 280              	.L11:
 330:Generated_Source\PSoC4/cyfitter_cfg.c **** 		{
 281              		.loc 1 330 0 is_stmt 0 discriminator 1
 282 00c8 012C     		cmp	r4, #1
 283 00ca EDD9     		bls	.L12
 334:Generated_Source\PSoC4/cyfitter_cfg.c **** 		}
 335:Generated_Source\PSoC4/cyfitter_cfg.c **** 
 336:Generated_Source\PSoC4/cyfitter_cfg.c **** 		cfg_write_bytes32(cy_cfg_addr_table, cy_cfg_data_table);
ARM GAS  C:\Users\aasys\AppData\Local\Temp\ccx75Tpc.s 			page 12


 284              		.loc 1 336 0 is_stmt 1
 285 00cc 1548     		ldr	r0, .L13
 286 00ce 0100     		movs	r1, r0
 287 00d0 0C31     		adds	r1, r1, #12
 288 00d2 1430     		adds	r0, r0, #20
 289 00d4 FFF7FEFF 		bl	cfg_write_bytes32
 290              	.LVL23:
 337:Generated_Source\PSoC4/cyfitter_cfg.c **** 
 338:Generated_Source\PSoC4/cyfitter_cfg.c **** 		/* HSIOM Starting address: CYDEV_HSIOM_BASE */
 339:Generated_Source\PSoC4/cyfitter_cfg.c **** 		CY_SET_REG32((void *)(CYDEV_HSIOM_BASE), 0x00990000u);
 291              		.loc 1 339 0
 292 00d8 9923     		movs	r3, #153
 293 00da 1B04     		lsls	r3, r3, #16
 294 00dc 124A     		ldr	r2, .L13+4
 295 00de 1360     		str	r3, [r2]
 340:Generated_Source\PSoC4/cyfitter_cfg.c **** 		CY_SET_REG32((void *)(CYREG_HSIOM_PORT_SEL3), 0x0000EE00u);
 296              		.loc 1 340 0
 297 00e0 EE21     		movs	r1, #238
 298 00e2 0902     		lsls	r1, r1, #8
 299 00e4 114A     		ldr	r2, .L13+8
 300 00e6 1160     		str	r1, [r2]
 341:Generated_Source\PSoC4/cyfitter_cfg.c **** 
 342:Generated_Source\PSoC4/cyfitter_cfg.c **** 		/* UDB_PA_0 Starting address: CYDEV_UDB_PA0_BASE */
 343:Generated_Source\PSoC4/cyfitter_cfg.c **** 		CY_SET_REG32((void *)(CYDEV_UDB_PA0_BASE), 0x00990000u);
 301              		.loc 1 343 0
 302 00e8 114A     		ldr	r2, .L13+12
 303 00ea 1360     		str	r3, [r2]
 344:Generated_Source\PSoC4/cyfitter_cfg.c **** 
 345:Generated_Source\PSoC4/cyfitter_cfg.c **** 		/* UDB_PA_3 Starting address: CYDEV_UDB_PA3_BASE */
 346:Generated_Source\PSoC4/cyfitter_cfg.c **** 		CY_SET_REG32((void *)(CYDEV_UDB_PA3_BASE), 0x00990000u);
 304              		.loc 1 346 0
 305 00ec 114A     		ldr	r2, .L13+16
 306 00ee 1360     		str	r3, [r2]
 347:Generated_Source\PSoC4/cyfitter_cfg.c **** 
 348:Generated_Source\PSoC4/cyfitter_cfg.c **** 		/* TCPWM_CNT1 Starting address: CYDEV_TCPWM_CNT1_TR_CTRL0 */
 349:Generated_Source\PSoC4/cyfitter_cfg.c **** 		CY_SET_REG32((void *)(CYREG_TCPWM_CNT1_TR_CTRL0), 0x00000013u);
 307              		.loc 1 349 0
 308 00f0 1322     		movs	r2, #19
 309 00f2 114B     		ldr	r3, .L13+20
 310 00f4 1A60     		str	r2, [r3]
 350:Generated_Source\PSoC4/cyfitter_cfg.c **** 
 351:Generated_Source\PSoC4/cyfitter_cfg.c **** 		/* Enable digital routing */
 352:Generated_Source\PSoC4/cyfitter_cfg.c **** 		CY_SET_XTND_REG8((void *)CYREG_UDB_UDBIF_BANK_CTL, (uint8)(CY_GET_XTND_REG8((void *)CYREG_UDB_UDB
 311              		.loc 1 352 0
 312 00f6 114A     		ldr	r2, .L13+24
 313 00f8 1178     		ldrb	r1, [r2]
 314 00fa 0623     		movs	r3, #6
 315 00fc 0B43     		orrs	r3, r1
 316 00fe DBB2     		uxtb	r3, r3
 317 0100 1370     		strb	r3, [r2]
 318              	.LBE3:
 353:Generated_Source\PSoC4/cyfitter_cfg.c **** 	}
 354:Generated_Source\PSoC4/cyfitter_cfg.c **** 
 355:Generated_Source\PSoC4/cyfitter_cfg.c **** 	/* Perform second pass device configuration. These items must be configured in specific order afte
 356:Generated_Source\PSoC4/cyfitter_cfg.c **** 	/* IOPINS0_0 Starting address: CYDEV_PRT0_BASE */
 357:Generated_Source\PSoC4/cyfitter_cfg.c **** 	CY_SET_REG32((void *)(CYDEV_PRT0_BASE), 0x000000A0u);
 319              		.loc 1 357 0
ARM GAS  C:\Users\aasys\AppData\Local\Temp\ccx75Tpc.s 			page 13


 320 0102 A022     		movs	r2, #160
 321 0104 0E4B     		ldr	r3, .L13+28
 322 0106 1A60     		str	r2, [r3]
 358:Generated_Source\PSoC4/cyfitter_cfg.c **** 	CY_SET_REG32((void *)(CYREG_PRT0_PC), 0x00431000u);
 323              		.loc 1 358 0
 324 0108 0E4A     		ldr	r2, .L13+32
 325 010a 0F4B     		ldr	r3, .L13+36
 326 010c 1A60     		str	r2, [r3]
 359:Generated_Source\PSoC4/cyfitter_cfg.c **** 	CY_SET_REG32((void *)(CYREG_PRT0_PC2), 0x00000020u);
 327              		.loc 1 359 0
 328 010e 2022     		movs	r2, #32
 329 0110 0E4B     		ldr	r3, .L13+40
 330 0112 1A60     		str	r2, [r3]
 360:Generated_Source\PSoC4/cyfitter_cfg.c **** 
 361:Generated_Source\PSoC4/cyfitter_cfg.c **** 	/* IOPINS0_3 Starting address: CYDEV_PRT3_BASE */
 362:Generated_Source\PSoC4/cyfitter_cfg.c **** 	CY_SET_REG32((void *)(CYREG_PRT3_PC), 0x00000D80u);
 331              		.loc 1 362 0
 332 0114 D822     		movs	r2, #216
 333 0116 1201     		lsls	r2, r2, #4
 334 0118 0D4B     		ldr	r3, .L13+44
 335 011a 1A60     		str	r2, [r3]
 363:Generated_Source\PSoC4/cyfitter_cfg.c **** 
 364:Generated_Source\PSoC4/cyfitter_cfg.c **** 
 365:Generated_Source\PSoC4/cyfitter_cfg.c **** 	/* Setup clocks based on selections from Clock DWR */
 366:Generated_Source\PSoC4/cyfitter_cfg.c **** 	ClockSetup();
 336              		.loc 1 366 0
 337 011c FFF770FF 		bl	ClockSetup
 338              	.LVL24:
 367:Generated_Source\PSoC4/cyfitter_cfg.c **** 
 368:Generated_Source\PSoC4/cyfitter_cfg.c **** 	/* Perform basic analog initialization to defaults */
 369:Generated_Source\PSoC4/cyfitter_cfg.c **** 	AnalogSetDefault();
 370:Generated_Source\PSoC4/cyfitter_cfg.c **** 
 371:Generated_Source\PSoC4/cyfitter_cfg.c **** }
 339              		.loc 1 371 0
 340              		@ sp needed
 341              	.LVL25:
 342 0120 10BD     		pop	{r4, pc}
 343              	.L14:
 344 0122 C046     		.align	2
 345              	.L13:
 346 0124 00000000 		.word	.LANCHOR0
 347 0128 00000140 		.word	1073807360
 348 012c 0C000140 		.word	1073807372
 349 0130 00500F40 		.word	1074745344
 350 0134 30500F40 		.word	1074745392
 351 0138 60010540 		.word	1074069856
 352 013c 00700F40 		.word	1074753536
 353 0140 00000440 		.word	1074003968
 354 0144 00104300 		.word	4395008
 355 0148 08000440 		.word	1074003976
 356 014c 18000440 		.word	1074003992
 357 0150 08030440 		.word	1074004744
 358              		.cfi_endproc
 359              	.LFE6:
 360              		.size	cyfitter_cfg, .-cyfitter_cfg
 361              		.section	.rodata
 362              		.align	2
ARM GAS  C:\Users\aasys\AppData\Local\Temp\ccx75Tpc.s 			page 14


 363              		.set	.LANCHOR0,. + 0
 364              		.type	cfg_memset_list.4870, %object
 365              		.size	cfg_memset_list.4870, 12
 366              	cfg_memset_list.4870:
 367 0000 00300F40 		.word	1074737152
 368 0004 0004     		.short	1024
 369 0006 00400F40 		.4byte	1074741248
 370 000a 0004     		.short	1024
 371              		.type	cy_cfg_data_table.4865, %object
 372              		.size	cy_cfg_data_table.4865, 8
 373              	cy_cfg_data_table.4865:
 374 000c 18       		.byte	24
 375 000d 20       		.byte	32
 376 000e 6C       		.byte	108
 377 000f 10       		.byte	16
 378 0010 C6       		.byte	-58
 379 0011 08       		.byte	8
 380 0012 DA       		.byte	-38
 381 0013 01       		.byte	1
 382              		.type	cy_cfg_addr_table.4864, %object
 383              		.size	cy_cfg_addr_table.4864, 4
 384              	cy_cfg_addr_table.4864:
 385 0014 04430F40 		.word	1074742020
 386              		.text
 387              	.Letext0:
 388              		.file 2 "c:\\program files (x86)\\cypress\\psoc creator\\4.1\\psoc creator\\import\\gnu\\arm\\5.4.
 389              		.file 3 "Generated_Source\\PSoC4\\cytypes.h"
 390              		.file 4 "Generated_Source\\PSoC4\\CyLib.h"
 391              		.section	.debug_info,"",%progbits
 392              	.Ldebug_info0:
 393 0000 9C030000 		.4byte	0x39c
 394 0004 0400     		.2byte	0x4
 395 0006 00000000 		.4byte	.Ldebug_abbrev0
 396 000a 04       		.byte	0x4
 397 000b 01       		.uleb128 0x1
 398 000c 30010000 		.4byte	.LASF39
 399 0010 0C       		.byte	0xc
 400 0011 BD020000 		.4byte	.LASF40
 401 0015 27020000 		.4byte	.LASF41
 402 0019 00000000 		.4byte	.Ldebug_ranges0+0
 403 001d 00000000 		.4byte	0
 404 0021 00000000 		.4byte	.Ldebug_line0
 405 0025 02       		.uleb128 0x2
 406 0026 04       		.byte	0x4
 407 0027 05       		.byte	0x5
 408 0028 696E7400 		.ascii	"int\000"
 409 002c 03       		.uleb128 0x3
 410 002d 06000000 		.4byte	.LASF12
 411 0031 02       		.byte	0x2
 412 0032 D8       		.byte	0xd8
 413 0033 37000000 		.4byte	0x37
 414 0037 04       		.uleb128 0x4
 415 0038 04       		.byte	0x4
 416 0039 07       		.byte	0x7
 417 003a F7000000 		.4byte	.LASF0
 418 003e 04       		.uleb128 0x4
 419 003f 08       		.byte	0x8
ARM GAS  C:\Users\aasys\AppData\Local\Temp\ccx75Tpc.s 			page 15


 420 0040 05       		.byte	0x5
 421 0041 F0010000 		.4byte	.LASF1
 422 0045 04       		.uleb128 0x4
 423 0046 08       		.byte	0x8
 424 0047 04       		.byte	0x4
 425 0048 A5020000 		.4byte	.LASF2
 426 004c 04       		.uleb128 0x4
 427 004d 01       		.byte	0x1
 428 004e 06       		.byte	0x6
 429 004f B1020000 		.4byte	.LASF3
 430 0053 04       		.uleb128 0x4
 431 0054 01       		.byte	0x1
 432 0055 08       		.byte	0x8
 433 0056 99000000 		.4byte	.LASF4
 434 005a 04       		.uleb128 0x4
 435 005b 02       		.byte	0x2
 436 005c 05       		.byte	0x5
 437 005d 1D020000 		.4byte	.LASF5
 438 0061 04       		.uleb128 0x4
 439 0062 02       		.byte	0x2
 440 0063 07       		.byte	0x7
 441 0064 DD010000 		.4byte	.LASF6
 442 0068 04       		.uleb128 0x4
 443 0069 04       		.byte	0x4
 444 006a 05       		.byte	0x5
 445 006b 9C020000 		.4byte	.LASF7
 446 006f 04       		.uleb128 0x4
 447 0070 04       		.byte	0x4
 448 0071 07       		.byte	0x7
 449 0072 77000000 		.4byte	.LASF8
 450 0076 04       		.uleb128 0x4
 451 0077 08       		.byte	0x8
 452 0078 07       		.byte	0x7
 453 0079 19010000 		.4byte	.LASF9
 454 007d 04       		.uleb128 0x4
 455 007e 04       		.byte	0x4
 456 007f 07       		.byte	0x7
 457 0080 D4010000 		.4byte	.LASF10
 458 0084 05       		.uleb128 0x5
 459 0085 04       		.byte	0x4
 460 0086 04       		.uleb128 0x4
 461 0087 01       		.byte	0x1
 462 0088 08       		.byte	0x8
 463 0089 FE010000 		.4byte	.LASF11
 464 008d 06       		.uleb128 0x6
 465 008e 89000000 		.4byte	.LASF13
 466 0092 03       		.byte	0x3
 467 0093 D201     		.2byte	0x1d2
 468 0095 53000000 		.4byte	0x53
 469 0099 06       		.uleb128 0x6
 470 009a DE000000 		.4byte	.LASF14
 471 009e 03       		.byte	0x3
 472 009f D301     		.2byte	0x1d3
 473 00a1 61000000 		.4byte	0x61
 474 00a5 06       		.uleb128 0x6
 475 00a6 F0000000 		.4byte	.LASF15
 476 00aa 03       		.byte	0x3
ARM GAS  C:\Users\aasys\AppData\Local\Temp\ccx75Tpc.s 			page 16


 477 00ab D401     		.2byte	0x1d4
 478 00ad 6F000000 		.4byte	0x6f
 479 00b1 04       		.uleb128 0x4
 480 00b2 04       		.byte	0x4
 481 00b3 04       		.byte	0x4
 482 00b4 57000000 		.4byte	.LASF16
 483 00b8 04       		.uleb128 0x4
 484 00b9 08       		.byte	0x8
 485 00ba 04       		.byte	0x4
 486 00bb AE000000 		.4byte	.LASF17
 487 00bf 06       		.uleb128 0x6
 488 00c0 72000000 		.4byte	.LASF18
 489 00c4 03       		.byte	0x3
 490 00c5 7C02     		.2byte	0x27c
 491 00c7 CB000000 		.4byte	0xcb
 492 00cb 07       		.uleb128 0x7
 493 00cc 8D000000 		.4byte	0x8d
 494 00d0 06       		.uleb128 0x6
 495 00d1 00000000 		.4byte	.LASF19
 496 00d5 03       		.byte	0x3
 497 00d6 7E02     		.2byte	0x27e
 498 00d8 DC000000 		.4byte	0xdc
 499 00dc 07       		.uleb128 0x7
 500 00dd A5000000 		.4byte	0xa5
 501 00e1 08       		.uleb128 0x8
 502 00e2 02       		.byte	0x2
 503 00e3 01       		.byte	0x1
 504 00e4 9A       		.byte	0x9a
 505 00e5 02010000 		.4byte	0x102
 506 00e9 09       		.uleb128 0x9
 507 00ea 16020000 		.4byte	.LASF20
 508 00ee 01       		.byte	0x1
 509 00ef 9C       		.byte	0x9c
 510 00f0 8D000000 		.4byte	0x8d
 511 00f4 00       		.byte	0
 512 00f5 09       		.uleb128 0x9
 513 00f6 1C000000 		.4byte	.LASF21
 514 00fa 01       		.byte	0x1
 515 00fb 9D       		.byte	0x9d
 516 00fc 8D000000 		.4byte	0x8d
 517 0100 01       		.byte	0x1
 518 0101 00       		.byte	0
 519 0102 03       		.uleb128 0x3
 520 0103 03020000 		.4byte	.LASF22
 521 0107 01       		.byte	0x1
 522 0108 9E       		.byte	0x9e
 523 0109 E1000000 		.4byte	0xe1
 524 010d 0A       		.uleb128 0xa
 525 010e B5000000 		.4byte	.LASF27
 526 0112 01       		.byte	0x1
 527 0113 B1       		.byte	0xb1
 528 0114 00000000 		.4byte	.LFB3
 529 0118 32000000 		.4byte	.LFE3-.LFB3
 530 011c 01       		.uleb128 0x1
 531 011d 9C       		.byte	0x9c
 532 011e 7F010000 		.4byte	0x17f
 533 0122 0B       		.uleb128 0xb
ARM GAS  C:\Users\aasys\AppData\Local\Temp\ccx75Tpc.s 			page 17


 534 0123 D3000000 		.4byte	.LASF23
 535 0127 01       		.byte	0x1
 536 0128 B1       		.byte	0xb1
 537 0129 7F010000 		.4byte	0x17f
 538 012d 01       		.uleb128 0x1
 539 012e 50       		.byte	0x50
 540 012f 0B       		.uleb128 0xb
 541 0130 E5000000 		.4byte	.LASF24
 542 0134 01       		.byte	0x1
 543 0135 B1       		.byte	0xb1
 544 0136 8A010000 		.4byte	0x18a
 545 013a 01       		.uleb128 0x1
 546 013b 51       		.byte	0x51
 547 013c 0C       		.uleb128 0xc
 548 013d 6900     		.ascii	"i\000"
 549 013f 01       		.byte	0x1
 550 0140 B4       		.byte	0xb4
 551 0141 A5000000 		.4byte	0xa5
 552 0145 00000000 		.4byte	.LLST0
 553 0149 0C       		.uleb128 0xc
 554 014a 6A00     		.ascii	"j\000"
 555 014c 01       		.byte	0x1
 556 014d B4       		.byte	0xb4
 557 014e A5000000 		.4byte	0xa5
 558 0152 1F000000 		.4byte	.LLST1
 559 0156 0D       		.uleb128 0xd
 560 0157 08000000 		.4byte	.LBB2
 561 015b 22000000 		.4byte	.LBE2-.LBB2
 562 015f 0E       		.uleb128 0xe
 563 0160 CB010000 		.4byte	.LASF25
 564 0164 01       		.byte	0x1
 565 0165 B7       		.byte	0xb7
 566 0166 A5000000 		.4byte	0xa5
 567 016a 3E000000 		.4byte	.LLST2
 568 016e 0E       		.uleb128 0xe
 569 016f 22000000 		.4byte	.LASF26
 570 0173 01       		.byte	0x1
 571 0174 B8       		.byte	0xb8
 572 0175 8D000000 		.4byte	0x8d
 573 0179 51000000 		.4byte	.LLST3
 574 017d 00       		.byte	0
 575 017e 00       		.byte	0
 576 017f 0F       		.uleb128 0xf
 577 0180 04       		.byte	0x4
 578 0181 85010000 		.4byte	0x185
 579 0185 10       		.uleb128 0x10
 580 0186 A5000000 		.4byte	0xa5
 581 018a 0F       		.uleb128 0xf
 582 018b 04       		.byte	0x4
 583 018c 90010000 		.4byte	0x190
 584 0190 10       		.uleb128 0x10
 585 0191 02010000 		.4byte	0x102
 586 0195 0A       		.uleb128 0xa
 587 0196 8F000000 		.4byte	.LASF28
 588 019a 01       		.byte	0x1
 589 019b 4C       		.byte	0x4c
 590 019c 00000000 		.4byte	.LFB0
ARM GAS  C:\Users\aasys\AppData\Local\Temp\ccx75Tpc.s 			page 18


 591 01a0 0C000000 		.4byte	.LFE0-.LFB0
 592 01a4 01       		.uleb128 0x1
 593 01a5 9C       		.byte	0x9c
 594 01a6 E2010000 		.4byte	0x1e2
 595 01aa 11       		.uleb128 0x11
 596 01ab 7300     		.ascii	"s\000"
 597 01ad 01       		.byte	0x1
 598 01ae 4C       		.byte	0x4c
 599 01af 84000000 		.4byte	0x84
 600 01b3 6F000000 		.4byte	.LLST4
 601 01b7 11       		.uleb128 0x11
 602 01b8 6E00     		.ascii	"n\000"
 603 01ba 01       		.byte	0x1
 604 01bb 4C       		.byte	0x4c
 605 01bc 2C000000 		.4byte	0x2c
 606 01c0 90000000 		.4byte	.LLST5
 607 01c4 12       		.uleb128 0x12
 608 01c5 0A000000 		.4byte	.LVL14
 609 01c9 75030000 		.4byte	0x375
 610 01cd 13       		.uleb128 0x13
 611 01ce 01       		.uleb128 0x1
 612 01cf 50       		.byte	0x50
 613 01d0 03       		.uleb128 0x3
 614 01d1 F3       		.byte	0xf3
 615 01d2 01       		.uleb128 0x1
 616 01d3 50       		.byte	0x50
 617 01d4 13       		.uleb128 0x13
 618 01d5 01       		.uleb128 0x1
 619 01d6 51       		.byte	0x51
 620 01d7 01       		.uleb128 0x1
 621 01d8 30       		.byte	0x30
 622 01d9 13       		.uleb128 0x13
 623 01da 01       		.uleb128 0x1
 624 01db 52       		.byte	0x52
 625 01dc 03       		.uleb128 0x3
 626 01dd F3       		.byte	0xf3
 627 01de 01       		.uleb128 0x1
 628 01df 51       		.byte	0x51
 629 01e0 00       		.byte	0
 630 01e1 00       		.byte	0
 631 01e2 0A       		.uleb128 0xa
 632 01e3 28000000 		.4byte	.LASF29
 633 01e7 01       		.byte	0x1
 634 01e8 D6       		.byte	0xd6
 635 01e9 00000000 		.4byte	.LFB4
 636 01ed A0000000 		.4byte	.LFE4-.LFB4
 637 01f1 01       		.uleb128 0x1
 638 01f2 9C       		.byte	0x9c
 639 01f3 2D020000 		.4byte	0x22d
 640 01f7 14       		.uleb128 0x14
 641 01f8 14000000 		.4byte	.LVL15
 642 01fc 7E030000 		.4byte	0x37e
 643 0200 0A020000 		.4byte	0x20a
 644 0204 13       		.uleb128 0x13
 645 0205 01       		.uleb128 0x1
 646 0206 50       		.byte	0x50
 647 0207 01       		.uleb128 0x1
ARM GAS  C:\Users\aasys\AppData\Local\Temp\ccx75Tpc.s 			page 19


 648 0208 48       		.byte	0x48
 649 0209 00       		.byte	0
 650 020a 14       		.uleb128 0x14
 651 020b 58000000 		.4byte	.LVL16
 652 020f 89030000 		.4byte	0x389
 653 0213 1D020000 		.4byte	0x21d
 654 0217 13       		.uleb128 0x13
 655 0218 01       		.uleb128 0x1
 656 0219 50       		.byte	0x50
 657 021a 01       		.uleb128 0x1
 658 021b 39       		.byte	0x39
 659 021c 00       		.byte	0
 660 021d 12       		.uleb128 0x12
 661 021e 5E000000 		.4byte	.LVL17
 662 0222 94030000 		.4byte	0x394
 663 0226 13       		.uleb128 0x13
 664 0227 01       		.uleb128 0x1
 665 0228 50       		.byte	0x50
 666 0229 01       		.uleb128 0x1
 667 022a 39       		.byte	0x39
 668 022b 00       		.byte	0
 669 022c 00       		.byte	0
 670 022d 15       		.uleb128 0x15
 671 022e 04010000 		.4byte	.LASF42
 672 0232 01       		.byte	0x1
 673 0233 2901     		.2byte	0x129
 674 0235 A0000000 		.4byte	.LFB6
 675 0239 B4000000 		.4byte	.LFE6-.LFB6
 676 023d 01       		.uleb128 0x1
 677 023e 9C       		.byte	0x9c
 678 023f 4B030000 		.4byte	0x34b
 679 0243 16       		.uleb128 0x16
 680 0244 A4000000 		.4byte	.LBB3
 681 0248 5E000000 		.4byte	.LBE3-.LBB3
 682 024c 41030000 		.4byte	0x341
 683 0250 17       		.uleb128 0x17
 684 0251 33000000 		.4byte	.LASF30
 685 0255 01       		.byte	0x1
 686 0256 2F01     		.2byte	0x12f
 687 0258 5B030000 		.4byte	0x35b
 688 025c 05       		.uleb128 0x5
 689 025d 03       		.byte	0x3
 690 025e 14000000 		.4byte	cy_cfg_addr_table.4864
 691 0262 17       		.uleb128 0x17
 692 0263 45000000 		.4byte	.LASF31
 693 0267 01       		.byte	0x1
 694 0268 3301     		.2byte	0x133
 695 026a 70030000 		.4byte	0x370
 696 026e 05       		.uleb128 0x5
 697 026f 03       		.byte	0x3
 698 0270 0C000000 		.4byte	cy_cfg_data_table.4865
 699 0274 18       		.uleb128 0x18
 700 0275 06       		.byte	0x6
 701 0276 01       		.byte	0x1
 702 0277 3C01     		.2byte	0x13c
 703 0279 98020000 		.4byte	0x298
 704 027d 19       		.uleb128 0x19
ARM GAS  C:\Users\aasys\AppData\Local\Temp\ccx75Tpc.s 			page 20


 705 027e 11010000 		.4byte	.LASF32
 706 0282 01       		.byte	0x1
 707 0283 3D01     		.2byte	0x13d
 708 0285 84000000 		.4byte	0x84
 709 0289 00       		.byte	0
 710 028a 19       		.uleb128 0x19
 711 028b 6D000000 		.4byte	.LASF33
 712 028f 01       		.byte	0x1
 713 0290 3E01     		.2byte	0x13e
 714 0292 99000000 		.4byte	0x99
 715 0296 04       		.byte	0x4
 716 0297 00       		.byte	0
 717 0298 06       		.uleb128 0x6
 718 0299 BE010000 		.4byte	.LASF34
 719 029d 01       		.byte	0x1
 720 029e 3F01     		.2byte	0x13f
 721 02a0 74020000 		.4byte	0x274
 722 02a4 1A       		.uleb128 0x1a
 723 02a5 B4020000 		.4byte	0x2b4
 724 02a9 B4020000 		.4byte	0x2b4
 725 02ad 1B       		.uleb128 0x1b
 726 02ae 7D000000 		.4byte	0x7d
 727 02b2 01       		.byte	0x1
 728 02b3 00       		.byte	0
 729 02b4 10       		.uleb128 0x10
 730 02b5 98020000 		.4byte	0x298
 731 02b9 17       		.uleb128 0x17
 732 02ba 5D000000 		.4byte	.LASF35
 733 02be 01       		.byte	0x1
 734 02bf 4101     		.2byte	0x141
 735 02c1 CB020000 		.4byte	0x2cb
 736 02c5 05       		.uleb128 0x5
 737 02c6 03       		.byte	0x3
 738 02c7 00000000 		.4byte	cfg_memset_list.4870
 739 02cb 10       		.uleb128 0x10
 740 02cc A4020000 		.4byte	0x2a4
 741 02d0 1C       		.uleb128 0x1c
 742 02d1 6900     		.ascii	"i\000"
 743 02d3 01       		.byte	0x1
 744 02d4 4701     		.2byte	0x147
 745 02d6 8D000000 		.4byte	0x8d
 746 02da BC000000 		.4byte	.LLST6
 747 02de 16       		.uleb128 0x16
 748 02df A8000000 		.4byte	.LBB4
 749 02e3 1C000000 		.4byte	.LBE4-.LBB4
 750 02e7 24030000 		.4byte	0x324
 751 02eb 1C       		.uleb128 0x1c
 752 02ec 6D7300   		.ascii	"ms\000"
 753 02ef 01       		.byte	0x1
 754 02f0 4C01     		.2byte	0x14c
 755 02f2 FA020000 		.4byte	0x2fa
 756 02f6 E6000000 		.4byte	.LLST7
 757 02fa 0F       		.uleb128 0xf
 758 02fb 04       		.byte	0x4
 759 02fc B4020000 		.4byte	0x2b4
 760 0300 12       		.uleb128 0x12
 761 0301 C4000000 		.4byte	.LVL20
ARM GAS  C:\Users\aasys\AppData\Local\Temp\ccx75Tpc.s 			page 21


 762 0305 95010000 		.4byte	0x195
 763 0309 13       		.uleb128 0x13
 764 030a 01       		.uleb128 0x1
 765 030b 51       		.byte	0x51
 766 030c 15       		.uleb128 0x15
 767 030d 74       		.byte	0x74
 768 030e 00       		.sleb128 0
 769 030f 31       		.byte	0x31
 770 0310 24       		.byte	0x24
 771 0311 74       		.byte	0x74
 772 0312 00       		.sleb128 0
 773 0313 22       		.byte	0x22
 774 0314 31       		.byte	0x31
 775 0315 24       		.byte	0x24
 776 0316 03       		.byte	0x3
 777 0317 04000000 		.4byte	.LANCHOR0+4
 778 031b 22       		.byte	0x22
 779 031c 94       		.byte	0x94
 780 031d 02       		.byte	0x2
 781 031e 0A       		.byte	0xa
 782 031f FFFF     		.2byte	0xffff
 783 0321 1A       		.byte	0x1a
 784 0322 00       		.byte	0
 785 0323 00       		.byte	0
 786 0324 12       		.uleb128 0x12
 787 0325 D8000000 		.4byte	.LVL23
 788 0329 0D010000 		.4byte	0x10d
 789 032d 13       		.uleb128 0x13
 790 032e 01       		.uleb128 0x1
 791 032f 50       		.byte	0x50
 792 0330 05       		.uleb128 0x5
 793 0331 03       		.byte	0x3
 794 0332 14000000 		.4byte	.LANCHOR0+20
 795 0336 13       		.uleb128 0x13
 796 0337 01       		.uleb128 0x1
 797 0338 51       		.byte	0x51
 798 0339 05       		.uleb128 0x5
 799 033a 03       		.byte	0x3
 800 033b 0C000000 		.4byte	.LANCHOR0+12
 801 033f 00       		.byte	0
 802 0340 00       		.byte	0
 803 0341 1D       		.uleb128 0x1d
 804 0342 20010000 		.4byte	.LVL24
 805 0346 E2010000 		.4byte	0x1e2
 806 034a 00       		.byte	0
 807 034b 1A       		.uleb128 0x1a
 808 034c 85010000 		.4byte	0x185
 809 0350 5B030000 		.4byte	0x35b
 810 0354 1B       		.uleb128 0x1b
 811 0355 7D000000 		.4byte	0x7d
 812 0359 00       		.byte	0
 813 035a 00       		.byte	0
 814 035b 10       		.uleb128 0x10
 815 035c 4B030000 		.4byte	0x34b
 816 0360 1A       		.uleb128 0x1a
 817 0361 90010000 		.4byte	0x190
 818 0365 70030000 		.4byte	0x370
ARM GAS  C:\Users\aasys\AppData\Local\Temp\ccx75Tpc.s 			page 22


 819 0369 1B       		.uleb128 0x1b
 820 036a 7D000000 		.4byte	0x7d
 821 036e 03       		.byte	0x3
 822 036f 00       		.byte	0
 823 0370 10       		.uleb128 0x10
 824 0371 60030000 		.4byte	0x360
 825 0375 1E       		.uleb128 0x1e
 826 0376 A7000000 		.4byte	.LASF43
 827 037a A7000000 		.4byte	.LASF43
 828 037e 1F       		.uleb128 0x1f
 829 037f 87020000 		.4byte	.LASF36
 830 0383 87020000 		.4byte	.LASF36
 831 0387 04       		.byte	0x4
 832 0388 6C       		.byte	0x6c
 833 0389 1F       		.uleb128 0x1f
 834 038a 0D000000 		.4byte	.LASF37
 835 038e 0D000000 		.4byte	.LASF37
 836 0392 04       		.byte	0x4
 837 0393 BD       		.byte	0xbd
 838 0394 1F       		.uleb128 0x1f
 839 0395 C7000000 		.4byte	.LASF38
 840 0399 C7000000 		.4byte	.LASF38
 841 039d 04       		.byte	0x4
 842 039e C3       		.byte	0xc3
 843 039f 00       		.byte	0
 844              		.section	.debug_abbrev,"",%progbits
 845              	.Ldebug_abbrev0:
 846 0000 01       		.uleb128 0x1
 847 0001 11       		.uleb128 0x11
 848 0002 01       		.byte	0x1
 849 0003 25       		.uleb128 0x25
 850 0004 0E       		.uleb128 0xe
 851 0005 13       		.uleb128 0x13
 852 0006 0B       		.uleb128 0xb
 853 0007 03       		.uleb128 0x3
 854 0008 0E       		.uleb128 0xe
 855 0009 1B       		.uleb128 0x1b
 856 000a 0E       		.uleb128 0xe
 857 000b 55       		.uleb128 0x55
 858 000c 17       		.uleb128 0x17
 859 000d 11       		.uleb128 0x11
 860 000e 01       		.uleb128 0x1
 861 000f 10       		.uleb128 0x10
 862 0010 17       		.uleb128 0x17
 863 0011 00       		.byte	0
 864 0012 00       		.byte	0
 865 0013 02       		.uleb128 0x2
 866 0014 24       		.uleb128 0x24
 867 0015 00       		.byte	0
 868 0016 0B       		.uleb128 0xb
 869 0017 0B       		.uleb128 0xb
 870 0018 3E       		.uleb128 0x3e
 871 0019 0B       		.uleb128 0xb
 872 001a 03       		.uleb128 0x3
 873 001b 08       		.uleb128 0x8
 874 001c 00       		.byte	0
 875 001d 00       		.byte	0
ARM GAS  C:\Users\aasys\AppData\Local\Temp\ccx75Tpc.s 			page 23


 876 001e 03       		.uleb128 0x3
 877 001f 16       		.uleb128 0x16
 878 0020 00       		.byte	0
 879 0021 03       		.uleb128 0x3
 880 0022 0E       		.uleb128 0xe
 881 0023 3A       		.uleb128 0x3a
 882 0024 0B       		.uleb128 0xb
 883 0025 3B       		.uleb128 0x3b
 884 0026 0B       		.uleb128 0xb
 885 0027 49       		.uleb128 0x49
 886 0028 13       		.uleb128 0x13
 887 0029 00       		.byte	0
 888 002a 00       		.byte	0
 889 002b 04       		.uleb128 0x4
 890 002c 24       		.uleb128 0x24
 891 002d 00       		.byte	0
 892 002e 0B       		.uleb128 0xb
 893 002f 0B       		.uleb128 0xb
 894 0030 3E       		.uleb128 0x3e
 895 0031 0B       		.uleb128 0xb
 896 0032 03       		.uleb128 0x3
 897 0033 0E       		.uleb128 0xe
 898 0034 00       		.byte	0
 899 0035 00       		.byte	0
 900 0036 05       		.uleb128 0x5
 901 0037 0F       		.uleb128 0xf
 902 0038 00       		.byte	0
 903 0039 0B       		.uleb128 0xb
 904 003a 0B       		.uleb128 0xb
 905 003b 00       		.byte	0
 906 003c 00       		.byte	0
 907 003d 06       		.uleb128 0x6
 908 003e 16       		.uleb128 0x16
 909 003f 00       		.byte	0
 910 0040 03       		.uleb128 0x3
 911 0041 0E       		.uleb128 0xe
 912 0042 3A       		.uleb128 0x3a
 913 0043 0B       		.uleb128 0xb
 914 0044 3B       		.uleb128 0x3b
 915 0045 05       		.uleb128 0x5
 916 0046 49       		.uleb128 0x49
 917 0047 13       		.uleb128 0x13
 918 0048 00       		.byte	0
 919 0049 00       		.byte	0
 920 004a 07       		.uleb128 0x7
 921 004b 35       		.uleb128 0x35
 922 004c 00       		.byte	0
 923 004d 49       		.uleb128 0x49
 924 004e 13       		.uleb128 0x13
 925 004f 00       		.byte	0
 926 0050 00       		.byte	0
 927 0051 08       		.uleb128 0x8
 928 0052 13       		.uleb128 0x13
 929 0053 01       		.byte	0x1
 930 0054 0B       		.uleb128 0xb
 931 0055 0B       		.uleb128 0xb
 932 0056 3A       		.uleb128 0x3a
ARM GAS  C:\Users\aasys\AppData\Local\Temp\ccx75Tpc.s 			page 24


 933 0057 0B       		.uleb128 0xb
 934 0058 3B       		.uleb128 0x3b
 935 0059 0B       		.uleb128 0xb
 936 005a 01       		.uleb128 0x1
 937 005b 13       		.uleb128 0x13
 938 005c 00       		.byte	0
 939 005d 00       		.byte	0
 940 005e 09       		.uleb128 0x9
 941 005f 0D       		.uleb128 0xd
 942 0060 00       		.byte	0
 943 0061 03       		.uleb128 0x3
 944 0062 0E       		.uleb128 0xe
 945 0063 3A       		.uleb128 0x3a
 946 0064 0B       		.uleb128 0xb
 947 0065 3B       		.uleb128 0x3b
 948 0066 0B       		.uleb128 0xb
 949 0067 49       		.uleb128 0x49
 950 0068 13       		.uleb128 0x13
 951 0069 38       		.uleb128 0x38
 952 006a 0B       		.uleb128 0xb
 953 006b 00       		.byte	0
 954 006c 00       		.byte	0
 955 006d 0A       		.uleb128 0xa
 956 006e 2E       		.uleb128 0x2e
 957 006f 01       		.byte	0x1
 958 0070 03       		.uleb128 0x3
 959 0071 0E       		.uleb128 0xe
 960 0072 3A       		.uleb128 0x3a
 961 0073 0B       		.uleb128 0xb
 962 0074 3B       		.uleb128 0x3b
 963 0075 0B       		.uleb128 0xb
 964 0076 27       		.uleb128 0x27
 965 0077 19       		.uleb128 0x19
 966 0078 11       		.uleb128 0x11
 967 0079 01       		.uleb128 0x1
 968 007a 12       		.uleb128 0x12
 969 007b 06       		.uleb128 0x6
 970 007c 40       		.uleb128 0x40
 971 007d 18       		.uleb128 0x18
 972 007e 9742     		.uleb128 0x2117
 973 0080 19       		.uleb128 0x19
 974 0081 01       		.uleb128 0x1
 975 0082 13       		.uleb128 0x13
 976 0083 00       		.byte	0
 977 0084 00       		.byte	0
 978 0085 0B       		.uleb128 0xb
 979 0086 05       		.uleb128 0x5
 980 0087 00       		.byte	0
 981 0088 03       		.uleb128 0x3
 982 0089 0E       		.uleb128 0xe
 983 008a 3A       		.uleb128 0x3a
 984 008b 0B       		.uleb128 0xb
 985 008c 3B       		.uleb128 0x3b
 986 008d 0B       		.uleb128 0xb
 987 008e 49       		.uleb128 0x49
 988 008f 13       		.uleb128 0x13
 989 0090 02       		.uleb128 0x2
ARM GAS  C:\Users\aasys\AppData\Local\Temp\ccx75Tpc.s 			page 25


 990 0091 18       		.uleb128 0x18
 991 0092 00       		.byte	0
 992 0093 00       		.byte	0
 993 0094 0C       		.uleb128 0xc
 994 0095 34       		.uleb128 0x34
 995 0096 00       		.byte	0
 996 0097 03       		.uleb128 0x3
 997 0098 08       		.uleb128 0x8
 998 0099 3A       		.uleb128 0x3a
 999 009a 0B       		.uleb128 0xb
 1000 009b 3B       		.uleb128 0x3b
 1001 009c 0B       		.uleb128 0xb
 1002 009d 49       		.uleb128 0x49
 1003 009e 13       		.uleb128 0x13
 1004 009f 02       		.uleb128 0x2
 1005 00a0 17       		.uleb128 0x17
 1006 00a1 00       		.byte	0
 1007 00a2 00       		.byte	0
 1008 00a3 0D       		.uleb128 0xd
 1009 00a4 0B       		.uleb128 0xb
 1010 00a5 01       		.byte	0x1
 1011 00a6 11       		.uleb128 0x11
 1012 00a7 01       		.uleb128 0x1
 1013 00a8 12       		.uleb128 0x12
 1014 00a9 06       		.uleb128 0x6
 1015 00aa 00       		.byte	0
 1016 00ab 00       		.byte	0
 1017 00ac 0E       		.uleb128 0xe
 1018 00ad 34       		.uleb128 0x34
 1019 00ae 00       		.byte	0
 1020 00af 03       		.uleb128 0x3
 1021 00b0 0E       		.uleb128 0xe
 1022 00b1 3A       		.uleb128 0x3a
 1023 00b2 0B       		.uleb128 0xb
 1024 00b3 3B       		.uleb128 0x3b
 1025 00b4 0B       		.uleb128 0xb
 1026 00b5 49       		.uleb128 0x49
 1027 00b6 13       		.uleb128 0x13
 1028 00b7 02       		.uleb128 0x2
 1029 00b8 17       		.uleb128 0x17
 1030 00b9 00       		.byte	0
 1031 00ba 00       		.byte	0
 1032 00bb 0F       		.uleb128 0xf
 1033 00bc 0F       		.uleb128 0xf
 1034 00bd 00       		.byte	0
 1035 00be 0B       		.uleb128 0xb
 1036 00bf 0B       		.uleb128 0xb
 1037 00c0 49       		.uleb128 0x49
 1038 00c1 13       		.uleb128 0x13
 1039 00c2 00       		.byte	0
 1040 00c3 00       		.byte	0
 1041 00c4 10       		.uleb128 0x10
 1042 00c5 26       		.uleb128 0x26
 1043 00c6 00       		.byte	0
 1044 00c7 49       		.uleb128 0x49
 1045 00c8 13       		.uleb128 0x13
 1046 00c9 00       		.byte	0
ARM GAS  C:\Users\aasys\AppData\Local\Temp\ccx75Tpc.s 			page 26


 1047 00ca 00       		.byte	0
 1048 00cb 11       		.uleb128 0x11
 1049 00cc 05       		.uleb128 0x5
 1050 00cd 00       		.byte	0
 1051 00ce 03       		.uleb128 0x3
 1052 00cf 08       		.uleb128 0x8
 1053 00d0 3A       		.uleb128 0x3a
 1054 00d1 0B       		.uleb128 0xb
 1055 00d2 3B       		.uleb128 0x3b
 1056 00d3 0B       		.uleb128 0xb
 1057 00d4 49       		.uleb128 0x49
 1058 00d5 13       		.uleb128 0x13
 1059 00d6 02       		.uleb128 0x2
 1060 00d7 17       		.uleb128 0x17
 1061 00d8 00       		.byte	0
 1062 00d9 00       		.byte	0
 1063 00da 12       		.uleb128 0x12
 1064 00db 898201   		.uleb128 0x4109
 1065 00de 01       		.byte	0x1
 1066 00df 11       		.uleb128 0x11
 1067 00e0 01       		.uleb128 0x1
 1068 00e1 31       		.uleb128 0x31
 1069 00e2 13       		.uleb128 0x13
 1070 00e3 00       		.byte	0
 1071 00e4 00       		.byte	0
 1072 00e5 13       		.uleb128 0x13
 1073 00e6 8A8201   		.uleb128 0x410a
 1074 00e9 00       		.byte	0
 1075 00ea 02       		.uleb128 0x2
 1076 00eb 18       		.uleb128 0x18
 1077 00ec 9142     		.uleb128 0x2111
 1078 00ee 18       		.uleb128 0x18
 1079 00ef 00       		.byte	0
 1080 00f0 00       		.byte	0
 1081 00f1 14       		.uleb128 0x14
 1082 00f2 898201   		.uleb128 0x4109
 1083 00f5 01       		.byte	0x1
 1084 00f6 11       		.uleb128 0x11
 1085 00f7 01       		.uleb128 0x1
 1086 00f8 31       		.uleb128 0x31
 1087 00f9 13       		.uleb128 0x13
 1088 00fa 01       		.uleb128 0x1
 1089 00fb 13       		.uleb128 0x13
 1090 00fc 00       		.byte	0
 1091 00fd 00       		.byte	0
 1092 00fe 15       		.uleb128 0x15
 1093 00ff 2E       		.uleb128 0x2e
 1094 0100 01       		.byte	0x1
 1095 0101 3F       		.uleb128 0x3f
 1096 0102 19       		.uleb128 0x19
 1097 0103 03       		.uleb128 0x3
 1098 0104 0E       		.uleb128 0xe
 1099 0105 3A       		.uleb128 0x3a
 1100 0106 0B       		.uleb128 0xb
 1101 0107 3B       		.uleb128 0x3b
 1102 0108 05       		.uleb128 0x5
 1103 0109 27       		.uleb128 0x27
ARM GAS  C:\Users\aasys\AppData\Local\Temp\ccx75Tpc.s 			page 27


 1104 010a 19       		.uleb128 0x19
 1105 010b 11       		.uleb128 0x11
 1106 010c 01       		.uleb128 0x1
 1107 010d 12       		.uleb128 0x12
 1108 010e 06       		.uleb128 0x6
 1109 010f 40       		.uleb128 0x40
 1110 0110 18       		.uleb128 0x18
 1111 0111 9742     		.uleb128 0x2117
 1112 0113 19       		.uleb128 0x19
 1113 0114 01       		.uleb128 0x1
 1114 0115 13       		.uleb128 0x13
 1115 0116 00       		.byte	0
 1116 0117 00       		.byte	0
 1117 0118 16       		.uleb128 0x16
 1118 0119 0B       		.uleb128 0xb
 1119 011a 01       		.byte	0x1
 1120 011b 11       		.uleb128 0x11
 1121 011c 01       		.uleb128 0x1
 1122 011d 12       		.uleb128 0x12
 1123 011e 06       		.uleb128 0x6
 1124 011f 01       		.uleb128 0x1
 1125 0120 13       		.uleb128 0x13
 1126 0121 00       		.byte	0
 1127 0122 00       		.byte	0
 1128 0123 17       		.uleb128 0x17
 1129 0124 34       		.uleb128 0x34
 1130 0125 00       		.byte	0
 1131 0126 03       		.uleb128 0x3
 1132 0127 0E       		.uleb128 0xe
 1133 0128 3A       		.uleb128 0x3a
 1134 0129 0B       		.uleb128 0xb
 1135 012a 3B       		.uleb128 0x3b
 1136 012b 05       		.uleb128 0x5
 1137 012c 49       		.uleb128 0x49
 1138 012d 13       		.uleb128 0x13
 1139 012e 02       		.uleb128 0x2
 1140 012f 18       		.uleb128 0x18
 1141 0130 00       		.byte	0
 1142 0131 00       		.byte	0
 1143 0132 18       		.uleb128 0x18
 1144 0133 13       		.uleb128 0x13
 1145 0134 01       		.byte	0x1
 1146 0135 0B       		.uleb128 0xb
 1147 0136 0B       		.uleb128 0xb
 1148 0137 3A       		.uleb128 0x3a
 1149 0138 0B       		.uleb128 0xb
 1150 0139 3B       		.uleb128 0x3b
 1151 013a 05       		.uleb128 0x5
 1152 013b 01       		.uleb128 0x1
 1153 013c 13       		.uleb128 0x13
 1154 013d 00       		.byte	0
 1155 013e 00       		.byte	0
 1156 013f 19       		.uleb128 0x19
 1157 0140 0D       		.uleb128 0xd
 1158 0141 00       		.byte	0
 1159 0142 03       		.uleb128 0x3
 1160 0143 0E       		.uleb128 0xe
ARM GAS  C:\Users\aasys\AppData\Local\Temp\ccx75Tpc.s 			page 28


 1161 0144 3A       		.uleb128 0x3a
 1162 0145 0B       		.uleb128 0xb
 1163 0146 3B       		.uleb128 0x3b
 1164 0147 05       		.uleb128 0x5
 1165 0148 49       		.uleb128 0x49
 1166 0149 13       		.uleb128 0x13
 1167 014a 38       		.uleb128 0x38
 1168 014b 0B       		.uleb128 0xb
 1169 014c 00       		.byte	0
 1170 014d 00       		.byte	0
 1171 014e 1A       		.uleb128 0x1a
 1172 014f 01       		.uleb128 0x1
 1173 0150 01       		.byte	0x1
 1174 0151 49       		.uleb128 0x49
 1175 0152 13       		.uleb128 0x13
 1176 0153 01       		.uleb128 0x1
 1177 0154 13       		.uleb128 0x13
 1178 0155 00       		.byte	0
 1179 0156 00       		.byte	0
 1180 0157 1B       		.uleb128 0x1b
 1181 0158 21       		.uleb128 0x21
 1182 0159 00       		.byte	0
 1183 015a 49       		.uleb128 0x49
 1184 015b 13       		.uleb128 0x13
 1185 015c 2F       		.uleb128 0x2f
 1186 015d 0B       		.uleb128 0xb
 1187 015e 00       		.byte	0
 1188 015f 00       		.byte	0
 1189 0160 1C       		.uleb128 0x1c
 1190 0161 34       		.uleb128 0x34
 1191 0162 00       		.byte	0
 1192 0163 03       		.uleb128 0x3
 1193 0164 08       		.uleb128 0x8
 1194 0165 3A       		.uleb128 0x3a
 1195 0166 0B       		.uleb128 0xb
 1196 0167 3B       		.uleb128 0x3b
 1197 0168 05       		.uleb128 0x5
 1198 0169 49       		.uleb128 0x49
 1199 016a 13       		.uleb128 0x13
 1200 016b 02       		.uleb128 0x2
 1201 016c 17       		.uleb128 0x17
 1202 016d 00       		.byte	0
 1203 016e 00       		.byte	0
 1204 016f 1D       		.uleb128 0x1d
 1205 0170 898201   		.uleb128 0x4109
 1206 0173 00       		.byte	0
 1207 0174 11       		.uleb128 0x11
 1208 0175 01       		.uleb128 0x1
 1209 0176 31       		.uleb128 0x31
 1210 0177 13       		.uleb128 0x13
 1211 0178 00       		.byte	0
 1212 0179 00       		.byte	0
 1213 017a 1E       		.uleb128 0x1e
 1214 017b 2E       		.uleb128 0x2e
 1215 017c 00       		.byte	0
 1216 017d 3F       		.uleb128 0x3f
 1217 017e 19       		.uleb128 0x19
ARM GAS  C:\Users\aasys\AppData\Local\Temp\ccx75Tpc.s 			page 29


 1218 017f 3C       		.uleb128 0x3c
 1219 0180 19       		.uleb128 0x19
 1220 0181 6E       		.uleb128 0x6e
 1221 0182 0E       		.uleb128 0xe
 1222 0183 03       		.uleb128 0x3
 1223 0184 0E       		.uleb128 0xe
 1224 0185 00       		.byte	0
 1225 0186 00       		.byte	0
 1226 0187 1F       		.uleb128 0x1f
 1227 0188 2E       		.uleb128 0x2e
 1228 0189 00       		.byte	0
 1229 018a 3F       		.uleb128 0x3f
 1230 018b 19       		.uleb128 0x19
 1231 018c 3C       		.uleb128 0x3c
 1232 018d 19       		.uleb128 0x19
 1233 018e 6E       		.uleb128 0x6e
 1234 018f 0E       		.uleb128 0xe
 1235 0190 03       		.uleb128 0x3
 1236 0191 0E       		.uleb128 0xe
 1237 0192 3A       		.uleb128 0x3a
 1238 0193 0B       		.uleb128 0xb
 1239 0194 3B       		.uleb128 0x3b
 1240 0195 0B       		.uleb128 0xb
 1241 0196 00       		.byte	0
 1242 0197 00       		.byte	0
 1243 0198 00       		.byte	0
 1244              		.section	.debug_loc,"",%progbits
 1245              	.Ldebug_loc0:
 1246              	.LLST0:
 1247 0000 02000000 		.4byte	.LVL1
 1248 0004 08000000 		.4byte	.LVL2
 1249 0008 0200     		.2byte	0x2
 1250 000a 30       		.byte	0x30
 1251 000b 9F       		.byte	0x9f
 1252 000c 08000000 		.4byte	.LVL2
 1253 0010 30000000 		.4byte	.LVL11
 1254 0014 0100     		.2byte	0x1
 1255 0016 57       		.byte	0x57
 1256 0017 00000000 		.4byte	0
 1257 001b 00000000 		.4byte	0
 1258              	.LLST1:
 1259 001f 02000000 		.4byte	.LVL1
 1260 0023 08000000 		.4byte	.LVL2
 1261 0027 0200     		.2byte	0x2
 1262 0029 30       		.byte	0x30
 1263 002a 9F       		.byte	0x9f
 1264 002b 08000000 		.4byte	.LVL2
 1265 002f 30000000 		.4byte	.LVL10
 1266 0033 0100     		.2byte	0x1
 1267 0035 55       		.byte	0x55
 1268 0036 00000000 		.4byte	0
 1269 003a 00000000 		.4byte	0
 1270              	.LLST2:
 1271 003e 0C000000 		.4byte	.LVL3
 1272 0042 2C000000 		.4byte	.LVL9
 1273 0046 0100     		.2byte	0x1
 1274 0048 56       		.byte	0x56
ARM GAS  C:\Users\aasys\AppData\Local\Temp\ccx75Tpc.s 			page 30


 1275 0049 00000000 		.4byte	0
 1276 004d 00000000 		.4byte	0
 1277              	.LLST3:
 1278 0051 0E000000 		.4byte	.LVL4
 1279 0055 24000000 		.4byte	.LVL7
 1280 0059 0100     		.2byte	0x1
 1281 005b 53       		.byte	0x53
 1282 005c 26000000 		.4byte	.LVL8
 1283 0060 2C000000 		.4byte	.LVL9
 1284 0064 0100     		.2byte	0x1
 1285 0066 53       		.byte	0x53
 1286 0067 00000000 		.4byte	0
 1287 006b 00000000 		.4byte	0
 1288              	.LLST4:
 1289 006f 00000000 		.4byte	.LVL12
 1290 0073 09000000 		.4byte	.LVL14-1
 1291 0077 0100     		.2byte	0x1
 1292 0079 50       		.byte	0x50
 1293 007a 09000000 		.4byte	.LVL14-1
 1294 007e 0C000000 		.4byte	.LFE0
 1295 0082 0400     		.2byte	0x4
 1296 0084 F3       		.byte	0xf3
 1297 0085 01       		.uleb128 0x1
 1298 0086 50       		.byte	0x50
 1299 0087 9F       		.byte	0x9f
 1300 0088 00000000 		.4byte	0
 1301 008c 00000000 		.4byte	0
 1302              	.LLST5:
 1303 0090 00000000 		.4byte	.LVL12
 1304 0094 06000000 		.4byte	.LVL13
 1305 0098 0100     		.2byte	0x1
 1306 009a 51       		.byte	0x51
 1307 009b 06000000 		.4byte	.LVL13
 1308 009f 09000000 		.4byte	.LVL14-1
 1309 00a3 0100     		.2byte	0x1
 1310 00a5 52       		.byte	0x52
 1311 00a6 09000000 		.4byte	.LVL14-1
 1312 00aa 0C000000 		.4byte	.LFE0
 1313 00ae 0400     		.2byte	0x4
 1314 00b0 F3       		.byte	0xf3
 1315 00b1 01       		.uleb128 0x1
 1316 00b2 51       		.byte	0x51
 1317 00b3 9F       		.byte	0x9f
 1318 00b4 00000000 		.4byte	0
 1319 00b8 00000000 		.4byte	0
 1320              	.LLST6:
 1321 00bc A4000000 		.4byte	.LVL18
 1322 00c0 A8000000 		.4byte	.LVL19
 1323 00c4 0200     		.2byte	0x2
 1324 00c6 30       		.byte	0x30
 1325 00c7 9F       		.byte	0x9f
 1326 00c8 A8000000 		.4byte	.LVL19
 1327 00cc C6000000 		.4byte	.LVL21
 1328 00d0 0100     		.2byte	0x1
 1329 00d2 54       		.byte	0x54
 1330 00d3 C8000000 		.4byte	.LVL22
 1331 00d7 20010000 		.4byte	.LVL25
ARM GAS  C:\Users\aasys\AppData\Local\Temp\ccx75Tpc.s 			page 31


 1332 00db 0100     		.2byte	0x1
 1333 00dd 54       		.byte	0x54
 1334 00de 00000000 		.4byte	0
 1335 00e2 00000000 		.4byte	0
 1336              	.LLST7:
 1337 00e6 A8000000 		.4byte	.LVL19
 1338 00ea C6000000 		.4byte	.LVL21
 1339 00ee 0B00     		.2byte	0xb
 1340 00f0 74       		.byte	0x74
 1341 00f1 00       		.sleb128 0
 1342 00f2 36       		.byte	0x36
 1343 00f3 1E       		.byte	0x1e
 1344 00f4 03       		.byte	0x3
 1345 00f5 00000000 		.4byte	cfg_memset_list.4870
 1346 00f9 22       		.byte	0x22
 1347 00fa 9F       		.byte	0x9f
 1348 00fb C6000000 		.4byte	.LVL21
 1349 00ff C8000000 		.4byte	.LVL22
 1350 0103 0B00     		.2byte	0xb
 1351 0105 74       		.byte	0x74
 1352 0106 7F       		.sleb128 -1
 1353 0107 36       		.byte	0x36
 1354 0108 1E       		.byte	0x1e
 1355 0109 03       		.byte	0x3
 1356 010a 00000000 		.4byte	cfg_memset_list.4870
 1357 010e 22       		.byte	0x22
 1358 010f 9F       		.byte	0x9f
 1359 0110 00000000 		.4byte	0
 1360 0114 00000000 		.4byte	0
 1361              		.section	.debug_aranges,"",%progbits
 1362 0000 34000000 		.4byte	0x34
 1363 0004 0200     		.2byte	0x2
 1364 0006 00000000 		.4byte	.Ldebug_info0
 1365 000a 04       		.byte	0x4
 1366 000b 00       		.byte	0
 1367 000c 0000     		.2byte	0
 1368 000e 0000     		.2byte	0
 1369 0010 00000000 		.4byte	.LFB3
 1370 0014 32000000 		.4byte	.LFE3-.LFB3
 1371 0018 00000000 		.4byte	.LFB0
 1372 001c 0C000000 		.4byte	.LFE0-.LFB0
 1373 0020 00000000 		.4byte	.LFB4
 1374 0024 A0000000 		.4byte	.LFE4-.LFB4
 1375 0028 A0000000 		.4byte	.LFB6
 1376 002c B4000000 		.4byte	.LFE6-.LFB6
 1377 0030 00000000 		.4byte	0
 1378 0034 00000000 		.4byte	0
 1379              		.section	.debug_ranges,"",%progbits
 1380              	.Ldebug_ranges0:
 1381 0000 00000000 		.4byte	.LFB3
 1382 0004 32000000 		.4byte	.LFE3
 1383 0008 00000000 		.4byte	.LFB0
 1384 000c 0C000000 		.4byte	.LFE0
 1385 0010 00000000 		.4byte	.LFB4
 1386 0014 A0000000 		.4byte	.LFE4
 1387 0018 A0000000 		.4byte	.LFB6
 1388 001c 54010000 		.4byte	.LFE6
ARM GAS  C:\Users\aasys\AppData\Local\Temp\ccx75Tpc.s 			page 32


 1389 0020 00000000 		.4byte	0
 1390 0024 00000000 		.4byte	0
 1391              		.section	.debug_line,"",%progbits
 1392              	.Ldebug_line0:
 1393 0000 5D010000 		.section	.debug_str,"MS",%progbits,1
 1393      0200D600 
 1393      00000201 
 1393      FB0E0D00 
 1393      01010101 
 1394              	.LASF19:
 1395 0000 72656733 		.ascii	"reg32\000"
 1395      3200
 1396              	.LASF12:
 1397 0006 73697A65 		.ascii	"size_t\000"
 1397      5F7400
 1398              	.LASF37:
 1399 000d 4379496E 		.ascii	"CyIntSetVector\000"
 1399      74536574 
 1399      56656374 
 1399      6F7200
 1400              	.LASF21:
 1401 001c 76616C75 		.ascii	"value\000"
 1401      6500
 1402              	.LASF26:
 1403 0022 636F756E 		.ascii	"count\000"
 1403      7400
 1404              	.LASF29:
 1405 0028 436C6F63 		.ascii	"ClockSetup\000"
 1405      6B536574 
 1405      757000
 1406              	.LASF30:
 1407 0033 63795F63 		.ascii	"cy_cfg_addr_table\000"
 1407      66675F61 
 1407      6464725F 
 1407      7461626C 
 1407      6500
 1408              	.LASF31:
 1409 0045 63795F63 		.ascii	"cy_cfg_data_table\000"
 1409      66675F64 
 1409      6174615F 
 1409      7461626C 
 1409      6500
 1410              	.LASF16:
 1411 0057 666C6F61 		.ascii	"float\000"
 1411      7400
 1412              	.LASF35:
 1413 005d 6366675F 		.ascii	"cfg_memset_list\000"
 1413      6D656D73 
 1413      65745F6C 
 1413      69737400 
 1414              	.LASF33:
 1415 006d 73697A65 		.ascii	"size\000"
 1415      00
 1416              	.LASF18:
 1417 0072 72656738 		.ascii	"reg8\000"
 1417      00
 1418              	.LASF8:
ARM GAS  C:\Users\aasys\AppData\Local\Temp\ccx75Tpc.s 			page 33


 1419 0077 6C6F6E67 		.ascii	"long unsigned int\000"
 1419      20756E73 
 1419      69676E65 
 1419      6420696E 
 1419      7400
 1420              	.LASF13:
 1421 0089 75696E74 		.ascii	"uint8\000"
 1421      3800
 1422              	.LASF28:
 1423 008f 43594D45 		.ascii	"CYMEMZERO\000"
 1423      4D5A4552 
 1423      4F00
 1424              	.LASF4:
 1425 0099 756E7369 		.ascii	"unsigned char\000"
 1425      676E6564 
 1425      20636861 
 1425      7200
 1426              	.LASF43:
 1427 00a7 6D656D73 		.ascii	"memset\000"
 1427      657400
 1428              	.LASF17:
 1429 00ae 646F7562 		.ascii	"double\000"
 1429      6C6500
 1430              	.LASF27:
 1431 00b5 6366675F 		.ascii	"cfg_write_bytes32\000"
 1431      77726974 
 1431      655F6279 
 1431      74657333 
 1431      3200
 1432              	.LASF38:
 1433 00c7 4379496E 		.ascii	"CyIntEnable\000"
 1433      74456E61 
 1433      626C6500 
 1434              	.LASF23:
 1435 00d3 61646472 		.ascii	"addr_table\000"
 1435      5F746162 
 1435      6C6500
 1436              	.LASF14:
 1437 00de 75696E74 		.ascii	"uint16\000"
 1437      313600
 1438              	.LASF24:
 1439 00e5 64617461 		.ascii	"data_table\000"
 1439      5F746162 
 1439      6C6500
 1440              	.LASF15:
 1441 00f0 75696E74 		.ascii	"uint32\000"
 1441      333200
 1442              	.LASF0:
 1443 00f7 756E7369 		.ascii	"unsigned int\000"
 1443      676E6564 
 1443      20696E74 
 1443      00
 1444              	.LASF42:
 1445 0104 63796669 		.ascii	"cyfitter_cfg\000"
 1445      74746572 
 1445      5F636667 
 1445      00
ARM GAS  C:\Users\aasys\AppData\Local\Temp\ccx75Tpc.s 			page 34


 1446              	.LASF32:
 1447 0111 61646472 		.ascii	"address\000"
 1447      65737300 
 1448              	.LASF9:
 1449 0119 6C6F6E67 		.ascii	"long long unsigned int\000"
 1449      206C6F6E 
 1449      6720756E 
 1449      7369676E 
 1449      65642069 
 1450              	.LASF39:
 1451 0130 474E5520 		.ascii	"GNU C11 5.4.1 20160609 (release) [ARM/embedded-5-br"
 1451      43313120 
 1451      352E342E 
 1451      31203230 
 1451      31363036 
 1452 0163 616E6368 		.ascii	"anch revision 237715] -mcpu=cortex-m0 -mthumb -g -O"
 1452      20726576 
 1452      6973696F 
 1452      6E203233 
 1452      37373135 
 1453 0196 67202D66 		.ascii	"g -ffunction-sections -ffat-lto-objects\000"
 1453      66756E63 
 1453      74696F6E 
 1453      2D736563 
 1453      74696F6E 
 1454              	.LASF34:
 1455 01be 6366675F 		.ascii	"cfg_memset_t\000"
 1455      6D656D73 
 1455      65745F74 
 1455      00
 1456              	.LASF25:
 1457 01cb 62617365 		.ascii	"baseAddr\000"
 1457      41646472 
 1457      00
 1458              	.LASF10:
 1459 01d4 73697A65 		.ascii	"sizetype\000"
 1459      74797065 
 1459      00
 1460              	.LASF6:
 1461 01dd 73686F72 		.ascii	"short unsigned int\000"
 1461      7420756E 
 1461      7369676E 
 1461      65642069 
 1461      6E7400
 1462              	.LASF1:
 1463 01f0 6C6F6E67 		.ascii	"long long int\000"
 1463      206C6F6E 
 1463      6720696E 
 1463      7400
 1464              	.LASF11:
 1465 01fe 63686172 		.ascii	"char\000"
 1465      00
 1466              	.LASF22:
 1467 0203 63795F63 		.ascii	"cy_cfg_addrvalue_t\000"
 1467      66675F61 
 1467      64647276 
 1467      616C7565 
ARM GAS  C:\Users\aasys\AppData\Local\Temp\ccx75Tpc.s 			page 35


 1467      5F7400
 1468              	.LASF20:
 1469 0216 6F666673 		.ascii	"offset\000"
 1469      657400
 1470              	.LASF5:
 1471 021d 73686F72 		.ascii	"short int\000"
 1471      7420696E 
 1471      7400
 1472              	.LASF41:
 1473 0227 433A5C55 		.ascii	"C:\\Users\\aasys\\OneDrive - Drexel University\\PSO"
 1473      73657273 
 1473      5C616173 
 1473      79735C4F 
 1473      6E654472 
 1474 0256 43343230 		.ascii	"C4200\\PSoc4200\\L05P01-MeasuringElapsedTime.cydsn\000"
 1474      305C5053 
 1474      6F633432 
 1474      30305C4C 
 1474      30355030 
 1475              	.LASF36:
 1476 0287 43795379 		.ascii	"CySysClkWriteImoFreq\000"
 1476      73436C6B 
 1476      57726974 
 1476      65496D6F 
 1476      46726571 
 1477              	.LASF7:
 1478 029c 6C6F6E67 		.ascii	"long int\000"
 1478      20696E74 
 1478      00
 1479              	.LASF2:
 1480 02a5 6C6F6E67 		.ascii	"long double\000"
 1480      20646F75 
 1480      626C6500 
 1481              	.LASF3:
 1482 02b1 7369676E 		.ascii	"signed char\000"
 1482      65642063 
 1482      68617200 
 1483              	.LASF40:
 1484 02bd 47656E65 		.ascii	"Generated_Source\\PSoC4\\cyfitter_cfg.c\000"
 1484      72617465 
 1484      645F536F 
 1484      75726365 
 1484      5C50536F 
 1485              		.ident	"GCC: (GNU Tools for ARM Embedded Processors) 5.4.1 20160609 (release) [ARM/embedded-5-bran
