--------------- Build Started: 02/15/2018 07:08:16 Project: L05P01-MeasuringElapsedTime, Configuration: ARM GCC 5.4-2016-q2-update Debug ---------------
The code generation step is up to date.
arm-none-eabi-gcc.exe -mcpu=cortex-m0 -mthumb -I. -IGenerated_Source\PSoC4 -Wa,-alh=.\CortexM0\ARM_GCC_541\Debug/main.lst -g -D DEBUG -D CY_CORE_ID=0 -Wall -ffunction-sections -ffat-lto-objects -Og -c main.c -o .\CortexM0\ARM_GCC_541\Debug\main.o
main.c: In function 'main':
main.c:44:24: warning: passing argument 1 of 'UART_UartPutString' makes pointer from integer without a cast [-Wint-conversion]
     UART_UartPutString(10); // ascii new line
                        ^
In file included from Generated_Source\PSoC4/project.h:29:0,
                 from main.c:6:
Generated_Source\PSoC4/UART_SPI_UART.h:801:14: note: expected 'const char8 * {aka const char *}' but argument is of type 'int'
         void UART_UartPutString(const char8 string[]);
              ^
main.c:45:24: warning: passing argument 1 of 'UART_UartPutString' makes pointer from integer without a cast [-Wint-conversion]
     UART_UartPutString(13); // ascii return
                        ^
In file included from Generated_Source\PSoC4/project.h:29:0,
                 from main.c:6:
Generated_Source\PSoC4/UART_SPI_UART.h:801:14: note: expected 'const char8 * {aka const char *}' but argument is of type 'int'
         void UART_UartPutString(const char8 string[]);
              ^
main.c:47:24: warning: passing argument 1 of 'UART_UartPutString' makes pointer from integer without a cast [-Wint-conversion]
     UART_UartPutString(10); // ascii new line
                        ^
In file included from Generated_Source\PSoC4/project.h:29:0,
                 from main.c:6:
Generated_Source\PSoC4/UART_SPI_UART.h:801:14: note: expected 'const char8 * {aka const char *}' but argument is of type 'int'
         void UART_UartPutString(const char8 string[]);
              ^
main.c:48:24: warning: passing argument 1 of 'UART_UartPutString' makes pointer from integer without a cast [-Wint-conversion]
     UART_UartPutString(13); // ascii return
                        ^
In file included from Generated_Source\PSoC4/project.h:29:0,
                 from main.c:6:
Generated_Source\PSoC4/UART_SPI_UART.h:801:14: note: expected 'const char8 * {aka const char *}' but argument is of type 'int'
         void UART_UartPutString(const char8 string[]);
              ^
arm-none-eabi-ar.exe -rs .\CortexM0\ARM_GCC_541\Debug\L05P01-MeasuringElapsedTime.a .\CortexM0\ARM_GCC_541\Debug\Timer.o .\CortexM0\ARM_GCC_541\Debug\Timer_PM.o .\CortexM0\ARM_GCC_541\Debug\CC_ISR.o .\CortexM0\ARM_GCC_541\Debug\PWM.o .\CortexM0\ARM_GCC_541\Debug\PWM_PM.o .\CortexM0\ARM_GCC_541\Debug\Clock_1.o .\CortexM0\ARM_GCC_541\Debug\Clock_2.o .\CortexM0\ARM_GCC_541\Debug\Capture_Pin.o .\CortexM0\ARM_GCC_541\Debug\Capture_Pin_PM.o .\CortexM0\ARM_GCC_541\Debug\UART.o .\CortexM0\ARM_GCC_541\Debug\UART_SPI_UART.o .\CortexM0\ARM_GCC_541\Debug\UART_SPI_UART_INT.o .\CortexM0\ARM_GCC_541\Debug\UART_PM.o .\CortexM0\ARM_GCC_541\Debug\UART_UART.o .\CortexM0\ARM_GCC_541\Debug\UART_BOOT.o .\CortexM0\ARM_GCC_541\Debug\UART_UART_BOOT.o .\CortexM0\ARM_GCC_541\Debug\UART_SCBCLK.o .\CortexM0\ARM_GCC_541\Debug\UART_tx.o .\CortexM0\ARM_GCC_541\Debug\UART_tx_PM.o .\CortexM0\ARM_GCC_541\Debug\UART_rx.o .\CortexM0\ARM_GCC_541\Debug\UART_rx_PM.o .\CortexM0\ARM_GCC_541\Debug\CyFlash.o .\CortexM0\ARM_GCC_541\Debug\CyLib.o .\CortexM0\ARM_GCC_541\Debug\cyPm.o .\CortexM0\ARM_GCC_541\Debug\cyutils.o .\CortexM0\ARM_GCC_541\Debug\CyLFClk.o .\CortexM0\ARM_GCC_541\Debug\CyBootAsmGnu.o
arm-none-eabi-ar.exe: creating .\CortexM0\ARM_GCC_541\Debug\L05P01-MeasuringElapsedTime.a
arm-none-eabi-gcc.exe -Wl,--start-group -o "C:\Users\aasys\OneDrive - Drexel University\PSOC4200\PSoc4200\L05P01-MeasuringElapsedTime.cydsn\CortexM0\ARM_GCC_541\Debug\L05P01-MeasuringElapsedTime.elf" .\CortexM0\ARM_GCC_541\Debug\main.o .\CortexM0\ARM_GCC_541\Debug\cyfitter_cfg.o .\CortexM0\ARM_GCC_541\Debug\cymetadata.o .\CortexM0\ARM_GCC_541\Debug\Cm0Start.o .\CortexM0\ARM_GCC_541\Debug\L05P01-MeasuringElapsedTime.a "C:\Program Files (x86)\Cypress\PSoC Creator\4.1\PSoC Creator\psoc\content\cycomponentlibrary\CyComponentLibrary.cylib\CortexM0\ARM_GCC_541\Debug\CyComponentLibrary.a" -mcpu=cortex-m0 -mthumb -L Generated_Source\PSoC4 -Wl,-Map,.\CortexM0\ARM_GCC_541\Debug/L05P01-MeasuringElapsedTime.map -T Generated_Source\PSoC4\cm0gcc.ld -specs=nano.specs -Wl,--gc-sections -g -ffunction-sections -Og -ffat-lto-objects -Wl,--end-group
cyelftool.exe -C "C:\Users\aasys\OneDrive - Drexel University\PSOC4200\PSoc4200\L05P01-MeasuringElapsedTime.cydsn\CortexM0\ARM_GCC_541\Debug\L05P01-MeasuringElapsedTime.elf" --flash_row_size 128 --flash_size 32768 --flash_offset 0x00000000
cyelftool.exe -S "C:\Users\aasys\OneDrive - Drexel University\PSOC4200\PSoc4200\L05P01-MeasuringElapsedTime.cydsn\CortexM0\ARM_GCC_541\Debug\L05P01-MeasuringElapsedTime.elf"
Flash used: 5542 of 32768 bytes (16.9%).
SRAM used: 1576 of 4096 bytes (38.5%). Stack: 1024 bytes. Heap: 128 bytes.
--------------- Build Succeeded: 02/15/2018 07:08:18 ---------------
